This is pdfTeX, Version 3.14159265-2.6-1.40.17 (TeX Live 2016) (preloaded format=pdflatex 2016.9.19)  29 SEP 2017 22:17
entering extended mode
 restricted \write18 enabled.
 file:line:error style messages enabled.
 %&-line parsing enabled.
**IntroImaging.tex
(./IntroImaging.tex
LaTeX2e <2016/03/31>
Babel <3.9r> and hyphenation patterns for 83 language(s) loaded.
(/usr/local/texlive/2016/texmf-dist/tex/latex/base/book.cls
Document Class: book 2014/09/29 v1.4h Standard LaTeX document class
(/usr/local/texlive/2016/texmf-dist/tex/latex/base/bk11.clo
File: bk11.clo 2014/09/29 v1.4h Standard LaTeX file (size option)
)
\c@part=\count79
\c@chapter=\count80
\c@section=\count81
\c@subsection=\count82
\c@subsubsection=\count83
\c@paragraph=\count84
\c@subparagraph=\count85
\c@figure=\count86
\c@table=\count87
\abovecaptionskip=\skip41
\belowcaptionskip=\skip42
\bibindent=\dimen102
)
(/usr/local/texlive/2016/texmf-dist/tex/latex/hyperref/hyperref.sty
Package: hyperref 2016/05/05 v6.83n Hypertext links for LaTeX

(/usr/local/texlive/2016/texmf-dist/tex/generic/oberdiek/hobsub-hyperref.sty
Package: hobsub-hyperref 2016/05/16 v1.14 Bundle oberdiek, subset hyperref (HO)


(/usr/local/texlive/2016/texmf-dist/tex/generic/oberdiek/hobsub-generic.sty
Package: hobsub-generic 2016/05/16 v1.14 Bundle oberdiek, subset generic (HO)
Package: hobsub 2016/05/16 v1.14 Construct package bundles (HO)
Package: infwarerr 2016/05/16 v1.4 Providing info/warning/error messages (HO)
Package: ltxcmds 2016/05/16 v1.23 LaTeX kernel commands for general use (HO)
Package: ifluatex 2016/05/16 v1.4 Provides the ifluatex switch (HO)
Package ifluatex Info: LuaTeX not detected.
Package: ifvtex 2016/05/16 v1.6 Detect VTeX and its facilities (HO)
Package ifvtex Info: VTeX not detected.
Package: intcalc 2016/05/16 v1.2 Expandable calculations with integers (HO)
Package: ifpdf 2016/05/14 v3.1 Provides the ifpdf switch
Package: etexcmds 2016/05/16 v1.6 Avoid name clashes with e-TeX commands (HO)
Package etexcmds Info: Could not find \expanded.
(etexcmds)             That can mean that you are not using pdfTeX 1.50 or
(etexcmds)             that some package has redefined \expanded.
(etexcmds)             In the latter case, load this package earlier.
Package: kvsetkeys 2016/05/16 v1.17 Key value parser (HO)
Package: kvdefinekeys 2016/05/16 v1.4 Define keys (HO)
Package: pdftexcmds 2016/05/10 v0.21 Utility functions of pdfTeX for LuaTeX (HO
)
Package pdftexcmds Info: LuaTeX not detected.
Package pdftexcmds Info: \pdf@primitive is available.
Package pdftexcmds Info: \pdf@ifprimitive is available.
Package pdftexcmds Info: \pdfdraftmode found.
Package: pdfescape 2016/05/16 v1.14 Implements pdfTeX's escape features (HO)
Package: bigintcalc 2016/05/16 v1.4 Expandable calculations on big integers (HO
)
Package: bitset 2016/05/16 v1.2 Handle bit-vector datatype (HO)
Package: uniquecounter 2016/05/16 v1.3 Provide unlimited unique counter (HO)
)
Package hobsub Info: Skipping package `hobsub' (already loaded).
Package: letltxmacro 2016/05/16 v1.5 Let assignment for LaTeX macros (HO)
Package: hopatch 2016/05/16 v1.3 Wrapper for package hooks (HO)
Package: xcolor-patch 2016/05/16 xcolor patch
Package: atveryend 2016/05/16 v1.9 Hooks at the very end of document (HO)
Package atveryend Info: \enddocument detected (standard20110627).
Package: atbegshi 2016/05/16 v1.17 At begin shipout hook (HO)
Package: refcount 2016/05/16 v3.5 Data extraction from label references (HO)
Package: hycolor 2016/05/16 v1.8 Color options for hyperref/bookmark (HO)
)
(/usr/local/texlive/2016/texmf-dist/tex/latex/graphics/keyval.sty
Package: keyval 2014/10/28 v1.15 key=value parser (DPC)
\KV@toks@=\toks14
)
(/usr/local/texlive/2016/texmf-dist/tex/generic/ifxetex/ifxetex.sty
Package: ifxetex 2010/09/12 v0.6 Provides ifxetex conditional
)
(/usr/local/texlive/2016/texmf-dist/tex/latex/oberdiek/auxhook.sty
Package: auxhook 2016/05/16 v1.4 Hooks for auxiliary files (HO)
)
(/usr/local/texlive/2016/texmf-dist/tex/latex/oberdiek/kvoptions.sty
Package: kvoptions 2016/05/16 v3.12 Key value format for package options (HO)
)
\@linkdim=\dimen103
\Hy@linkcounter=\count88
\Hy@pagecounter=\count89

(/usr/local/texlive/2016/texmf-dist/tex/latex/hyperref/pd1enc.def
File: pd1enc.def 2016/05/05 v6.83n Hyperref: PDFDocEncoding definition (HO)
)
\Hy@SavedSpaceFactor=\count90

(/usr/local/texlive/2016/texmf-dist/tex/latex/latexconfig/hyperref.cfg
File: hyperref.cfg 2002/06/06 v1.2 hyperref configuration of TeXLive
)
Package hyperref Info: Option `bookmarks' set `true' on input line 4322.
Package hyperref Info: Option `colorlinks' set `true' on input line 4322.
Package hyperref Info: Hyper figures OFF on input line 4446.
Package hyperref Info: Link nesting OFF on input line 4451.
Package hyperref Info: Hyper index ON on input line 4454.
Package hyperref Info: Plain pages OFF on input line 4461.
Package hyperref Info: Backreferencing OFF on input line 4466.
Package hyperref Info: Implicit mode ON; LaTeX internals redefined.
Package hyperref Info: Bookmarks ON on input line 4691.
\c@Hy@tempcnt=\count91

(/usr/local/texlive/2016/texmf-dist/tex/latex/url/url.sty
\Urlmuskip=\muskip10
Package: url 2013/09/16  ver 3.4  Verb mode for urls, etc.
)
LaTeX Info: Redefining \url on input line 5044.
\XeTeXLinkMargin=\dimen104
\Fld@menulength=\count92
\Field@Width=\dimen105
\Fld@charsize=\dimen106
Package hyperref Info: Hyper figures OFF on input line 6298.
Package hyperref Info: Link nesting OFF on input line 6303.
Package hyperref Info: Hyper index ON on input line 6306.
Package hyperref Info: backreferencing OFF on input line 6313.
Package hyperref Info: Link coloring ON on input line 6316.
Package hyperref Info: Link coloring with OCG OFF on input line 6323.
Package hyperref Info: PDF/A mode OFF on input line 6328.
LaTeX Info: Redefining \ref on input line 6368.
LaTeX Info: Redefining \pageref on input line 6372.
\Hy@abspage=\count93
\c@Item=\count94
\c@Hfootnote=\count95
)

Package hyperref Message: Driver (autodetected): hpdftex.

(/usr/local/texlive/2016/texmf-dist/tex/latex/hyperref/hpdftex.def
File: hpdftex.def 2016/05/05 v6.83n Hyperref driver for pdfTeX
\Fld@listcount=\count96
\c@bookmark@seq@number=\count97

(/usr/local/texlive/2016/texmf-dist/tex/latex/oberdiek/rerunfilecheck.sty
Package: rerunfilecheck 2016/05/16 v1.8 Rerun checks for auxiliary files (HO)
Package uniquecounter Info: New unique counter `rerunfilecheck' on input line 2
82.
)
\Hy@SectionHShift=\skip43
)
(/usr/local/texlive/2016/texmf-dist/tex/latex/preprint/fullpage.sty
Package: fullpage 1999/02/23 1.1 (PWD)
\FP@margin=\skip44
)
(/usr/local/texlive/2016/texmf-dist/tex/latex/base/inputenc.sty
Package: inputenc 2015/03/17 v1.2c Input encoding file
\inpenc@prehook=\toks15
\inpenc@posthook=\toks16

(/usr/local/texlive/2016/texmf-dist/tex/latex/base/latin1.def
File: latin1.def 2015/03/17 v1.2c Input encoding file
)) (./mystyle.sty
(/usr/local/texlive/2016/texmf-dist/tex/latex/amsmath/amsmath.sty
Package: amsmath 2016/03/10 v2.15b AMS math features
\@mathmargin=\skip45

For additional information on amsmath, use the `?' option.
(/usr/local/texlive/2016/texmf-dist/tex/latex/amsmath/amstext.sty
Package: amstext 2000/06/29 v2.01 AMS text

(/usr/local/texlive/2016/texmf-dist/tex/latex/amsmath/amsgen.sty
File: amsgen.sty 1999/11/30 v2.0 generic functions
\@emptytoks=\toks17
\ex@=\dimen107
))
(/usr/local/texlive/2016/texmf-dist/tex/latex/amsmath/amsbsy.sty
Package: amsbsy 1999/11/29 v1.2d Bold Symbols
\pmbraise@=\dimen108
)
(/usr/local/texlive/2016/texmf-dist/tex/latex/amsmath/amsopn.sty
Package: amsopn 2016/03/08 v2.02 operator names
)
\inf@bad=\count98
LaTeX Info: Redefining \frac on input line 199.
\uproot@=\count99
\leftroot@=\count100
LaTeX Info: Redefining \overline on input line 297.
\classnum@=\count101
\DOTSCASE@=\count102
LaTeX Info: Redefining \ldots on input line 394.
LaTeX Info: Redefining \dots on input line 397.
LaTeX Info: Redefining \cdots on input line 518.
\Mathstrutbox@=\box26
\strutbox@=\box27
\big@size=\dimen109
LaTeX Font Info:    Redeclaring font encoding OML on input line 634.
LaTeX Font Info:    Redeclaring font encoding OMS on input line 635.
\macc@depth=\count103
\c@MaxMatrixCols=\count104
\dotsspace@=\muskip11
\c@parentequation=\count105
\dspbrk@lvl=\count106
\tag@help=\toks18
\row@=\count107
\column@=\count108
\maxfields@=\count109
\andhelp@=\toks19
\eqnshift@=\dimen110
\alignsep@=\dimen111
\tagshift@=\dimen112
\tagwidth@=\dimen113
\totwidth@=\dimen114
\lineht@=\dimen115
\@envbody=\toks20
\multlinegap=\skip46
\multlinetaggap=\skip47
\mathdisplay@stack=\toks21
LaTeX Info: Redefining \[ on input line 2739.
LaTeX Info: Redefining \] on input line 2740.
)
(/usr/local/texlive/2016/texmf-dist/tex/latex/amsfonts/amsfonts.sty
Package: amsfonts 2013/01/14 v3.01 Basic AMSFonts support
\symAMSa=\mathgroup4
\symAMSb=\mathgroup5
LaTeX Font Info:    Overwriting math alphabet `\mathfrak' in version `bold'
(Font)                  U/euf/m/n --> U/euf/b/n on input line 106.
)
(/usr/local/texlive/2016/texmf-dist/tex/latex/amsfonts/amssymb.sty
Package: amssymb 2013/01/14 v3.01 AMS font symbols
)
(/usr/local/texlive/2016/texmf-dist/tex/latex/amscls/amsthm.sty
Package: amsthm 2015/03/04 v2.20.2
\thm@style=\toks22
\thm@bodyfont=\toks23
\thm@headfont=\toks24
\thm@notefont=\toks25
\thm@headpunct=\toks26
\thm@preskip=\skip48
\thm@postskip=\skip49
\thm@headsep=\skip50
\dth@everypar=\toks27
)
(/usr/local/texlive/2016/texmf-dist/tex/latex/jknapltx/mathrsfs.sty
Package: mathrsfs 1996/01/01 Math RSFS package v1.0 (jk)
\symrsfs=\mathgroup6
)
(/usr/local/texlive/2016/texmf-dist/tex/latex/doublestroke/dsfont.sty
Package: dsfont 1995/08/01 v0.1 Double stroke roman fonts
)
(/usr/local/texlive/2016/texmf-dist/tex/latex/graphics/graphicx.sty
Package: graphicx 2014/10/28 v1.0g Enhanced LaTeX Graphics (DPC,SPQR)

(/usr/local/texlive/2016/texmf-dist/tex/latex/graphics/graphics.sty
Package: graphics 2016/05/09 v1.0r Standard LaTeX Graphics (DPC,SPQR)

(/usr/local/texlive/2016/texmf-dist/tex/latex/graphics/trig.sty
Package: trig 2016/01/03 v1.10 sin cos tan (DPC)
)
(/usr/local/texlive/2016/texmf-dist/tex/latex/graphics-cfg/graphics.cfg
File: graphics.cfg 2016/01/02 v1.10 sample graphics configuration
)
Package graphics Info: Driver file: pdftex.def on input line 96.

(/usr/local/texlive/2016/texmf-dist/tex/latex/pdftex-def/pdftex.def
File: pdftex.def 2011/05/27 v0.06d Graphics/color for pdfTeX
\Gread@gobject=\count110
))
\Gin@req@height=\dimen116
\Gin@req@width=\dimen117
)
(/usr/local/texlive/2016/texmf-dist/tex/latex/tools/array.sty
Package: array 2014/10/28 v2.4c Tabular extension package (FMi)
\col@sep=\dimen118
\extrarowheight=\dimen119
\NC@list=\toks28
\extratabsurround=\skip51
\backup@length=\skip52
)
(/usr/local/texlive/2016/texmf-dist/tex/latex/tools/tabularx.sty
Package: tabularx 2016/02/03 v2.11 `tabularx' package (DPC)
\TX@col@width=\dimen120
\TX@old@table=\dimen121
\TX@old@col=\dimen122
\TX@target=\dimen123
\TX@delta=\dimen124
\TX@cols=\count111
\TX@ftn=\toks29
)
(/usr/local/texlive/2016/texmf-dist/tex/latex/tools/indentfirst.sty
Package: indentfirst 1995/11/23 v1.03 Indent first paragraph (DPC)
)
(/usr/local/texlive/2016/texmf-dist/tex/latex/tools/xspace.sty
Package: xspace 2014/10/28 v1.13 Space after command names (DPC,MH)
)
(/usr/local/texlive/2016/texmf-dist/tex/latex/xcolor/xcolor.sty
Package: xcolor 2016/05/11 v2.12 LaTeX color extensions (UK)

(/usr/local/texlive/2016/texmf-dist/tex/latex/graphics-cfg/color.cfg
File: color.cfg 2016/01/02 v1.6 sample color configuration
)
Package xcolor Info: Driver file: pdftex.def on input line 225.
Package xcolor Info: Model `cmy' substituted by `cmy0' on input line 1348.
Package xcolor Info: Model `hsb' substituted by `rgb' on input line 1352.
Package xcolor Info: Model `RGB' extended on input line 1364.
Package xcolor Info: Model `HTML' substituted by `rgb' on input line 1366.
Package xcolor Info: Model `Hsb' substituted by `hsb' on input line 1367.
Package xcolor Info: Model `tHsb' substituted by `hsb' on input line 1368.
Package xcolor Info: Model `HSB' substituted by `hsb' on input line 1369.
Package xcolor Info: Model `Gray' substituted by `gray' on input line 1370.
Package xcolor Info: Model `wave' substituted by `hsb' on input line 1371.
)
\c@thm=\count112
\c@prop=\count113
\c@defn=\count114
\c@cor=\count115
\c@lem=\count116
\c@rem=\count117
\c@exmp=\count118

(/usr/local/texlive/2016/texmf-dist/tex/latex/float/float.sty
Package: float 2001/11/08 v1.3d Float enhancements (AL)
\c@float@type=\count119
\float@exts=\toks30
\float@box=\box28
\@float@everytoks=\toks31
\@floatcapt=\box29
)
\@float@every@listing=\toks32
\c@listing=\count120

(/usr/local/texlive/2016/texmf-dist/tex/latex/natbib/natbib.sty
Package: natbib 2010/09/13 8.31b (PWD, AO)
\bibhang=\skip53
\bibsep=\skip54
LaTeX Info: Redefining \cite on input line 694.
\c@NAT@ctr=\count121
)
(/usr/local/texlive/2016/texmf-dist/tex/latex/multirow/multirow.sty
\bigstrutjot=\dimen125
))
(/usr/local/texlive/2016/texmf-dist/tex/latex/base/fontenc.sty
Package: fontenc 2005/09/27 v1.99g Standard LaTeX package

(/usr/local/texlive/2016/texmf-dist/tex/latex/base/t1enc.def
File: t1enc.def 2005/09/27 v1.99g Standard LaTeX file
LaTeX Font Info:    Redeclaring font encoding T1 on input line 48.
))
(./IntroImaging.aux)
\openout1 = `IntroImaging.aux'.

LaTeX Font Info:    Checking defaults for OML/cmm/m/it on input line 47.
LaTeX Font Info:    ... okay on input line 47.
LaTeX Font Info:    Checking defaults for T1/cmr/m/n on input line 47.
LaTeX Font Info:    ... okay on input line 47.
LaTeX Font Info:    Checking defaults for OT1/cmr/m/n on input line 47.
LaTeX Font Info:    ... okay on input line 47.
LaTeX Font Info:    Checking defaults for OMS/cmsy/m/n on input line 47.
LaTeX Font Info:    ... okay on input line 47.
LaTeX Font Info:    Checking defaults for OMX/cmex/m/n on input line 47.
LaTeX Font Info:    ... okay on input line 47.
LaTeX Font Info:    Checking defaults for U/cmr/m/n on input line 47.
LaTeX Font Info:    ... okay on input line 47.
LaTeX Font Info:    Checking defaults for PD1/pdf/m/n on input line 47.
LaTeX Font Info:    ... okay on input line 47.
\AtBeginShipoutBox=\box30
Package hyperref Info: Link coloring ON on input line 47.

(/usr/local/texlive/2016/texmf-dist/tex/latex/hyperref/nameref.sty
Package: nameref 2012/10/27 v2.43 Cross-referencing by name of section

(/usr/local/texlive/2016/texmf-dist/tex/generic/oberdiek/gettitlestring.sty
Package: gettitlestring 2016/05/16 v1.5 Cleanup title references (HO)
)
\c@section@level=\count122
)
LaTeX Info: Redefining \ref on input line 47.
LaTeX Info: Redefining \pageref on input line 47.
LaTeX Info: Redefining \nameref on input line 47.

(./IntroImaging.out) (./IntroImaging.out)
\@outlinefile=\write3
\openout3 = `IntroImaging.out'.


(/usr/local/texlive/2016/texmf-dist/tex/context/base/mkii/supp-pdf.mkii
[Loading MPS to PDF converter (version 2006.09.02).]
\scratchcounter=\count123
\scratchdimen=\dimen126
\scratchbox=\box31
\nofMPsegments=\count124
\nofMParguments=\count125
\everyMPshowfont=\toks33
\MPscratchCnt=\count126
\MPscratchDim=\dimen127
\MPnumerator=\count127
\makeMPintoPDFobject=\count128
\everyMPtoPDFconversion=\toks34
) (/usr/local/texlive/2016/texmf-dist/tex/latex/oberdiek/epstopdf-base.sty
Package: epstopdf-base 2016/05/15 v2.6 Base part for package epstopdf

(/usr/local/texlive/2016/texmf-dist/tex/latex/oberdiek/grfext.sty
Package: grfext 2016/05/16 v1.2 Manage graphics extensions (HO)
)
Package grfext Info: Graphics extension search list:
(grfext)             [.png,.pdf,.jpg,.mps,.jpeg,.jbig2,.jb2,.PNG,.PDF,.JPG,.JPE
G,.JBIG2,.JB2,.eps]
(grfext)             \AppendGraphicsExtensions on input line 456.

(/usr/local/texlive/2016/texmf-dist/tex/latex/latexconfig/epstopdf-sys.cfg
File: epstopdf-sys.cfg 2010/07/13 v1.3 Configuration of (r)epstopdf for TeX Liv
e
))
LaTeX Font Info:    Try loading font information for T1+cmss on input line 50.

(/usr/local/texlive/2016/texmf-dist/tex/latex/base/t1cmss.fd
File: t1cmss.fd 2014/09/29 v2.5h Standard LaTeX font definitions
)
<./figures/wave-simple.jpg, id=205, 1003.75pt x 259.97125pt>
File: ./figures/wave-simple.jpg Graphic file (type jpg)

<use ./figures/wave-simple.jpg>
Package pdftex.def Info: ./figures/wave-simple.jpg used on input line 50.
(pdftex.def)             Requested size: 422.77664pt x 109.50055pt.
LaTeX Font Info:    Try loading font information for U+msa on input line 50.

(/usr/local/texlive/2016/texmf-dist/tex/latex/amsfonts/umsa.fd
File: umsa.fd 2013/01/14 v3.01 AMS symbols A
)
LaTeX Font Info:    Try loading font information for U+msb on input line 50.

(/usr/local/texlive/2016/texmf-dist/tex/latex/amsfonts/umsb.fd
File: umsb.fd 2013/01/14 v3.01 AMS symbols B
)
LaTeX Font Info:    Try loading font information for U+rsfs on input line 50.

(/usr/local/texlive/2016/texmf-dist/tex/latex/jknapltx/ursfs.fd
File: ursfs.fd 1998/03/24 rsfs font definition file (jk)
)
LaTeX Font Info:    Try loading font information for T1+cmtt on input line 50.

(/usr/local/texlive/2016/texmf-dist/tex/latex/base/t1cmtt.fd
File: t1cmtt.fd 2014/09/29 v2.5h Standard LaTeX font definitions
) [1


{/usr/local/texlive/2016/texmf-var/fonts/map/pdftex/updmap/pdftex.map} <./figur
es/wave-simple.jpg>] (./chap/abstract.tex [2

]
LaTeX Font Info:    Try loading font information for OMS+cmr on input line 7.

(/usr/local/texlive/2016/texmf-dist/tex/latex/base/omscmr.fd
File: omscmr.fd 2014/09/29 v2.5h Standard LaTeX font definitions
)
LaTeX Font Info:    Font shape `OMS/cmr/m/n' in size <10.95> not available
(Font)              Font shape `OMS/cmsy/m/n' tried instead on input line 7.
 [3] [4

]
(./IntroImaging.toc [5])
\tf@toc=\write4
\openout4 = `IntroImaging.toc'.

) (./chap/shannon.tex [6]
Chapter 1.
[7

]
<./figures/shannon/codage/codage-pxl.png, id=321, 254.75175pt x 128.6406pt>
File: ./figures/shannon/codage/codage-pxl.png Graphic file (type png)

<use ./figures/shannon/codage/codage-pxl.png>
Package pdftex.def Info: ./figures/shannon/codage/codage-pxl.png used on input 
line 102.
(pdftex.def)             Requested size: 281.85587pt x 142.32753pt.
 [8pdfTeX warning (ext4): destination with the same identifier (name{figure.1.1
}) has been already used, duplicate ignored

\AtBegShi@Output ...ipout \box \AtBeginShipoutBox 
                                                  \fi \fi 
l.106 $$
         <./figures/shannon/codage/codage-pxl.png>] [9] [10]
<./figures/shannon/arbres/codage-prefixe.pdf, id=352, 313.44254pt x 171.80818pt
>
File: ./figures/shannon/arbres/codage-prefixe.pdf Graphic file (type pdf)
 <use ./figures/shannon/arbres/codage-prefixe.pdf>
Package pdftex.def Info: ./figures/shannon/arbres/codage-prefixe.pdf used on in
put line 291.
(pdftex.def)             Requested size: 211.38832pt x 115.8685pt.

<./figures/shannon/arbres/arbre-exemple.pdf, id=353, 406.39279pt x 225.34308pt>
File: ./figures/shannon/arbres/arbre-exemple.pdf Graphic file (type pdf)
<use ./figures/shannon/arbres/arbre-exemple.pdf>
Package pdftex.def Info: ./figures/shannon/arbres/arbre-exemple.pdf used on inp
ut line 291.
(pdftex.def)             Requested size: 211.38832pt x 117.21344pt.
 [11pdfTeX warning (ext4): destination with the same identifier (name{figure.1.
2}) has been already used, duplicate ignored

\AtBegShi@Output ...ipout \box \AtBeginShipoutBox 
                                                  \fi \fi 
l.309 
       <./figures/shannon/arbres/codage-prefixe.pdf> <./figures/shannon/arbres/
arbre-exemple.pdf>] [12]
<./figures/shannon/entropie/histo-1.pdf, id=546, 176.23503pt x 99.8943pt>
File: ./figures/shannon/entropie/histo-1.pdf Graphic file (type pdf)

<use ./figures/shannon/entropie/histo-1.pdf>
Package pdftex.def Info: ./figures/shannon/entropie/histo-1.pdf used on input l
ine 387.
(pdftex.def)             Requested size: 140.92793pt x 79.88048pt.

<./figures/shannon/entropie/histo-3.pdf, id=547, 176.23502pt x 99.8943pt>
File: ./figures/shannon/entropie/histo-3.pdf Graphic file (type pdf)

<use ./figures/shannon/entropie/histo-3.pdf>
Package pdftex.def Info: ./figures/shannon/entropie/histo-3.pdf used on input l
ine 387.
(pdftex.def)             Requested size: 140.92793pt x 79.88048pt.

<./figures/shannon/entropie/histo-sub.pdf, id=548, 229.18423pt x 130.6772pt>
File: ./figures/shannon/entropie/histo-sub.pdf Graphic file (type pdf)

<use ./figures/shannon/entropie/histo-sub.pdf>
Package pdftex.def Info: ./figures/shannon/entropie/histo-sub.pdf used on input
 line 387.
(pdftex.def)             Requested size: 140.92793pt x 80.35703pt.
 [13pdfTeX warning (ext4): destination with the same identifier (name{figure.1.
3}) has been already used, duplicate ignored

\AtBegShi@Output ...ipout \box \AtBeginShipoutBox 
                                                  \fi \fi 
l.403 $$
         <./figures/shannon/entropie/histo-1.pdf> <./figures/shannon/entropie/h
isto-3.pdf> <./figures/shannon/entropie/histo-sub.pdf>] [14] [15]
<./figures/shannon/differences/differences.pdf, id=847, 768.83604pt x 192.05472
pt>
File: ./figures/shannon/differences/differences.pdf Graphic file (type pdf)
 <use ./figures/shannon/differences/differences.pdf>
Package pdftex.def Info: ./figures/shannon/differences/differences.pdf used on 
input line 558.
(pdftex.def)             Requested size: 469.75502pt x 117.3466pt.
 [16]
<./figures/shannon/differences/histo-pix.pdf, id=858, 253.72047pt x 140.46156pt
>
File: ./figures/shannon/differences/histo-pix.pdf Graphic file (type pdf)
 <use ./figures/shannon/differences/histo-pix.pdf>
Package pdftex.def Info: ./figures/shannon/differences/histo-pix.pdf used on in
put line 573.
(pdftex.def)             Requested size: 140.92793pt x 78.01709pt.

<./figures/shannon/differences/histo-diff.pdf, id=859, 253.72049pt x 140.46156p
t>
File: ./figures/shannon/differences/histo-diff.pdf Graphic file (type pdf)
 <use ./figures/shannon/differences/histo-diff.pdf>
Package pdftex.def Info: ./figures/shannon/differences/histo-diff.pdf used on i
nput line 573.
(pdftex.def)             Requested size: 140.92793pt x 78.01709pt.

<./figures/shannon/differences/arbre-difference.pdf, id=860, 223.33327pt x 269.
66362pt>
File: ./figures/shannon/differences/arbre-difference.pdf Graphic file (type pdf
)
 <use ./figures/shannon/differences/arbre-difference.pdf>
Package pdftex.def Info: ./figures/shannon/differences/arbre-difference.pdf use
d on input line 573.
(pdftex.def)             Requested size: 93.94957pt x 113.43898pt.
 [17pdfTeX warning (ext4): destination with the same identifier (name{figure.1.
4}) has been already used, duplicate ignored

\AtBegShi@Output ...ipout \box \AtBeginShipoutBox 
                                                  \fi \fi 
l.602 }
       pdfTeX warning (ext4): destination with the same identifier (name{figure
.1.5}) has been already used, duplicate ignored

\AtBegShi@Output ...ipout \box \AtBeginShipoutBox 
                                                  \fi \fi 
l.602 }
        <./figures/shannon/differences/differences.pdf> <./figures/shannon/diff
erences/histo-pix.pdf> <./figures/shannon/differences/histo-diff.pdf> <./figure
s/shannon/differences/arbre-difference.pdf>] [18]) (./chap/images.tex [19]
[20

]
Chapter 2.
<./figures/images/section1-original-zoom.png, id=1428, 168.63pt x 80.4606pt>
File: ./figures/images/section1-original-zoom.png Graphic file (type png)

<use ./figures/images/section1-original-zoom.png>
Package pdftex.def Info: ./figures/images/section1-original-zoom.png used on in
put line 78.
(pdftex.def)             Requested size: 281.85587pt x 134.48903pt.
 [21pdfTeX warning (ext4): destination with the same identifier (name{figure.2.
1}) has been already used, duplicate ignored

\AtBegShi@Output ...ipout \box \AtBeginShipoutBox 
                                                  \fi \fi 
l.98 \[
        <./figures/images/section1-original-zoom.png>]
<./figures/images/section2-subsample-4.png, id=1434, 256.96pt x 256.96pt>
File: ./figures/images/section2-subsample-4.png Graphic file (type png)

<use ./figures/images/section2-subsample-4.png>
Package pdftex.def Info: ./figures/images/section2-subsample-4.png used on inpu
t line 132.
(pdftex.def)             Requested size: 150.32504pt x 150.32687pt.

<./figures/images/section2-subsample-8.png, id=1435, 256.96pt x 256.96pt>
File: ./figures/images/section2-subsample-8.png Graphic file (type png)

<use ./figures/images/section2-subsample-8.png>
Package pdftex.def Info: ./figures/images/section2-subsample-8.png used on inpu
t line 132.
(pdftex.def)             Requested size: 150.32504pt x 150.32687pt.

<./figures/images/section2-subsample-16.png, id=1436, 256.96pt x 256.96pt>
File: ./figures/images/section2-subsample-16.png Graphic file (type png)

<use ./figures/images/section2-subsample-16.png>
Package pdftex.def Info: ./figures/images/section2-subsample-16.png used on inp
ut line 132.
(pdftex.def)             Requested size: 150.32504pt x 150.32687pt.
 [22pdfTeX warning (ext4): destination with the same identifier (name{figure.2.
2}) has been already used, duplicate ignored

\AtBegShi@Output ...ipout \box \AtBeginShipoutBox 
                                                  \fi \fi 
l.143 \begin{rs}
                 <./figures/images/section2-subsample-4.png (PNG copy)> <./figu
res/images/section2-subsample-8.png (PNG copy)> <./figures/images/section2-subs
ample-16.png (PNG copy)>]
<./figures/images/section3-quantize-4.png, id=1446, 256.96pt x 256.96pt>
File: ./figures/images/section3-quantize-4.png Graphic file (type png)

<use ./figures/images/section3-quantize-4.png>
Package pdftex.def Info: ./figures/images/section3-quantize-4.png used on input
 line 167.
(pdftex.def)             Requested size: 150.32504pt x 150.32687pt.

<./figures/images/section3-quantize-16.png, id=1447, 256.96pt x 256.96pt>
File: ./figures/images/section3-quantize-16.png Graphic file (type png)

<use ./figures/images/section3-quantize-16.png>
Package pdftex.def Info: ./figures/images/section3-quantize-16.png used on inpu
t line 167.
(pdftex.def)             Requested size: 150.32504pt x 150.32687pt.

<./figures/images/section5-moyenne-numbers.png, id=1449, 168.63pt x 78.0516pt>
File: ./figures/images/section5-moyenne-numbers.png Graphic file (type png)

<use ./figures/images/section5-moyenne-numbers.png>
Package pdftex.def Info: ./figures/images/section5-moyenne-numbers.png used on 
input line 197.
(pdftex.def)             Requested size: 187.89914pt x 86.97177pt.
 [23pdfTeX warning (ext4): destination with the same identifier (name{figure.2.
3}) has been already used, duplicate ignored

\AtBegShi@Output ...ipout \box \AtBeginShipoutBox 
                                                  \fi \fi 
l.204 \[
        \frac{a + b + c + d + e + f + g + h + i}{9}, \] <./figures/images/secti
on3-quantize-4.png (PNG copy)> <./figures/images/section3-quantize-16.png (PNG 
copy)>]
<./figures/images/section5-moyenne-1.png, id=1459, 256.96pt x 256.96pt>
File: ./figures/images/section5-moyenne-1.png Graphic file (type png)

<use ./figures/images/section5-moyenne-1.png>
Package pdftex.def Info: ./figures/images/section5-moyenne-1.png used on input 
line 229.
(pdftex.def)             Requested size: 150.32504pt x 150.32687pt.

<./figures/images/section5-moyenne-2.png, id=1460, 256.96pt x 256.96pt>
File: ./figures/images/section5-moyenne-2.png Graphic file (type png)

<use ./figures/images/section5-moyenne-2.png>
Package pdftex.def Info: ./figures/images/section5-moyenne-2.png used on input 
line 229.
(pdftex.def)             Requested size: 150.32504pt x 150.32687pt.

<./figures/images/section5-moyenne-3.png, id=1461, 256.96pt x 256.96pt>
File: ./figures/images/section5-moyenne-3.png Graphic file (type png)

<use ./figures/images/section5-moyenne-3.png>
Package pdftex.def Info: ./figures/images/section5-moyenne-3.png used on input 
line 229.
(pdftex.def)             Requested size: 150.32504pt x 150.32687pt.
 [24pdfTeX warning (ext4): destination with the same identifier (name{figure.2.
4}) has been already used, duplicate ignored

\AtBegShi@Output ...ipout \box \AtBeginShipoutBox 
                                                  \fi \fi 
l.241 ... 54, 79, 153, 166, 189, 190, 192, 203. \]
                                                  pdfTeX warning (ext4): destin
ation with the same identifier (name{figure.2.5}) has been already used, duplic
ate ignored

\AtBegShi@Output ...ipout \box \AtBeginShipoutBox 
                                                  \fi \fi 
l.241 ... 54, 79, 153, 166, 189, 190, 192, 203. \]
                                                   <./figures/images/section5-m
oyenne-numbers.png> <./figures/images/section5-moyenne-1.png (PNG copy)> <./fig
ures/images/section5-moyenne-2.png (PNG copy)> <./figures/images/section5-moyen
ne-3.png (PNG copy)>]
<./figures/images/section6-mediane-1.png, id=1468, 256.96pt x 256.96pt>
File: ./figures/images/section6-mediane-1.png Graphic file (type png)

<use ./figures/images/section6-mediane-1.png>
Package pdftex.def Info: ./figures/images/section6-mediane-1.png used on input 
line 260.
(pdftex.def)             Requested size: 150.32504pt x 150.32687pt.

<./figures/images/section6-mediane-2.png, id=1469, 256.96pt x 256.96pt>
File: ./figures/images/section6-mediane-2.png Graphic file (type png)

<use ./figures/images/section6-mediane-2.png>
Package pdftex.def Info: ./figures/images/section6-mediane-2.png used on input 
line 260.
(pdftex.def)             Requested size: 150.32504pt x 150.32687pt.

<./figures/images/section6-mediane-3.png, id=1470, 256.96pt x 256.96pt>
File: ./figures/images/section6-mediane-3.png Graphic file (type png)

<use ./figures/images/section6-mediane-3.png>
Package pdftex.def Info: ./figures/images/section6-mediane-3.png used on input 
line 260.
(pdftex.def)             Requested size: 150.32504pt x 150.32687pt.

<./figures/images/section7-contours-numbers.png, id=1472, 168.63pt x 78.0516pt>
File: ./figures/images/section7-contours-numbers.png Graphic file (type png)
<use ./figures/images/section7-contours-numbers.png>
Package pdftex.def Info: ./figures/images/section7-contours-numbers.png used on
 input line 283.
(pdftex.def)             Requested size: 187.89914pt x 86.97177pt.
 [25pdfTeX warning (ext4): destination with the same identifier (name{figure.2.
6}) has been already used, duplicate ignored

\AtBegShi@Output ...ipout \box \AtBeginShipoutBox 
                                                  \fi \fi 
l.297 
       <./figures/images/section6-mediane-1.png (PNG copy)> <./figures/images/s
ection6-mediane-2.png (PNG copy)> <./figures/images/section6-mediane-3.png (PNG
 copy)>] <./figures/images/section7-image.png, id=1481, 256.96pt x 256.96pt>
File: ./figures/images/section7-image.png Graphic file (type png)

<use ./figures/images/section7-image.png>
Package pdftex.def Info: ./figures/images/section7-image.png used on input line
 305.
(pdftex.def)             Requested size: 150.32504pt x 150.32687pt.

<./figures/images/section7-contours.png, id=1482, 256.96pt x 256.96pt>
File: ./figures/images/section7-contours.png Graphic file (type png)

<use ./figures/images/section7-contours.png>
Package pdftex.def Info: ./figures/images/section7-contours.png used on input l
ine 305.
(pdftex.def)             Requested size: 150.32504pt x 150.32687pt.

<./figures/images/section8-image.png, id=1485, 256.96pt x 256.96pt>
File: ./figures/images/section8-image.png Graphic file (type png)

<use ./figures/images/section8-image.png>
Package pdftex.def Info: ./figures/images/section8-image.png used on input line
 335.
(pdftex.def)             Requested size: 150.32504pt x 150.32687pt.

<./figures/images/section8-luminance.png, id=1486, 256.96pt x 256.96pt>
File: ./figures/images/section8-luminance.png Graphic file (type png)

<use ./figures/images/section8-luminance.png>
Package pdftex.def Info: ./figures/images/section8-luminance.png used on input 
line 335.
(pdftex.def)             Requested size: 150.32504pt x 150.32687pt.

<./figures/images/section8-rouge.png, id=1487, 256.96pt x 256.96pt>
File: ./figures/images/section8-rouge.png Graphic file (type png)

<use ./figures/images/section8-rouge.png>
Package pdftex.def Info: ./figures/images/section8-rouge.png used on input line
 355.
(pdftex.def)             Requested size: 150.32504pt x 150.32687pt.

<./figures/images/section8-vert.png, id=1488, 256.96pt x 256.96pt>
File: ./figures/images/section8-vert.png Graphic file (type png)

<use ./figures/images/section8-vert.png>
Package pdftex.def Info: ./figures/images/section8-vert.png used on input line 
355.
(pdftex.def)             Requested size: 150.32504pt x 150.32687pt.

<./figures/images/section8-bleu.png, id=1489, 256.96pt x 256.96pt>
File: ./figures/images/section8-bleu.png Graphic file (type png)

<use ./figures/images/section8-bleu.png>
Package pdftex.def Info: ./figures/images/section8-bleu.png used on input line 
355.
(pdftex.def)             Requested size: 150.32504pt x 150.32687pt.
 [26pdfTeX warning (ext4): destination with the same identifier (name{figure.2.
7}) has been already used, duplicate ignored

\AtBegShi@Output ...ipout \box \AtBeginShipoutBox 
                                                  \fi \fi 
l.366 
      pdfTeX warning (ext4): destination with the same identifier (name{figure.
2.8}) has been already used, duplicate ignored

\AtBegShi@Output ...ipout \box \AtBeginShipoutBox 
                                                  \fi \fi 
l.366 
       <./figures/images/section7-contours-numbers.png> <./figures/images/secti
on7-image.png (PNG copy)> <./figures/images/section7-contours.png (PNG copy)>]
<./figures/images/section8-synthese-additive.png, id=1498, 168.63pt x 162.3666p
t>
File: ./figures/images/section8-synthese-additive.png Graphic file (type png)
 <use ./figures/images/section8-synthese-additive.png>
Package pdftex.def Info: ./figures/images/section8-synthese-additive.png used o
n input line 375.
(pdftex.def)             Requested size: 150.32504pt x 144.74365pt.

<./figures/images/section8-synthese-soustractive.png, id=1499, 168.63pt x 161.4
03pt>
File: ./figures/images/section8-synthese-soustractive.png Graphic file (type pn
g)
 <use ./figures/images/section8-synthese-soustractive.png>
Package pdftex.def Info: ./figures/images/section8-synthese-soustractive.png us
ed on input line 375.
(pdftex.def)             Requested size: 150.32504pt x 143.88464pt.

<./figures/images/section8-cyan.png, id=1501, 256.96pt x 256.96pt>
File: ./figures/images/section8-cyan.png Graphic file (type png)

<use ./figures/images/section8-cyan.png>
Package pdftex.def Info: ./figures/images/section8-cyan.png used on input line 
400.
(pdftex.def)             Requested size: 150.32504pt x 150.32687pt.

<./figures/images/section8-magenta.png, id=1502, 256.96pt x 256.96pt>
File: ./figures/images/section8-magenta.png Graphic file (type png)

<use ./figures/images/section8-magenta.png>
Package pdftex.def Info: ./figures/images/section8-magenta.png used on input li
ne 400.
(pdftex.def)             Requested size: 150.32504pt x 150.32687pt.

<./figures/images/section8-jaune.png, id=1503, 256.96pt x 256.96pt>
File: ./figures/images/section8-jaune.png Graphic file (type png)

<use ./figures/images/section8-jaune.png>
Package pdftex.def Info: ./figures/images/section8-jaune.png used on input line
 400.
(pdftex.def)             Requested size: 150.32504pt x 150.32687pt.
 [27pdfTeX warning (ext4): destination with the same identifier (name{figure.2.
9}) has been already used, duplicate ignored

\AtBegShi@Output ...ipout \box \AtBeginShipoutBox 
                                                  \fi \fi 
l.405 I
       t is thus possible to store on a hard disk a color image by storing thep
dfTeX warning (ext4): destination with the same identifier (name{figure.2.10}) 
has been already used, duplicate ignored

\AtBegShi@Output ...ipout \box \AtBeginShipoutBox 
                                                  \fi \fi 
l.405 I
       t is thus possible to store on a hard disk a color image by storing the 
<./figures/images/section8-image.png (PNG copy)> <./figures/images/section8-lum
inance.png (PNG copy)> <./figures/images/section8-rouge.png (PNG copy)> <./figu
res/images/section8-vert.png (PNG copy)> <./figures/images/section8-bleu.png (P
NG copy)>] [28pdfTeX warning (ext4): destination with the same identifier (name
{figure.2.11}) has been already used, duplicate ignored

\AtBegShi@Output ...ipout \box \AtBeginShipoutBox 
                                                  \fi \fi 
l.433 
      pdfTeX warning (ext4): destination with the same identifier (name{figure.
2.12}) has been already used, duplicate ignored

\AtBegShi@Output ...ipout \box \AtBeginShipoutBox 
                                                  \fi \fi 
l.433 
       <./figures/images/section8-synthese-additive.png> <./figures/images/sect
ion8-synthese-soustractive.png> <./figures/images/section8-cyan.png (PNG copy)>
 <./figures/images/section8-magenta.png (PNG copy)> <./figures/images/section8-
jaune.png (PNG copy)>]
<./figures/images/section4-negatif.png, id=1521, 256.96pt x 256.96pt>
File: ./figures/images/section4-negatif.png Graphic file (type png)

<use ./figures/images/section4-negatif.png>
Package pdftex.def Info: ./figures/images/section4-negatif.png used on input li
ne 447.
(pdftex.def)             Requested size: 150.32504pt x 150.32687pt.

<./figures/images/section4-square.png, id=1522, 256.96pt x 256.96pt>
File: ./figures/images/section4-square.png Graphic file (type png)

<use ./figures/images/section4-square.png>
Package pdftex.def Info: ./figures/images/section4-square.png used on input lin
e 447.
(pdftex.def)             Requested size: 150.32504pt x 150.32687pt.

<./figures/images/section4-sqrt.png, id=1523, 256.96pt x 256.96pt>
File: ./figures/images/section4-sqrt.png Graphic file (type png)

<use ./figures/images/section4-sqrt.png>
Package pdftex.def Info: ./figures/images/section4-sqrt.png used on input line 
447.
(pdftex.def)             Requested size: 150.32504pt x 150.32687pt.
 [29pdfTeX warning (ext4): destination with the same identifier (name{figure.2.
13}) has been already used, duplicate ignored

\AtBegShi@Output ...ipout \box \AtBeginShipoutBox 
                                                  \fi \fi 
l.471 
       <./figures/images/section4-negatif.png (PNG copy)> <./figures/images/sec
tion4-square.png (PNG copy)> <./figures/images/section4-sqrt.png (PNG copy)>]
<./figures/images/section4-constrast-1.png, id=1530, 256.96pt x 256.96pt>
File: ./figures/images/section4-constrast-1.png Graphic file (type png)

<use ./figures/images/section4-constrast-1.png>
Package pdftex.def Info: ./figures/images/section4-constrast-1.png used on inpu
t line 490.
(pdftex.def)             Requested size: 75.16252pt x 75.16344pt.

<./figures/images/section4-constrast-2.png, id=1531, 256.96pt x 256.96pt>
File: ./figures/images/section4-constrast-2.png Graphic file (type png)

<use ./figures/images/section4-constrast-2.png>
Package pdftex.def Info: ./figures/images/section4-constrast-2.png used on inpu
t line 490.
(pdftex.def)             Requested size: 75.16252pt x 75.16344pt.

<./figures/images/section4-constrast-3.png, id=1532, 256.96pt x 256.96pt>
File: ./figures/images/section4-constrast-3.png Graphic file (type png)

<use ./figures/images/section4-constrast-3.png>
Package pdftex.def Info: ./figures/images/section4-constrast-3.png used on inpu
t line 490.
(pdftex.def)             Requested size: 75.16252pt x 75.16344pt.

<./figures/images/section4-constrast-4.png, id=1533, 256.96pt x 256.96pt>
File: ./figures/images/section4-constrast-4.png Graphic file (type png)

<use ./figures/images/section4-constrast-4.png>
Package pdftex.def Info: ./figures/images/section4-constrast-4.png used on inpu
t line 490.
(pdftex.def)             Requested size: 75.16252pt x 75.16344pt.

<./figures/images/section4-constrast-5.png, id=1534, 256.96pt x 256.96pt>
File: ./figures/images/section4-constrast-5.png Graphic file (type png)

<use ./figures/images/section4-constrast-5.png>
Package pdftex.def Info: ./figures/images/section4-constrast-5.png used on inpu
t line 490.
(pdftex.def)             Requested size: 75.16252pt x 75.16344pt.

<./figures/images/section4-constrast-6.png, id=1535, 256.96pt x 256.96pt>
File: ./figures/images/section4-constrast-6.png Graphic file (type png)

<use ./figures/images/section4-constrast-6.png>
Package pdftex.def Info: ./figures/images/section4-constrast-6.png used on inpu
t line 490.
(pdftex.def)             Requested size: 75.16252pt x 75.16344pt.

<./figures/images/section10-original.png, id=1537, 513.92pt x 513.92pt>
File: ./figures/images/section10-original.png Graphic file (type png)

<use ./figures/images/section10-original.png>
Package pdftex.def Info: ./figures/images/section10-original.png used on input 
line 540.
(pdftex.def)             Requested size: 150.32504pt x 150.32687pt.

<./figures/images/section10-transpose.png, id=1538, 513.92pt x 513.92pt>
File: ./figures/images/section10-transpose.png Graphic file (type png)

<use ./figures/images/section10-transpose.png>
Package pdftex.def Info: ./figures/images/section10-transpose.png used on input
 line 540.
(pdftex.def)             Requested size: 150.32504pt x 150.32687pt.

<./figures/images/section10-rotation.png, id=1539, 513.92pt x 513.92pt>
File: ./figures/images/section10-rotation.png Graphic file (type png)

<use ./figures/images/section10-rotation.png>
Package pdftex.def Info: ./figures/images/section10-rotation.png used on input 
line 540.
(pdftex.def)             Requested size: 150.32504pt x 150.32687pt.
 [30pdfTeX warning (ext4): destination with the same identifier (name{figure.2.
14}) has been already used, duplicate ignored

\AtBegShi@Output ...ipout \box \AtBeginShipoutBox 
                                                  \fi \fi 
l.561 \[c_{i,j} = (1-t) a_{i,j} + t b_{i,j} .\]
                                                <./figures/images/section4-cons
trast-1.png (PNG copy)> <./figures/images/section4-constrast-2.png (PNG copy)> 
<./figures/images/section4-constrast-3.png (PNG copy)> <./figures/images/sectio
n4-constrast-4.png (PNG copy)> <./figures/images/section4-constrast-5.png (PNG 
copy)> <./figures/images/section4-constrast-6.png (PNG copy)>]
<./figures/images/section11-interp-1.png, id=1548, 513.92pt x 513.92pt>
File: ./figures/images/section11-interp-1.png Graphic file (type png)

<use ./figures/images/section11-interp-1.png>
Package pdftex.def Info: ./figures/images/section11-interp-1.png used on input 
line 590.
(pdftex.def)             Requested size: 75.16252pt x 75.1556pt.

<./figures/images/section11-interp-2.png, id=1549, 513.92pt x 513.92pt>
File: ./figures/images/section11-interp-2.png Graphic file (type png)

<use ./figures/images/section11-interp-2.png>
Package pdftex.def Info: ./figures/images/section11-interp-2.png used on input 
line 590.
(pdftex.def)             Requested size: 75.16252pt x 75.1556pt.

<./figures/images/section11-interp-3.png, id=1550, 513.92pt x 513.92pt>
File: ./figures/images/section11-interp-3.png Graphic file (type png)

<use ./figures/images/section11-interp-3.png>
Package pdftex.def Info: ./figures/images/section11-interp-3.png used on input 
line 590.
(pdftex.def)             Requested size: 75.16252pt x 75.1556pt.

<./figures/images/section11-interp-4.png, id=1551, 513.92pt x 513.92pt>
File: ./figures/images/section11-interp-4.png Graphic file (type png)

<use ./figures/images/section11-interp-4.png>
Package pdftex.def Info: ./figures/images/section11-interp-4.png used on input 
line 590.
(pdftex.def)             Requested size: 75.16252pt x 75.1556pt.

<./figures/images/section11-interp-5.png, id=1552, 513.92pt x 513.92pt>
File: ./figures/images/section11-interp-5.png Graphic file (type png)

<use ./figures/images/section11-interp-5.png>
Package pdftex.def Info: ./figures/images/section11-interp-5.png used on input 
line 590.
(pdftex.def)             Requested size: 75.16252pt x 75.1556pt.

<./figures/images/section11-interp-6.png, id=1553, 513.92pt x 513.92pt>
File: ./figures/images/section11-interp-6.png Graphic file (type png)

<use ./figures/images/section11-interp-6.png>
Package pdftex.def Info: ./figures/images/section11-interp-6.png used on input 
line 590.
(pdftex.def)             Requested size: 75.16252pt x 75.1556pt.
 [31pdfTeX warning (ext4): destination with the same identifier (name{figure.2.
15}) has been already used, duplicate ignored

\AtBegShi@Output ...ipout \box \AtBeginShipoutBox 
                                                  \fi \fi 
l.612 \gloss{Bit}
                 : a basic unit for storing information in the form of 0 and...
pdfTeX warning (ext4): destination with the same identifier (name{figure.2.16})
 has been already used, duplicate ignored

\AtBegShi@Output ...ipout \box \AtBeginShipoutBox 
                                                  \fi \fi 
l.612 \gloss{Bit}
                 : a basic unit for storing information in the form of 0 and...
 <./figures/images/section10-original.png (PNG copy)> <./figures/images/section
10-transpose.png (PNG copy)> <./figures/images/section10-rotation.png (PNG copy
)> <./figures/images/section11-interp-1.png (PNG copy)> <./figures/images/secti
on11-interp-2.png (PNG copy)> <./figures/images/section11-interp-3.png (PNG cop
y)> <./figures/images/section11-interp-4.png (PNG copy)> <./figures/images/sect
ion11-interp-5.png (PNG copy)> <./figures/images/section11-interp-6.png (PNG co
py)>]) (./chap/sparsity.tex [32]
Chapter 3.
<./figures/sparsity/discrete/signal.pdf, id=1570, 492.84125pt x 372.39125pt>
File: ./figures/sparsity/discrete/signal.pdf Graphic file (type pdf)

<use ./figures/sparsity/discrete/signal.pdf>
Package pdftex.def Info: ./figures/sparsity/discrete/signal.pdf used on input l
ine 35.
(pdftex.def)             Requested size: 211.38832pt x 159.72736pt.

<./figures/sparsity/discrete/image.pdf, id=1571, 453.695pt x 351.3125pt>
File: ./figures/sparsity/discrete/image.pdf Graphic file (type pdf)

<use ./figures/sparsity/discrete/image.pdf>
Package pdftex.def Info: ./figures/sparsity/discrete/image.pdf used on input li
ne 36.
(pdftex.def)             Requested size: 211.38832pt x 163.68561pt.
 [33

] [34pdfTeX warning (ext4): destination with the same identifier (name{figure.3
.1}) has been already used, duplicate ignored

\AtBegShi@Output ...ipout \box \AtBeginShipoutBox 
                                                  \fi \fi 
l.83 }
       <./figures/sparsity/discrete/signal.pdf> <./figures/sparsity/discrete/im
age.pdf>]
<./figures/sparsity/approx/cameraman.png, id=1614, 235.88126pt x 235.88126pt>
File: ./figures/sparsity/approx/cameraman.png Graphic file (type png)

<use ./figures/sparsity/approx/cameraman.png>
Package pdftex.def Info: ./figures/sparsity/approx/cameraman.png used on input 
line 107.
(pdftex.def)             Requested size: 112.74377pt x 112.7447pt.

<./figures/sparsity/approx/cameraman-4.png, id=1616, 236.885pt x 236.885pt>
File: ./figures/sparsity/approx/cameraman-4.png Graphic file (type png)

<use ./figures/sparsity/approx/cameraman-4.png>
Package pdftex.def Info: ./figures/sparsity/approx/cameraman-4.png used on inpu
t line 108.
(pdftex.def)             Requested size: 112.74377pt x 112.74812pt.

<./figures/sparsity/approx/cameraman-8.png, id=1618, 235.88126pt x 235.88126pt>
File: ./figures/sparsity/approx/cameraman-8.png Graphic file (type png)
<use ./figures/sparsity/approx/cameraman-8.png>
Package pdftex.def Info: ./figures/sparsity/approx/cameraman-8.png used on inpu
t line 109.
(pdftex.def)             Requested size: 112.74377pt x 112.7447pt.

<./figures/sparsity/approx/cameraman-16.png, id=1620, 235.88126pt x 236.885pt>
File: ./figures/sparsity/approx/cameraman-16.png Graphic file (type png)

<use ./figures/sparsity/approx/cameraman-16.png>
Package pdftex.def Info: ./figures/sparsity/approx/cameraman-16.png used on inp
ut line 110.
(pdftex.def)             Requested size: 112.74377pt x 113.47208pt.
 [35pdfTeX warning (ext4): destination with the same identifier (name{figure.3.
2}) has been already used, duplicate ignored

\AtBegShi@Output ...ipout \box \AtBeginShipoutBox 
                                                  \fi \fi 
l.131 
       <./figures/sparsity/approx/cameraman.png> <./figures/sparsity/approx/cam
eraman-4.png> <./figures/sparsity/approx/cameraman-8.png> <./figures/sparsity/a
pprox/cameraman-16.png>]
<./figures/sparsity/operators/lena-original.png, id=1644, 118.4425pt x 119.4462
4pt>
File: ./figures/sparsity/operators/lena-original.png Graphic file (type png)
 <use ./figures/sparsity/operators/lena-original.png>
Package pdftex.def Info: ./figures/sparsity/operators/lena-original.png used on
 input line 150.
(pdftex.def)             Requested size: 117.43875pt x 118.43803pt.

<./figures/sparsity/operators/lena-blurring.png, id=1645, 119.44624pt x 119.446
24pt>
File: ./figures/sparsity/operators/lena-blurring.png Graphic file (type png)
 <use ./figures/sparsity/operators/lena-blurring.png>
Package pdftex.def Info: ./figures/sparsity/operators/lena-blurring.png used on
 input line 151.
(pdftex.def)             Requested size: 117.43875pt x 117.43925pt.

<./figures/sparsity/operators/lena-inpainting.png, id=1646, 123.46124pt x 123.4
6124pt>
File: ./figures/sparsity/operators/lena-inpainting.png Graphic file (type png)
 <use ./figures/sparsity/operators/lena-inpainting.png>
Package pdftex.def Info: ./figures/sparsity/operators/lena-inpainting.png used 
on input line 152.
(pdftex.def)             Requested size: 117.43875pt x 117.44574pt.
 [36pdfTeX warning (ext4): destination with the same identifier (name{figure.3.
3}) has been already used, duplicate ignored

\AtBegShi@Output ...ipout \box \AtBeginShipoutBox 
                                                  \fi \fi 
l.162 	 \item D
               econvolution: (see Figure~\eqref{fig-exemple-ip}, center) $\P...
 <./figures/sparsity/operators/lena-original.png> <./figures/sparsity/operators
/lena-blurring.png> <./figures/sparsity/operators/lena-inpainting.png>]

Package hyperref Warning: Token not allowed in a PDF string (PDFDocEncoding):
(hyperref)                removing `math shift' on input line 184.


Package hyperref Warning: Token not allowed in a PDF string (PDFDocEncoding):
(hyperref)                removing `\ell' on input line 184.


Package hyperref Warning: Token not allowed in a PDF string (PDFDocEncoding):
(hyperref)                removing `superscript' on input line 184.


Package hyperref Warning: Token not allowed in a PDF string (PDFDocEncoding):
(hyperref)                removing `math shift' on input line 184.

[37] <./figures/sparsity/balls/l0.pdf, id=1679, 188.705pt x 180.675pt>
File: ./figures/sparsity/balls/l0.pdf Graphic file (type pdf)

<use ./figures/sparsity/balls/l0.pdf>
Package pdftex.def Info: ./figures/sparsity/balls/l0.pdf used on input line 202
.
(pdftex.def)             Requested size: 89.2546pt x 85.45483pt.

<./figures/sparsity/balls/l12.pdf, id=1680, 189.70876pt x 183.68625pt>
File: ./figures/sparsity/balls/l12.pdf Graphic file (type pdf)

<use ./figures/sparsity/balls/l12.pdf>
Package pdftex.def Info: ./figures/sparsity/balls/l12.pdf used on input line 20
3.
(pdftex.def)             Requested size: 89.2546pt x 86.42223pt.

<./figures/sparsity/balls/l1.pdf, id=1681, 189.70876pt x 185.69376pt>
File: ./figures/sparsity/balls/l1.pdf Graphic file (type pdf)

<use ./figures/sparsity/balls/l1.pdf>
Package pdftex.def Info: ./figures/sparsity/balls/l1.pdf used on input line 204
.
(pdftex.def)             Requested size: 89.2546pt x 87.36674pt.

<./figures/sparsity/balls/l32.pdf, id=1682, 187.70125pt x 185.69376pt>
File: ./figures/sparsity/balls/l32.pdf Graphic file (type pdf)

<use ./figures/sparsity/balls/l32.pdf>
Package pdftex.def Info: ./figures/sparsity/balls/l32.pdf used on input line 20
5.
(pdftex.def)             Requested size: 89.2546pt x 88.30177pt.

<./figures/sparsity/balls/l2.pdf, id=1683, 186.6975pt x 185.69376pt>
File: ./figures/sparsity/balls/l2.pdf Graphic file (type pdf)

<use ./figures/sparsity/balls/l2.pdf>
Package pdftex.def Info: ./figures/sparsity/balls/l2.pdf used on input line 206
.
(pdftex.def)             Requested size: 89.2546pt x 88.77496pt.
 [38pdfTeX warning (ext4): destination with the same identifier (name{figure.3.
4}) has been already used, duplicate ignored

\AtBegShi@Output ...ipout \box \AtBeginShipoutBox 
                                                  \fi \fi 
l.229 
       <./figures/sparsity/balls/l0.pdf> <./figures/sparsity/balls/l12.pdf> <./
figures/sparsity/balls/l1.pdf> <./figures/sparsity/balls/l32.pdf> <./figures/sp
arsity/balls/l2.pdf>]
File: ./figures/sparsity/operators/lena-original.png Graphic file (type png)
 <use ./figures/sparsity/operators/lena-original.png>
Package pdftex.def Info: ./figures/sparsity/operators/lena-original.png used on
 input line 233.
(pdftex.def)             Requested size: 117.43875pt x 118.43803pt.
File: ./figures/sparsity/operators/lena-blurring.png Graphic file (type png)

<use ./figures/sparsity/operators/lena-blurring.png>
Package pdftex.def Info: ./figures/sparsity/operators/lena-blurring.png used on
 input line 234.
(pdftex.def)             Requested size: 117.43875pt x 117.43925pt.
File: ./figures/sparsity/operators/lena-inpainting.png Graphic file (type png)

<use ./figures/sparsity/operators/lena-inpainting.png>
Package pdftex.def Info: ./figures/sparsity/operators/lena-inpainting.png used 
on input line 235.
(pdftex.def)             Requested size: 117.43875pt x 117.44574pt.

<./figures/sparsity/l1-vs-l2/l1.pdf, id=1757, 299.1175pt x 237.88875pt>
File: ./figures/sparsity/l1-vs-l2/l1.pdf Graphic file (type pdf)

<use ./figures/sparsity/l1-vs-l2/l1.pdf>
Package pdftex.def Info: ./figures/sparsity/l1-vs-l2/l1.pdf used on input line 
261.
(pdftex.def)             Requested size: 164.41711pt x 130.76297pt.

<./figures/sparsity/l1-vs-l2/l2.pdf, id=1758, 284.06125pt x 237.88875pt>
File: ./figures/sparsity/l1-vs-l2/l2.pdf Graphic file (type pdf)

<use ./figures/sparsity/l1-vs-l2/l2.pdf>
Package pdftex.def Info: ./figures/sparsity/l1-vs-l2/l2.pdf used on input line 
262.
(pdftex.def)             Requested size: 164.41711pt x 137.69606pt.
 [39pdfTeX warning (ext4): destination with the same identifier (name{figure.3.
5}) has been already used, duplicate ignored

\AtBegShi@Output ...ipout \box \AtBeginShipoutBox 
                                                  \fi \fi 
l.278 
      ] [40pdfTeX warning (ext4): destination with the same identifier (name{fi
gure.3.6}) has been already used, duplicate ignored

\AtBegShi@Output ...ipout \box \AtBeginShipoutBox 
                                                  \fi \fi 
l.299 }
        <./figures/sparsity/l1-vs-l2/l1.pdf> <./figures/sparsity/l1-vs-l2/l2.pd
f>]
<./figures/sparsity/single-pixel/single-pixel-schema.png, id=1811, 475.7775pt x
 283.0575pt>
File: ./figures/sparsity/single-pixel/single-pixel-schema.png Graphic file (typ
e png)
 <use ./figures/sparsity/single-pixel/single-pixel-schema.png>
Package pdftex.def Info: ./figures/sparsity/single-pixel/single-pixel-schema.pn
g used on input line 308.
(pdftex.def)             Requested size: 211.38832pt x 125.76366pt.

<./figures/sparsity/single-pixel/reconstruction-1.png, id=1812, 236.885pt x 247
.92625pt>
File: ./figures/sparsity/single-pixel/reconstruction-1.png Graphic file (type p
ng)
 <use ./figures/sparsity/single-pixel/reconstruction-1.png>
Package pdftex.def Info: ./figures/sparsity/single-pixel/reconstruction-1.png u
sed on input line 309.
(pdftex.def)             Requested size: 117.43875pt x 122.91113pt.

<./figures/sparsity/single-pixel/reconstruction-6.png, id=1813, 234.8775pt x 24
8.93pt>
File: ./figures/sparsity/single-pixel/reconstruction-6.png Graphic file (type p
ng)
 <use ./figures/sparsity/single-pixel/reconstruction-6.png>
Package pdftex.def Info: ./figures/sparsity/single-pixel/reconstruction-6.png u
sed on input line 310.
(pdftex.def)             Requested size: 117.43875pt x 124.46469pt.
 [41pdfTeX warning (ext4): destination with the same identifier (name{figure.3.
7}) has been already used, duplicate ignored

\AtBegShi@Output ...ipout \box \AtBeginShipoutBox 
                                                  \fi \fi 
l.336 }
        <./figures/sparsity/single-pixel/single-pixel-schema.png> <./figures/sp
arsity/single-pixel/reconstruction-1.png> <./figures/sparsity/single-pixel/reco
nstruction-6.png>] [42]) (./IntroImaging.bbl [43] [44

] [45])
Package atveryend Info: Empty hook `BeforeClearDocument' on input line 60.
 [46]
Package atveryend Info: Empty hook `AfterLastShipout' on input line 60.

(./IntroImaging.aux)
Package atveryend Info: Executing hook `AtVeryEndDocument' on input line 60.
Package atveryend Info: Executing hook `AtEndAfterFileList' on input line 60.


Package rerunfilecheck Warning: File `IntroImaging.out' has changed.
(rerunfilecheck)                Rerun to get outlines right
(rerunfilecheck)                or use package `bookmark'.

Package rerunfilecheck Info: Checksums for `IntroImaging.out':
(rerunfilecheck)             Before: 5E67595A12C42115B4A7874018676150;3658
(rerunfilecheck)             After:  5D9CC16C1405A1784DF21C64023F8606;3628.

LaTeX Warning: Label(s) may have changed. Rerun to get cross-references right.

Package atveryend Info: Empty hook `AtVeryVeryEnd' on input line 60.
 ) 
Here is how much of TeX's memory you used:
 8587 strings out of 493014
 127375 string characters out of 6133351
 205141 words of memory out of 5000000
 11618 multiletter control sequences out of 15000+600000
 26205 words of font info for 72 fonts, out of 8000000 for 9000
 1141 hyphenation exceptions out of 8191
 34i,14n,37p,1127b,474s stack positions out of 5000i,500n,10000p,200000b,80000s
{/usr/local/texlive/2016/texmf-dist/fonts/enc/dvips/cm-super/cm-super-t1.enc}
</usr/local/texlive/2016/texmf-dist/fonts/type1/public/amsfonts/cm/cmex10.pfb><
/usr/local/texlive/2016/texmf-dist/fonts/type1/public/amsfonts/cm/cmmi10.pfb></
usr/local/texlive/2016/texmf-dist/fonts/type1/public/amsfonts/cm/cmmi12.pfb></u
sr/local/texlive/2016/texmf-dist/fonts/type1/public/amsfonts/cm/cmmi6.pfb></usr
/local/texlive/2016/texmf-dist/fonts/type1/public/amsfonts/cm/cmmi7.pfb></usr/l
ocal/texlive/2016/texmf-dist/fonts/type1/public/amsfonts/cm/cmmi8.pfb></usr/loc
al/texlive/2016/texmf-dist/fonts/type1/public/amsfonts/cm/cmr10.pfb></usr/local
/texlive/2016/texmf-dist/fonts/type1/public/amsfonts/cm/cmr6.pfb></usr/local/te
xlive/2016/texmf-dist/fonts/type1/public/amsfonts/cm/cmr7.pfb></usr/local/texli
ve/2016/texmf-dist/fonts/type1/public/amsfonts/cm/cmr8.pfb></usr/local/texlive/
2016/texmf-dist/fonts/type1/public/amsfonts/cm/cmsy10.pfb></usr/local/texlive/2
016/texmf-dist/fonts/type1/public/amsfonts/cm/cmsy6.pfb></usr/local/texlive/201
6/texmf-dist/fonts/type1/public/amsfonts/cm/cmsy7.pfb></usr/local/texlive/2016/
texmf-dist/fonts/type1/public/amsfonts/cm/cmsy8.pfb></usr/local/texlive/2016/te
xmf-dist/fonts/type1/public/amsfonts/symbols/msam10.pfb></usr/local/texlive/201
6/texmf-dist/fonts/type1/public/amsfonts/symbols/msbm10.pfb></usr/local/texlive
/2016/texmf-dist/fonts/type1/public/cm-super/sfbx1095.pfb></usr/local/texlive/2
016/texmf-dist/fonts/type1/public/cm-super/sfbx1200.pfb></usr/local/texlive/201
6/texmf-dist/fonts/type1/public/cm-super/sfbx1440.pfb></usr/local/texlive/2016/
texmf-dist/fonts/type1/public/cm-super/sfbx2074.pfb></usr/local/texlive/2016/te
xmf-dist/fonts/type1/public/cm-super/sfbx2488.pfb></usr/local/texlive/2016/texm
f-dist/fonts/type1/public/cm-super/sfrm0600.pfb></usr/local/texlive/2016/texmf-
dist/fonts/type1/public/cm-super/sfrm0800.pfb></usr/local/texlive/2016/texmf-di
st/fonts/type1/public/cm-super/sfrm1095.pfb></usr/local/texlive/2016/texmf-dist
/fonts/type1/public/cm-super/sfrm1200.pfb></usr/local/texlive/2016/texmf-dist/f
onts/type1/public/cm-super/sfss2488.pfb></usr/local/texlive/2016/texmf-dist/fon
ts/type1/public/cm-super/sfti1095.pfb></usr/local/texlive/2016/texmf-dist/fonts
/type1/public/cm-super/sftt0900.pfb></usr/local/texlive/2016/texmf-dist/fonts/t
ype1/public/cm-super/sftt1095.pfb></usr/local/texlive/2016/texmf-dist/fonts/typ
e1/public/cm-super/sftt1200.pfb>
Output written on IntroImaging.pdf (46 pages, 7495807 bytes).
PDF statistics:
 1996 PDF objects out of 2073 (max. 8388607)
 1663 compressed objects within 17 object streams
 179 named destinations out of 1000 (max. 500000)
 795 words of extra memory for PDF output out of 10000 (max. 10000000)

