This is pdfTeX, Version 3.14159265-2.6-1.40.18 (TeX Live 2017) (preloaded format=pdflatex 2018.2.14)  28 OCT 2018 19:34
entering extended mode
 restricted \write18 enabled.
 file:line:error style messages enabled.
 %&-line parsing enabled.
**IntroImaging-FR.tex
(./IntroImaging-FR.tex
LaTeX2e <2017-04-15>
Babel <3.17> and hyphenation patterns for 84 language(s) loaded.
(/usr/local/texlive/2016/texmf-dist/tex/latex/base/book.cls
Document Class: book 2014/09/29 v1.4h Standard LaTeX document class
(/usr/local/texlive/2016/texmf-dist/tex/latex/base/bk11.clo
File: bk11.clo 2014/09/29 v1.4h Standard LaTeX file (size option)
)
\c@part=\count79
\c@chapter=\count80
\c@section=\count81
\c@subsection=\count82
\c@subsubsection=\count83
\c@paragraph=\count84
\c@subparagraph=\count85
\c@figure=\count86
\c@table=\count87
\abovecaptionskip=\skip41
\belowcaptionskip=\skip42
\bibindent=\dimen102
)
(/usr/local/texlive/2016/texmf-dist/tex/latex/hyperref/hyperref.sty
Package: hyperref 2018/02/06 v6.86b Hypertext links for LaTeX

(/usr/local/texlive/2016/texmf-dist/tex/generic/oberdiek/hobsub-hyperref.sty
Package: hobsub-hyperref 2016/05/16 v1.14 Bundle oberdiek, subset hyperref (HO)


(/usr/local/texlive/2016/texmf-dist/tex/generic/oberdiek/hobsub-generic.sty
Package: hobsub-generic 2016/05/16 v1.14 Bundle oberdiek, subset generic (HO)
Package: hobsub 2016/05/16 v1.14 Construct package bundles (HO)
Package: infwarerr 2016/05/16 v1.4 Providing info/warning/error messages (HO)
Package: ltxcmds 2016/05/16 v1.23 LaTeX kernel commands for general use (HO)
Package: ifluatex 2016/05/16 v1.4 Provides the ifluatex switch (HO)
Package ifluatex Info: LuaTeX not detected.
Package: ifvtex 2016/05/16 v1.6 Detect VTeX and its facilities (HO)
Package ifvtex Info: VTeX not detected.
Package: intcalc 2016/05/16 v1.2 Expandable calculations with integers (HO)
Package: ifpdf 2017/03/15 v3.2 Provides the ifpdf switch
Package: etexcmds 2016/05/16 v1.6 Avoid name clashes with e-TeX commands (HO)
Package etexcmds Info: Could not find \expanded.
(etexcmds)             That can mean that you are not using pdfTeX 1.50 or
(etexcmds)             that some package has redefined \expanded.
(etexcmds)             In the latter case, load this package earlier.
Package: kvsetkeys 2016/05/16 v1.17 Key value parser (HO)
Package: kvdefinekeys 2016/05/16 v1.4 Define keys (HO)
Package: pdftexcmds 2018/01/21 v0.26 Utility functions of pdfTeX for LuaTeX (HO
)
Package pdftexcmds Info: LuaTeX not detected.
Package pdftexcmds Info: \pdf@primitive is available.
Package pdftexcmds Info: \pdf@ifprimitive is available.
Package pdftexcmds Info: \pdfdraftmode found.
Package: pdfescape 2016/05/16 v1.14 Implements pdfTeX's escape features (HO)
Package: bigintcalc 2016/05/16 v1.4 Expandable calculations on big integers (HO
)
Package: bitset 2016/05/16 v1.2 Handle bit-vector datatype (HO)
Package: uniquecounter 2016/05/16 v1.3 Provide unlimited unique counter (HO)
)
Package hobsub Info: Skipping package `hobsub' (already loaded).
Package: letltxmacro 2016/05/16 v1.5 Let assignment for LaTeX macros (HO)
Package: hopatch 2016/05/16 v1.3 Wrapper for package hooks (HO)
Package: xcolor-patch 2016/05/16 xcolor patch
Package: atveryend 2016/05/16 v1.9 Hooks at the very end of document (HO)
Package atveryend Info: \enddocument detected (standard20110627).
Package: atbegshi 2016/06/09 v1.18 At begin shipout hook (HO)
Package: refcount 2016/05/16 v3.5 Data extraction from label references (HO)
Package: hycolor 2016/05/16 v1.8 Color options for hyperref/bookmark (HO)
)
(/usr/local/texlive/2016/texmf-dist/tex/latex/graphics/keyval.sty
Package: keyval 2014/10/28 v1.15 key=value parser (DPC)
\KV@toks@=\toks14
)
(/usr/local/texlive/2016/texmf-dist/tex/generic/ifxetex/ifxetex.sty
Package: ifxetex 2010/09/12 v0.6 Provides ifxetex conditional
)
(/usr/local/texlive/2016/texmf-dist/tex/latex/oberdiek/auxhook.sty
Package: auxhook 2016/05/16 v1.4 Hooks for auxiliary files (HO)
)
(/usr/local/texlive/2016/texmf-dist/tex/latex/oberdiek/kvoptions.sty
Package: kvoptions 2016/05/16 v3.12 Key value format for package options (HO)
)
\@linkdim=\dimen103
\Hy@linkcounter=\count88
\Hy@pagecounter=\count89

(/usr/local/texlive/2016/texmf-dist/tex/latex/hyperref/pd1enc.def
File: pd1enc.def 2018/02/06 v6.86b Hyperref: PDFDocEncoding definition (HO)
)
\Hy@SavedSpaceFactor=\count90

(/usr/local/texlive/2016/texmf-dist/tex/latex/latexconfig/hyperref.cfg
File: hyperref.cfg 2002/06/06 v1.2 hyperref configuration of TeXLive
)
Package hyperref Info: Option `bookmarks' set `true' on input line 4383.
Package hyperref Info: Option `colorlinks' set `true' on input line 4383.
Package hyperref Info: Hyper figures OFF on input line 4509.
Package hyperref Info: Link nesting OFF on input line 4514.
Package hyperref Info: Hyper index ON on input line 4517.
Package hyperref Info: Plain pages OFF on input line 4524.
Package hyperref Info: Backreferencing OFF on input line 4529.
Package hyperref Info: Implicit mode ON; LaTeX internals redefined.
Package hyperref Info: Bookmarks ON on input line 4762.
\c@Hy@tempcnt=\count91

(/usr/local/texlive/2016/texmf-dist/tex/latex/url/url.sty
\Urlmuskip=\muskip10
Package: url 2013/09/16  ver 3.4  Verb mode for urls, etc.
)
LaTeX Info: Redefining \url on input line 5115.
\XeTeXLinkMargin=\dimen104
\Fld@menulength=\count92
\Field@Width=\dimen105
\Fld@charsize=\dimen106
Package hyperref Info: Hyper figures OFF on input line 6369.
Package hyperref Info: Link nesting OFF on input line 6374.
Package hyperref Info: Hyper index ON on input line 6377.
Package hyperref Info: backreferencing OFF on input line 6384.
Package hyperref Info: Link coloring ON on input line 6387.
Package hyperref Info: Link coloring with OCG OFF on input line 6394.
Package hyperref Info: PDF/A mode OFF on input line 6399.
LaTeX Info: Redefining \ref on input line 6439.
LaTeX Info: Redefining \pageref on input line 6443.
\Hy@abspage=\count93
\c@Item=\count94
\c@Hfootnote=\count95
)
Package hyperref Info: Driver (autodetected): hpdftex.

(/usr/local/texlive/2016/texmf-dist/tex/latex/hyperref/hpdftex.def
File: hpdftex.def 2018/02/06 v6.86b Hyperref driver for pdfTeX
\Fld@listcount=\count96
\c@bookmark@seq@number=\count97

(/usr/local/texlive/2016/texmf-dist/tex/latex/oberdiek/rerunfilecheck.sty
Package: rerunfilecheck 2016/05/16 v1.8 Rerun checks for auxiliary files (HO)
Package uniquecounter Info: New unique counter `rerunfilecheck' on input line 2
82.
)
\Hy@SectionHShift=\skip43
)
(/usr/local/texlive/2016/texmf-dist/tex/latex/preprint/fullpage.sty
Package: fullpage 1999/02/23 1.1 (PWD)
\FP@margin=\skip44
)
(/usr/local/texlive/2016/texmf-dist/tex/latex/base/inputenc.sty
Package: inputenc 2015/03/17 v1.2c Input encoding file
\inpenc@prehook=\toks15
\inpenc@posthook=\toks16

(/usr/local/texlive/2016/texmf-dist/tex/latex/base/latin1.def
File: latin1.def 2015/03/17 v1.2c Input encoding file
)) (./mystyle.sty
(/usr/local/texlive/2016/texmf-dist/tex/latex/amsmath/amsmath.sty
Package: amsmath 2017/09/02 v2.17a AMS math features
\@mathmargin=\skip45

For additional information on amsmath, use the `?' option.
(/usr/local/texlive/2016/texmf-dist/tex/latex/amsmath/amstext.sty
Package: amstext 2000/06/29 v2.01 AMS text

(/usr/local/texlive/2016/texmf-dist/tex/latex/amsmath/amsgen.sty
File: amsgen.sty 1999/11/30 v2.0 generic functions
\@emptytoks=\toks17
\ex@=\dimen107
))
(/usr/local/texlive/2016/texmf-dist/tex/latex/amsmath/amsbsy.sty
Package: amsbsy 1999/11/29 v1.2d Bold Symbols
\pmbraise@=\dimen108
)
(/usr/local/texlive/2016/texmf-dist/tex/latex/amsmath/amsopn.sty
Package: amsopn 2016/03/08 v2.02 operator names
)
\inf@bad=\count98
LaTeX Info: Redefining \frac on input line 213.
\uproot@=\count99
\leftroot@=\count100
LaTeX Info: Redefining \overline on input line 375.
\classnum@=\count101
\DOTSCASE@=\count102
LaTeX Info: Redefining \ldots on input line 472.
LaTeX Info: Redefining \dots on input line 475.
LaTeX Info: Redefining \cdots on input line 596.
\Mathstrutbox@=\box26
\strutbox@=\box27
\big@size=\dimen109
LaTeX Font Info:    Redeclaring font encoding OML on input line 712.
LaTeX Font Info:    Redeclaring font encoding OMS on input line 713.
\macc@depth=\count103
\c@MaxMatrixCols=\count104
\dotsspace@=\muskip11
\c@parentequation=\count105
\dspbrk@lvl=\count106
\tag@help=\toks18
\row@=\count107
\column@=\count108
\maxfields@=\count109
\andhelp@=\toks19
\eqnshift@=\dimen110
\alignsep@=\dimen111
\tagshift@=\dimen112
\tagwidth@=\dimen113
\totwidth@=\dimen114
\lineht@=\dimen115
\@envbody=\toks20
\multlinegap=\skip46
\multlinetaggap=\skip47
\mathdisplay@stack=\toks21
LaTeX Info: Redefining \[ on input line 2817.
LaTeX Info: Redefining \] on input line 2818.
)
(/usr/local/texlive/2016/texmf-dist/tex/latex/amsfonts/amsfonts.sty
Package: amsfonts 2013/01/14 v3.01 Basic AMSFonts support
\symAMSa=\mathgroup4
\symAMSb=\mathgroup5
LaTeX Font Info:    Overwriting math alphabet `\mathfrak' in version `bold'
(Font)                  U/euf/m/n --> U/euf/b/n on input line 106.
)
(/usr/local/texlive/2016/texmf-dist/tex/latex/amsfonts/amssymb.sty
Package: amssymb 2013/01/14 v3.01 AMS font symbols
)
(/usr/local/texlive/2016/texmf-dist/tex/latex/amscls/amsthm.sty
Package: amsthm 2017/10/31 v2.20.4
\thm@style=\toks22
\thm@bodyfont=\toks23
\thm@headfont=\toks24
\thm@notefont=\toks25
\thm@headpunct=\toks26
\thm@preskip=\skip48
\thm@postskip=\skip49
\thm@headsep=\skip50
\dth@everypar=\toks27
)
(/usr/local/texlive/2016/texmf-dist/tex/latex/jknapltx/mathrsfs.sty
Package: mathrsfs 1996/01/01 Math RSFS package v1.0 (jk)
\symrsfs=\mathgroup6
)
(/usr/local/texlive/2016/texmf-dist/tex/latex/doublestroke/dsfont.sty
Package: dsfont 1995/08/01 v0.1 Double stroke roman fonts
)
(/usr/local/texlive/2016/texmf-dist/tex/latex/graphics/graphicx.sty
Package: graphicx 2017/06/01 v1.1a Enhanced LaTeX Graphics (DPC,SPQR)

(/usr/local/texlive/2016/texmf-dist/tex/latex/graphics/graphics.sty
Package: graphics 2017/06/25 v1.2c Standard LaTeX Graphics (DPC,SPQR)

(/usr/local/texlive/2016/texmf-dist/tex/latex/graphics/trig.sty
Package: trig 2016/01/03 v1.10 sin cos tan (DPC)
)
(/usr/local/texlive/2016/texmf-dist/tex/latex/graphics-cfg/graphics.cfg
File: graphics.cfg 2016/06/04 v1.11 sample graphics configuration
)
Package graphics Info: Driver file: pdftex.def on input line 99.

(/usr/local/texlive/2016/texmf-dist/tex/latex/graphics-def/pdftex.def
File: pdftex.def 2018/01/08 v1.0l Graphics/color driver for pdftex
))
\Gin@req@height=\dimen116
\Gin@req@width=\dimen117
)
(/usr/local/texlive/2016/texmf-dist/tex/latex/tools/array.sty
Package: array 2016/10/06 v2.4d Tabular extension package (FMi)
\col@sep=\dimen118
\extrarowheight=\dimen119
\NC@list=\toks28
\extratabsurround=\skip51
\backup@length=\skip52
)
(/usr/local/texlive/2016/texmf-dist/tex/latex/tools/tabularx.sty
Package: tabularx 2016/02/03 v2.11 `tabularx' package (DPC)
\TX@col@width=\dimen120
\TX@old@table=\dimen121
\TX@old@col=\dimen122
\TX@target=\dimen123
\TX@delta=\dimen124
\TX@cols=\count110
\TX@ftn=\toks29
)
(/usr/local/texlive/2016/texmf-dist/tex/latex/tools/indentfirst.sty
Package: indentfirst 1995/11/23 v1.03 Indent first paragraph (DPC)
)
(/usr/local/texlive/2016/texmf-dist/tex/latex/tools/xspace.sty
Package: xspace 2014/10/28 v1.13 Space after command names (DPC,MH)
)
(/usr/local/texlive/2016/texmf-dist/tex/latex/xcolor/xcolor.sty
Package: xcolor 2016/05/11 v2.12 LaTeX color extensions (UK)

(/usr/local/texlive/2016/texmf-dist/tex/latex/graphics-cfg/color.cfg
File: color.cfg 2016/01/02 v1.6 sample color configuration
)
Package xcolor Info: Driver file: pdftex.def on input line 225.
Package xcolor Info: Model `cmy' substituted by `cmy0' on input line 1348.
Package xcolor Info: Model `hsb' substituted by `rgb' on input line 1352.
Package xcolor Info: Model `RGB' extended on input line 1364.
Package xcolor Info: Model `HTML' substituted by `rgb' on input line 1366.
Package xcolor Info: Model `Hsb' substituted by `hsb' on input line 1367.
Package xcolor Info: Model `tHsb' substituted by `hsb' on input line 1368.
Package xcolor Info: Model `HSB' substituted by `hsb' on input line 1369.
Package xcolor Info: Model `Gray' substituted by `gray' on input line 1370.
Package xcolor Info: Model `wave' substituted by `hsb' on input line 1371.
)
\c@thm=\count111
\c@prop=\count112
\c@defn=\count113
\c@cor=\count114
\c@lem=\count115
\c@rem=\count116
\c@exmp=\count117

(/usr/local/texlive/2016/texmf-dist/tex/latex/float/float.sty
Package: float 2001/11/08 v1.3d Float enhancements (AL)
\c@float@type=\count118
\float@exts=\toks30
\float@box=\box28
\@float@everytoks=\toks31
\@floatcapt=\box29
)
\@float@every@listing=\toks32
\c@listing=\count119

(/usr/local/texlive/2016/texmf-dist/tex/latex/natbib/natbib.sty
Package: natbib 2010/09/13 8.31b (PWD, AO)
\bibhang=\skip53
\bibsep=\skip54
LaTeX Info: Redefining \cite on input line 694.
\c@NAT@ctr=\count120
)
(/usr/local/texlive/2016/texmf-dist/tex/latex/multirow/multirow.sty
Package: multirow 2016/11/25 v2.2 Span multiple rows of a table
\multirow@colwidth=\skip55
\multirow@cntb=\count121
\multirow@dima=\skip56
\bigstrutjot=\dimen125
))
(/usr/local/texlive/2016/texmf-dist/tex/latex/base/fontenc.sty
Package: fontenc 2017/04/05 v2.0i Standard LaTeX package

(/usr/local/texlive/2016/texmf-dist/tex/latex/base/t1enc.def
File: t1enc.def 2017/04/05 v2.0i Standard LaTeX file
LaTeX Font Info:    Redeclaring font encoding T1 on input line 48.
))
(./IntroImaging-FR.aux)
\openout1 = `IntroImaging-FR.aux'.

LaTeX Font Info:    Checking defaults for OML/cmm/m/it on input line 46.
LaTeX Font Info:    ... okay on input line 46.
LaTeX Font Info:    Checking defaults for T1/cmr/m/n on input line 46.
LaTeX Font Info:    ... okay on input line 46.
LaTeX Font Info:    Checking defaults for OT1/cmr/m/n on input line 46.
LaTeX Font Info:    ... okay on input line 46.
LaTeX Font Info:    Checking defaults for OMS/cmsy/m/n on input line 46.
LaTeX Font Info:    ... okay on input line 46.
LaTeX Font Info:    Checking defaults for OMX/cmex/m/n on input line 46.
LaTeX Font Info:    ... okay on input line 46.
LaTeX Font Info:    Checking defaults for U/cmr/m/n on input line 46.
LaTeX Font Info:    ... okay on input line 46.
LaTeX Font Info:    Checking defaults for PD1/pdf/m/n on input line 46.
LaTeX Font Info:    ... okay on input line 46.
\AtBeginShipoutBox=\box30
Package hyperref Info: Link coloring ON on input line 46.

(/usr/local/texlive/2016/texmf-dist/tex/latex/hyperref/nameref.sty
Package: nameref 2016/05/21 v2.44 Cross-referencing by name of section

(/usr/local/texlive/2016/texmf-dist/tex/generic/oberdiek/gettitlestring.sty
Package: gettitlestring 2016/05/16 v1.5 Cleanup title references (HO)
)
\c@section@level=\count122
)
LaTeX Info: Redefining \ref on input line 46.
LaTeX Info: Redefining \pageref on input line 46.
LaTeX Info: Redefining \nameref on input line 46.

(./IntroImaging-FR.out) (./IntroImaging-FR.out)
\@outlinefile=\write3
\openout3 = `IntroImaging-FR.out'.


(/usr/local/texlive/2016/texmf-dist/tex/context/base/mkii/supp-pdf.mkii
[Loading MPS to PDF converter (version 2006.09.02).]
\scratchcounter=\count123
\scratchdimen=\dimen126
\scratchbox=\box31
\nofMPsegments=\count124
\nofMParguments=\count125
\everyMPshowfont=\toks33
\MPscratchCnt=\count126
\MPscratchDim=\dimen127
\MPnumerator=\count127
\makeMPintoPDFobject=\count128
\everyMPtoPDFconversion=\toks34
) (/usr/local/texlive/2016/texmf-dist/tex/latex/oberdiek/epstopdf-base.sty
Package: epstopdf-base 2016/05/15 v2.6 Base part for package epstopdf

(/usr/local/texlive/2016/texmf-dist/tex/latex/oberdiek/grfext.sty
Package: grfext 2016/05/16 v1.2 Manage graphics extensions (HO)
)
Package epstopdf-base Info: Redefining graphics rule for `.eps' on input line 4
38.
Package grfext Info: Graphics extension search list:
(grfext)             [.pdf,.png,.jpg,.mps,.jpeg,.jbig2,.jb2,.PDF,.PNG,.JPG,.JPE
G,.JBIG2,.JB2,.eps]
(grfext)             \AppendGraphicsExtensions on input line 456.

(/usr/local/texlive/2016/texmf-dist/tex/latex/latexconfig/epstopdf-sys.cfg
File: epstopdf-sys.cfg 2010/07/13 v1.3 Configuration of (r)epstopdf for TeX Liv
e
))
LaTeX Font Info:    Try loading font information for T1+cmss on input line 49.

(/usr/local/texlive/2016/texmf-dist/tex/latex/base/t1cmss.fd
File: t1cmss.fd 2014/09/29 v2.5h Standard LaTeX font definitions
)
<./figures/wave-simple.jpg, id=176, 1003.75pt x 259.97125pt>
File: ./figures/wave-simple.jpg Graphic file (type jpg)
<use ./figures/wave-simple.jpg>
Package pdftex.def Info: ./figures/wave-simple.jpg  used on input line 49.
(pdftex.def)             Requested size: 422.77664pt x 109.50055pt.
LaTeX Font Info:    Try loading font information for U+msa on input line 49.

(/usr/local/texlive/2016/texmf-dist/tex/latex/amsfonts/umsa.fd
File: umsa.fd 2013/01/14 v3.01 AMS symbols A
)
LaTeX Font Info:    Try loading font information for U+msb on input line 49.

(/usr/local/texlive/2016/texmf-dist/tex/latex/amsfonts/umsb.fd
File: umsb.fd 2013/01/14 v3.01 AMS symbols B
)
LaTeX Font Info:    Try loading font information for U+rsfs on input line 49.

(/usr/local/texlive/2016/texmf-dist/tex/latex/jknapltx/ursfs.fd
File: ursfs.fd 1998/03/24 rsfs font definition file (jk)
)
LaTeX Font Info:    Try loading font information for T1+cmtt on input line 49.

(/usr/local/texlive/2016/texmf-dist/tex/latex/base/t1cmtt.fd
File: t1cmtt.fd 2014/09/29 v2.5h Standard LaTeX font definitions
) [1


{/usr/local/texlive/2016/texmf-var/fonts/map/pdftex/updmap/pdftex.map} <./figur
es/wave-simple.jpg>] (./chap-fr/abstract.tex [2

]
LaTeX Font Info:    Try loading font information for OMS+cmr on input line 7.

(/usr/local/texlive/2016/texmf-dist/tex/latex/base/omscmr.fd
File: omscmr.fd 2014/09/29 v2.5h Standard LaTeX font definitions
)
LaTeX Font Info:    Font shape `OMS/cmr/m/n' in size <10.95> not available
(Font)              Font shape `OMS/cmsy/m/n' tried instead on input line 7.
 [3] [4

]
(./IntroImaging-FR.toc [5])
\tf@toc=\write4
\openout4 = `IntroImaging-FR.toc'.

) (./chap-fr/shannon.tex [6]
Chapter 1.
[7

]
<./figures/shannon/codage/codage-pxl.png, id=286, 254.75175pt x 128.6406pt>
File: ./figures/shannon/codage/codage-pxl.png Graphic file (type png)
<use ./figures/shannon/codage/codage-pxl.png>
Package pdftex.def Info: ./figures/shannon/codage/codage-pxl.png  used on input
 line 105.
(pdftex.def)             Requested size: 281.85587pt x 142.32753pt.


LaTeX Warning: `!h' float specifier changed to `!ht'.

[8] [9pdfTeX warning (ext4): destination with the same identifier (name{figure.
1.1}) has been already used, duplicate ignored

\AtBegShi@Output ...ipout \box \AtBeginShipoutBox 
                                                  \fi \fi 
l.164 $$
         <./figures/shannon/codage/codage-pxl.png>] [10]
<./figures/shannon/arbres/codage-prefixe.pdf, id=322, 313.44254pt x 171.80818pt
>
File: ./figures/shannon/arbres/codage-prefixe.pdf Graphic file (type pdf)
<use ./figures/shannon/arbres/codage-prefixe.pdf>
Package pdftex.def Info: ./figures/shannon/arbres/codage-prefixe.pdf  used on i
nput line 295.
(pdftex.def)             Requested size: 211.38832pt x 115.8685pt.
<./figures/shannon/arbres/arbre-exemple.pdf, id=323, 406.39279pt x 225.34308pt>

File: ./figures/shannon/arbres/arbre-exemple.pdf Graphic file (type pdf)
<use ./figures/shannon/arbres/arbre-exemple.pdf>
Package pdftex.def Info: ./figures/shannon/arbres/arbre-exemple.pdf  used on in
put line 295.
(pdftex.def)             Requested size: 211.38832pt x 117.21344pt.


LaTeX Warning: `!h' float specifier changed to `!ht'.

[11] [12pdfTeX warning (ext4): destination with the same identifier (name{figur
e.1.2}) has been already used, duplicate ignored

\AtBegShi@Output ...ipout \box \AtBeginShipoutBox 
                                                  \fi \fi 
l.334 $$
         <./figures/shannon/arbres/codage-prefixe.pdf> <./figures/shannon/arbre
s/arbre-exemple.pdf>]
<./figures/shannon/entropie/histo-1.pdf, id=515, 176.23503pt x 99.8943pt>
File: ./figures/shannon/entropie/histo-1.pdf Graphic file (type pdf)
<use ./figures/shannon/entropie/histo-1.pdf>
Package pdftex.def Info: ./figures/shannon/entropie/histo-1.pdf  used on input 
line 389.
(pdftex.def)             Requested size: 140.92793pt x 79.88048pt.
<./figures/shannon/entropie/histo-3.pdf, id=516, 176.23502pt x 99.8943pt>
File: ./figures/shannon/entropie/histo-3.pdf Graphic file (type pdf)
<use ./figures/shannon/entropie/histo-3.pdf>
Package pdftex.def Info: ./figures/shannon/entropie/histo-3.pdf  used on input 
line 389.
(pdftex.def)             Requested size: 140.92793pt x 79.88048pt.
<./figures/shannon/entropie/histo-sub.pdf, id=517, 229.18423pt x 130.6772pt>
File: ./figures/shannon/entropie/histo-sub.pdf Graphic file (type pdf)
<use ./figures/shannon/entropie/histo-sub.pdf>
Package pdftex.def Info: ./figures/shannon/entropie/histo-sub.pdf  used on inpu
t line 389.
(pdftex.def)             Requested size: 140.92793pt x 80.35703pt.


LaTeX Warning: `!h' float specifier changed to `!ht'.

[13] [14pdfTeX warning (ext4): destination with the same identifier (name{figur
e.1.3}) has been already used, duplicate ignored

\AtBegShi@Output ...ipout \box \AtBeginShipoutBox 
                                                  \fi \fi 
l.467 $$
         <./figures/shannon/entropie/histo-1.pdf> <./figures/shannon/entropie/h
isto-3.pdf> <./figures/shannon/entropie/histo-sub.pdf>] [15] [16]
<./figures/shannon/differences/differences.pdf, id=828, 768.83604pt x 192.05472
pt>
File: ./figures/shannon/differences/differences.pdf Graphic file (type pdf)
<use ./figures/shannon/differences/differences.pdf>
Package pdftex.def Info: ./figures/shannon/differences/differences.pdf  used on
 input line 565.
(pdftex.def)             Requested size: 469.75502pt x 117.3466pt.
<./figures/shannon/differences/histo-pix.pdf, id=831, 253.72047pt x 140.46156pt
>
File: ./figures/shannon/differences/histo-pix.pdf Graphic file (type pdf)
<use ./figures/shannon/differences/histo-pix.pdf>
Package pdftex.def Info: ./figures/shannon/differences/histo-pix.pdf  used on i
nput line 581.
(pdftex.def)             Requested size: 140.92793pt x 78.01709pt.
<./figures/shannon/differences/histo-diff.pdf, id=832, 253.72049pt x 140.46156p
t>
File: ./figures/shannon/differences/histo-diff.pdf Graphic file (type pdf)
<use ./figures/shannon/differences/histo-diff.pdf>
Package pdftex.def Info: ./figures/shannon/differences/histo-diff.pdf  used on 
input line 581.
(pdftex.def)             Requested size: 140.92793pt x 78.01709pt.
<./figures/shannon/differences/arbre-difference.pdf, id=833, 223.33327pt x 269.
66362pt>
File: ./figures/shannon/differences/arbre-difference.pdf Graphic file (type pdf
)
<use ./figures/shannon/differences/arbre-difference.pdf>
Package pdftex.def Info: ./figures/shannon/differences/arbre-difference.pdf  us
ed on input line 581.
(pdftex.def)             Requested size: 93.94957pt x 113.43898pt.


LaTeX Warning: `!h' float specifier changed to `!ht'.

[17pdfTeX warning (ext4): destination with the same identifier (name{figure.1.4
}) has been already used, duplicate ignored

\AtBegShi@Output ...ipout \box \AtBeginShipoutBox 
                                                  \fi \fi 
l.610 }
        <./figures/shannon/differences/differences.pdf>] [18pdfTeX warning (ext
4): destination with the same identifier (name{figure.1.5}) has been already us
ed, duplicate ignored

\AtBegShi@Output ...ipout \box \AtBeginShipoutBox 
                                                  \fi \fi 
l.635 \gloss{Symbole}
                      : élément $\mot$ d'un ensemble fini, par exemple $\{0,...
 <./figures/shannon/differences/histo-pix.pdf> <./figures/shannon/differences/h
isto-diff.pdf> <./figures/shannon/differences/arbre-difference.pdf>])
(./chap-fr/images.tex [19] [20

]
Chapter 2.
<./figures/images/section1-original-zoom.png, id=1403, 168.63pt x 80.4606pt>
File: ./figures/images/section1-original-zoom.png Graphic file (type png)
<use ./figures/images/section1-original-zoom.png>
Package pdftex.def Info: ./figures/images/section1-original-zoom.png  used on i
nput line 81.
(pdftex.def)             Requested size: 281.85587pt x 134.48903pt.
[21]
<./figures/images/section2-subsample-4.png, id=1410, 256.96pt x 256.96pt>
File: ./figures/images/section2-subsample-4.png Graphic file (type png)
<use ./figures/images/section2-subsample-4.png>
Package pdftex.def Info: ./figures/images/section2-subsample-4.png  used on inp
ut line 147.
(pdftex.def)             Requested size: 150.32504pt x 150.32687pt.
<./figures/images/section2-subsample-8.png, id=1411, 256.96pt x 256.96pt>
File: ./figures/images/section2-subsample-8.png Graphic file (type png)
<use ./figures/images/section2-subsample-8.png>
Package pdftex.def Info: ./figures/images/section2-subsample-8.png  used on inp
ut line 147.
(pdftex.def)             Requested size: 150.32504pt x 150.32687pt.
<./figures/images/section2-subsample-16.png, id=1412, 256.96pt x 256.96pt>
File: ./figures/images/section2-subsample-16.png Graphic file (type png)
<use ./figures/images/section2-subsample-16.png>
Package pdftex.def Info: ./figures/images/section2-subsample-16.png  used on in
put line 147.
(pdftex.def)             Requested size: 150.32504pt x 150.32687pt.
 [22pdfTeX warning (ext4): destination with the same identifier (name{figure.2.
1}) has been already used, duplicate ignored

\AtBegShi@Output ...ipout \box \AtBeginShipoutBox 
                                                  \fi \fi 
l.166 \item l
             es valeurs dans \(128,1,\ldots,191\) sont remplacées par la val...
 <./figures/images/section1-original-zoom.png>]
<./figures/images/section3-quantize-4.png, id=1422, 256.96pt x 256.96pt>
File: ./figures/images/section3-quantize-4.png Graphic file (type png)
<use ./figures/images/section3-quantize-4.png>
Package pdftex.def Info: ./figures/images/section3-quantize-4.png  used on inpu
t line 190.
(pdftex.def)             Requested size: 150.32504pt x 150.32687pt.
<./figures/images/section3-quantize-16.png, id=1423, 256.96pt x 256.96pt>
File: ./figures/images/section3-quantize-16.png Graphic file (type png)
<use ./figures/images/section3-quantize-16.png>
Package pdftex.def Info: ./figures/images/section3-quantize-16.png  used on inp
ut line 190.
(pdftex.def)             Requested size: 150.32504pt x 150.32687pt.
 [23pdfTeX warning (ext4): destination with the same identifier (name{figure.2.
2}) has been already used, duplicate ignored

\AtBegShi@Output ...ipout \box \AtBeginShipoutBox 
                                                  \fi \fi 
l.205 
      pdfTeX warning (ext4): destination with the same identifier (name{figure.
2.3}) has been already used, duplicate ignored

\AtBegShi@Output ...ipout \box \AtBeginShipoutBox 
                                                  \fi \fi 
l.205 
       <./figures/images/section2-subsample-4.png (PNG copy)> <./figures/images
/section2-subsample-8.png (PNG copy)> <./figures/images/section2-subsample-16.p
ng (PNG copy)> <./figures/images/section3-quantize-4.png (PNG copy)> <./figures
/images/section3-quantize-16.png (PNG copy)>]
<./figures/images/section5-moyenne-numbers.png, id=1432, 168.63pt x 78.0516pt>
File: ./figures/images/section5-moyenne-numbers.png Graphic file (type png)
<use ./figures/images/section5-moyenne-numbers.png>
Package pdftex.def Info: ./figures/images/section5-moyenne-numbers.png  used on
 input line 235.
(pdftex.def)             Requested size: 187.89914pt x 86.97177pt.
<./figures/images/section5-moyenne-1.png, id=1436, 256.96pt x 256.96pt>
File: ./figures/images/section5-moyenne-1.png Graphic file (type png)
<use ./figures/images/section5-moyenne-1.png>
Package pdftex.def Info: ./figures/images/section5-moyenne-1.png  used on input
 line 266.
(pdftex.def)             Requested size: 150.32504pt x 150.32687pt.
<./figures/images/section5-moyenne-2.png, id=1437, 256.96pt x 256.96pt>
File: ./figures/images/section5-moyenne-2.png Graphic file (type png)
<use ./figures/images/section5-moyenne-2.png>
Package pdftex.def Info: ./figures/images/section5-moyenne-2.png  used on input
 line 266.
(pdftex.def)             Requested size: 150.32504pt x 150.32687pt.
<./figures/images/section5-moyenne-3.png, id=1438, 256.96pt x 256.96pt>
File: ./figures/images/section5-moyenne-3.png Graphic file (type png)
<use ./figures/images/section5-moyenne-3.png>
Package pdftex.def Info: ./figures/images/section5-moyenne-3.png  used on input
 line 266.
(pdftex.def)             Requested size: 150.32504pt x 150.32687pt.
 [24pdfTeX warning (ext4): destination with the same identifier (name{figure.2.
4}) has been already used, duplicate ignored

\AtBegShi@Output ...ipout \box \AtBeginShipoutBox 
                                                  \fi \fi 
l.280 \[ 47,54,79,153,166,189,190,192,203. \]
                                              <./figures/images/section5-moyenn
e-numbers.png>]
<./figures/images/section6-mediane-1.png, id=1447, 256.96pt x 256.96pt>
File: ./figures/images/section6-mediane-1.png Graphic file (type png)
<use ./figures/images/section6-mediane-1.png>
Package pdftex.def Info: ./figures/images/section6-mediane-1.png  used on input
 line 318.
(pdftex.def)             Requested size: 150.32504pt x 150.32687pt.
<./figures/images/section6-mediane-2.png, id=1448, 256.96pt x 256.96pt>
File: ./figures/images/section6-mediane-2.png Graphic file (type png)
<use ./figures/images/section6-mediane-2.png>
Package pdftex.def Info: ./figures/images/section6-mediane-2.png  used on input
 line 318.
(pdftex.def)             Requested size: 150.32504pt x 150.32687pt.
<./figures/images/section6-mediane-3.png, id=1449, 256.96pt x 256.96pt>
File: ./figures/images/section6-mediane-3.png Graphic file (type png)
<use ./figures/images/section6-mediane-3.png>
Package pdftex.def Info: ./figures/images/section6-mediane-3.png  used on input
 line 318.
(pdftex.def)             Requested size: 150.32504pt x 150.32687pt.

Underfull \vbox (badness 2384) has occurred while \output is active []

 [25pdfTeX warning (ext4): destination with the same identifier (name{figure.2.
5}) has been already used, duplicate ignored

\AtBegShi@Output ...ipout \box \AtBeginShipoutBox 
                                                  \fi \fi 
l.336 
      pdfTeX warning (ext4): destination with the same identifier (name{figure.
2.6}) has been already used, duplicate ignored

\AtBegShi@Output ...ipout \box \AtBeginShipoutBox 
                                                  \fi \fi 
l.336 
       <./figures/images/section5-moyenne-1.png (PNG copy)> <./figures/images/s
ection5-moyenne-2.png (PNG copy)> <./figures/images/section5-moyenne-3.png (PNG
 copy)> <./figures/images/section6-mediane-1.png (PNG copy)> <./figures/images/
section6-mediane-2.png (PNG copy)> <./figures/images/section6-mediane-3.png (PN
G copy)>]
<./figures/images/section7-contours-numbers.png, id=1457, 168.63pt x 78.0516pt>

File: ./figures/images/section7-contours-numbers.png Graphic file (type png)
<use ./figures/images/section7-contours-numbers.png>
Package pdftex.def Info: ./figures/images/section7-contours-numbers.png  used o
n input line 347.
(pdftex.def)             Requested size: 187.89914pt x 86.97177pt.
<./figures/images/section7-image.png, id=1459, 256.96pt x 256.96pt>
File: ./figures/images/section7-image.png Graphic file (type png)
<use ./figures/images/section7-image.png>
Package pdftex.def Info: ./figures/images/section7-image.png  used on input lin
e 369.
(pdftex.def)             Requested size: 150.32504pt x 150.32687pt.
<./figures/images/section7-contours.png, id=1460, 256.96pt x 256.96pt>
File: ./figures/images/section7-contours.png Graphic file (type png)
<use ./figures/images/section7-contours.png>
Package pdftex.def Info: ./figures/images/section7-contours.png  used on input 
line 369.
(pdftex.def)             Requested size: 150.32504pt x 150.32687pt.
<./figures/images/section8-image.png, id=1463, 256.96pt x 256.96pt>
File: ./figures/images/section8-image.png Graphic file (type png)
<use ./figures/images/section8-image.png>
Package pdftex.def Info: ./figures/images/section8-image.png  used on input lin
e 399.
(pdftex.def)             Requested size: 150.32504pt x 150.32687pt.
<./figures/images/section8-luminance.png, id=1464, 256.96pt x 256.96pt>
File: ./figures/images/section8-luminance.png Graphic file (type png)
<use ./figures/images/section8-luminance.png>
Package pdftex.def Info: ./figures/images/section8-luminance.png  used on input
 line 399.
(pdftex.def)             Requested size: 150.32504pt x 150.32687pt.
<./figures/images/section8-rouge.png, id=1465, 256.96pt x 256.96pt>
File: ./figures/images/section8-rouge.png Graphic file (type png)
<use ./figures/images/section8-rouge.png>
Package pdftex.def Info: ./figures/images/section8-rouge.png  used on input lin
e 419.
(pdftex.def)             Requested size: 150.32504pt x 150.32687pt.
<./figures/images/section8-vert.png, id=1466, 256.96pt x 256.96pt>
File: ./figures/images/section8-vert.png Graphic file (type png)
<use ./figures/images/section8-vert.png>
Package pdftex.def Info: ./figures/images/section8-vert.png  used on input line
 419.
(pdftex.def)             Requested size: 150.32504pt x 150.32687pt.
<./figures/images/section8-bleu.png, id=1467, 256.96pt x 256.96pt>
File: ./figures/images/section8-bleu.png Graphic file (type png)
<use ./figures/images/section8-bleu.png>
Package pdftex.def Info: ./figures/images/section8-bleu.png  used on input line
 419.
(pdftex.def)             Requested size: 150.32504pt x 150.32687pt.
 [26pdfTeX warning (ext4): destination with the same identifier (name{figure.2.
7}) has been already used, duplicate ignored

\AtBegShi@Output ...ipout \box \AtBeginShipoutBox 
                                                  \fi \fi 
l.430 
       <./figures/images/section7-contours-numbers.png>]
<./figures/images/section8-synthese-additive.png, id=1477, 168.63pt x 162.3666p
t>
File: ./figures/images/section8-synthese-additive.png Graphic file (type png)
<use ./figures/images/section8-synthese-additive.png>
Package pdftex.def Info: ./figures/images/section8-synthese-additive.png  used 
on input line 439.
(pdftex.def)             Requested size: 150.32504pt x 144.74365pt.
<./figures/images/section8-synthese-soustractive.png, id=1478, 168.63pt x 161.4
03pt>
File: ./figures/images/section8-synthese-soustractive.png Graphic file (type pn
g)
<use ./figures/images/section8-synthese-soustractive.png>
Package pdftex.def Info: ./figures/images/section8-synthese-soustractive.png  u
sed on input line 439.
(pdftex.def)             Requested size: 150.32504pt x 143.88464pt.
<./figures/images/section8-cyan.png, id=1479, 256.96pt x 256.96pt>
File: ./figures/images/section8-cyan.png Graphic file (type png)
<use ./figures/images/section8-cyan.png>
Package pdftex.def Info: ./figures/images/section8-cyan.png  used on input line
 464.
(pdftex.def)             Requested size: 150.32504pt x 150.32687pt.
<./figures/images/section8-magenta.png, id=1480, 256.96pt x 256.96pt>
File: ./figures/images/section8-magenta.png Graphic file (type png)
<use ./figures/images/section8-magenta.png>
Package pdftex.def Info: ./figures/images/section8-magenta.png  used on input l
ine 464.
(pdftex.def)             Requested size: 150.32504pt x 150.32687pt.
<./figures/images/section8-jaune.png, id=1481, 256.96pt x 256.96pt>
File: ./figures/images/section8-jaune.png Graphic file (type png)
<use ./figures/images/section8-jaune.png>
Package pdftex.def Info: ./figures/images/section8-jaune.png  used on input lin
e 464.
(pdftex.def)             Requested size: 150.32504pt x 150.32687pt.
 [27pdfTeX warning (ext4): destination with the same identifier (name{figure.2.
8}) has been already used, duplicate ignored

\AtBegShi@Output ...ipout \box \AtBeginShipoutBox 
                                                  \fi \fi 
l.464 }{fig-canaux-cmj}
                       pdfTeX warning (ext4): destination with the same identif
ier (name{figure.2.9}) has been already used, duplicate ignored

\AtBegShi@Output ...ipout \box \AtBeginShipoutBox 
                                                  \fi \fi 
l.464 }{fig-canaux-cmj}
                        <./figures/images/section7-image.png (PNG copy)> <./fig
ures/images/section7-contours.png (PNG copy)> <./figures/images/section8-image.
png (PNG copy)> <./figures/images/section8-luminance.png (PNG copy)>]
Underfull \vbox (badness 10000) has occurred while \output is active []

 [28pdfTeX warning (ext4): destination with the same identifier (name{figure.2.
10}) has been already used, duplicate ignored

\AtBegShi@Output ...ipout \box \AtBeginShipoutBox 
                                                  \fi \fi 
l.486 \[ a = \frac{r+v+b}{3} \]
                               pdfTeX warning (ext4): destination with the same
 identifier (name{figure.2.11}) has been already used, duplicate ignored

\AtBegShi@Output ...ipout \box \AtBeginShipoutBox 
                                                  \fi \fi 
l.486 \[ a = \frac{r+v+b}{3} \]
                                <./figures/images/section8-rouge.png (PNG copy)
> <./figures/images/section8-vert.png (PNG copy)> <./figures/images/section8-bl
eu.png (PNG copy)> <./figures/images/section8-synthese-additive.png> <./figures
/images/section8-synthese-soustractive.png>]
<./figures/images/section4-negatif.png, id=1497, 256.96pt x 256.96pt>
File: ./figures/images/section4-negatif.png Graphic file (type png)
<use ./figures/images/section4-negatif.png>
Package pdftex.def Info: ./figures/images/section4-negatif.png  used on input l
ine 517.
(pdftex.def)             Requested size: 150.32504pt x 150.32687pt.
<./figures/images/section4-square.png, id=1498, 256.96pt x 256.96pt>
File: ./figures/images/section4-square.png Graphic file (type png)
<use ./figures/images/section4-square.png>
Package pdftex.def Info: ./figures/images/section4-square.png  used on input li
ne 517.
(pdftex.def)             Requested size: 150.32504pt x 150.32687pt.
<./figures/images/section4-sqrt.png, id=1499, 256.96pt x 256.96pt>
File: ./figures/images/section4-sqrt.png Graphic file (type png)
<use ./figures/images/section4-sqrt.png>
Package pdftex.def Info: ./figures/images/section4-sqrt.png  used on input line
 517.
(pdftex.def)             Requested size: 150.32504pt x 150.32687pt.
 [29pdfTeX warning (ext4): destination with the same identifier (name{figure.2.
12}) has been already used, duplicate ignored

\AtBegShi@Output ...ipout \box \AtBeginShipoutBox 
                                                  \fi \fi 
l.524 \[
         <./figures/images/section8-cyan.png (PNG copy)> <./figures/images/sect
ion8-magenta.png (PNG copy)> <./figures/images/section8-jaune.png (PNG copy)>]
<./figures/images/section4-constrast-1.png, id=1508, 256.96pt x 256.96pt>
File: ./figures/images/section4-constrast-1.png Graphic file (type png)
<use ./figures/images/section4-constrast-1.png>
Package pdftex.def Info: ./figures/images/section4-constrast-1.png  used on inp
ut line 560.
(pdftex.def)             Requested size: 75.16252pt x 75.16344pt.
<./figures/images/section4-constrast-2.png, id=1509, 256.96pt x 256.96pt>
File: ./figures/images/section4-constrast-2.png Graphic file (type png)
<use ./figures/images/section4-constrast-2.png>
Package pdftex.def Info: ./figures/images/section4-constrast-2.png  used on inp
ut line 560.
(pdftex.def)             Requested size: 75.16252pt x 75.16344pt.
<./figures/images/section4-constrast-3.png, id=1510, 256.96pt x 256.96pt>
File: ./figures/images/section4-constrast-3.png Graphic file (type png)
<use ./figures/images/section4-constrast-3.png>
Package pdftex.def Info: ./figures/images/section4-constrast-3.png  used on inp
ut line 560.
(pdftex.def)             Requested size: 75.16252pt x 75.16344pt.
<./figures/images/section4-constrast-4.png, id=1511, 256.96pt x 256.96pt>
File: ./figures/images/section4-constrast-4.png Graphic file (type png)
<use ./figures/images/section4-constrast-4.png>
Package pdftex.def Info: ./figures/images/section4-constrast-4.png  used on inp
ut line 560.
(pdftex.def)             Requested size: 75.16252pt x 75.16344pt.
<./figures/images/section4-constrast-5.png, id=1512, 256.96pt x 256.96pt>
File: ./figures/images/section4-constrast-5.png Graphic file (type png)
<use ./figures/images/section4-constrast-5.png>
Package pdftex.def Info: ./figures/images/section4-constrast-5.png  used on inp
ut line 560.
(pdftex.def)             Requested size: 75.16252pt x 75.16344pt.
<./figures/images/section4-constrast-6.png, id=1513, 256.96pt x 256.96pt>
File: ./figures/images/section4-constrast-6.png Graphic file (type png)
<use ./figures/images/section4-constrast-6.png>
Package pdftex.def Info: ./figures/images/section4-constrast-6.png  used on inp
ut line 560.
(pdftex.def)             Requested size: 75.16252pt x 75.16344pt.

[30pdfTeX warning (ext4): destination with the same identifier (name{figure.2.1
3}) has been already used, duplicate ignored

\AtBegShi@Output ...ipout \box \AtBeginShipoutBox 
                                                  \fi \fi 
l.584 
      pdfTeX warning (ext4): destination with the same identifier (name{figure.
2.14}) has been already used, duplicate ignored

\AtBegShi@Output ...ipout \box \AtBeginShipoutBox 
                                                  \fi \fi 
l.584 
       <./figures/images/section4-negatif.png (PNG copy)> <./figures/images/sec
tion4-square.png (PNG copy)> <./figures/images/section4-sqrt.png (PNG copy)> <.
/figures/images/section4-constrast-1.png (PNG copy)> <./figures/images/section4
-constrast-2.png (PNG copy)> <./figures/images/section4-constrast-3.png (PNG co
py)> <./figures/images/section4-constrast-4.png (PNG copy)> <./figures/images/s
ection4-constrast-5.png (PNG copy)> <./figures/images/section4-constrast-6.png 
(PNG copy)>]
<./figures/images/section10-original.png, id=1520, 513.92pt x 513.92pt>
File: ./figures/images/section10-original.png Graphic file (type png)
<use ./figures/images/section10-original.png>
Package pdftex.def Info: ./figures/images/section10-original.png  used on input
 line 632.
(pdftex.def)             Requested size: 150.32504pt x 150.32687pt.
<./figures/images/section10-transpose.png, id=1521, 513.92pt x 513.92pt>
File: ./figures/images/section10-transpose.png Graphic file (type png)
<use ./figures/images/section10-transpose.png>
Package pdftex.def Info: ./figures/images/section10-transpose.png  used on inpu
t line 632.
(pdftex.def)             Requested size: 150.32504pt x 150.32687pt.
<./figures/images/section10-rotation.png, id=1522, 513.92pt x 513.92pt>
File: ./figures/images/section10-rotation.png Graphic file (type png)
<use ./figures/images/section10-rotation.png>
Package pdftex.def Info: ./figures/images/section10-rotation.png  used on input
 line 632.
(pdftex.def)             Requested size: 150.32504pt x 150.32687pt.
 [31pdfTeX warning (ext4): destination with the same identifier (name{figure.2.
15}) has been already used, duplicate ignored

\AtBegShi@Output ...ipout \box \AtBeginShipoutBox 
                                                  \fi \fi 
l.656 \[ c_{i,j}  = (1-t) a_{i,j} + t b_{i,j}.\]
                                                 <./figures/images/section10-or
iginal.png (PNG copy)> <./figures/images/section10-transpose.png (PNG copy)> <.
/figures/images/section10-rotation.png (PNG copy)>]
<./figures/images/section11-interp-1.png, id=1531, 513.92pt x 513.92pt>
File: ./figures/images/section11-interp-1.png Graphic file (type png)
<use ./figures/images/section11-interp-1.png>
Package pdftex.def Info: ./figures/images/section11-interp-1.png  used on input
 line 685.
(pdftex.def)             Requested size: 75.16252pt x 75.1556pt.
<./figures/images/section11-interp-2.png, id=1532, 513.92pt x 513.92pt>
File: ./figures/images/section11-interp-2.png Graphic file (type png)
<use ./figures/images/section11-interp-2.png>
Package pdftex.def Info: ./figures/images/section11-interp-2.png  used on input
 line 685.
(pdftex.def)             Requested size: 75.16252pt x 75.1556pt.
<./figures/images/section11-interp-3.png, id=1533, 513.92pt x 513.92pt>
File: ./figures/images/section11-interp-3.png Graphic file (type png)
<use ./figures/images/section11-interp-3.png>
Package pdftex.def Info: ./figures/images/section11-interp-3.png  used on input
 line 685.
(pdftex.def)             Requested size: 75.16252pt x 75.1556pt.
<./figures/images/section11-interp-4.png, id=1534, 513.92pt x 513.92pt>
File: ./figures/images/section11-interp-4.png Graphic file (type png)
<use ./figures/images/section11-interp-4.png>
Package pdftex.def Info: ./figures/images/section11-interp-4.png  used on input
 line 685.
(pdftex.def)             Requested size: 75.16252pt x 75.1556pt.
<./figures/images/section11-interp-5.png, id=1535, 513.92pt x 513.92pt>
File: ./figures/images/section11-interp-5.png Graphic file (type png)
<use ./figures/images/section11-interp-5.png>
Package pdftex.def Info: ./figures/images/section11-interp-5.png  used on input
 line 685.
(pdftex.def)             Requested size: 75.16252pt x 75.1556pt.
<./figures/images/section11-interp-6.png, id=1536, 513.92pt x 513.92pt>
File: ./figures/images/section11-interp-6.png Graphic file (type png)
<use ./figures/images/section11-interp-6.png>
Package pdftex.def Info: ./figures/images/section11-interp-6.png  used on input
 line 685.
(pdftex.def)             Requested size: 75.16252pt x 75.1556pt.
 [32pdfTeX warning (ext4): destination with the same identifier (name{figure.2.
16}) has been already used, duplicate ignored

\AtBegShi@Output ...ipout \box \AtBeginShipoutBox 
                                                  \fi \fi 
l.717 \gloss{Ecriture binaire}
                               : écriture de valeurs numériques à l'aide uni...
 <./figures/images/section11-interp-1.png (PNG copy)> <./figures/images/section
11-interp-2.png (PNG copy)> <./figures/images/section11-interp-3.png (PNG copy)
> <./figures/images/section11-interp-4.png (PNG copy)> <./figures/images/sectio
n11-interp-5.png (PNG copy)> <./figures/images/section11-interp-6.png (PNG copy
)>]) (./chap-fr/sparsity.tex [33] [34

]
Chapter 3.

Overfull \hbox (1.6482pt too wide) in paragraph at lines 9--14
\T1/cmr/m/n/10.95 L'échantillonnage com-pressé per-met d'envisager sous un an-g
le nou-veau la théorie de l'échantillonnage
 []


Overfull \hbox (25.28368pt too wide) in paragraph at lines 15--16
[]\T1/cmr/m/n/10.95 Cet ar-ti-cle présente les con-cepts math-é-ma-tiques clés 
qui ont per-mis l'évolution depuis l'échantillonnage
 []

<./figures/sparsity/discrete/signal.pdf, id=1556, 492.84125pt x 372.39125pt>
File: ./figures/sparsity/discrete/signal.pdf Graphic file (type pdf)
<use ./figures/sparsity/discrete/signal.pdf>
Package pdftex.def Info: ./figures/sparsity/discrete/signal.pdf  used on input 
line 38.
(pdftex.def)             Requested size: 211.38832pt x 159.72736pt.
<./figures/sparsity/discrete/image.pdf, id=1557, 453.695pt x 351.3125pt>
File: ./figures/sparsity/discrete/image.pdf Graphic file (type pdf)
<use ./figures/sparsity/discrete/image.pdf>
Package pdftex.def Info: ./figures/sparsity/discrete/image.pdf  used on input l
ine 39.
(pdftex.def)             Requested size: 211.38832pt x 163.68561pt.
[35] [36pdfTeX warning (ext4): destination with the same identifier (name{figur
e.3.1}) has been already used, duplicate ignored

\AtBegShi@Output ...ipout \box \AtBeginShipoutBox 
                                                  \fi \fi 
l.73 L
      e problème~\eqref{eq-pbm-approx} est en général impossible à résoudre ...
 <./figures/sparsity/discrete/signal.pdf> <./figures/sparsity/discrete/image.pd
f>]
<./figures/sparsity/approx/cameraman.png, id=1599, 235.88126pt x 235.88126pt>
File: ./figures/sparsity/approx/cameraman.png Graphic file (type png)
<use ./figures/sparsity/approx/cameraman.png>
Package pdftex.def Info: ./figures/sparsity/approx/cameraman.png  used on input
 line 114.
(pdftex.def)             Requested size: 112.74377pt x 112.7447pt.
<./figures/sparsity/approx/cameraman-4.png, id=1601, 236.885pt x 236.885pt>
File: ./figures/sparsity/approx/cameraman-4.png Graphic file (type png)
<use ./figures/sparsity/approx/cameraman-4.png>
Package pdftex.def Info: ./figures/sparsity/approx/cameraman-4.png  used on inp
ut line 115.
(pdftex.def)             Requested size: 112.74377pt x 112.74812pt.
<./figures/sparsity/approx/cameraman-8.png, id=1603, 235.88126pt x 235.88126pt>

File: ./figures/sparsity/approx/cameraman-8.png Graphic file (type png)
<use ./figures/sparsity/approx/cameraman-8.png>
Package pdftex.def Info: ./figures/sparsity/approx/cameraman-8.png  used on inp
ut line 116.
(pdftex.def)             Requested size: 112.74377pt x 112.7447pt.
<./figures/sparsity/approx/cameraman-16.png, id=1605, 235.88126pt x 236.885pt>
File: ./figures/sparsity/approx/cameraman-16.png Graphic file (type png)
<use ./figures/sparsity/approx/cameraman-16.png>
Package pdftex.def Info: ./figures/sparsity/approx/cameraman-16.png  used on in
put line 117.
(pdftex.def)             Requested size: 112.74377pt x 113.47208pt.
 [37pdfTeX warning (ext4): destination with the same identifier (name{figure.3.
2}) has been already used, duplicate ignored

\AtBegShi@Output ...ipout \box \AtBeginShipoutBox 
                                                  \fi \fi 
l.138 
       <./figures/sparsity/approx/cameraman.png> <./figures/sparsity/approx/cam
eraman-4.png> <./figures/sparsity/approx/cameraman-8.png> <./figures/sparsity/a
pprox/cameraman-16.png>]
<./figures/sparsity/operators/lena-original.png, id=1633, 118.4425pt x 119.4462
4pt>
File: ./figures/sparsity/operators/lena-original.png Graphic file (type png)
<use ./figures/sparsity/operators/lena-original.png>
Package pdftex.def Info: ./figures/sparsity/operators/lena-original.png  used o
n input line 162.
(pdftex.def)             Requested size: 117.43875pt x 118.43803pt.
<./figures/sparsity/operators/lena-blurring.png, id=1634, 119.44624pt x 119.446
24pt>
File: ./figures/sparsity/operators/lena-blurring.png Graphic file (type png)
<use ./figures/sparsity/operators/lena-blurring.png>
Package pdftex.def Info: ./figures/sparsity/operators/lena-blurring.png  used o
n input line 163.
(pdftex.def)             Requested size: 117.43875pt x 117.43925pt.
<./figures/sparsity/operators/lena-inpainting.png, id=1635, 123.46124pt x 123.4
6124pt>
File: ./figures/sparsity/operators/lena-inpainting.png Graphic file (type png)
<use ./figures/sparsity/operators/lena-inpainting.png>
Package pdftex.def Info: ./figures/sparsity/operators/lena-inpainting.png  used
 on input line 164.
(pdftex.def)             Requested size: 117.43875pt x 117.44574pt.
 [38]
Overfull \hbox (17.96562pt too wide) in paragraph at lines 193--194
[]\T1/cmr/m/n/10.95 Dans le cas d'un opéra-teur $\OT1/cmr/m/n/10.95 ^^H$ \T1/cm
r/m/n/10.95 quel-conque, le prob-lème [] est cepen-dant un prob-lème d'optimisa
tion
 []

[39pdfTeX warning (ext4): destination with the same identifier (name{figure.3.3
}) has been already used, duplicate ignored

\AtBegShi@Output ...ipout \box \AtBeginShipoutBox 
                                                  \fi \fi 
l.204 }
        <./figures/sparsity/operators/lena-original.png> <./figures/sparsity/op
erators/lena-blurring.png> <./figures/sparsity/operators/lena-inpainting.png>]
<./figures/sparsity/balls/l0.pdf, id=1667, 188.705pt x 180.675pt>
File: ./figures/sparsity/balls/l0.pdf Graphic file (type pdf)
<use ./figures/sparsity/balls/l0.pdf>
Package pdftex.def Info: ./figures/sparsity/balls/l0.pdf  used on input line 21
7.
(pdftex.def)             Requested size: 89.2546pt x 85.45483pt.
<./figures/sparsity/balls/l12.pdf, id=1668, 189.70876pt x 183.68625pt>
File: ./figures/sparsity/balls/l12.pdf Graphic file (type pdf)
<use ./figures/sparsity/balls/l12.pdf>
Package pdftex.def Info: ./figures/sparsity/balls/l12.pdf  used on input line 2
18.
(pdftex.def)             Requested size: 89.2546pt x 86.42223pt.
<./figures/sparsity/balls/l1.pdf, id=1669, 189.70876pt x 185.69376pt>
File: ./figures/sparsity/balls/l1.pdf Graphic file (type pdf)
<use ./figures/sparsity/balls/l1.pdf>
Package pdftex.def Info: ./figures/sparsity/balls/l1.pdf  used on input line 21
9.
(pdftex.def)             Requested size: 89.2546pt x 87.36674pt.
<./figures/sparsity/balls/l32.pdf, id=1670, 187.70125pt x 185.69376pt>
File: ./figures/sparsity/balls/l32.pdf Graphic file (type pdf)
<use ./figures/sparsity/balls/l32.pdf>
Package pdftex.def Info: ./figures/sparsity/balls/l32.pdf  used on input line 2
20.
(pdftex.def)             Requested size: 89.2546pt x 88.30177pt.
<./figures/sparsity/balls/l2.pdf, id=1671, 186.6975pt x 185.69376pt>
File: ./figures/sparsity/balls/l2.pdf Graphic file (type pdf)
<use ./figures/sparsity/balls/l2.pdf>
Package pdftex.def Info: ./figures/sparsity/balls/l2.pdf  used on input line 22
1.
(pdftex.def)             Requested size: 89.2546pt x 88.77496pt.

[40pdfTeX warning (ext4): destination with the same identifier (name{figure.3.4
}) has been already used, duplicate ignored

\AtBegShi@Output ...ipout \box \AtBeginShipoutBox 
                                                  \fi \fi 
l.236 }
        <./figures/sparsity/balls/l0.pdf> <./figures/sparsity/balls/l12.pdf> <.
/figures/sparsity/balls/l1.pdf> <./figures/sparsity/balls/l32.pdf> <./figures/s
parsity/balls/l2.pdf>]
<./figures/sparsity/inpainting/lena-original.png, id=1734, 118.4425pt x 119.446
24pt>
File: ./figures/sparsity/inpainting/lena-original.png Graphic file (type png)
<use ./figures/sparsity/inpainting/lena-original.png>
Package pdftex.def Info: ./figures/sparsity/inpainting/lena-original.png  used 
on input line 248.
(pdftex.def)             Requested size: 117.43875pt x 118.43803pt.
<./figures/sparsity/inpainting/lena-observations.png, id=1735, 123.46124pt x 12
3.46124pt>
File: ./figures/sparsity/inpainting/lena-observations.png Graphic file (type pn
g)
<use ./figures/sparsity/inpainting/lena-observations.png>
Package pdftex.def Info: ./figures/sparsity/inpainting/lena-observations.png  u
sed on input line 249.
(pdftex.def)             Requested size: 117.43875pt x 117.44574pt.
<./figures/sparsity/inpainting/lena-reconstructed.png, id=1736, 239.89626pt x 2
38.8925pt>
File: ./figures/sparsity/inpainting/lena-reconstructed.png Graphic file (type p
ng)
<use ./figures/sparsity/inpainting/lena-reconstructed.png>
Package pdftex.def Info: ./figures/sparsity/inpainting/lena-reconstructed.png  
used on input line 250.
(pdftex.def)             Requested size: 117.43875pt x 116.94899pt.
 [41pdfTeX warning (ext4): destination with the same identifier (name{figure.3.
5}) has been already used, duplicate ignored

\AtBegShi@Output ...ipout \box \AtBeginShipoutBox 
                                                  \fi \fi 
l.272 
       <./figures/sparsity/inpainting/lena-original.png> <./figures/sparsity/in
painting/lena-observations.png> <./figures/sparsity/inpainting/lena-reconstruct
ed.png>]
<./figures/sparsity/l1-vs-l2/l1.pdf, id=1764, 299.1175pt x 237.88875pt>
File: ./figures/sparsity/l1-vs-l2/l1.pdf Graphic file (type pdf)
<use ./figures/sparsity/l1-vs-l2/l1.pdf>
Package pdftex.def Info: ./figures/sparsity/l1-vs-l2/l1.pdf  used on input line
 276.
(pdftex.def)             Requested size: 164.41711pt x 130.76297pt.
<./figures/sparsity/l1-vs-l2/l2.pdf, id=1765, 284.06125pt x 237.88875pt>
File: ./figures/sparsity/l1-vs-l2/l2.pdf Graphic file (type pdf)
<use ./figures/sparsity/l1-vs-l2/l2.pdf>
Package pdftex.def Info: ./figures/sparsity/l1-vs-l2/l2.pdf  used on input line
 277.
(pdftex.def)             Requested size: 164.41711pt x 137.69606pt.
 [42pdfTeX warning (ext4): destination with the same identifier (name{figure.3.
6}) has been already used, duplicate ignored

\AtBegShi@Output ...ipout \box \AtBeginShipoutBox 
                                                  \fi \fi 
l.303 L
       'appareil \guill{pixel unique} permet de réaliser l'échantillonnage c...
 <./figures/sparsity/l1-vs-l2/l1.pdf> <./figures/sparsity/l1-vs-l2/l2.pdf>]
<./figures/sparsity/single-pixel/single-pixel-schema.png, id=1808, 475.7775pt x
 283.0575pt>
File: ./figures/sparsity/single-pixel/single-pixel-schema.png Graphic file (typ
e png)
<use ./figures/sparsity/single-pixel/single-pixel-schema.png>
Package pdftex.def Info: ./figures/sparsity/single-pixel/single-pixel-schema.pn
g  used on input line 325.
(pdftex.def)             Requested size: 211.38832pt x 125.76366pt.
<./figures/sparsity/single-pixel/reconstruction-1.png, id=1809, 236.885pt x 247
.92625pt>
File: ./figures/sparsity/single-pixel/reconstruction-1.png Graphic file (type p
ng)
<use ./figures/sparsity/single-pixel/reconstruction-1.png>
Package pdftex.def Info: ./figures/sparsity/single-pixel/reconstruction-1.png  
used on input line 326.
(pdftex.def)             Requested size: 117.43875pt x 122.91113pt.
<./figures/sparsity/single-pixel/reconstruction-6.png, id=1810, 234.8775pt x 24
8.93pt>
File: ./figures/sparsity/single-pixel/reconstruction-6.png Graphic file (type p
ng)
<use ./figures/sparsity/single-pixel/reconstruction-6.png>
Package pdftex.def Info: ./figures/sparsity/single-pixel/reconstruction-6.png  
used on input line 327.
(pdftex.def)             Requested size: 117.43875pt x 124.46469pt.

[43pdfTeX warning (ext4): destination with the same identifier (name{figure.3.7
}) has been already used, duplicate ignored

\AtBegShi@Output ...ipout \box \AtBeginShipoutBox 
                                                  \fi \fi 
l.349 
       <./figures/sparsity/single-pixel/single-pixel-schema.png> <./figures/spa
rsity/single-pixel/reconstruction-1.png> <./figures/sparsity/single-pixel/recon
struction-6.png>] [44]) (./IntroImaging-FR.bbl [45] [46

] [47])
Package atveryend Info: Empty hook `BeforeClearDocument' on input line 59.
 [48]
Package atveryend Info: Empty hook `AfterLastShipout' on input line 59.

(./IntroImaging-FR.aux)
Package atveryend Info: Executing hook `AtVeryEndDocument' on input line 59.
Package atveryend Info: Executing hook `AtEndAfterFileList' on input line 59.
Package rerunfilecheck Info: File `IntroImaging-FR.out' has not changed.
(rerunfilecheck)             Checksum: D32B898DB0E97974A5F7A5CBD14D0AB7;3258.
Package atveryend Info: Empty hook `AtVeryVeryEnd' on input line 59.
 ) 
Here is how much of TeX's memory you used:
 8617 strings out of 492980
 128833 string characters out of 6132509
 203870 words of memory out of 5000000
 11658 multiletter control sequences out of 15000+600000
 26205 words of font info for 72 fonts, out of 8000000 for 9000
 1141 hyphenation exceptions out of 8191
 34i,14n,37p,1299b,474s stack positions out of 5000i,500n,10000p,200000b,80000s
{/usr/local/texlive/2016/texmf-dist/fonts/enc/dvips/cm-super/cm-super-t1.enc}
</usr/local/texlive/2016/texmf-dist/fonts/type1/public/amsfonts/cm/cmex10.pfb><
/usr/local/texlive/2016/texmf-dist/fonts/type1/public/amsfonts/cm/cmmi10.pfb></
usr/local/texlive/2016/texmf-dist/fonts/type1/public/amsfonts/cm/cmmi6.pfb></us
r/local/texlive/2016/texmf-dist/fonts/type1/public/amsfonts/cm/cmmi7.pfb></usr/
local/texlive/2016/texmf-dist/fonts/type1/public/amsfonts/cm/cmmi8.pfb></usr/lo
cal/texlive/2016/texmf-dist/fonts/type1/public/amsfonts/cm/cmr10.pfb></usr/loca
l/texlive/2016/texmf-dist/fonts/type1/public/amsfonts/cm/cmr6.pfb></usr/local/t
exlive/2016/texmf-dist/fonts/type1/public/amsfonts/cm/cmr7.pfb></usr/local/texl
ive/2016/texmf-dist/fonts/type1/public/amsfonts/cm/cmr8.pfb></usr/local/texlive
/2016/texmf-dist/fonts/type1/public/amsfonts/cm/cmsy10.pfb></usr/local/texlive/
2016/texmf-dist/fonts/type1/public/amsfonts/cm/cmsy6.pfb></usr/local/texlive/20
16/texmf-dist/fonts/type1/public/amsfonts/cm/cmsy7.pfb></usr/local/texlive/2016
/texmf-dist/fonts/type1/public/amsfonts/cm/cmsy8.pfb></usr/local/texlive/2016/t
exmf-dist/fonts/type1/public/amsfonts/symbols/msam10.pfb></usr/local/texlive/20
16/texmf-dist/fonts/type1/public/amsfonts/symbols/msbm10.pfb></usr/local/texliv
e/2016/texmf-dist/fonts/type1/public/cm-super/sfbx1095.pfb></usr/local/texlive/
2016/texmf-dist/fonts/type1/public/cm-super/sfbx1200.pfb></usr/local/texlive/20
16/texmf-dist/fonts/type1/public/cm-super/sfbx1440.pfb></usr/local/texlive/2016
/texmf-dist/fonts/type1/public/cm-super/sfbx2074.pfb></usr/local/texlive/2016/t
exmf-dist/fonts/type1/public/cm-super/sfbx2488.pfb></usr/local/texlive/2016/tex
mf-dist/fonts/type1/public/cm-super/sfrm0600.pfb></usr/local/texlive/2016/texmf
-dist/fonts/type1/public/cm-super/sfrm0800.pfb></usr/local/texlive/2016/texmf-d
ist/fonts/type1/public/cm-super/sfrm1095.pfb></usr/local/texlive/2016/texmf-dis
t/fonts/type1/public/cm-super/sfrm1200.pfb></usr/local/texlive/2016/texmf-dist/
fonts/type1/public/cm-super/sfss2488.pfb></usr/local/texlive/2016/texmf-dist/fo
nts/type1/public/cm-super/sfti1095.pfb></usr/local/texlive/2016/texmf-dist/font
s/type1/public/cm-super/sftt0900.pfb></usr/local/texlive/2016/texmf-dist/fonts/
type1/public/cm-super/sftt1095.pfb></usr/local/texlive/2016/texmf-dist/fonts/ty
pe1/public/cm-super/sftt1200.pfb>
Output written on IntroImaging-FR.pdf (48 pages, 7509086 bytes).
PDF statistics:
 1993 PDF objects out of 2073 (max. 8388607)
 1653 compressed objects within 17 object streams
 186 named destinations out of 1000 (max. 500000)
 754 words of extra memory for PDF output out of 10000 (max. 10000000)

