This is pdfTeX, Version 3.14159265-2.6-1.40.19 (TeX Live 2018) (preloaded format=pdflatex 2019.3.11)  14 MAR 2019 20:54
entering extended mode
 restricted \write18 enabled.
 file:line:error style messages enabled.
 %&-line parsing enabled.
**TransportFR.tex
(./TransportFR.tex
LaTeX2e <2018-04-01> patch level 2
Babel <3.18> and hyphenation patterns for 84 language(s) loaded.
(/usr/local/texlive/2018/texmf-dist/tex/latex/base/article.cls
Document Class: article 2014/09/29 v1.4h Standard LaTeX document class
(/usr/local/texlive/2018/texmf-dist/tex/latex/base/size11.clo
File: size11.clo 2014/09/29 v1.4h Standard LaTeX file (size option)
)
\c@part=\count80
\c@section=\count81
\c@subsection=\count82
\c@subsubsection=\count83
\c@paragraph=\count84
\c@subparagraph=\count85
\c@figure=\count86
\c@table=\count87
\abovecaptionskip=\skip41
\belowcaptionskip=\skip42
\bibindent=\dimen102
)
(/usr/local/texlive/2018/texmf-dist/tex/latex/hyperref/hyperref.sty
Package: hyperref 2018/02/06 v6.86b Hypertext links for LaTeX

(/usr/local/texlive/2018/texmf-dist/tex/generic/oberdiek/hobsub-hyperref.sty
Package: hobsub-hyperref 2016/05/16 v1.14 Bundle oberdiek, subset hyperref (HO)


(/usr/local/texlive/2018/texmf-dist/tex/generic/oberdiek/hobsub-generic.sty
Package: hobsub-generic 2016/05/16 v1.14 Bundle oberdiek, subset generic (HO)
Package: hobsub 2016/05/16 v1.14 Construct package bundles (HO)
Package: infwarerr 2016/05/16 v1.4 Providing info/warning/error messages (HO)
Package: ltxcmds 2016/05/16 v1.23 LaTeX kernel commands for general use (HO)
Package: ifluatex 2016/05/16 v1.4 Provides the ifluatex switch (HO)
Package ifluatex Info: LuaTeX not detected.
Package: ifvtex 2016/05/16 v1.6 Detect VTeX and its facilities (HO)
Package ifvtex Info: VTeX not detected.
Package: intcalc 2016/05/16 v1.2 Expandable calculations with integers (HO)
Package: ifpdf 2017/03/15 v3.2 Provides the ifpdf switch
Package: etexcmds 2016/05/16 v1.6 Avoid name clashes with e-TeX commands (HO)
Package etexcmds Info: Could not find \expanded.
(etexcmds)             That can mean that you are not using pdfTeX 1.50 or
(etexcmds)             that some package has redefined \expanded.
(etexcmds)             In the latter case, load this package earlier.
Package: kvsetkeys 2016/05/16 v1.17 Key value parser (HO)
Package: kvdefinekeys 2016/05/16 v1.4 Define keys (HO)
Package: pdftexcmds 2018/01/30 v0.27 Utility functions of pdfTeX for LuaTeX (HO
)
Package pdftexcmds Info: LuaTeX not detected.
Package pdftexcmds Info: \pdf@primitive is available.
Package pdftexcmds Info: \pdf@ifprimitive is available.
Package pdftexcmds Info: \pdfdraftmode found.
Package: pdfescape 2016/05/16 v1.14 Implements pdfTeX's escape features (HO)
Package: bigintcalc 2016/05/16 v1.4 Expandable calculations on big integers (HO
)
Package: bitset 2016/05/16 v1.2 Handle bit-vector datatype (HO)
Package: uniquecounter 2016/05/16 v1.3 Provide unlimited unique counter (HO)
)
Package hobsub Info: Skipping package `hobsub' (already loaded).
Package: letltxmacro 2016/05/16 v1.5 Let assignment for LaTeX macros (HO)
Package: hopatch 2016/05/16 v1.3 Wrapper for package hooks (HO)
Package: xcolor-patch 2016/05/16 xcolor patch
Package: atveryend 2016/05/16 v1.9 Hooks at the very end of document (HO)
Package atveryend Info: \enddocument detected (standard20110627).
Package: atbegshi 2016/06/09 v1.18 At begin shipout hook (HO)
Package: refcount 2016/05/16 v3.5 Data extraction from label references (HO)
Package: hycolor 2016/05/16 v1.8 Color options for hyperref/bookmark (HO)
)
(/usr/local/texlive/2018/texmf-dist/tex/latex/graphics/keyval.sty
Package: keyval 2014/10/28 v1.15 key=value parser (DPC)
\KV@toks@=\toks14
)
(/usr/local/texlive/2018/texmf-dist/tex/generic/ifxetex/ifxetex.sty
Package: ifxetex 2010/09/12 v0.6 Provides ifxetex conditional
)
(/usr/local/texlive/2018/texmf-dist/tex/latex/oberdiek/auxhook.sty
Package: auxhook 2016/05/16 v1.4 Hooks for auxiliary files (HO)
)
(/usr/local/texlive/2018/texmf-dist/tex/latex/oberdiek/kvoptions.sty
Package: kvoptions 2016/05/16 v3.12 Key value format for package options (HO)
)
\@linkdim=\dimen103
\Hy@linkcounter=\count88
\Hy@pagecounter=\count89

(/usr/local/texlive/2018/texmf-dist/tex/latex/hyperref/pd1enc.def
File: pd1enc.def 2018/02/06 v6.86b Hyperref: PDFDocEncoding definition (HO)
Now handling font encoding PD1 ...
... no UTF-8 mapping file for font encoding PD1
)
\Hy@SavedSpaceFactor=\count90

(/usr/local/texlive/2018/texmf-dist/tex/latex/latexconfig/hyperref.cfg
File: hyperref.cfg 2002/06/06 v1.2 hyperref configuration of TeXLive
)
Package hyperref Info: Option `bookmarks' set `true' on input line 4383.
Package hyperref Info: Option `colorlinks' set `true' on input line 4383.
Package hyperref Info: Hyper figures OFF on input line 4509.
Package hyperref Info: Link nesting OFF on input line 4514.
Package hyperref Info: Hyper index ON on input line 4517.
Package hyperref Info: Plain pages OFF on input line 4524.
Package hyperref Info: Backreferencing OFF on input line 4529.
Package hyperref Info: Implicit mode ON; LaTeX internals redefined.
Package hyperref Info: Bookmarks ON on input line 4762.
\c@Hy@tempcnt=\count91

(/usr/local/texlive/2018/texmf-dist/tex/latex/url/url.sty
\Urlmuskip=\muskip10
Package: url 2013/09/16  ver 3.4  Verb mode for urls, etc.
)
LaTeX Info: Redefining \url on input line 5115.
\XeTeXLinkMargin=\dimen104
\Fld@menulength=\count92
\Field@Width=\dimen105
\Fld@charsize=\dimen106
Package hyperref Info: Hyper figures OFF on input line 6369.
Package hyperref Info: Link nesting OFF on input line 6374.
Package hyperref Info: Hyper index ON on input line 6377.
Package hyperref Info: backreferencing OFF on input line 6384.
Package hyperref Info: Link coloring ON on input line 6387.
Package hyperref Info: Link coloring with OCG OFF on input line 6394.
Package hyperref Info: PDF/A mode OFF on input line 6399.
LaTeX Info: Redefining \ref on input line 6439.
LaTeX Info: Redefining \pageref on input line 6443.
\Hy@abspage=\count93
\c@Item=\count94
\c@Hfootnote=\count95
)
Package hyperref Info: Driver (autodetected): hpdftex.

(/usr/local/texlive/2018/texmf-dist/tex/latex/hyperref/hpdftex.def
File: hpdftex.def 2018/02/06 v6.86b Hyperref driver for pdfTeX
\Fld@listcount=\count96
\c@bookmark@seq@number=\count97

(/usr/local/texlive/2018/texmf-dist/tex/latex/oberdiek/rerunfilecheck.sty
Package: rerunfilecheck 2016/05/16 v1.8 Rerun checks for auxiliary files (HO)
Package uniquecounter Info: New unique counter `rerunfilecheck' on input line 2
82.
)
\Hy@SectionHShift=\skip43
)
(/usr/local/texlive/2018/texmf-dist/tex/latex/preprint/fullpage.sty
Package: fullpage 1999/02/23 1.1 (PWD)
\FP@margin=\skip44
)
(/usr/local/texlive/2018/texmf-dist/tex/latex/base/inputenc.sty
Package: inputenc 2018/04/06 v1.3b Input encoding file
\inpenc@prehook=\toks15
\inpenc@posthook=\toks16
)
(/usr/local/texlive/2018/texmf-dist/tex/generic/babel/babel.sty
Package: babel 2018/02/14 3.18 The Babel package

(/usr/local/texlive/2018/texmf-dist/tex/generic/babel/switch.def
File: switch.def 2018/02/14 3.18 Babel switching mechanism
)
(/usr/local/texlive/2018/texmf-dist/tex/generic/babel-french/french.ldf
Language: french 2018/03/25 v3.4c French support from the babel system

(/usr/local/texlive/2018/texmf-dist/tex/generic/babel/babel.def
File: babel.def 2018/02/14 3.18 Babel common definitions
\babel@savecnt=\count98
\U@D=\dimen107

(/usr/local/texlive/2018/texmf-dist/tex/generic/babel/txtbabel.def)
\bbl@dirlevel=\count99
)
\l@acadian = a dialect from \language\l@french 
\FB@nonchar=\count100
Package babel Info: Making : an active character on input line 415.
Package babel Info: Making ; an active character on input line 416.
Package babel Info: Making ! an active character on input line 417.
Package babel Info: Making ? an active character on input line 418.
\FBguill@level=\count101
\FB@everypar=\toks17
\FB@Mht=\dimen108
\mc@charclass=\count102
\mc@charfam=\count103
\mc@charslot=\count104
\std@mcc=\count105
\dec@mcc=\count106
\c@FBcaption@count=\count107
\listindentFB=\skip45
\descindentFB=\skip46
\labelwidthFB=\skip47
\leftmarginFB=\skip48
\parindentFFN=\dimen109
\FBfnindent=\skip49
))
(/usr/local/texlive/2018/texmf-dist/tex/latex/carlisle/scalefnt.sty)
(./mystyle.sty
(/usr/local/texlive/2018/texmf-dist/tex/latex/amsmath/amsmath.sty
Package: amsmath 2017/09/02 v2.17a AMS math features
\@mathmargin=\skip50

For additional information on amsmath, use the `?' option.
(/usr/local/texlive/2018/texmf-dist/tex/latex/amsmath/amstext.sty
Package: amstext 2000/06/29 v2.01 AMS text

(/usr/local/texlive/2018/texmf-dist/tex/latex/amsmath/amsgen.sty
File: amsgen.sty 1999/11/30 v2.0 generic functions
\@emptytoks=\toks18
\ex@=\dimen110
))
(/usr/local/texlive/2018/texmf-dist/tex/latex/amsmath/amsbsy.sty
Package: amsbsy 1999/11/29 v1.2d Bold Symbols
\pmbraise@=\dimen111
)
(/usr/local/texlive/2018/texmf-dist/tex/latex/amsmath/amsopn.sty
Package: amsopn 2016/03/08 v2.02 operator names
)
\inf@bad=\count108
LaTeX Info: Redefining \frac on input line 213.
\uproot@=\count109
\leftroot@=\count110
LaTeX Info: Redefining \overline on input line 375.
\classnum@=\count111
\DOTSCASE@=\count112
LaTeX Info: Redefining \ldots on input line 472.
LaTeX Info: Redefining \dots on input line 475.
LaTeX Info: Redefining \cdots on input line 596.
\Mathstrutbox@=\box26
\strutbox@=\box27
\big@size=\dimen112
LaTeX Font Info:    Redeclaring font encoding OML on input line 712.
LaTeX Font Info:    Redeclaring font encoding OMS on input line 713.
\macc@depth=\count113
\c@MaxMatrixCols=\count114
\dotsspace@=\muskip11
\c@parentequation=\count115
\dspbrk@lvl=\count116
\tag@help=\toks19
\row@=\count117
\column@=\count118
\maxfields@=\count119
\andhelp@=\toks20
\eqnshift@=\dimen113
\alignsep@=\dimen114
\tagshift@=\dimen115
\tagwidth@=\dimen116
\totwidth@=\dimen117
\lineht@=\dimen118
\@envbody=\toks21
\multlinegap=\skip51
\multlinetaggap=\skip52
\mathdisplay@stack=\toks22
LaTeX Info: Redefining \[ on input line 2817.
LaTeX Info: Redefining \] on input line 2818.
)
(/usr/local/texlive/2018/texmf-dist/tex/latex/amsfonts/amsfonts.sty
Package: amsfonts 2013/01/14 v3.01 Basic AMSFonts support
\symAMSa=\mathgroup4
\symAMSb=\mathgroup5
LaTeX Font Info:    Overwriting math alphabet `\mathfrak' in version `bold'
(Font)                  U/euf/m/n --> U/euf/b/n on input line 106.
)
(/usr/local/texlive/2018/texmf-dist/tex/latex/amsfonts/amssymb.sty
Package: amssymb 2013/01/14 v3.01 AMS font symbols
)
(/usr/local/texlive/2018/texmf-dist/tex/latex/amscls/amsthm.sty
Package: amsthm 2017/10/31 v2.20.4
\thm@style=\toks23
\thm@bodyfont=\toks24
\thm@headfont=\toks25
\thm@notefont=\toks26
\thm@headpunct=\toks27
\thm@preskip=\skip53
\thm@postskip=\skip54
\thm@headsep=\skip55
\dth@everypar=\toks28
)
(/usr/local/texlive/2018/texmf-dist/tex/latex/jknapltx/mathrsfs.sty
Package: mathrsfs 1996/01/01 Math RSFS package v1.0 (jk)
\symrsfs=\mathgroup6
)
(/usr/local/texlive/2018/texmf-dist/tex/latex/doublestroke/dsfont.sty
Package: dsfont 1995/08/01 v0.1 Double stroke roman fonts
)
(/usr/local/texlive/2018/texmf-dist/tex/latex/graphics/graphicx.sty
Package: graphicx 2017/06/01 v1.1a Enhanced LaTeX Graphics (DPC,SPQR)

(/usr/local/texlive/2018/texmf-dist/tex/latex/graphics/graphics.sty
Package: graphics 2017/06/25 v1.2c Standard LaTeX Graphics (DPC,SPQR)

(/usr/local/texlive/2018/texmf-dist/tex/latex/graphics/trig.sty
Package: trig 2016/01/03 v1.10 sin cos tan (DPC)
)
(/usr/local/texlive/2018/texmf-dist/tex/latex/graphics-cfg/graphics.cfg
File: graphics.cfg 2016/06/04 v1.11 sample graphics configuration
)
Package graphics Info: Driver file: pdftex.def on input line 99.

(/usr/local/texlive/2018/texmf-dist/tex/latex/graphics-def/pdftex.def
File: pdftex.def 2018/01/08 v1.0l Graphics/color driver for pdftex
))
\Gin@req@height=\dimen119
\Gin@req@width=\dimen120
)
(/usr/local/texlive/2018/texmf-dist/tex/latex/tools/array.sty
Package: array 2018/04/07 v2.4g Tabular extension package (FMi)
\col@sep=\dimen121
\ar@mcellbox=\box28
\extrarowheight=\dimen122
\NC@list=\toks29
\extratabsurround=\skip56
\backup@length=\skip57
\ar@cellbox=\box29
)
(/usr/local/texlive/2018/texmf-dist/tex/latex/tools/tabularx.sty
Package: tabularx 2016/02/03 v2.11b `tabularx' package (DPC)
\TX@col@width=\dimen123
\TX@old@table=\dimen124
\TX@old@col=\dimen125
\TX@target=\dimen126
\TX@delta=\dimen127
\TX@cols=\count120
\TX@ftn=\toks30
)
(/usr/local/texlive/2018/texmf-dist/tex/latex/tools/indentfirst.sty
Package: indentfirst 1995/11/23 v1.03 Indent first paragraph (DPC)
)
(/usr/local/texlive/2018/texmf-dist/tex/latex/tools/xspace.sty
Package: xspace 2014/10/28 v1.13 Space after command names (DPC,MH)
)
(/usr/local/texlive/2018/texmf-dist/tex/latex/xcolor/xcolor.sty
Package: xcolor 2016/05/11 v2.12 LaTeX color extensions (UK)

(/usr/local/texlive/2018/texmf-dist/tex/latex/graphics-cfg/color.cfg
File: color.cfg 2016/01/02 v1.6 sample color configuration
)
Package xcolor Info: Driver file: pdftex.def on input line 225.
Package xcolor Info: Model `cmy' substituted by `cmy0' on input line 1348.
Package xcolor Info: Model `hsb' substituted by `rgb' on input line 1352.
Package xcolor Info: Model `RGB' extended on input line 1364.
Package xcolor Info: Model `HTML' substituted by `rgb' on input line 1366.
Package xcolor Info: Model `Hsb' substituted by `hsb' on input line 1367.
Package xcolor Info: Model `tHsb' substituted by `hsb' on input line 1368.
Package xcolor Info: Model `HSB' substituted by `hsb' on input line 1369.
Package xcolor Info: Model `Gray' substituted by `gray' on input line 1370.
Package xcolor Info: Model `wave' substituted by `hsb' on input line 1371.
)
\c@thm=\count121
\c@prop=\count122
\c@defn=\count123
\c@cor=\count124
\c@lem=\count125
\c@rem=\count126
\c@exmp=\count127

(/usr/local/texlive/2018/texmf-dist/tex/latex/float/float.sty
Package: float 2001/11/08 v1.3d Float enhancements (AL)
\c@float@type=\count128
\float@exts=\toks31
\float@box=\box30
\@float@everytoks=\toks32
\@floatcapt=\box31
)
\@float@every@listing=\toks33
\c@listing=\count129

(/usr/local/texlive/2018/texmf-dist/tex/latex/natbib/natbib.sty
Package: natbib 2010/09/13 8.31b (PWD, AO)
\bibhang=\skip58
\bibsep=\skip59
LaTeX Info: Redefining \cite on input line 694.
\c@NAT@ctr=\count130
)
(/usr/local/texlive/2018/texmf-dist/tex/latex/multirow/multirow.sty
Package: multirow 2016/11/25 v2.2 Span multiple rows of a table
\multirow@colwidth=\skip60
\multirow@cntb=\count131
\multirow@dima=\skip61
\bigstrutjot=\dimen128
))
(/usr/local/texlive/2018/texmf-dist/tex/latex/base/fontenc.sty
Package: fontenc 2017/04/05 v2.0i Standard LaTeX package

(/usr/local/texlive/2018/texmf-dist/tex/latex/base/t1enc.def
File: t1enc.def 2017/04/05 v2.0i Standard LaTeX file
LaTeX Font Info:    Redeclaring font encoding T1 on input line 48.
))
(./TransportFR.aux)
\openout1 = `TransportFR.aux'.

LaTeX Font Info:    Checking defaults for OML/cmm/m/it on input line 43.
LaTeX Font Info:    ... okay on input line 43.
LaTeX Font Info:    Checking defaults for T1/cmr/m/n on input line 43.
LaTeX Font Info:    ... okay on input line 43.
LaTeX Font Info:    Checking defaults for OT1/cmr/m/n on input line 43.
LaTeX Font Info:    ... okay on input line 43.
LaTeX Font Info:    Checking defaults for OMS/cmsy/m/n on input line 43.
LaTeX Font Info:    ... okay on input line 43.
LaTeX Font Info:    Checking defaults for OMX/cmex/m/n on input line 43.
LaTeX Font Info:    ... okay on input line 43.
LaTeX Font Info:    Checking defaults for U/cmr/m/n on input line 43.
LaTeX Font Info:    ... okay on input line 43.
LaTeX Font Info:    Checking defaults for PD1/pdf/m/n on input line 43.
LaTeX Font Info:    ... okay on input line 43.
\AtBeginShipoutBox=\box32
Package hyperref Info: Link coloring ON on input line 43.

(/usr/local/texlive/2018/texmf-dist/tex/latex/hyperref/nameref.sty
Package: nameref 2016/05/21 v2.44 Cross-referencing by name of section

(/usr/local/texlive/2018/texmf-dist/tex/generic/oberdiek/gettitlestring.sty
Package: gettitlestring 2016/05/16 v1.5 Cleanup title references (HO)
)
\c@section@level=\count132
)
LaTeX Info: Redefining \ref on input line 43.
LaTeX Info: Redefining \pageref on input line 43.
LaTeX Info: Redefining \nameref on input line 43.

(./TransportFR.out) (./TransportFR.out)
\@outlinefile=\write3
\openout3 = `TransportFR.out'.

LaTeX Info: Redefining \degres on input line 43.
LaTeX Info: Redefiningench.ldf Warning: Please load the "natbib" package
(french.ldf)                BEFORE babel/french; reported on input line 44.

LaTeX Info: Redefining \up on input line 44.
(/usr/local/texlive/2018/texmf-dist/tex/context/base/mkii/supp-pdf.mkii
[Loading MPS to PDF converter (version 2006.09.02).]
\scratchcounter=\count133
\scratchdimen=\dimen129
\scratchbox=\box33
\nofMPsegments=\count134
\nofMParguments=\count135
\everyMPshowfont=\toks34
\MPscratchCnt=\count136
\MPscratchDim=\dimen130
\MPnumerator=\count137
\makeMPintoPDFobject=\count138
\everyMPtoPDFconversion=\toks35
) (/usr/local/texlive/2018/texmf-dist/tex/latex/oberdiek/epstopdf-base.sty
Package: epstopdf-base 2016/05/15 v2.6 Base part for package epstopdf

(/usr/local/texlive/2018/texmf-dist/tex/latex/oberdiek/grfext.sty
Package: grfext 2016/05/16 v1.2 Manage graphics extensions (HO)
)
Package epstopdf-base Info: Redefining graphics rule for `.eps' on input line 4
38.
Package grfext Info: Graphics extension search list:
(grfext)             [.pdf,.png,.jpg,.mps,.jpeg,.jbig2,.jb2,.PDF,.PNG,.JPG,.JPE
G,.JBIG2,.JB2,.eps]
(grfext)             \AppendGraphicsExtensions on input line 456.

(/usr/local/texlive/2018/texmf-dist/tex/latex/latexconfig/epstopdf-sys.cfg
File: epstopdf-sys.cfg 2010/07/13 v1.3 Configuration of (r)epstopdf for TeX Liv
e
))
LaTeX Font Info:    Try loading font information for U+msa on input line 47.

(/usr/local/texlive/2018/texmf-dist/tex/latex/amsfonts/umsa.fd
File: umsa.fd 2013/01/14 v3.01 AMS symbols A
)
LaTeX Font Info:    Try loading font information for U+msb on input line 47.

(/usr/local/texlive/2018/texmf-dist/tex/latex/amsfonts/umsb.fd
File: umsb.fd 2013/01/14 v3.01 AMS symbols B
)
LaTeX Font Info:    Try loading font information for U+rsfs on input line 47.

(/usr/local/texlive/2018/texmf-dist/tex/latex/jknapltx/ursfs.fd
File: ursfs.fd 1998/03/24 rsfs font definition file (jk)
)
LaTeX Font Info:    Try loading font information for T1+cmtt on input line 47.

(/usr/local/texlive/2018/texmf-dist/tex/latex/base/t1cmtt.fd
File: t1cmtt.fd 2014/09/29 v2.5h Standard LaTeX font definitions
) (./chap-fr/ot.tex

./chap-fr/ot.tex:25: Package inputenc Error: Unicode character ½ (U+BD)
(inputenc)                not set up for use with LaTeX.

See the inputenc package documentation for explanation.
Type  H <return>  for immediate help.
 ...                                              
                                                  
l.25 Gaspard Monge, en plus d'ï¿½
                                    tre un grand mathï¿½maticien, a parti...

? 

./chap-fr/ot.tex:25: Package inputenc Error: Unicode character ½ (U+BD)
(inputenc)                not set up for use with LaTeX.

See the inputenc package documentation for explanation.
Type  H <return>  for immediate help.
 ...                                              
                                                  
l.25 ...e, en plus d'ï¿½tre un grand mathï¿½
                                                  maticien, a participï¿½...

? 
./chap-fr/ot.tex:25: Emergency stop.
 ...                                              
                                                  
l.25 ...e, en plus d'ï¿½tre un grand mathï¿½
                                                  maticien, a participï¿½...

You may provide a definition with
\DeclareUnicodeCharacter 

 
Here is how much of TeX's memory you used:
 8783 strings out of 492649
 120444 string characters out of 6129622
 224610 words of memory out of 5000000
 12534 multiletter control sequences out of 15000+600000
 16969 words of font info for 55 fonts, out of 8000000 for 9000
 1141 hyphenation exceptions out of 8191
 34i,13n,37p,806b,423s stack positions out of 5000i,500n,10000p,200000b,80000s
./chap-fr/ot.tex:25:  ==> Fatal error occurred, no output PDF file produced!
tex/updmap/pdftex.map}]
<./figures/transport/cafe-paris/ordre-croissant-64.jpg, id=68, 1215.54124pt x 1
098.1025pt>
File: ./figures/transport/cafe-paris/ordre-croissant-64.jpg Graphic file (type 
jpg)
<use ./figures/transport/cafe-paris/ordre-croissant-64.jpg>
Package pdftex.def Info: ./figures/transport/cafe-paris/ordre-croissant-64.jpg 
 used on input line 89.
(pdftex.def)             Requested size: 103.34666pt x 93.34586pt.
<./figures/transport/cafe-paris/ordre-croissant-65.jpg, id=69, 1215.54124pt x 1
101.11375pt>
File: ./figures/transport/cafe-paris/ordre-croissant-65.jpg Graphic file (type 
jpg)
<use ./figures/transport/cafe-paris/ordre-croissant-65.jpg>
Package pdftex.def Info: ./figures/transport/cafe-paris/ordre-croissant-65.jpg 
 used on input line 90.
(pdftex.def)             Requested size: 103.34666pt x 93.60182pt.
<./figures/transport/cafe-paris/ordre-croissant-66.jpg, id=70, 1220.56pt x 1110
.1475pt>
File: ./figures/transport/cafe-paris/ordre-croissant-66.jpg Graphic file (type 
jpg)
<use ./figures/transport/cafe-paris/ordre-croissant-66.jpg>
Package pdftex.def Info: ./figures/transport/cafe-paris/ordre-croissant-66.jpg 
 used on input line 91.
(pdftex.def)             Requested size: 103.34666pt x 93.99709pt.
<./figures/transport/cafe-paris/ordre-croissant-152.jpg, id=71, 1213.53375pt x 
1097.09875pt>
File: ./figures/transport/cafe-paris/ordre-croissant-152.jpg Graphic file (type
 jpg)
<use ./figures/transport/cafe-paris/ordre-croissant-152.jpg>
Package pdftex.def Info: ./figures/transport/cafe-paris/ordre-croissant-152.jpg
  used on input line 92.
(pdftex.def)             Requested size: 103.34666pt x 93.42793pt.

[2pdfTeX warning (ext4): destination with the same identifier (name{figure.1}) 
has been already used, duplicate ignored

\AtBegShi@Output ...ipout \box \AtBeginShipoutBox 
                                                  \fi \fi 
l.102 
      pdfTeX warning (ext4): destination with the same identifier (name{figure.
2}) has been already used, duplicate ignored

\AtBegShi@Output ...ipout \box \AtBeginShipoutBox 
                                                  \fi \fi 
l.102 
       <./figures/transport/cafe-paris/map-paris-0-couts.png> <./figures/transp
ort/cafe-paris/map-paris-0.jpg> <./figures/transport/cafe-paris/map-paris-1-cou
ts.png> <./figures/transport/cafe-paris/map-paris-1.jpg> <./figures/transport/c
afe-paris/ordre-croissant-64.jpg> <./figures/transport/cafe-paris/ordre-croissa
nt-65.jpg> <./figures/transport/cafe-paris/ordre-croissant-66.jpg> <./figures/t
ransport/cafe-paris/ordre-croissant-152.jpg>]
<./figures/transport/metro/plan-metro.png, id=88, 702.625pt x 129.48375pt>
File: ./figures/transport/metro/plan-metro.png Graphic file (type png)
<use ./figures/transport/metro/plan-metro.png>
Package pdftex.def Info: ./figures/transport/metro/plan-metro.png  used on inpu
t line 105.
(pdftex.def)             Requested size: 328.82707pt x 60.60051pt.
<./figures/transport/monge-2d/article-monge.pdf, id=93, 196.51146pt x 170.24503
pt>
File: ./figures/transport/monge-2d/article-monge.pdf Graphic file (type pdf)
<use ./figures/transport/monge-2d/article-monge.pdf>
Package pdftex.def Info: ./figures/transport/monge-2d/article-monge.pdf  used o
n input line 121.
(pdftex.def)             Requested size: 103.34666pt x 89.53323pt.
<./figures/transport/monge-2d/example-10.jpg, id=94, 1061.9675pt x 826.08624pt>

File: ./figures/transport/monge-2d/example-10.jpg Graphic file (type jpg)
<use ./figures/transport/monge-2d/example-10.jpg>
Package pdftex.def Info: ./figures/transport/monge-2d/example-10.jpg  used on i
nput line 123.
(pdftex.def)             Requested size: 103.34666pt x 80.38237pt.
<./figures/transport/monge-2d/example-70.jpg, id=95, 1068.99374pt x 839.135pt>
File: ./figures/transport/monge-2d/example-70.jpg Graphic file (type jpg)
<use ./figures/transport/monge-2d/example-70.jpg>
Package pdftex.def Info: ./figures/transport/monge-2d/example-70.jpg  used on i
nput line 124.
(pdftex.def)             Requested size: 103.34666pt x 81.1143pt.
 [3pdfTeX warning (ext4): destination with the same identifier (name{figure.3})
 has been already used, duplicate ignored

\AtBegShi@Output ...ipout \box \AtBeginShipoutBox 
                                                  \fi \fi 
l.143 
       <./figures/transport/metro/plan-metro.png>] [4pdfTeX warning (ext4): des
tination with the same identifier (name{figure.4}) has been already used, dupli
cate ignored

\AtBegShi@Output ...ipout \box \AtBeginShipoutBox 
                                                  \fi \fi 
l.171 }
        <./figures/transport/monge-2d/article-monge.pdf> <./figures/transport/m
onge-2d/example-10.jpg> <./figures/transport/monge-2d/example-70.jpg>] [5]
<./figures/transport/kantorovitch/coupling-array.pdf, id=149, 242.9075pt x 213.
79875pt>
File: ./figures/transport/kantorovitch/coupling-array.pdf Graphic file (type pd
f)
<use ./figures/transport/kantorovitch/coupling-array.pdf>
Package pdftex.def Info: ./figures/transport/kantorovitch/coupling-array.pdf  u
sed on input line 222.
(pdftex.def)             Requested size: 103.34666pt x 90.95949pt.
<./figures/transport/kantorovitch/coupling-squares.pdf, id=150, 244.77809pt x 2
45.5074pt>
File: ./figures/transport/kantorovitch/coupling-squares.pdf Graphic file (type 
pdf)
<use ./figures/transport/kantorovitch/coupling-squares.pdf>
Package pdftex.def Info: ./figures/transport/kantorovitch/coupling-squares.pdf 
 used on input line 223.
(pdftex.def)             Requested size: 103.34666pt x 103.65558pt.
<./figures/transport/kantorovitch/coupling-map.jpg, id=151, 989.6975pt x 852.18
375pt>
File: ./figures/transport/kantorovitch/coupling-map.jpg Graphic file (type jpg)

<use ./figures/transport/kantorovitch/coupling-map.jpg>
Package pdftex.def Info: ./figures/transport/kantorovitch/coupling-map.jpg  use
d on input line 224.
(pdftex.def)             Requested size: 103.34666pt x 88.98131pt.
<./figures/transport/kantorovitch/coupling-bipartite.pdf, id=152, 213.75197pt x
 182.3345pt>
File: ./figures/transport/kantorovitch/coupling-bipartite.pdf Graphic file (typ
e pdf)
<use ./figures/transport/kantorovitch/coupling-bipartite.pdf>
Package pdftex.def Info: ./figures/transport/kantorovitch/coupling-bipartite.pd
f  used on input line 225.
(pdftex.def)             Requested size: 103.34666pt x 88.1567pt.

[6]
<./figures/transport/applis/painting-2.jpg, id=164, 977.6525pt x 738.76pt>
File: ./figures/transport/applis/painting-2.jpg Graphic file (type jpg)
<use ./figures/transport/applis/painting-2.jpg>
Package pdftex.def Info: ./figures/transport/applis/painting-2.jpg  used on inp
ut line 252.
(pdftex.def)             Requested size: 112.74377pt x 85.18669pt.
<./figures/transport/applis/painting-1.jpg, id=165, 977.6525pt x 737.75626pt>
File: ./figures/transport/applis/painting-1.jpg Graphic file (type jpg)
<use ./figures/transport/applis/painting-1.jpg>
Package pdftex.def Info: ./figures/transport/applis/painting-1.jpg  used on inp
ut line 253.
(pdftex.def)             Requested size: 112.74377pt x 85.07095pt.
<./figures/transport/applis/painting-2-equalized.jpg, id=166, 977.6525pt x 737.
75626pt>
File: ./figures/transport/applis/painting-2-equalized.jpg Graphic file (type jp
g)
<use ./figures/transport/applis/painting-2-equalized.jpg>
Package pdftex.def Info: ./figures/transport/applis/painting-2-equalized.jpg  u
sed on input line 254.
(pdftex.def)             Requested size: 112.74377pt x 85.07095pt.
<./figures/transport/applis/painting-2-histo.pdf, id=167, 178.06134pt x 144.794
25pt>
File: ./figures/transport/applis/painting-2-histo.pdf Graphic file (type pdf)
<use ./figures/transport/applis/painting-2-histo.pdf>
Package pdftex.def Info: ./figures/transport/applis/painting-2-histo.pdf  used 
on input line 256.
(pdftex.def)             Requested size: 112.74377pt x 91.6826pt.
<./figures/transport/applis/painting-1-histo.pdf, id=168, 178.37892pt x 150.461
43pt>
File: ./figures/transport/applis/painting-1-histo.pdf Graphic file (type pdf)
<use ./figures/transport/applis/painting-1-histo.pdf>
Package pdftex.def Info: ./figures/transport/applis/painting-1-histo.pdf  used 
on input line 257.
(pdftex.def)             Requested size: 112.74377pt x 95.09883pt.
File: ./figures/transport/applis/painting-1-histo.pdf Graphic file (type pdf)
<use ./figures/transport/applis/painting-1-histo.pdf>
Package pdftex.def Info: ./figures/transport/applis/painting-1-histo.pdf  used 
on input line 258.
(pdftex.def)             Requested size: 112.74377pt x 95.09883pt.
 [7pdfTeX warning (ext4): destination with the same identifier (name{figure.5})
 has been already used, duplicate ignored

\AtBegShi@Output ...ipout \box \AtBeginShipoutBox 
                                                  \fi \fi 
l.276 
       <./figures/transport/kantorovitch/coupling-array.pdf> <./figures/transpo
rt/kantorovitch/coupling-squares.pdf> <./figures/transport/kantorovitch/couplin
g-map.jpg> <./figures/transport/kantorovitch/coupling-bipartite.pdf>]
<./figures/transport/applis/shapes-3d.jpg, id=252, 1606.0pt x 1073.00874pt>
File: ./figures/transport/applis/shapes-3d.jpg Graphic file (type jpg)
<use ./figures/transport/applis/shapes-3d.jpg>
Package pdftex.def Info: ./figures/transport/applis/shapes-3d.jpg  used on inpu
t line 279.
(pdftex.def)             Requested size: 281.85587pt x 188.30327pt.
 [8pdfTeX warning (ext4): destination with the same identifier (name{figure.6})
 has been already used, duplicate ignored

\AtBegShi@Output ...ipout \box \AtBeginShipoutBox 
                                                  \fi \fi 
l.298 
       <./figures/transport/applis/painting-2.jpg> <./figures/transport/applis/
painting-1.jpg> <./figures/transport/applis/painting-2-equalized.jpg> <./figure
s/transport/applis/painting-2-histo.pdf> <./figures/transport/applis/painting-1
-histo.pdf>]
<./figures/transport/applis/bag-word-1.jpg, id=291, 1449.415pt x 793.96625pt>
File: ./figures/transport/applis/bag-word-1.jpg Graphic file (type jpg)
<use ./figures/transport/applis/bag-word-1.jpg>
Package pdftex.def Info: ./figures/transport/applis/bag-word-1.jpg  used on inp
ut line 300.
(pdftex.def)             Requested size: 164.41711pt x 90.06241pt.
<./figures/transport/applis/bag-word-2.jpg, id=292, 1723.43875pt x 796.9775pt>
File: ./figures/transport/applis/bag-word-2.jpg Graphic file (type jpg)
<use ./figures/transport/applis/bag-word-2.jpg>
Package pdftex.def Info: ./figures/transport/applis/bag-word-2.jpg  used on inp
ut line 302.
(pdftex.def)             Requested size: 164.41711pt x 76.02983pt.
) (./TransportFR.bbl [9pdfTeX warning (ext4): destination with the same identif
ier (name{figure.7}) has been already used, duplicate ignored

\AtBegShi@Output ...ipout \box \AtBeginShipoutBox 
                                                  \fi \fi 
l.1 \begin{thebibliography}{10}
                               pdfTeX warning (ext4): destination with the same
 identifier (name{figure.8}) has been already used, duplicate ignored

\AtBegShi@Output ...ipout \box \AtBeginShipoutBox 
                                                  \fi \fi 
l.1 \begin{thebibliography}{10}
                                <./figures/transport/applis/shapes-3d.jpg> <./f
igures/transport/applis/bag-word-1.jpg> <./figures/transport/applis/bag-word-2.
jpg>])
Package atveryend Info: Empty hook `BeforeClearDocument' on input line 56.
 [10]
Package atveryend Info: Empty hook `AfterLastShipout' on input line 56.
 (./TransportFR.aux)
Package atveryend Info: Executing hook `AtVeryEndDocument' on input line 56.
Package atveryend Info: Executing hook `AtEndAfterFileList' on input line 56.
Package rerunfilecheck Info: File `TransportFR.out' has not changed.
(rerunfilecheck)             Checksum: E1D3524103FA4109A8D7985C229BBA59;553.
Package atveryend Info: Empty hook `AtVeryVeryEnd' on input line 56.
 ) 
Here is how much of TeX's memory you used:
 9062 strings out of 492649
 128158 string characters out of 6129622
 234858 words of memory out of 5000000
 12712 multiletter control sequences out of 15000+600000
 22053 words of font info for 66 fonts, out of 8000000 for 9000
 1141 hyphenation exceptions out of 8191
 34i,13n,37p,1626b,423s stack positions out of 5000i,500n,10000p,200000b,80000s
{/usr/local/texlive/2018/texmf-dist/fonts/enc/dvips/cm-super/cm-super-t1.enc}
</usr/local/texlive/2018/texmf-dist/fonts/type1/public/amsfonts/cm/cmex10.pfb><
/usr/local/texlive/2018/texmf-dist/fonts/type1/public/amsfonts/cm/cmmi10.pfb></
usr/local/texlive/2018/texmf-dist/fonts/type1/public/amsfonts/cm/cmmi6.pfb></us
r/local/texlive/2018/texmf-dist/fonts/type1/public/amsfonts/cm/cmmi7.pfb></usr/
local/texlive/2018/texmf-dist/fonts/type1/public/amsfonts/cm/cmmi8.pfb></usr/lo
cal/texlive/2018/texmf-dist/fonts/type1/public/amsfonts/cm/cmr10.pfb></usr/loca
l/texlive/2018/texmf-dist/fonts/type1/public/amsfonts/cm/cmr6.pfb></usr/local/t
exlive/2018/texmf-dist/fonts/type1/public/amsfonts/cm/cmr8.pfb></usr/local/texl
ive/2018/texmf-dist/fonts/type1/public/amsfonts/cm/cmsy10.pfb></usr/local/texli
ve/2018/texmf-dist/fonts/type1/public/amsfonts/cm/cmsy8.pfb></usr/local/texlive
/2018/texmf-dist/fonts/type1/public/amsfonts/symbols/msam10.pfb></usr/local/tex
live/2018/texmf-dist/fonts/type1/public/amsfonts/symbols/msbm10.pfb></usr/local
/texlive/2018/texmf-dist/fonts/type1/public/cm-super/sfbx1000.pfb></usr/local/t
exlive/2018/texmf-dist/fonts/type1/public/cm-super/sfbx1200.pfb></usr/local/tex
live/2018/texmf-dist/fonts/type1/public/cm-super/sfbx1440.pfb></usr/local/texli
ve/2018/texmf-dist/fonts/type1/public/cm-super/sfcc1095.pfb></usr/local/texlive
/2018/texmf-dist/fonts/type1/public/cm-super/sfrm0600.pfb></usr/local/texlive/2
018/texmf-dist/fonts/type1/public/cm-super/sfrm0800.pfb></usr/local/texlive/201
8/texmf-dist/fonts/type1/public/cm-super/sfrm1000.pfb></usr/local/texlive/2018/
texmf-dist/fonts/type1/public/cm-super/sfrm1095.pfb></usr/local/texlive/2018/te
xmf-dist/fonts/type1/public/cm-super/sfrm1200.pfb></usr/local/texlive/2018/texm
f-dist/fonts/type1/public/cm-super/sfrm1728.pfb></usr/local/texlive/2018/texmf-
dist/fonts/type1/public/cm-super/sfti1095.pfb></usr/local/texlive/2018/texmf-di
st/fonts/type1/public/cm-super/sftt1200.pfb>
Output written on TransportFR.pdf (10 pages, 6240752 bytes).
PDF statistics:
 402 PDF objects out of 1000 (max. 8388607)
 310 compressed objects within 4 object streams
 49 named destinations out of 1000 (max. 500000)
 185 words of extra memory for PDF output out of 10000 (max. 10000000)

