\BOOKMARK [0][-]{chapter.1}{Sparse Regularization}{}% 1
\BOOKMARK [1][-]{section.1.1}{Sparsity Priors}{chapter.1}% 2
\BOOKMARK [2][-]{subsection.1.1.1}{Ideal sparsity prior.}{section.1.1}% 3
\BOOKMARK [2][-]{subsection.1.1.2}{Convex relaxation}{section.1.1}% 4
\BOOKMARK [2][-]{subsection.1.1.3}{Sparse Regularization and Thresholding}{section.1.1}% 5
\BOOKMARK [1][-]{section.1.2}{Sparse Regularization of Inverse Problems}{chapter.1}% 6
\BOOKMARK [1][-]{section.1.3}{Iterative Soft Thresholding Algorithm}{chapter.1}% 7
\BOOKMARK [2][-]{subsection.1.3.1}{Noiseless Recovery as a Linear Program}{section.1.3}% 8
\BOOKMARK [2][-]{subsection.1.3.2}{Projected Gradient Descent for 1.}{section.1.3}% 9
\BOOKMARK [2][-]{subsection.1.3.3}{Iterative Soft Thresholding and Forward Backward}{section.1.3}% 10
\BOOKMARK [1][-]{section.1.4}{Example: Sparse Deconvolution}{chapter.1}% 11
\BOOKMARK [2][-]{subsection.1.4.1}{Sparse Spikes Deconvolution}{section.1.4}% 12
\BOOKMARK [2][-]{subsection.1.4.2}{Sparse Wavelets Deconvolution}{section.1.4}% 13
\BOOKMARK [2][-]{subsection.1.4.3}{Sparse Inpainting}{section.1.4}% 14
\BOOKMARK [0][-]{chapter.2}{Convex Optimization}{}% 15
\BOOKMARK [1][-]{section.2.1}{Gradient Descent Methods}{chapter.2}% 16
\BOOKMARK [2][-]{subsection.2.1.1}{Gradient Descent}{section.2.1}% 17
\BOOKMARK [2][-]{subsection.2.1.2}{Sub-gradient Descent}{section.2.1}% 18
\BOOKMARK [2][-]{subsection.2.1.3}{Projected Gradient Descent}{section.2.1}% 19
\BOOKMARK [1][-]{section.2.2}{Proximal Operators}{chapter.2}% 20
\BOOKMARK [2][-]{subsection.2.2.1}{Proximal Map }{section.2.2}% 21
\BOOKMARK [2][-]{subsection.2.2.2}{Proximal Point Algorithm}{section.2.2}% 22
\BOOKMARK [2][-]{subsection.2.2.3}{Forward-Backward}{section.2.2}% 23
\BOOKMARK [1][-]{section.2.3}{Primal-Dual Algorithms}{chapter.2}% 24
\BOOKMARK [2][-]{subsection.2.3.1}{Forward-backward on the Dual}{section.2.3}% 25
\BOOKMARK [2][-]{subsection.2.3.2}{Douglas-Rachford}{section.2.3}% 26
\BOOKMARK [2][-]{subsection.2.3.3}{Primal-Dual Splitting}{section.2.3}% 27
