This is pdfTeX, Version 3.14159265-2.6-1.40.19 (TeX Live 2018) (preloaded format=pdflatex 2019.3.11)  14 AUG 2019 13:18
entering extended mode
 restricted \write18 enabled.
 file:line:error style messages enabled.
 %&-line parsing enabled.
**CourseOT.tex
(./CourseOT.tex
LaTeX2e <2018-04-01> patch level 2
Babel <3.18> and hyphenation patterns for 84 language(s) loaded.
(/usr/local/texlive/2018/texmf-dist/tex/latex/base/article.cls
Document Class: article 2014/09/29 v1.4h Standard LaTeX document class
(/usr/local/texlive/2018/texmf-dist/tex/latex/base/size10.clo
File: size10.clo 2014/09/29 v1.4h Standard LaTeX file (size option)
)
\c@part=\count80
\c@section=\count81
\c@subsection=\count82
\c@subsubsection=\count83
\c@paragraph=\count84
\c@subparagraph=\count85
\c@figure=\count86
\c@table=\count87
\abovecaptionskip=\skip41
\belowcaptionskip=\skip42
\bibindent=\dimen102
)
(/usr/local/texlive/2018/texmf-dist/tex/latex/hyperref/hyperref.sty
Package: hyperref 2018/02/06 v6.86b Hypertext links for LaTeX

(/usr/local/texlive/2018/texmf-dist/tex/generic/oberdiek/hobsub-hyperref.sty
Package: hobsub-hyperref 2016/05/16 v1.14 Bundle oberdiek, subset hyperref (HO)


(/usr/local/texlive/2018/texmf-dist/tex/generic/oberdiek/hobsub-generic.sty
Package: hobsub-generic 2016/05/16 v1.14 Bundle oberdiek, subset generic (HO)
Package: hobsub 2016/05/16 v1.14 Construct package bundles (HO)
Package: infwarerr 2016/05/16 v1.4 Providing info/warning/error messages (HO)
Package: ltxcmds 2016/05/16 v1.23 LaTeX kernel commands for general use (HO)
Package: ifluatex 2016/05/16 v1.4 Provides the ifluatex switch (HO)
Package ifluatex Info: LuaTeX not detected.
Package: ifvtex 2016/05/16 v1.6 Detect VTeX and its facilities (HO)
Package ifvtex Info: VTeX not detected.
Package: intcalc 2016/05/16 v1.2 Expandable calculations with integers (HO)
Package: ifpdf 2017/03/15 v3.2 Provides the ifpdf switch
Package: etexcmds 2016/05/16 v1.6 Avoid name clashes with e-TeX commands (HO)
Package etexcmds Info: Could not find \expanded.
(etexcmds)             That can mean that you are not using pdfTeX 1.50 or
(etexcmds)             that some package has redefined \expanded.
(etexcmds)             In the latter case, load this package earlier.
Package: kvsetkeys 2016/05/16 v1.17 Key value parser (HO)
Package: kvdefinekeys 2016/05/16 v1.4 Define keys (HO)
Package: pdftexcmds 2018/01/30 v0.27 Utility functions of pdfTeX for LuaTeX (HO
)
Package pdftexcmds Info: LuaTeX not detected.
Package pdftexcmds Info: \pdf@primitive is available.
Package pdftexcmds Info: \pdf@ifprimitive is available.
Package pdftexcmds Info: \pdfdraftmode found.
Package: pdfescape 2016/05/16 v1.14 Implements pdfTeX's escape features (HO)
Package: bigintcalc 2016/05/16 v1.4 Expandable calculations on big integers (HO
)
Package: bitset 2016/05/16 v1.2 Handle bit-vector datatype (HO)
Package: uniquecounter 2016/05/16 v1.3 Provide unlimited unique counter (HO)
)
Package hobsub Info: Skipping package `hobsub' (already loaded).
Package: letltxmacro 2016/05/16 v1.5 Let assignment for LaTeX macros (HO)
Package: hopatch 2016/05/16 v1.3 Wrapper for package hooks (HO)
Package: xcolor-patch 2016/05/16 xcolor patch
Package: atveryend 2016/05/16 v1.9 Hooks at the very end of document (HO)
Package atveryend Info: \enddocument detected (standard20110627).
Package: atbegshi 2016/06/09 v1.18 At begin shipout hook (HO)
Package: refcount 2016/05/16 v3.5 Data extraction from label references (HO)
Package: hycolor 2016/05/16 v1.8 Color options for hyperref/bookmark (HO)
)
(/usr/local/texlive/2018/texmf-dist/tex/latex/graphics/keyval.sty
Package: keyval 2014/10/28 v1.15 key=value parser (DPC)
\KV@toks@=\toks14
)
(/usr/local/texlive/2018/texmf-dist/tex/generic/ifxetex/ifxetex.sty
Package: ifxetex 2010/09/12 v0.6 Provides ifxetex conditional
)
(/usr/local/texlive/2018/texmf-dist/tex/latex/oberdiek/auxhook.sty
Package: auxhook 2016/05/16 v1.4 Hooks for auxiliary files (HO)
)
(/usr/local/texlive/2018/texmf-dist/tex/latex/oberdiek/kvoptions.sty
Package: kvoptions 2016/05/16 v3.12 Key value format for package options (HO)
)
\@linkdim=\dimen103
\Hy@linkcounter=\count88
\Hy@pagecounter=\count89

(/usr/local/texlive/2018/texmf-dist/tex/latex/hyperref/pd1enc.def
File: pd1enc.def 2018/02/06 v6.86b Hyperref: PDFDocEncoding definition (HO)
Now handling font encoding PD1 ...
... no UTF-8 mapping file for font encoding PD1
)
\Hy@SavedSpaceFactor=\count90

(/usr/local/texlive/2018/texmf-dist/tex/latex/latexconfig/hyperref.cfg
File: hyperref.cfg 2002/06/06 v1.2 hyperref configuration of TeXLive
)
Package hyperref Info: Option `bookmarks' set `true' on input line 4383.
Package hyperref Info: Option `colorlinks' set `true' on input line 4383.
Package hyperref Info: Hyper figures OFF on input line 4509.
Package hyperref Info: Link nesting OFF on input line 4514.
Package hyperref Info: Hyper index ON on input line 4517.
Package hyperref Info: Plain pages OFF on input line 4524.
Package hyperref Info: Backreferencing OFF on input line 4529.
Package hyperref Info: Implicit mode ON; LaTeX internals redefined.
Package hyperref Info: Bookmarks ON on input line 4762.
\c@Hy@tempcnt=\count91

(/usr/local/texlive/2018/texmf-dist/tex/latex/url/url.sty
\Urlmuskip=\muskip10
Package: url 2013/09/16  ver 3.4  Verb mode for urls, etc.
)
LaTeX Info: Redefining \url on input line 5115.
\XeTeXLinkMargin=\dimen104
\Fld@menulength=\count92
\Field@Width=\dimen105
\Fld@charsize=\dimen106
Package hyperref Info: Hyper figures OFF on input line 6369.
Package hyperref Info: Link nesting OFF on input line 6374.
Package hyperref Info: Hyper index ON on input line 6377.
Package hyperref Info: backreferencing OFF on input line 6384.
Package hyperref Info: Link coloring ON on input line 6387.
Package hyperref Info: Link coloring with OCG OFF on input line 6394.
Package hyperref Info: PDF/A mode OFF on input line 6399.
LaTeX Info: Redefining \ref on input line 6439.
LaTeX Info: Redefining \pageref on input line 6443.
\Hy@abspage=\count93
\c@Item=\count94
\c@Hfootnote=\count95
)
Package hyperref Info: Driver (autodetected): hpdftex.

(/usr/local/texlive/2018/texmf-dist/tex/latex/hyperref/hpdftex.def
File: hpdftex.def 2018/02/06 v6.86b Hyperref driver for pdfTeX
\Fld@listcount=\count96
\c@bookmark@seq@number=\count97

(/usr/local/texlive/2018/texmf-dist/tex/latex/oberdiek/rerunfilecheck.sty
Package: rerunfilecheck 2016/05/16 v1.8 Rerun checks for auxiliary files (HO)
Package uniquecounter Info: New unique counter `rerunfilecheck' on input line 2
82.
)
\Hy@SectionHShift=\skip43
)
(/usr/local/texlive/2018/texmf-dist/tex/latex/preprint/fullpage.sty
Package: fullpage 1999/02/23 1.1 (PWD)
\FP@margin=\skip44
)
(/usr/local/texlive/2018/texmf-dist/tex/latex/base/inputenc.sty
Package: inputenc 2018/04/06 v1.3b Input encoding file
\inpenc@prehook=\toks15
\inpenc@posthook=\toks16

(/usr/local/texlive/2018/texmf-dist/tex/latex/base/latin1.def
File: latin1.def 2018/04/06 v1.3b Input encoding file
)) (./mystyle.sty
(/usr/local/texlive/2018/texmf-dist/tex/latex/amsmath/amsmath.sty
Package: amsmath 2017/09/02 v2.17a AMS math features
\@mathmargin=\skip45

For additional information on amsmath, use the `?' option.
(/usr/local/texlive/2018/texmf-dist/tex/latex/amsmath/amstext.sty
Package: amstext 2000/06/29 v2.01 AMS text

(/usr/local/texlive/2018/texmf-dist/tex/latex/amsmath/amsgen.sty
File: amsgen.sty 1999/11/30 v2.0 generic functions
\@emptytoks=\toks17
\ex@=\dimen107
))
(/usr/local/texlive/2018/texmf-dist/tex/latex/amsmath/amsbsy.sty
Package: amsbsy 1999/11/29 v1.2d Bold Symbols
\pmbraise@=\dimen108
)
(/usr/local/texlive/2018/texmf-dist/tex/latex/amsmath/amsopn.sty
Package: amsopn 2016/03/08 v2.02 operator names
)
\inf@bad=\count98
LaTeX Info: Redefining \frac on input line 213.
\uproot@=\count99
\leftroot@=\count100
LaTeX Info: Redefining \overline on input line 375.
\classnum@=\count101
\DOTSCASE@=\count102
LaTeX Info: Redefining \ldots on input line 472.
LaTeX Info: Redefining \dots on input line 475.
LaTeX Info: Redefining \cdots on input line 596.
\Mathstrutbox@=\box26
\strutbox@=\box27
\big@size=\dimen109
LaTeX Font Info:    Redeclaring font encoding OML on input line 712.
LaTeX Font Info:    Redeclaring font encoding OMS on input line 713.
\macc@depth=\count103
\c@MaxMatrixCols=\count104
\dotsspace@=\muskip11
\c@parentequation=\count105
\dspbrk@lvl=\count106
\tag@help=\toks18
\row@=\count107
\column@=\count108
\maxfields@=\count109
\andhelp@=\toks19
\eqnshift@=\dimen110
\alignsep@=\dimen111
\tagshift@=\dimen112
\tagwidth@=\dimen113
\totwidth@=\dimen114
\lineht@=\dimen115
\@envbody=\toks20
\multlinegap=\skip46
\multlinetaggap=\skip47
\mathdisplay@stack=\toks21
LaTeX Info: Redefining \[ on input line 2817.
LaTeX Info: Redefining \] on input line 2818.
)
(/usr/local/texlive/2018/texmf-dist/tex/latex/amsfonts/amsfonts.sty
Package: amsfonts 2013/01/14 v3.01 Basic AMSFonts support
\symAMSa=\mathgroup4
\symAMSb=\mathgroup5
LaTeX Font Info:    Overwriting math alphabet `\mathfrak' in version `bold'
(Font)                  U/euf/m/n --> U/euf/b/n on input line 106.
)
(/usr/local/texlive/2018/texmf-dist/tex/latex/amsfonts/amssymb.sty
Package: amssymb 2013/01/14 v3.01 AMS font symbols
)
(/usr/local/texlive/2018/texmf-dist/tex/latex/amscls/amsthm.sty
Package: amsthm 2017/10/31 v2.20.4
\thm@style=\toks22
\thm@bodyfont=\toks23
\thm@headfont=\toks24
\thm@notefont=\toks25
\thm@headpunct=\toks26
\thm@preskip=\skip48
\thm@postskip=\skip49
\thm@headsep=\skip50
\dth@everypar=\toks27
)
(/usr/local/texlive/2018/texmf-dist/tex/latex/jknapltx/mathrsfs.sty
Package: mathrsfs 1996/01/01 Math RSFS package v1.0 (jk)
\symrsfs=\mathgroup6
)
(/usr/local/texlive/2018/texmf-dist/tex/latex/mathtools/mathtools.sty
Package: mathtools 2018/01/08 v1.21 mathematical typesetting tools

(/usr/local/texlive/2018/texmf-dist/tex/latex/tools/calc.sty
Package: calc 2017/05/25 v4.3 Infix arithmetic (KKT,FJ)
\calc@Acount=\count110
\calc@Bcount=\count111
\calc@Adimen=\dimen116
\calc@Bdimen=\dimen117
\calc@Askip=\skip51
\calc@Bskip=\skip52
LaTeX Info: Redefining \setlength on input line 80.
LaTeX Info: Redefining \addtolength on input line 81.
\calc@Ccount=\count112
\calc@Cskip=\skip53
)
(/usr/local/texlive/2018/texmf-dist/tex/latex/mathtools/mhsetup.sty
Package: mhsetup 2017/03/31 v1.3 programming setup (MH)
)
LaTeX Info: Thecontrolsequence`\('isalreadyrobust on input line 129.
LaTeX Info: Thecontrolsequence`\)'isalreadyrobust on input line 129.
LaTeX Info: Thecontrolsequence`\['isalreadyrobust on input line 129.
LaTeX Info: Thecontrolsequence`\]'isalreadyrobust on input line 129.
\g_MT_multlinerow_int=\count113
\l_MT_multwidth_dim=\dimen118
\origjot=\skip54
\l_MT_shortvdotswithinadjustabove_dim=\dimen119
\l_MT_shortvdotswithinadjustbelow_dim=\dimen120
\l_MT_above_intertext_sep=\dimen121
\l_MT_below_intertext_sep=\dimen122
\l_MT_above_shortintertext_sep=\dimen123
\l_MT_below_shortintertext_sep=\dimen124
)
(/usr/local/texlive/2018/texmf-dist/tex/latex/graphics/graphicx.sty
Package: graphicx 2017/06/01 v1.1a Enhanced LaTeX Graphics (DPC,SPQR)

(/usr/local/texlive/2018/texmf-dist/tex/latex/graphics/graphics.sty
Package: graphics 2017/06/25 v1.2c Standard LaTeX Graphics (DPC,SPQR)

(/usr/local/texlive/2018/texmf-dist/tex/latex/graphics/trig.sty
Package: trig 2016/01/03 v1.10 sin cos tan (DPC)
)
(/usr/local/texlive/2018/texmf-dist/tex/latex/graphics-cfg/graphics.cfg
File: graphics.cfg 2016/06/04 v1.11 sample graphics configuration
)
Package graphics Info: Driver file: pdftex.def on input line 99.

(/usr/local/texlive/2018/texmf-dist/tex/latex/graphics-def/pdftex.def
File: pdftex.def 2018/01/08 v1.0l Graphics/color driver for pdftex
))
\Gin@req@height=\dimen125
\Gin@req@width=\dimen126
)
(/usr/local/texlive/2018/texmf-dist/tex/latex/subfigure/subfigure.sty
Package: subfigure 2002/03/15 v2.1.5 subfigure package
\subfigtopskip=\skip55
\subfigcapskip=\skip56
\subfigcaptopadj=\dimen127
\subfigbottomskip=\skip57
\subfigcapmargin=\dimen128
\subfiglabelskip=\skip58
\c@subfigure=\count114
\c@lofdepth=\count115
\c@subtable=\count116
\c@lotdepth=\count117

****************************************
* Local config file subfigure.cfg used *
****************************************
(/usr/local/texlive/2018/texmf-dist/tex/latex/subfigure/subfigure.cfg)
\subfig@top=\skip59
\subfig@bottom=\skip60
)
(/usr/local/texlive/2018/texmf-dist/tex/latex/tools/array.sty
Package: array 2018/04/07 v2.4g Tabular extension package (FMi)
\col@sep=\dimen129
\ar@mcellbox=\box28
\extrarowheight=\dimen130
\NC@list=\toks28
\extratabsurround=\skip61
\backup@length=\skip62
\ar@cellbox=\box29
)
(/usr/local/texlive/2018/texmf-dist/tex/latex/tools/tabularx.sty
Package: tabularx 2016/02/03 v2.11b `tabularx' package (DPC)
\TX@col@width=\dimen131
\TX@old@table=\dimen132
\TX@old@col=\dimen133
\TX@target=\dimen134
\TX@delta=\dimen135
\TX@cols=\count118
\TX@ftn=\toks29
)
(/usr/local/texlive/2018/texmf-dist/tex/latex/tools/indentfirst.sty
Package: indentfirst 1995/11/23 v1.03 Indent first paragraph (DPC)
)
(/usr/local/texlive/2018/texmf-dist/tex/latex/doublestroke/dsfont.sty
Package: dsfont 1995/08/01 v0.1 Double stroke roman fonts
)
(/usr/local/texlive/2018/texmf-dist/tex/latex/stmaryrd/stmaryrd.sty
Package: stmaryrd 1994/03/03 St Mary's Road symbol package
\symstmry=\mathgroup7
LaTeX Font Info:    Overwriting symbol font `stmry' in version `bold'
(Font)                  U/stmry/m/n --> U/stmry/b/n on input line 89.
)
(/usr/local/texlive/2018/texmf-dist/tex/latex/tools/xspace.sty
Package: xspace 2014/10/28 v1.13 Space after command names (DPC,MH)
)
(/usr/local/texlive/2018/texmf-dist/tex/latex/xcolor/xcolor.sty
Package: xcolor 2016/05/11 v2.12 LaTeX color extensions (UK)

(/usr/local/texlive/2018/texmf-dist/tex/latex/graphics-cfg/color.cfg
File: color.cfg 2016/01/02 v1.6 sample color configuration
)
Package xcolor Info: Driver file: pdftex.def on input line 225.
Package xcolor Info: Model `cmy' substituted by `cmy0' on input line 1348.
Package xcolor Info: Model `hsb' substituted by `rgb' on input line 1352.
Package xcolor Info: Model `RGB' extended on input line 1364.
Package xcolor Info: Model `HTML' substituted by `rgb' on input line 1366.
Package xcolor Info: Model `Hsb' substituted by `hsb' on input line 1367.
Package xcolor Info: Model `tHsb' substituted by `hsb' on input line 1368.
Package xcolor Info: Model `HSB' substituted by `hsb' on input line 1369.
Package xcolor Info: Model `Gray' substituted by `gray' on input line 1370.
Package xcolor Info: Model `wave' substituted by `hsb' on input line 1371.
)
\c@thm=\count119
\c@prop=\count120
\c@defn=\count121
\c@cor=\count122
\c@alg=\count123
\c@lem=\count124
\c@rem=\count125
\c@exmp=\count126

(/usr/local/texlive/2018/texmf-dist/tex/latex/float/float.sty
Package: float 2001/11/08 v1.3d Float enhancements (AL)
\c@float@type=\count127
\float@exts=\toks30
\float@box=\box30
\@float@everytoks=\toks31
\@floatcapt=\box31
)
\@float@every@listing=\toks32
\c@listing=\count128
)
(/usr/local/texlive/2018/texmf-dist/tex/latex/wrapfig/wrapfig.sty
\wrapoverhang=\dimen136
\WF@size=\dimen137
\c@WF@wrappedlines=\count129
\WF@box=\box32
\WF@everypar=\toks33
Package: wrapfig 2003/01/31  v 3.6
)
(./notations_ot.sty
(/usr/local/texlive/2018/texmf-dist/tex/latex/mdframed/mdframed.sty
Package: mdframed 2013/07/01 1.9b: mdframed

(/usr/local/texlive/2018/texmf-dist/tex/latex/l3packages/xparse/xparse.sty
(/usr/local/texlive/2018/texmf-dist/tex/latex/l3kernel/expl3.sty
Package: expl3 2018/03/05 L3 programming layer (loader) 

(/usr/local/texlive/2018/texmf-dist/tex/latex/l3kernel/expl3-code.tex
Package: expl3 2018/03/05 L3 programming layer (code)
\c_max_int=\count130
\l_tmpa_int=\count131
\l_tmpb_int=\count132
\g_tmpa_int=\count133
\g_tmpb_int=\count134
\g__intarray_font_int=\count135
\g__prg_map_int=\count136
\c_log_iow=\count137
\l_iow_line_count_int=\count138
\l__iow_line_target_int=\count139
\l__iow_one_indent_int=\count140
\l__iow_indent_int=\count141
\c_zero_dim=\dimen138
\c_max_dim=\dimen139
\l_tmpa_dim=\dimen140
\l_tmpb_dim=\dimen141
\g_tmpa_dim=\dimen142
\g_tmpb_dim=\dimen143
\c_zero_skip=\skip63
\c_max_skip=\skip64
\l_tmpa_skip=\skip65
\l_tmpb_skip=\skip66
\g_tmpa_skip=\skip67
\g_tmpb_skip=\skip68
\c_zero_muskip=\muskip12
\c_max_muskip=\muskip13
\l_tmpa_muskip=\muskip14
\l_tmpb_muskip=\muskip15
\g_tmpa_muskip=\muskip16
\g_tmpb_muskip=\muskip17
\l_keys_choice_int=\count142
\c__fp_leading_shift_int=\count143
\c__fp_middle_shift_int=\count144
\c__fp_trailing_shift_int=\count145
\c__fp_big_leading_shift_int=\count146
\c__fp_big_middle_shift_int=\count147
\c__fp_big_trailing_shift_int=\count148
\c__fp_Bigg_leading_shift_int=\count149
\c__fp_Bigg_middle_shift_int=\count150
\c__fp_Bigg_trailing_shift_int=\count151
\c__fp_rand_size_int=\count152
\c__fp_rand_four_int=\count153
\c__fp_rand_eight_int=\count154
\l__sort_length_int=\count155
\l__sort_min_int=\count156
\l__sort_top_int=\count157
\l__sort_max_int=\count158
\l__sort_true_max_int=\count159
\l__sort_block_int=\count160
\l__sort_begin_int=\count161
\l__sort_end_int=\count162
\l__sort_A_int=\count163
\l__sort_B_int=\count164
\l__sort_C_int=\count165
\l__tl_build_start_index_int=\count166
\l__tl_build_index_int=\count167
\l__tl_analysis_normal_int=\count168
\l__tl_analysis_index_int=\count169
\l__tl_analysis_nesting_int=\count170
\l__tl_analysis_type_int=\count171
\l__regex_internal_a_int=\count172
\l__regex_internal_b_int=\count173
\l__regex_internal_c_int=\count174
\l__regex_balance_int=\count175
\l__regex_group_level_int=\count176
\l__regex_mode_int=\count177
\c__regex_cs_in_class_mode_int=\count178
\c__regex_cs_mode_int=\count179
\l__regex_catcodes_int=\count180
\l__regex_default_catcodes_int=\count181
\c__regex_catcode_D_int=\count182
\c__regex_catcode_S_int=\count183
\c__regex_catcode_L_int=\count184
\c__regex_catcode_O_int=\count185
\c__regex_catcode_A_int=\count186
\c__regex_all_catcodes_int=\count187
\l__regex_show_lines_int=\count188
\l__regex_min_state_int=\count189
\l__regex_max_state_int=\count190
\l__regex_left_state_int=\count191
\l__regex_right_state_int=\count192
\l__regex_capturing_group_int=\count193
\l__regex_min_pos_int=\count194
\l__regex_max_pos_int=\count195
\l__regex_curr_pos_int=\count196
\l__regex_start_pos_int=\count197
\l__regex_success_pos_int=\count198
\l__regex_curr_char_int=\count199
\l__regex_curr_catcode_int=\count266
\l__regex_last_char_int=\count267
\l__regex_case_changed_char_int=\count268
\l__regex_curr_state_int=\count269
\l__regex_step_int=\count270
\l__regex_min_active_int=\count271
\l__regex_max_active_int=\count272
\l__regex_replacement_csnames_int=\count273
\l__regex_match_count_int=\count274
\l__regex_min_submatch_int=\count275
\l__regex_submatch_int=\count276
\l__regex_zeroth_submatch_int=\count277
\g__regex_trace_regex_int=\count278
\c_empty_box=\box33
\l_tmpa_box=\box34
\l_tmpb_box=\box35
\g_tmpa_box=\box36
\g_tmpb_box=\box37
\l__box_top_dim=\dimen144
\l__box_bottom_dim=\dimen145
\l__box_left_dim=\dimen146
\l__box_right_dim=\dimen147
\l__box_top_new_dim=\dimen148
\l__box_bottom_new_dim=\dimen149
\l__box_left_new_dim=\dimen150
\l__box_right_new_dim=\dimen151
\l__box_internal_box=\box38
\l__coffin_internal_box=\box39
\l__coffin_internal_dim=\dimen152
\l__coffin_offset_x_dim=\dimen153
\l__coffin_offset_y_dim=\dimen154
\l__coffin_x_dim=\dimen155
\l__coffin_y_dim=\dimen156
\l__coffin_x_prime_dim=\dimen157
\l__coffin_y_prime_dim=\dimen158
\c_empty_coffin=\box40
\l__coffin_aligned_coffin=\box41
\l__coffin_aligned_internal_coffin=\box42
\l_tmpa_coffin=\box43
\l_tmpb_coffin=\box44
\l__coffin_display_coffin=\box45
\l__coffin_display_coord_coffin=\box46
\l__coffin_display_pole_coffin=\box47
\l__coffin_display_offset_dim=\dimen159
\l__coffin_display_x_dim=\dimen160
\l__coffin_display_y_dim=\dimen161
\l__coffin_bounding_shift_dim=\dimen162
\l__coffin_left_corner_dim=\dimen163
\l__coffin_right_corner_dim=\dimen164
\l__coffin_bottom_corner_dim=\dimen165
\l__coffin_top_corner_dim=\dimen166
\l__coffin_scaled_total_height_dim=\dimen167
\l__coffin_scaled_width_dim=\dimen168
)
(/usr/local/texlive/2018/texmf-dist/tex/latex/l3kernel/l3pdfmode.def
File: l3pdfmode.def 2017/03/18 v L3 Experimental driver: PDF mode
\l__driver_color_stack_int=\count279
))
Package: xparse 2018/02/21 L3 Experimental document command parser
\l__xparse_current_arg_int=\count280
\g__xparse_grabber_int=\count281
\l__xparse_m_args_int=\count282
\l__xparse_mandatory_args_int=\count283
\l__xparse_v_nesting_int=\count284
)
(/usr/local/texlive/2018/texmf-dist/tex/latex/etoolbox/etoolbox.sty
Package: etoolbox 2018/02/11 v2.5e e-TeX tools for LaTeX (JAW)
\etb@tempcnta=\count285
)
(/usr/local/texlive/2018/texmf-dist/tex/latex/oberdiek/zref-abspage.sty
Package: zref-abspage 2016/05/21 v2.26 Module abspage for zref (HO)

(/usr/local/texlive/2018/texmf-dist/tex/latex/oberdiek/zref-base.sty
Package: zref-base 2016/05/21 v2.26 Module base for zref (HO)
Package zref Info: New property list: main on input line 759.
Package zref Info: New property: default on input line 760.
Package zref Info: New property: page on input line 761.
)
\c@abspage=\count286
Package zref Info: New property: abspage on input line 62.
)
(/usr/local/texlive/2018/texmf-dist/tex/latex/needspace/needspace.sty
Package: needspace 2010/09/12 v1.3d reserve vertical space
)
\mdf@templength=\skip69
\c@mdf@globalstyle@cnt=\count287
\mdf@skipabove@length=\skip70
\mdf@skipbelow@length=\skip71
\mdf@leftmargin@length=\skip72
\mdf@rightmargin@length=\skip73
\mdf@innerleftmargin@length=\skip74
\mdf@innerrightmargin@length=\skip75
\mdf@innertopmargin@length=\skip76
\mdf@innerbottommargin@length=\skip77
\mdf@splittopskip@length=\skip78
\mdf@splitbottomskip@length=\skip79
\mdf@outermargin@length=\skip80
\mdf@innermargin@length=\skip81
\mdf@linewidth@length=\skip82
\mdf@innerlinewidth@length=\skip83
\mdf@middlelinewidth@length=\skip84
\mdf@outerlinewidth@length=\skip85
\mdf@roundcorner@length=\skip86
\mdf@footenotedistance@length=\skip87
\mdf@userdefinedwidth@length=\skip88
\mdf@needspace@length=\skip89
\mdf@frametitleaboveskip@length=\skip90
\mdf@frametitlebelowskip@length=\skip91
\mdf@frametitlerulewidth@length=\skip92
\mdf@frametitleleftmargin@length=\skip93
\mdf@frametitlerightmargin@length=\skip94
\mdf@shadowsize@length=\skip95
\mdf@extratopheight@length=\skip96
\mdf@subtitleabovelinewidth@length=\skip97
\mdf@subtitlebelowlinewidth@length=\skip98
\mdf@subtitleaboveskip@length=\skip99
\mdf@subtitlebelowskip@length=\skip100
\mdf@subtitleinneraboveskip@length=\skip101
\mdf@subtitleinnerbelowskip@length=\skip102
\mdf@subsubtitleabovelinewidth@length=\skip103
\mdf@subsubtitlebelowlinewidth@length=\skip104
\mdf@subsubtitleaboveskip@length=\skip105
\mdf@subsubtitlebelowskip@length=\skip106
\mdf@subsubtitleinneraboveskip@length=\skip107
\mdf@subsubtitleinnerbelowskip@length=\skip108

(/usr/local/texlive/2018/texmf-dist/tex/latex/mdframed/md-frame-0.mdf
File: md-frame-0.mdf 2013/07/01\ 1.9b: md-frame-0
)
\mdf@frametitlebox=\box48
\mdf@footnotebox=\box49
\mdf@splitbox@one=\box50
\mdf@splitbox@two=\box51
\mdf@splitbox@save=\box52
\mdfsplitboxwidth=\skip109
\mdfsplitboxtotalwidth=\skip110
\mdfsplitboxheight=\skip111
\mdfsplitboxdepth=\skip112
\mdfsplitboxtotalheight=\skip113
\mdfframetitleboxwidth=\skip114
\mdfframetitleboxtotalwidth=\skip115
\mdfframetitleboxheight=\skip116
\mdfframetitleboxdepth=\skip117
\mdfframetitleboxtotalheight=\skip118
\mdffootnoteboxwidth=\skip119
\mdffootnoteboxtotalwidth=\skip120
\mdffootnoteboxheight=\skip121
\mdffootnoteboxdepth=\skip122
\mdffootnoteboxtotalheight=\skip123
\mdftotallinewidth=\skip124
\mdfboundingboxwidth=\skip125
\mdfboundingboxtotalwidth=\skip126
\mdfboundingboxheight=\skip127
\mdfboundingboxdepth=\skip128
\mdfboundingboxtotalheight=\skip129
\mdf@freevspace@length=\skip130
\mdf@horizontalwidthofbox@length=\skip131
\mdf@verticalmarginwhole@length=\skip132
\mdf@horizontalspaceofbox=\skip133
\mdfsubtitleheight=\skip134
\mdfsubsubtitleheight=\skip135
\c@mdfcountframes=\count288

****** mdframed patching \endmdf@trivlist

****** -- success******

.................................................
. LaTeX info: "xparse/define-command"
. 
. Defining command \newmdtheoremenv with sig. 'O{} m o m o ' on line 601.
.................................................
.................................................
. LaTeX info: "xparse/define-command"
. 
. Defining command \mdtheorem with sig. ' O{} m o m o ' on line 701.
.................................................
\mdf@envdepth=\count289
\c@mdf@env@i=\count290
\c@mdf@env@ii=\count291
\c@mdf@zref@counter=\count292
Package zref Info: New property: mdf@pagevalue on input line 895.
)
(/usr/local/texlive/2018/texmf-dist/tex/latex/bbold/bbold.sty
Package: bbold 1994/04/06 Bbold symbol package
LaTeX Font Info:    Redeclaring math alphabet \mathbb on input line 42.
)) (./CourseOT.aux)
\openout1 = `CourseOT.aux'.

LaTeX Font Info:    Checking defaults for OML/cmm/m/it on input line 44.
LaTeX Font Info:    ... okay on input line 44.
LaTeX Font Info:    Checking defaults for T1/cmr/m/n on input line 44.
LaTeX Font Info:    ... okay on input line 44.
LaTeX Font Info:    Checking defaults for OT1/cmr/m/n on input line 44.
LaTeX Font Info:    ... okay on input line 44.
LaTeX Font Info:    Checking defaults for OMS/cmsy/m/n on input line 44.
LaTeX Font Info:    ... okay on input line 44.
LaTeX Font Info:    Checking defaults for OMX/cmex/m/n on input line 44.
LaTeX Font Info:    ... okay on input line 44.
LaTeX Font Info:    Checking defaults for U/cmr/m/n on input line 44.
LaTeX Font Info:    ... okay on input line 44.
LaTeX Font Info:    Checking defaults for PD1/pdf/m/n on input line 44.
LaTeX Font Info:    ... okay on input line 44.
\AtBeginShipoutBox=\box53
Package hyperref Info: Link coloring ON on input line 44.
 (/usr/local/texlive/2018/texmf-dist/tex/latex/hyperref/nameref.sty
Package: nameref 2016/05/21 v2.44 Cross-referencing by name of section

(/usr/local/texlive/2018/texmf-dist/tex/generic/oberdiek/gettitlestring.sty
Package: gettitlestring 2016/05/16 v1.5 Cleanup title references (HO)
)
\c@section@level=\count293
)
LaTeX Info: Redefining \ref on input line 44.
LaTeX Info: Redefining \pageref on input line 44.
LaTeX Info: Redefining \nameref on input line 44.

(./CourseOT.out) (./CourseOT.out)
\@outlinefile=\write3
\openout3 = `CourseOT.out'.


(/usr/local/texlive/2018/texmf-dist/tex/context/base/mkii/supp-pdf.mkii
[Loading MPS to PDF converter (version 2006.09.02).]
\scratchcounter=\count294
\scratchdimen=\dimen169
\scratchbox=\box54
\nofMPsegments=\count295
\nofMParguments=\count296
\everyMPshowfont=\toks34
\MPscratchCnt=\count297
\MPscratchDim=\dimen170
\MPnumerator=\count298
\makeMPintoPDFobject=\count299
\everyMPtoPDFconversion=\toks35
) (/usr/local/texlive/2018/texmf-dist/tex/latex/oberdiek/epstopdf-base.sty
Package: epstopdf-base 2016/05/15 v2.6 Base part for package epstopdf

(/usr/local/texlive/2018/texmf-dist/tex/latex/oberdiek/grfext.sty
Package: grfext 2016/05/16 v1.2 Manage graphics extensions (HO)
)
Package epstopdf-base Info: Redefining graphics rule for `.eps' on input line 4
38.
Package grfext Info: Graphics extension search list:
(grfext)             [.pdf,.png,.jpg,.mps,.jpeg,.jbig2,.jb2,.PDF,.PNG,.JPG,.JPE
G,.JBIG2,.JB2,.eps]
(grfext)             \AppendGraphicsExtensions on input line 456.

(/usr/local/texlive/2018/texmf-dist/tex/latex/latexconfig/epstopdf-sys.cfg
File: epstopdf-sys.cfg 2010/07/13 v1.3 Configuration of (r)epstopdf for TeX Liv
e
))
LaTeX Font Info:    Try loading font information for U+msa on input line 47.

(/usr/local/texlive/2018/texmf-dist/tex/latex/amsfonts/umsa.fd
File: umsa.fd 2013/01/14 v3.01 AMS symbols A
)
LaTeX Font Info:    Try loading font information for U+msb on input line 47.

(/usr/local/texlive/2018/texmf-dist/tex/latex/amsfonts/umsb.fd
File: umsb.fd 2013/01/14 v3.01 AMS symbols B
)
LaTeX Font Info:    Try loading font information for U+rsfs on input line 47.

(/usr/local/texlive/2018/texmf-dist/tex/latex/jknapltx/ursfs.fd
File: ursfs.fd 1998/03/24 rsfs font definition file (jk)
)
LaTeX Font Info:    Try loading font information for U+stmry on input line 47.

(/usr/local/texlive/2018/texmf-dist/tex/latex/stmaryrd/Ustmry.fd)
(./CourseOT.toc [1

{/usr/local/texlive/2018/texmf-var/fonts/map/pdftex/updmap/pdftex.map}])
\tf@toc=\write4
\openout4 = `CourseOT.toc'.

 (./sections/matching.tex

LaTeX Warning: Citation `Dantzig1983' on page 2 undefined on input line 18.

LaTeX Font Info:    Try loading font information for OMS+cmr on input line 18.
(/usr/local/texlive/2018/texmf-dist/tex/latex/base/omscmr.fd
File: omscmr.fd 2014/09/29 v2.5h Standard LaTeX font definitions
)
LaTeX Font Info:    Font shape `OMS/cmr/m/n' in size <10> not available
(Font)              Font shape `OMS/cmsy/m/n' tried instead on input line 18.


LaTeX Warning: Reference `s-matching' on page 2 undefined on input line 18.

<./figures/non-unique-optimal-matching/non-unique-optimal-matching.pdf, id=198,
 806.22842pt x 306.69884pt>
File: ./figures/non-unique-optimal-matching/non-unique-optimal-matching.pdf Gra
phic file (type pdf)
<use ./figures/non-unique-optimal-matching/non-unique-optimal-matching.pdf>
Package pdftex.def Info: ./figures/non-unique-optimal-matching/non-unique-optim
al-matching.pdf  used on input line 25.
(pdftex.def)             Requested size: 234.8775pt x 89.34752pt.
LaTeX Font Info:    Try loading font information for U+bbold on input line 34.
(/usr/local/texlive/2018/texmf-dist/tex/latex/bbold/Ubbold.fd) [2pdfTeX warning
 (ext4): destination with the same identifier (name{figure.1}) has been already
 used, duplicate ignored

\AtBegShi@Output ...ipout \box \AtBeginShipoutBox 
                                                  \fi \fi 
l.37 }
       <./figures/non-unique-optimal-matching/non-unique-optimal-matching.pdf>]

LaTeX Warning: Citation `delon-circle' on page 3 undefined on input line 43.


LaTeX Warning: Citation `delon-concave' on page 3 undefined on input line 45.

<./figures/1d-discrete/1d-schematic.pdf, id=268, 313.17pt x 113.15555pt>
File: ./figures/1d-discrete/1d-schematic.pdf Graphic file (type pdf)
<use ./figures/1d-discrete/1d-schematic.pdf>
Package pdftex.def Info: ./figures/1d-discrete/1d-schematic.pdf  used on input 
line 51.
(pdftex.def)             Requested size: 187.89914pt x 67.89384pt.
) (./sections/monge.tex [3pdfTeX warning (ext4): destination with the same iden
tifier (name{figure.2}) has been already used, duplicate ignored

\AtBegShi@Output ...ipout \box \AtBeginShipoutBox 
                                                  \fi \fi 
l.43 \paragraph
               {Radon measures} <./figures/1d-discrete/1d-schematic.pdf>]
[4]
<./figures/push-pull/push-forward.pdf, id=326, 259.97125pt x 256.96pt>
File: ./figures/push-pull/push-forward.pdf Graphic file (type pdf)
<use ./figures/push-pull/push-forward.pdf>
Package pdftex.def Info: ./figures/push-pull/push-forward.pdf  used on input li
ne 143.
(pdftex.def)             Requested size: 140.92793pt x 139.29349pt.
<./figures/push-pull/pull-back.pdf, id=327, 266.9975pt x 256.96pt>
File: ./figures/push-pull/pull-back.pdf Graphic file (type pdf)
<use ./figures/push-pull/pull-back.pdf>
Package pdftex.def Info: ./figures/push-pull/pull-back.pdf  used on input line 
144.
(pdftex.def)             Requested size: 140.92793pt x 135.6353pt.


LaTeX Warning: Reference `eq-monge-discr' on page 5 undefined on input line 169
.

[5pdfTeX warning (ext4): destination with the same identifier (name{figure.3}) 
has been already used, duplicate ignored

\AtBegShi@Output ...ipout \box \AtBeginShipoutBox 
                                                  \fi \fi 
l.175 F
       or empirical measure with same number $n=m$ of points, one retrieves ...
 <./figures/push-pull/push-forward.pdf> <./figures/push-pull/pull-back.pdf>]

LaTeX Warning: Citation `Brenier91' on page 6 undefined on input line 182.


LaTeX Warning: Citation `carlier2016vector' on page 6 undefined on input line 1
96.

[6]

LaTeX Warning: Reference `prop-negative-definite' on page 7 undefined on input 
line 248.


LaTeX Warning: Reference `sec-non-embeddability' on page 7 undefined on input l
ine 248.


LaTeX Warning: Reference `sec-w1-eucl' on page 7 undefined on input line 256.


LaTeX Warning: Reference `eq-displacement-1d-cumul' on page 7 undefined on inpu
t line 262.


LaTeX Warning: Reference `rem-bary-1d' on page 7 undefined on input line 262.


LaTeX Warning: Citation `SantambrogioBook' on page 7 undefined on input line 26
2.

Package epstopdf Info: Source file: <./figures/1d-cumulative/input-mu.eps>
(epstopdf)                    date: 2017-07-13 10:38:53
(epstopdf)                    size: 27070 bytes
(epstopdf)             Output file: <./figures/1d-cumulative/input-mu-eps-conve
rted-to.pdf>
(epstopdf)                    date: 2017-07-13 10:46:15
(epstopdf)                    size: 4719 bytes
(epstopdf)             Command: <repstopdf --outfile=./figures/1d-cumulative/in
put-mu-eps-converted-to.pdf ./figures/1d-cumulative/input-mu.eps>
(epstopdf)             \includegraphics on input line 271.
Package epstopdf Info: Output file is already uptodate.
<./figures/1d-cumulative/input-mu-eps-converted-to.pdf, id=472, 344.28625pt x 1
72.645pt>
File: ./figures/1d-cumulative/input-mu-eps-converted-to.pdf Graphic file (type 
pdf)
<use ./figures/1d-cumulative/input-mu-eps-converted-to.pdf>
Package pdftex.def Info: ./figures/1d-cumulative/input-mu-eps-converted-to.pdf 
 used on input line 271.
(pdftex.def)             Requested size: 131.53082pt x 65.95613pt.
Package epstopdf Info: Source file: <./figures/1d-cumulative/input-nu.eps>
(epstopdf)                    date: 2017-07-13 10:38:53
(epstopdf)                    size: 27068 bytes
(epstopdf)             Output file: <./figures/1d-cumulative/input-nu-eps-conve
rted-to.pdf>
(epstopdf)                    date: 2017-07-13 10:48:33
(epstopdf)                    size: 3943 bytes
(epstopdf)             Command: <repstopdf --outfile=./figures/1d-cumulative/in
put-nu-eps-converted-to.pdf ./figures/1d-cumulative/input-nu.eps>
(epstopdf)             \includegraphics on input line 272.
Package epstopdf Info: Output file is already uptodate.
<./figures/1d-cumulative/input-nu-eps-converted-to.pdf, id=473, 344.28625pt x 1
72.645pt>
File: ./figures/1d-cumulative/input-nu-eps-converted-to.pdf Graphic file (type 
pdf)
<use ./figures/1d-cumulative/input-nu-eps-converted-to.pdf>
Package pdftex.def Info: ./figures/1d-cumulative/input-nu-eps-converted-to.pdf 
 used on input line 272.
(pdftex.def)             Requested size: 131.53082pt x 65.95613pt.
Package epstopdf Info: Source file: <./figures/1d-cumulative/interp-bary.eps>
(epstopdf)                    date: 2017-07-13 10:38:54
(epstopdf)                    size: 50778 bytes
(epstopdf)             Output file: <./figures/1d-cumulative/interp-bary-eps-co
nverted-to.pdf>
(epstopdf)                    date: 2017-07-13 10:46:16
(epstopdf)                    size: 16215 bytes
(epstopdf)             Command: <repstopdf --outfile=./figures/1d-cumulative/in
terp-bary-eps-converted-to.pdf ./figures/1d-cumulative/interp-bary.eps>
(epstopdf)             \includegraphics on input line 273.
Package epstopdf Info: Output file is already uptodate.
<./figures/1d-cumulative/interp-bary-eps-converted-to.pdf, id=474, 345.29pt x 1
73.64874pt>
File: ./figures/1d-cumulative/interp-bary-eps-converted-to.pdf Graphic file (ty
pe pdf)
<use ./figures/1d-cumulative/interp-bary-eps-converted-to.pdf>
Package pdftex.def Info: ./figures/1d-cumulative/interp-bary-eps-converted-to.p
df  used on input line 273.
(pdftex.def)             Requested size: 131.53082pt x 66.14883pt.
Package epstopdf Info: Source file: <./figures/1d-cumulative/cumul.eps>
(epstopdf)                    date: 2017-07-13 10:38:53
(epstopdf)                    size: 101697 bytes
(epstopdf)             Output file: <./figures/1d-cumulative/cumul-eps-converte
d-to.pdf>
(epstopdf)                    date: 2017-07-13 10:46:54
(epstopdf)                    size: 8695 bytes
(epstopdf)             Command: <repstopdf --outfile=./figures/1d-cumulative/cu
mul-eps-converted-to.pdf ./figures/1d-cumulative/cumul.eps>
(epstopdf)             \includegraphics on input line 278.
Package epstopdf Info: Output file is already uptodate.
<./figures/1d-cumulative/cumul-eps-converted-to.pdf, id=475, 351.3125pt x 344.2
8625pt>
File: ./figures/1d-cumulative/cumul-eps-converted-to.pdf Graphic file (type pdf
)
<use ./figures/1d-cumulative/cumul-eps-converted-to.pdf>
Package pdftex.def Info: ./figures/1d-cumulative/cumul-eps-converted-to.pdf  us
ed on input line 278.
(pdftex.def)             Requested size: 93.94957pt x 92.0707pt.
Package epstopdf Info: Source file: <./figures/1d-cumulative/icumul.eps>
(epstopdf)                    date: 2017-07-13 10:38:54
(epstopdf)                    size: 102522 bytes
(epstopdf)             Output file: <./figures/1d-cumulative/icumul-eps-convert
ed-to.pdf>
(epstopdf)                    date: 2017-07-13 10:46:55
(epstopdf)                    size: 8891 bytes
(epstopdf)             Command: <repstopdf --outfile=./figures/1d-cumulative/ic
umul-eps-converted-to.pdf ./figures/1d-cumulative/icumul.eps>
(epstopdf)             \includegraphics on input line 279.
Package epstopdf Info: Output file is already uptodate.
<./figures/1d-cumulative/icumul-eps-converted-to.pdf, id=476, 351.3125pt x 349.
305pt>
File: ./figures/1d-cumulative/icumul-eps-converted-to.pdf Graphic file (type pd
f)
<use ./figures/1d-cumulative/icumul-eps-converted-to.pdf>
Package pdftex.def Info: ./figures/1d-cumulative/icumul-eps-converted-to.pdf  u
sed on input line 279.
(pdftex.def)             Requested size: 93.94957pt x 93.41284pt.
Package epstopdf Info: Source file: <./figures/1d-cumulative/transports.eps>
(epstopdf)                    date: 2017-07-13 10:39:57
(epstopdf)                    size: 20862 bytes
(epstopdf)             Output file: <./figures/1d-cumulative/transports-eps-con
verted-to.pdf>
(epstopdf)                    date: 2017-07-13 10:46:55
(epstopdf)                    size: 7732 bytes
(epstopdf)             Command: <repstopdf --outfile=./figures/1d-cumulative/tr
ansports-eps-converted-to.pdf ./figures/1d-cumulative/transports.eps>
(epstopdf)             \includegraphics on input line 280.
Package epstopdf Info: Output file is already uptodate.
<./figures/1d-cumulative/transports-eps-converted-to.pdf, id=477, 351.3125pt x 
349.305pt>
File: ./figures/1d-cumulative/transports-eps-converted-to.pdf Graphic file (typ
e pdf)
<use ./figures/1d-cumulative/transports-eps-converted-to.pdf>
Package pdftex.def Info: ./figures/1d-cumulative/transports-eps-converted-to.pd
f  used on input line 280.
(pdftex.def)             Requested size: 93.94957pt x 93.41284pt.
Package epstopdf Info: Source file: <./figures/1d-cumulative/interp-cumul.eps>
(epstopdf)                    date: 2017-07-13 10:38:54
(epstopdf)                    size: 51745 bytes
(epstopdf)             Output file: <./figures/1d-cumulative/interp-cumul-eps-c
onverted-to.pdf>
(epstopdf)                    date: 2017-07-13 10:46:56
(epstopdf)                    size: 18467 bytes
(epstopdf)             Command: <repstopdf --outfile=./figures/1d-cumulative/in
terp-cumul-eps-converted-to.pdf ./figures/1d-cumulative/interp-cumul.eps>
(epstopdf)             \includegraphics on input line 281.
Package epstopdf Info: Output file is already uptodate.
<./figures/1d-cumulative/interp-cumul-eps-converted-to.pdf, id=478, 351.3125pt 
x 349.305pt>
File: ./figures/1d-cumulative/interp-cumul-eps-converted-to.pdf Graphic file (t
ype pdf)
<use ./figures/1d-cumulative/interp-cumul-eps-converted-to.pdf>
Package pdftex.def Info: ./figures/1d-cumulative/interp-cumul-eps-converted-to.
pdf  used on input line 281.
(pdftex.def)             Requested size: 93.94957pt x 93.41284pt.
[7pdfTeX warning (ext4): destination with the same identifier (name{figure.4}) 
has been already used, duplicate ignored

\AtBegShi@Output ...ipout \box \AtBeginShipoutBox 
                                                  \fi \fi 
l.303 ...2}}\cov_\al^{-\tfrac{1}{2}}=\transp{A},$$
                                                   <./figures/1d-cumulative/inp
ut-mu-eps-converted-to.pdf> <./figures/1d-cumulative/input-nu-eps-converted-to.
pdf> <./figures/1d-cumulative/interp-bary-eps-converted-to.pdf> <./figures/1d-c
umulative/cumul-eps-converted-to.pdf> <./figures/1d-cumulative/icumul-eps-conve
rted-to.pdf> <./figures/1d-cumulative/transports-eps-converted-to.pdf> <./figur
es/1d-cumulative/interp-cumul-eps-converted-to.pdf>]

LaTeX Warning: Citation `Brenier91' on page 8 undefined on input line 312.


LaTeX Warning: Reference `rem-exist-mongemap' on page 8 undefined on input line
 312.


LaTeX Warning: Reference `fig-gaussians-2d-psi' on page 8 undefined on input li
ne 312.


LaTeX Warning: Citation `bures1969extension' on page 8 undefined on input line 
319.


LaTeX Warning: Citation `' on page 8 undefined on input line 319.


LaTeX Warning: Citation `forrester2016relating' on page 8 undefined on input li
ne 319.


LaTeX Warning: Citation `takatsu2011wasserstein' on page 8 undefined on input l
ine 332.

<./figures/gaussians-2d/gaussians1.pdf, id=530, 455.7025pt x 220.825pt>
File: ./figures/gaussians-2d/gaussians1.pdf Graphic file (type pdf)
<use ./figures/gaussians-2d/gaussians1.pdf>
Package pdftex.def Info: ./figures/gaussians-2d/gaussians1.pdf  used on input l
ine 340.
(pdftex.def)             Requested size: 187.89914pt x 91.05437pt.
Package epstopdf Info: Source file: <./figures/gaussian-1d/interp-density.eps>
(epstopdf)                    date: 2017-09-07 21:32:44
(epstopdf)                    size: 267681 bytes
(epstopdf)             Output file: <./figures/gaussian-1d/interp-density-eps-c
onverted-to.pdf>
(epstopdf)                    date: 2017-09-07 21:47:43
(epstopdf)                    size: 47577 bytes
(epstopdf)             Command: <repstopdf --outfile=./figures/gaussian-1d/inte
rp-density-eps-converted-to.pdf ./figures/gaussian-1d/interp-density.eps>
(epstopdf)             \includegraphics on input line 349.
Package epstopdf Info: Output file is already uptodate.
<./figures/gaussian-1d/interp-density-eps-converted-to.pdf, id=531, 438.63875pt
 x 359.3425pt>
File: ./figures/gaussian-1d/interp-density-eps-converted-to.pdf Graphic file (t
ype pdf)
<use ./figures/gaussian-1d/interp-density-eps-converted-to.pdf>
Package pdftex.def Info: ./figures/gaussian-1d/interp-density-eps-converted-to.
pdf  used on input line 349.
(pdftex.def)             Requested size: 117.43875pt x 96.20677pt.
<./figures/gaussian-1d/gaussian-param.pdf, id=532, 174.14792pt x 169.81361pt>
File: ./figures/gaussian-1d/gaussian-param.pdf Graphic file (type pdf)
<use ./figures/gaussian-1d/gaussian-param.pdf>
Package pdftex.def Info: ./figures/gaussian-1d/gaussian-param.pdf  used on inpu
t line 350.
(pdftex.def)             Requested size: 93.94957pt x 91.61247pt.
) (./sections/kantorovitch.tex

LaTeX Warning: Reference `eq-monge-constr' on page 8 undefined on input line 12
.


LaTeX Warning: Reference `rem-monge1' on page 8 undefined on input line 12.


LaTeX Warning: Reference `eq-monge-discr' on page 8 undefined on input line 12.


[8pdfTeX warning (ext4): destination with the same identifier (name{figure.5}) 
has been already used, duplicate ignored

\AtBegShi@Output ...ipout \box \AtBeginShipoutBox 
                                                  \fi \fi 
l.13 
      <./figures/gaussians-2d/gaussians1.pdf>]

LaTeX Warning: Citation `Kantorovich42' on page 9 undefined on input line 15.


LaTeX Warning: Reference `eq-pair-discr' on page 9 undefined on input line 16.

LaTeX Font Info:    Try loading font information for U+dsrom on input line 22.
(/usr/local/texlive/2018/texmf-dist/tex/latex/doublestroke/Udsrom.fd
File: Udsrom.fd 1995/08/01 v0.1 Double stroke roman font definitions
)

LaTeX Warning: Reference `c-algo-basics' on page 9 undefined on input line 40.

[9pdfTeX warning (ext4): destination with the same identifier (name{figure.6}) 
has been already used, duplicate ignored

\AtBegShi@Output ...ipout \box \AtBeginShipoutBox 
                                                  \fi \fi 
l.41 
      <./figures/gaussian-1d/interp-density-eps-converted-to.pdf> <./figures/ga
ussian-1d/gaussian-param.pdf>]
<./figures/matching-kantorovitch/matching.pdf, id=584, 166.3036pt x 163.47183pt
>
File: ./figures/matching-kantorovitch/matching.pdf Graphic file (type pdf)
<use ./figures/matching-kantorovitch/matching.pdf>
Package pdftex.def Info: ./figures/matching-kantorovitch/matching.pdf  used on 
input line 77.
(pdftex.def)             Requested size: 117.43875pt x 115.4422pt.
<./figures/matching-kantorovitch/weighted.pdf, id=585, 166.3036pt x 158.58276pt
>
File: ./figures/matching-kantorovitch/weighted.pdf Graphic file (type pdf)
<use ./figures/matching-kantorovitch/weighted.pdf>
Package pdftex.def Info: ./figures/matching-kantorovitch/weighted.pdf  used on 
input line 78.
(pdftex.def)             Requested size: 117.43875pt x 111.9896pt.


LaTeX Warning: Citation `bertsimas1997introduction' on page 10 undefined on inp
ut line 97.

[10pdfTeX warning (ext4): destination with the same identifier (name{figure.7})
 has been already used, duplicate ignored

\AtBegShi@Output ...ipout \box \AtBeginShipoutBox 
                                                  \fi \fi 
l.99 \end{proof}
                 <./figures/matching-kantorovitch/matching.pdf> <./figures/matc
hing-kantorovitch/weighted.pdf>]

LaTeX Warning: Reference `eq-kanto-discr' on page 11 undefined on input line 11
1.

<./figures/settings/discrete.pdf, id=650, 224.95293pt x 320.19624pt>
File: ./figures/settings/discrete.pdf Graphic file (type pdf)
<use ./figures/settings/discrete.pdf>
Package pdftex.def Info: ./figures/settings/discrete.pdf  used on input line 13
2.
(pdftex.def)             Requested size: 103.34666pt x 147.10638pt.
<./figures/settings/semi-discrete.pdf, id=651, 222.8325pt x 328.8565pt>
File: ./figures/settings/semi-discrete.pdf Graphic file (type pdf)
<use ./figures/settings/semi-discrete.pdf>
Package pdftex.def Info: ./figures/settings/semi-discrete.pdf  used on input li
ne 133.
(pdftex.def)             Requested size: 103.34666pt x 152.52026pt.
<./figures/settings/continuous.pdf, id=652, 236.885pt x 330.15276pt>
File: ./figures/settings/continuous.pdf Graphic file (type pdf)
<use ./figures/settings/continuous.pdf>
Package pdftex.def Info: ./figures/settings/continuous.pdf  used on input line 
134.
(pdftex.def)             Requested size: 103.34666pt x 144.03342pt.

LaTeX Warning: Reference `c-algo-semidiscr' on page 11 undefined on input line 
139.


LaTeX Warning: Reference `c-algo-semidiscr' on page 11 undefined on input line 
139.

<./figures/couplings/couplings-continuous.pdf, id=657, 236.885pt x 236.885pt>
File: ./figures/couplings/couplings-continuous.pdf Graphic file (type pdf)
<use ./figures/couplings/couplings-continuous.pdf>
Package pdftex.def Info: ./figures/couplings/couplings-continuous.pdf  used on 
input line 161.
(pdftex.def)             Requested size: 93.94957pt x 93.94987pt.
<./figures/couplings/couplings-discr.pdf, id=658, 237.88875pt x 236.885pt>
File: ./figures/couplings/couplings-discr.pdf Graphic file (type pdf)
<use ./figures/couplings/couplings-discr.pdf>
Package pdftex.def Info: ./figures/couplings/couplings-discr.pdf  used on input
 line 162.
(pdftex.def)             Requested size: 93.94957pt x 93.55228pt.

LaTeX Warning: Reference `eq-pair-discr' on page 11 undefined on input line 168
.


LaTeX Warning: Reference `eq-pair-discr' on page 11 undefined on input line 168
.

<./figures/couplings/couplings-1.pdf, id=663, 233.87375pt x 272.01625pt>
File: ./figures/couplings/couplings-1.pdf Graphic file (type pdf)
<use ./figures/couplings/couplings-1.pdf>
Package pdftex.def Info: ./figures/couplings/couplings-1.pdf  used on input lin
e 175.
(pdftex.def)             Requested size: 93.94957pt x 109.27359pt.
<./figures/couplings/couplings-2.pdf, id=664, 233.87375pt x 272.01625pt>
File: ./figures/couplings/couplings-2.pdf Graphic file (type pdf)
<use ./figures/couplings/couplings-2.pdf>
Package pdftex.def Info: ./figures/couplings/couplings-2.pdf  used on input lin
e 176.
(pdftex.def)             Requested size: 93.94957pt x 109.27359pt.
<./figures/couplings/couplings-3.pdf, id=665, 233.87375pt x 272.01625pt>
File: ./figures/couplings/couplings-3.pdf Graphic file (type pdf)
<use ./figures/couplings/couplings-3.pdf>
Package pdftex.def Info: ./figures/couplings/couplings-3.pdf  used on input lin
e 177.
(pdftex.def)             Requested size: 93.94957pt x 109.27359pt.
<./figures/couplings/couplings-4.pdf, id=666, 233.87375pt x 272.01625pt>
File: ./figures/couplings/couplings-4.pdf Graphic file (type pdf)
<use ./figures/couplings/couplings-4.pdf>
Package pdftex.def Info: ./figures/couplings/couplings-4.pdf  used on input lin
e 178.
(pdftex.def)             Requested size: 93.94957pt x 109.27359pt.

LaTeX Warning: Citation `Levy2017review' on page 11 undefined on input line 182
.


LaTeX Warning: Citation `Levy2017review' on page 11 undefined on input line 182
.

[11pdfTeX warning (ext4): destination with the same identifier (name{figure.8})
 has been already used, duplicate ignored

\AtBegShi@Output ...ipout \box \AtBeginShipoutBox 
                                                  \fi \fi 
l.199 
       <./figures/settings/discrete.pdf> <./figures/settings/semi-discrete.pdf>
 <./figures/settings/continuous.pdf>]

LaTeX Warning: Citation `RubTomGui00' on page 12 undefined on input line 200.

[12pdfTeX warning (ext4): destination with the same identifier (name{figure.9})
 has been already used, duplicate ignored

\AtBegShi@Output ...ipout \box \AtBeginShipoutBox 
                                                  \fi \fi 
l.221 
      pdfTeX warning (ext4): destination with the same identifier (name{figure.
10}) has been already used, duplicate ignored

\AtBegShi@Output ...ipout \box \AtBeginShipoutBox 
                                                  \fi \fi 
l.221 
       <./figures/couplings/couplings-continuous.pdf> <./figures/couplings/coup
lings-discr.pdf> <./figures/couplings/couplings-1.pdf> <./figures/couplings/cou
plings-2.pdf> <./figures/couplings/couplings-3.pdf> <./figures/couplings/coupli
ngs-4.pdf>]

LaTeX Warning: Citation `Villani03' on page 13 undefined on input line 223.

[13]

LaTeX Warning: Citation `Villani09' on page 14 undefined on input line 289.

) (./sections/sinkhorn.tex [14]

LaTeX Warning: Citation `CominettiAsympt' on page 15 undefined on input line 42
.

<./figures/entropic/simplex.pdf, id=953, 503.70474pt x 164.44377pt>
File: ./figures/entropic/simplex.pdf Graphic file (type pdf)
<use ./figures/entropic/simplex.pdf>
Package pdftex.def Info: ./figures/entropic/simplex.pdf  used on input line 47.

(pdftex.def)             Requested size: 234.8775pt x 76.67883pt.
[15pdfTeX warning (ext4): destination with the same identifier (name{figure.11}
) has been already used, duplicate ignored

\AtBegShi@Output ...ipout \box \AtBeginShipoutBox 
                                                  \fi \fi 
l.90 \end{proof}
                 <./figures/entropic/simplex.pdf>]
<./figures/entropic/densities.pdf, id=1006, 645.79366pt x 177.14752pt>
File: ./figures/entropic/densities.pdf Graphic file (type pdf)
<use ./figures/entropic/densities.pdf>
Package pdftex.def Info: ./figures/entropic/densities.pdf  used on input line 9
5.
(pdftex.def)             Requested size: 225.4804pt x 61.85118pt.
<./figures/entropic/matching-2d.pdf, id=1007, 668.4975pt x 159.09438pt>
File: ./figures/entropic/matching-2d.pdf Graphic file (type pdf)
<use ./figures/entropic/matching-2d.pdf>
Package pdftex.def Info: ./figures/entropic/matching-2d.pdf  used on input line
 96.
(pdftex.def)             Requested size: 225.4804pt x 53.66168pt.


LaTeX Warning: Citation `LeonardSchroedinger' on page 16 undefined on input lin
e 152.


LaTeX Warning: Citation `RuschendorfThomsen' on page 16 undefined on input line
 152.


LaTeX Warning: Citation `Schroedinger31' on page 16 undefined on input line 152
.


LaTeX Warning: Citation `leonard2012schrodinger' on page 16 undefined on input 
line 154.


LaTeX Warning: Citation `2017-carlier-SIMA' on page 16 undefined on input line 
154.


LaTeX Warning: Reference `sec-entropic-dynamic' on page 16 undefined on input l
ine 156.

[16pdfTeX warning (ext4): destination with the same identifier (name{figure.12}
) has been already used, duplicate ignored

\AtBegShi@Output ...ipout \box \AtBeginShipoutBox 
                                                  \fi \fi 
l.157 
       <./figures/entropic/densities.pdf> <./figures/entropic/matching-2d.pdf>]

Overfull \hbox (0.16972pt too wide) in paragraph at lines 182--184
\OT1/cmr/m/n/10 which re-sults, for an op-ti-mal $[]$ cou-pling to the reg-u-la
r-ized prob-lem, in the ex-pres-sion $[][] = \OML/cmm/m/it/10 e[]e[]e[]$
 []


LaTeX Warning: Citation `nemirovski1999complexity' on page 17 undefined on inpu
t line 200.


LaTeX Warning: Reference `rem-iterative-projection' on page 17 undefined on inp
ut line 210.


LaTeX Warning: Reference `rem-global-conv-sinkh' on page 17 undefined on input 
line 210.

<./figures/entropic/sinkhorn-convergence.pdf, id=1113, 554.54425pt x 101.13414p
t>
File: ./figures/entropic/sinkhorn-convergence.pdf Graphic file (type pdf)
<use ./figures/entropic/sinkhorn-convergence.pdf>
Package pdftex.def Info: ./figures/entropic/sinkhorn-convergence.pdf  used on i
nput line 217.
(pdftex.def)             Requested size: 328.82707pt x 59.96953pt.
<./figures/entropic/sinkhorn-rates.pdf, id=1114, 246.9225pt x 164.09134pt>
File: ./figures/entropic/sinkhorn-rates.pdf Graphic file (type pdf)
<use ./figures/entropic/sinkhorn-rates.pdf>
Package pdftex.def Info: ./figures/entropic/sinkhorn-rates.pdf  used on input l
ine 218.
(pdftex.def)             Requested size: 131.53082pt x 87.40616pt.
[17]

LaTeX Warning: Citation `bregman1967relaxation' on page 18 undefined on input l
ine 240.


LaTeX Warning: Citation `bregman1967relaxation' on page 18 undefined on input l
ine 246.


LaTeX Warning: Reference `rem-separable' on page 18 undefined on input line 254
.


LaTeX Warning: Reference `rem-geod-heat' on page 18 undefined on input line 254
.


LaTeX Warning: Citation `franklin1989scaling' on page 18 undefined on input lin
e 263.


LaTeX Warning: Citation `hilbert1895gerade' on page 18 undefined on input line 
272.


LaTeX Warning: Citation `birkhoff1957extensions' on page 18 undefined on input 
line 276.


LaTeX Warning: Citation `samelson1957perron' on page 18 undefined on input line
 276.


LaTeX Warning: Reference `rem-local-conv' on page 18 undefined on input line 27
6.

[18pdfTeX warning (ext4): destination with the same identifier (name{figure.13}
) has been already used, duplicate ignored

\AtBegShi@Output ...ipout \box \AtBeginShipoutBox 
                                                  \fi \fi 
l.287 	}
         <./figures/entropic/sinkhorn-convergence.pdf> <./figures/entropic/sink
horn-rates.pdf>]

LaTeX Warning: Citation `franklin1989scaling' on page 19 undefined on input lin
e 290.


LaTeX Warning: Citation `franklin1989scaling' on page 19 undefined on input lin
e 331.


LaTeX Warning: Citation `franklin1989scaling' on page 19 undefined on input lin
e 338.


LaTeX Warning: Citation `lemmens2012nonlinear' on page 19 undefined on input li
ne 338.


LaTeX Warning: Reference `eq-linearized-sinkh' on page 19 undefined on input li
ne 338.


LaTeX Warning: Citation `linial1998deterministic' on page 19 undefined on input
 line 338.

) (./sections/dual.tex [19]

LaTeX Warning: Citation `bertsimas1997introduction' on page 20 undefined on inp
ut line 31.


LaTeX Warning: Reference `rem-duality' on page 20 undefined on input line 31.

[20]

LaTeX Warning: Reference `s-c-transform' on page 21 undefined on input line 98.



Package hyperref Warning: Token not allowed in a PDF string (PDFDocEncoding):
(hyperref)                removing `math shift' on input line 103.


Package hyperref Warning: Token not allowed in a PDF string (PDFDocEncoding):
(hyperref)                removing `math shift' on input line 103.

) (./sections/semidiscr-w1.tex

Package hyperref Warning: Token not allowed in a PDF string (PDFDocEncoding):
(hyperref)                removing `math shift' on input line 6.


Package hyperref Warning: Token not allowed in a PDF string (PDFDocEncoding):
(hyperref)                removing `subscript' on input line 6.


Package hyperref Warning: Token not allowed in a PDF string (PDFDocEncoding):
(hyperref)                removing `math shift' on input line 6.


Package hyperref Warning: Token not allowed in a PDF string (PDFDocEncoding):
(hyperref)                removing `math shift' on input line 19.


Package hyperref Warning: Token not allowed in a PDF string (PDFDocEncoding):
(hyperref)                removing `subscript' on input line 19.


Package hyperref Warning: Token not allowed in a PDF string (PDFDocEncoding):
(hyperref)                removing `math shift' on input line 19.

) (./sections/sinkhorn-div.tex [21]

LaTeX Warning: Citation `2016-chizat-sinkhorn' on page 22 undefined on input li
ne 51.

[22]

LaTeX Warning: Reference `sec-semi-discr-entropy' on page 23 undefined on input
 line 95.


LaTeX Warning: Reference `eq-sinkh-c-transf' on page 23 undefined on input line
 95.


LaTeX Warning: Citation `schmitzer2016stabilized' on page 23 undefined on input
 line 129.

) (./sections/variational.tex [23]

LaTeX Warning: Citation `Carlier_wasserstein_barycenter' on page 24 undefined o
n input line 30.


LaTeX Warning: Citation `carlierekelandmatching' on page 24 undefined on input 
line 30.


LaTeX Warning: Reference `rem-exist-mongemap' on page 24 undefined on input lin
e 30.


LaTeX Warning: Citation `Carlier-NumericsBarycenters' on page 24 undefined on i
nput line 40.


LaTeX Warning: Citation `Carlier_wasserstein_barycenter' on page 24 undefined o
n input line 49.


LaTeX Warning: Reference `eq-frechet-means' on page 24 undefined on input line 
51.


LaTeX Warning: Citation `Carlier-NumericsBarycenters' on page 24 undefined on i
nput line 59.


LaTeX Warning: Reference `eq-multimarg-bary' on page 24 undefined on input line
 61.


LaTeX Warning: Citation `CuturiBarycenter' on page 24 undefined on input line 7
3.


LaTeX Warning: Citation `2016-Cuturi-siims' on page 24 undefined on input line 
73.


LaTeX Warning: Citation `2015-benamou-cisc' on page 24 undefined on input line 
75.

[24]

LaTeX Warning: Citation `2015-benamou-cisc' on page 25 undefined on input line 
84.


LaTeX Warning: Reference `sec-generalized' on page 25 undefined on input line 8
4.


LaTeX Warning: Reference `eq-legendre' on page 25 undefined on input line 144.

[25]

LaTeX Warning: Reference `fig-barycenters-images' on page 26 undefined on input
 line 164.


LaTeX Warning: Reference `fig-bary-shapes' on page 26 undefined on input line 1
64.


LaTeX Warning: Reference `fig-barycenters-surfaces' on page 26 undefined on inp
ut line 164.


LaTeX Warning: Reference `rem-geod-heat' on page 26 undefined on input line 164
.


LaTeX Warning: Citation `2015-solomon-siggraph' on page 26 undefined on input l
ine 164.

<./figures/barycenters-shapes/duck-spiky-moomoo_s0-double-torus/barycenter-0-0.
png, id=1334, 529.0164pt x 398.4486pt>
File: ./figures/barycenters-shapes/duck-spiky-moomoo_s0-double-torus/barycenter
-0-0.png Graphic file (type png)
<use ./figures/barycenters-shapes/duck-spiky-moomoo_s0-double-torus/barycenter-
0-0.png>
Package pdftex.def Info: ./figures/barycenters-shapes/duck-spiky-moomoo_s0-doub
le-torus/barycenter-0-0.png  used on input line 185.
(pdftex.def)             Requested size: 32.88629pt x 29.66731pt.
<./figures/barycenters-shapes/duck-spiky-moomoo_s0-double-torus/barycenter-0-1.
png, id=1336, 529.0164pt x 398.4486pt>
File: ./figures/barycenters-shapes/duck-spiky-moomoo_s0-double-torus/barycenter
-0-1.png Graphic file (type png)
<use ./figures/barycenters-shapes/duck-spiky-moomoo_s0-double-torus/barycenter-
0-1.png>
Package pdftex.def Info: ./figures/barycenters-shapes/duck-spiky-moomoo_s0-doub
le-torus/barycenter-0-1.png  used on input line 185.
(pdftex.def)             Requested size: 32.88629pt x 29.66731pt.
<./figures/barycenters-shapes/duck-spiky-moomoo_s0-double-torus/barycenter-0-2.
png, id=1338, 529.0164pt x 398.4486pt>
File: ./figures/barycenters-shapes/duck-spiky-moomoo_s0-double-torus/barycenter
-0-2.png Graphic file (type png)
<use ./figures/barycenters-shapes/duck-spiky-moomoo_s0-double-torus/barycenter-
0-2.png>
Package pdftex.def Info: ./figures/barycenters-shapes/duck-spiky-moomoo_s0-doub
le-torus/barycenter-0-2.png  used on input line 185.
(pdftex.def)             Requested size: 32.88629pt x 29.66731pt.
<./figures/barycenters-shapes/duck-spiky-moomoo_s0-double-torus/barycenter-0-3.
png, id=1340, 529.0164pt x 398.4486pt>
File: ./figures/barycenters-shapes/duck-spiky-moomoo_s0-double-torus/barycenter
-0-3.png Graphic file (type png)
<use ./figures/barycenters-shapes/duck-spiky-moomoo_s0-double-torus/barycenter-
0-3.png>
Package pdftex.def Info: ./figures/barycenters-shapes/duck-spiky-moomoo_s0-doub
le-torus/barycenter-0-3.png  used on input line 185.
(pdftex.def)             Requested size: 32.88629pt x 29.66731pt.
<./figures/barycenters-shapes/duck-spiky-moomoo_s0-double-torus/barycenter-0-4.
png, id=1342, 529.0164pt x 398.4486pt>
File: ./figures/barycenters-shapes/duck-spiky-moomoo_s0-double-torus/barycenter
-0-4.png Graphic file (type png)
<use ./figures/barycenters-shapes/duck-spiky-moomoo_s0-double-torus/barycenter-
0-4.png>
Package pdftex.def Info: ./figures/barycenters-shapes/duck-spiky-moomoo_s0-doub
le-torus/barycenter-0-4.png  used on input line 185.
(pdftex.def)             Requested size: 32.88629pt x 29.66731pt.
<./figures/barycenters-shapes/duck-spiky-moomoo_s0-double-torus/barycenter-1-0.
png, id=1344, 529.0164pt x 398.4486pt>
File: ./figures/barycenters-shapes/duck-spiky-moomoo_s0-double-torus/barycenter
-1-0.png Graphic file (type png)
<use ./figures/barycenters-shapes/duck-spiky-moomoo_s0-double-torus/barycenter-
1-0.png>
Package pdftex.def Info: ./figures/barycenters-shapes/duck-spiky-moomoo_s0-doub
le-torus/barycenter-1-0.png  used on input line 185.
(pdftex.def)             Requested size: 32.88629pt x 29.66731pt.
<./figures/barycenters-shapes/duck-spiky-moomoo_s0-double-torus/barycenter-1-1.
png, id=1346, 529.0164pt x 398.4486pt>
File: ./figures/barycenters-shapes/duck-spiky-moomoo_s0-double-torus/barycenter
-1-1.png Graphic file (type png)
<use ./figures/barycenters-shapes/duck-spiky-moomoo_s0-double-torus/barycenter-
1-1.png>
Package pdftex.def Info: ./figures/barycenters-shapes/duck-spiky-moomoo_s0-doub
le-torus/barycenter-1-1.png  used on input line 185.
(pdftex.def)             Requested size: 32.88629pt x 29.66731pt.
<./figures/barycenters-shapes/duck-spiky-moomoo_s0-double-torus/barycenter-1-2.
png, id=1348, 529.0164pt x 398.4486pt>
File: ./figures/barycenters-shapes/duck-spiky-moomoo_s0-double-torus/barycenter
-1-2.png Graphic file (type png)
<use ./figures/barycenters-shapes/duck-spiky-moomoo_s0-double-torus/barycenter-
1-2.png>
Package pdftex.def Info: ./figures/barycenters-shapes/duck-spiky-moomoo_s0-doub
le-torus/barycenter-1-2.png  used on input line 185.
(pdftex.def)             Requested size: 32.88629pt x 29.66731pt.
<./figures/barycenters-shapes/duck-spiky-moomoo_s0-double-torus/barycenter-1-3.
png, id=1350, 529.0164pt x 398.4486pt>
File: ./figures/barycenters-shapes/duck-spiky-moomoo_s0-double-torus/barycenter
-1-3.png Graphic file (type png)
<use ./figures/barycenters-shapes/duck-spiky-moomoo_s0-double-torus/barycenter-
1-3.png>
Package pdftex.def Info: ./figures/barycenters-shapes/duck-spiky-moomoo_s0-doub
le-torus/barycenter-1-3.png  used on input line 185.
(pdftex.def)             Requested size: 32.88629pt x 29.66731pt.
<./figures/barycenters-shapes/duck-spiky-moomoo_s0-double-torus/barycenter-1-4.
png, id=1352, 529.0164pt x 398.4486pt>
File: ./figures/barycenters-shapes/duck-spiky-moomoo_s0-double-torus/barycenter
-1-4.png Graphic file (type png)
<use ./figures/barycenters-shapes/duck-spiky-moomoo_s0-double-torus/barycenter-
1-4.png>
Package pdftex.def Info: ./figures/barycenters-shapes/duck-spiky-moomoo_s0-doub
le-torus/barycenter-1-4.png  used on input line 185.
(pdftex.def)             Requested size: 32.88629pt x 29.66731pt.
<./figures/barycenters-shapes/duck-spiky-moomoo_s0-double-torus/barycenter-2-0.
png, id=1354, 529.0164pt x 398.4486pt>
File: ./figures/barycenters-shapes/duck-spiky-moomoo_s0-double-torus/barycenter
-2-0.png Graphic file (type png)
<use ./figures/barycenters-shapes/duck-spiky-moomoo_s0-double-torus/barycenter-
2-0.png>
Package pdftex.def Info: ./figures/barycenters-shapes/duck-spiky-moomoo_s0-doub
le-torus/barycenter-2-0.png  used on input line 185.
(pdftex.def)             Requested size: 32.88629pt x 29.66731pt.
<./figures/barycenters-shapes/duck-spiky-moomoo_s0-double-torus/barycenter-2-1.
png, id=1356, 529.0164pt x 398.4486pt>
File: ./figures/barycenters-shapes/duck-spiky-moomoo_s0-double-torus/barycenter
-2-1.png Graphic file (type png)
<use ./figures/barycenters-shapes/duck-spiky-moomoo_s0-double-torus/barycenter-
2-1.png>
Package pdftex.def Info: ./figures/barycenters-shapes/duck-spiky-moomoo_s0-doub
le-torus/barycenter-2-1.png  used on input line 185.
(pdftex.def)             Requested size: 32.88629pt x 29.66731pt.
<./figures/barycenters-shapes/duck-spiky-moomoo_s0-double-torus/barycenter-2-2.
png, id=1358, 529.0164pt x 398.4486pt>
File: ./figures/barycenters-shapes/duck-spiky-moomoo_s0-double-torus/barycenter
-2-2.png Graphic file (type png)
<use ./figures/barycenters-shapes/duck-spiky-moomoo_s0-double-torus/barycenter-
2-2.png>
Package pdftex.def Info: ./figures/barycenters-shapes/duck-spiky-moomoo_s0-doub
le-torus/barycenter-2-2.png  used on input line 185.
(pdftex.def)             Requested size: 32.88629pt x 29.66731pt.
<./figures/barycenters-shapes/duck-spiky-moomoo_s0-double-torus/barycenter-2-3.
png, id=1360, 529.0164pt x 398.4486pt>
File: ./figures/barycenters-shapes/duck-spiky-moomoo_s0-double-torus/barycenter
-2-3.png Graphic file (type png)
<use ./figures/barycenters-shapes/duck-spiky-moomoo_s0-double-torus/barycenter-
2-3.png>
Package pdftex.def Info: ./figures/barycenters-shapes/duck-spiky-moomoo_s0-doub
le-torus/barycenter-2-3.png  used on input line 185.
(pdftex.def)             Requested size: 32.88629pt x 29.66731pt.
<./figures/barycenters-shapes/duck-spiky-moomoo_s0-double-torus/barycenter-2-4.
png, id=1362, 529.0164pt x 398.4486pt>
File: ./figures/barycenters-shapes/duck-spiky-moomoo_s0-double-torus/barycenter
-2-4.png Graphic file (type png)
<use ./figures/barycenters-shapes/duck-spiky-moomoo_s0-double-torus/barycenter-
2-4.png>
Package pdftex.def Info: ./figures/barycenters-shapes/duck-spiky-moomoo_s0-doub
le-torus/barycenter-2-4.png  used on input line 185.
(pdftex.def)             Requested size: 32.88629pt x 29.66731pt.
<./figures/barycenters-shapes/duck-spiky-moomoo_s0-double-torus/barycenter-3-0.
png, id=1364, 529.0164pt x 398.4486pt>
File: ./figures/barycenters-shapes/duck-spiky-moomoo_s0-double-torus/barycenter
-3-0.png Graphic file (type png)
<use ./figures/barycenters-shapes/duck-spiky-moomoo_s0-double-torus/barycenter-
3-0.png>
Package pdftex.def Info: ./figures/barycenters-shapes/duck-spiky-moomoo_s0-doub
le-torus/barycenter-3-0.png  used on input line 185.
(pdftex.def)             Requested size: 32.88629pt x 29.66731pt.
<./figures/barycenters-shapes/duck-spiky-moomoo_s0-double-torus/barycenter-3-1.
png, id=1366, 529.0164pt x 398.4486pt>
File: ./figures/barycenters-shapes/duck-spiky-moomoo_s0-double-torus/barycenter
-3-1.png Graphic file (type png)
<use ./figures/barycenters-shapes/duck-spiky-moomoo_s0-double-torus/barycenter-
3-1.png>
Package pdftex.def Info: ./figures/barycenters-shapes/duck-spiky-moomoo_s0-doub
le-torus/barycenter-3-1.png  used on input line 185.
(pdftex.def)             Requested size: 32.88629pt x 29.66731pt.
<./figures/barycenters-shapes/duck-spiky-moomoo_s0-double-torus/barycenter-3-2.
png, id=1368, 529.0164pt x 398.4486pt>
File: ./figures/barycenters-shapes/duck-spiky-moomoo_s0-double-torus/barycenter
-3-2.png Graphic file (type png)
<use ./figures/barycenters-shapes/duck-spiky-moomoo_s0-double-torus/barycenter-
3-2.png>
Package pdftex.def Info: ./figures/barycenters-shapes/duck-spiky-moomoo_s0-doub
le-torus/barycenter-3-2.png  used on input line 185.
(pdftex.def)             Requested size: 32.88629pt x 29.66731pt.
<./figures/barycenters-shapes/duck-spiky-moomoo_s0-double-torus/barycenter-3-3.
png, id=1370, 529.0164pt x 398.4486pt>
File: ./figures/barycenters-shapes/duck-spiky-moomoo_s0-double-torus/barycenter
-3-3.png Graphic file (type png)
<use ./figures/barycenters-shapes/duck-spiky-moomoo_s0-double-torus/barycenter-
3-3.png>
Package pdftex.def Info: ./figures/barycenters-shapes/duck-spiky-moomoo_s0-doub
le-torus/barycenter-3-3.png  used on input line 185.
(pdftex.def)             Requested size: 32.88629pt x 29.66731pt.
<./figures/barycenters-shapes/duck-spiky-moomoo_s0-double-torus/barycenter-3-4.
png, id=1372, 529.0164pt x 398.4486pt>
File: ./figures/barycenters-shapes/duck-spiky-moomoo_s0-double-torus/barycenter
-3-4.png Graphic file (type png)
<use ./figures/barycenters-shapes/duck-spiky-moomoo_s0-double-torus/barycenter-
3-4.png>
Package pdftex.def Info: ./figures/barycenters-shapes/duck-spiky-moomoo_s0-doub
le-torus/barycenter-3-4.png  used on input line 185.
(pdftex.def)             Requested size: 32.88629pt x 29.66731pt.
<./figures/barycenters-shapes/duck-spiky-moomoo_s0-double-torus/barycenter-4-0.
png, id=1374, 529.0164pt x 398.4486pt>
File: ./figures/barycenters-shapes/duck-spiky-moomoo_s0-double-torus/barycenter
-4-0.png Graphic file (type png)
<use ./figures/barycenters-shapes/duck-spiky-moomoo_s0-double-torus/barycenter-
4-0.png>
Package pdftex.def Info: ./figures/barycenters-shapes/duck-spiky-moomoo_s0-doub
le-torus/barycenter-4-0.png  used on input line 185.
(pdftex.def)             Requested size: 32.88629pt x 29.66731pt.
<./figures/barycenters-shapes/duck-spiky-moomoo_s0-double-torus/barycenter-4-1.
png, id=1376, 529.0164pt x 398.4486pt>
File: ./figures/barycenters-shapes/duck-spiky-moomoo_s0-double-torus/barycenter
-4-1.png Graphic file (type png)
<use ./figures/barycenters-shapes/duck-spiky-moomoo_s0-double-torus/barycenter-
4-1.png>
Package pdftex.def Info: ./figures/barycenters-shapes/duck-spiky-moomoo_s0-doub
le-torus/barycenter-4-1.png  used on input line 185.
(pdftex.def)             Requested size: 32.88629pt x 29.66731pt.
<./figures/barycenters-shapes/duck-spiky-moomoo_s0-double-torus/barycenter-4-2.
png, id=1378, 529.0164pt x 398.4486pt>
File: ./figures/barycenters-shapes/duck-spiky-moomoo_s0-double-torus/barycenter
-4-2.png Graphic file (type png)
<use ./figures/barycenters-shapes/duck-spiky-moomoo_s0-double-torus/barycenter-
4-2.png>
Package pdftex.def Info: ./figures/barycenters-shapes/duck-spiky-moomoo_s0-doub
le-torus/barycenter-4-2.png  used on input line 185.
(pdftex.def)             Requested size: 32.88629pt x 29.66731pt.
<./figures/barycenters-shapes/duck-spiky-moomoo_s0-double-torus/barycenter-4-3.
png, id=1380, 529.0164pt x 398.4486pt>
File: ./figures/barycenters-shapes/duck-spiky-moomoo_s0-double-torus/barycenter
-4-3.png Graphic file (type png)
<use ./figures/barycenters-shapes/duck-spiky-moomoo_s0-double-torus/barycenter-
4-3.png>
Package pdftex.def Info: ./figures/barycenters-shapes/duck-spiky-moomoo_s0-doub
le-torus/barycenter-4-3.png  used on input line 185.
(pdftex.def)             Requested size: 32.88629pt x 29.66731pt.
<./figures/barycenters-shapes/duck-spiky-moomoo_s0-double-torus/barycenter-4-4.
png, id=1382, 529.0164pt x 398.4486pt>
File: ./figures/barycenters-shapes/duck-spiky-moomoo_s0-double-torus/barycenter
-4-4.png Graphic file (type png)
<use ./figures/barycenters-shapes/duck-spiky-moomoo_s0-double-torus/barycenter-
4-4.png>
Package pdftex.def Info: ./figures/barycenters-shapes/duck-spiky-moomoo_s0-doub
le-torus/barycenter-4-4.png  used on input line 185.
(pdftex.def)             Requested size: 32.88629pt x 29.66731pt.
<./figures/barycenters-shapes/mushroom-torus-hand1-trim-star/barycenter-0-0.png
, id=1384, 529.0164pt x 322.3242pt>
File: ./figures/barycenters-shapes/mushroom-torus-hand1-trim-star/barycenter-0-
0.png Graphic file (type png)
<use ./figures/barycenters-shapes/mushroom-torus-hand1-trim-star/barycenter-0-0
.png>
Package pdftex.def Info: ./figures/barycenters-shapes/mushroom-torus-hand1-trim
-star/barycenter-0-0.png  used on input line 195.
(pdftex.def)             Requested size: 31.47421pt x 29.16469pt.
<./figures/barycenters-shapes/mushroom-torus-hand1-trim-star/barycenter-0-1.png
, id=1386, 529.0164pt x 322.3242pt>
File: ./figures/barycenters-shapes/mushroom-torus-hand1-trim-star/barycenter-0-
1.png Graphic file (type png)
<use ./figures/barycenters-shapes/mushroom-torus-hand1-trim-star/barycenter-0-1
.png>
Package pdftex.def Info: ./figures/barycenters-shapes/mushroom-torus-hand1-trim
-star/barycenter-0-1.png  used on input line 195.
(pdftex.def)             Requested size: 31.47421pt x 29.16469pt.
<./figures/barycenters-shapes/mushroom-torus-hand1-trim-star/barycenter-0-2.png
, id=1388, 529.0164pt x 322.3242pt>
File: ./figures/barycenters-shapes/mushroom-torus-hand1-trim-star/barycenter-0-
2.png Graphic file (type png)
<use ./figures/barycenters-shapes/mushroom-torus-hand1-trim-star/barycenter-0-2
.png>
Package pdftex.def Info: ./figures/barycenters-shapes/mushroom-torus-hand1-trim
-star/barycenter-0-2.png  used on input line 195.
(pdftex.def)             Requested size: 31.47421pt x 29.16469pt.
<./figures/barycenters-shapes/mushroom-torus-hand1-trim-star/barycenter-0-3.png
, id=1390, 529.0164pt x 322.3242pt>
File: ./figures/barycenters-shapes/mushroom-torus-hand1-trim-star/barycenter-0-
3.png Graphic file (type png)
<use ./figures/barycenters-shapes/mushroom-torus-hand1-trim-star/barycenter-0-3
.png>
Package pdftex.def Info: ./figures/barycenters-shapes/mushroom-torus-hand1-trim
-star/barycenter-0-3.png  used on input line 195.
(pdftex.def)             Requested size: 31.47421pt x 29.16469pt.
<./figures/barycenters-shapes/mushroom-torus-hand1-trim-star/barycenter-0-4.png
, id=1392, 529.0164pt x 322.3242pt>
File: ./figures/barycenters-shapes/mushroom-torus-hand1-trim-star/barycenter-0-
4.png Graphic file (type png)
<use ./figures/barycenters-shapes/mushroom-torus-hand1-trim-star/barycenter-0-4
.png>
Package pdftex.def Info: ./figures/barycenters-shapes/mushroom-torus-hand1-trim
-star/barycenter-0-4.png  used on input line 195.
(pdftex.def)             Requested size: 31.47421pt x 29.16469pt.
<./figures/barycenters-shapes/mushroom-torus-hand1-trim-star/barycenter-1-0.png
, id=1394, 529.0164pt x 322.3242pt>
File: ./figures/barycenters-shapes/mushroom-torus-hand1-trim-star/barycenter-1-
0.png Graphic file (type png)
<use ./figures/barycenters-shapes/mushroom-torus-hand1-trim-star/barycenter-1-0
.png>
Package pdftex.def Info: ./figures/barycenters-shapes/mushroom-torus-hand1-trim
-star/barycenter-1-0.png  used on input line 195.
(pdftex.def)             Requested size: 31.47421pt x 29.16469pt.
<./figures/barycenters-shapes/mushroom-torus-hand1-trim-star/barycenter-1-1.png
, id=1396, 529.0164pt x 322.3242pt>
File: ./figures/barycenters-shapes/mushroom-torus-hand1-trim-star/barycenter-1-
1.png Graphic file (type png)
<use ./figures/barycenters-shapes/mushroom-torus-hand1-trim-star/barycenter-1-1
.png>
Package pdftex.def Info: ./figures/barycenters-shapes/mushroom-torus-hand1-trim
-star/barycenter-1-1.png  used on input line 195.
(pdftex.def)             Requested size: 31.47421pt x 29.16469pt.
<./figures/barycenters-shapes/mushroom-torus-hand1-trim-star/barycenter-1-2.png
, id=1398, 529.0164pt x 322.3242pt>
File: ./figures/barycenters-shapes/mushroom-torus-hand1-trim-star/barycenter-1-
2.png Graphic file (type png)
<use ./figures/barycenters-shapes/mushroom-torus-hand1-trim-star/barycenter-1-2
.png>
Package pdftex.def Info: ./figures/barycenters-shapes/mushroom-torus-hand1-trim
-star/barycenter-1-2.png  used on input line 195.
(pdftex.def)             Requested size: 31.47421pt x 29.16469pt.
<./figures/barycenters-shapes/mushroom-torus-hand1-trim-star/barycenter-1-3.png
, id=1400, 529.0164pt x 322.3242pt>
File: ./figures/barycenters-shapes/mushroom-torus-hand1-trim-star/barycenter-1-
3.png Graphic file (type png)
<use ./figures/barycenters-shapes/mushroom-torus-hand1-trim-star/barycenter-1-3
.png>
Package pdftex.def Info: ./figures/barycenters-shapes/mushroom-torus-hand1-trim
-star/barycenter-1-3.png  used on input line 195.
(pdftex.def)             Requested size: 31.47421pt x 29.16469pt.
<./figures/barycenters-shapes/mushroom-torus-hand1-trim-star/barycenter-1-4.png
, id=1402, 529.0164pt x 322.3242pt>
File: ./figures/barycenters-shapes/mushroom-torus-hand1-trim-star/barycenter-1-
4.png Graphic file (type png)
<use ./figures/barycenters-shapes/mushroom-torus-hand1-trim-star/barycenter-1-4
.png>
Package pdftex.def Info: ./figures/barycenters-shapes/mushroom-torus-hand1-trim
-star/barycenter-1-4.png  used on input line 195.
(pdftex.def)             Requested size: 31.47421pt x 29.16469pt.
<./figures/barycenters-shapes/mushroom-torus-hand1-trim-star/barycenter-2-0.png
, id=1404, 529.0164pt x 322.3242pt>
File: ./figures/barycenters-shapes/mushroom-torus-hand1-trim-star/barycenter-2-
0.png Graphic file (type png)
<use ./figures/barycenters-shapes/mushroom-torus-hand1-trim-star/barycenter-2-0
.png>
Package pdftex.def Info: ./figures/barycenters-shapes/mushroom-torus-hand1-trim
-star/barycenter-2-0.png  used on input line 195.
(pdftex.def)             Requested size: 31.47421pt x 29.16469pt.
<./figures/barycenters-shapes/mushroom-torus-hand1-trim-star/barycenter-2-1.png
, id=1406, 529.0164pt x 322.3242pt>
File: ./figures/barycenters-shapes/mushroom-torus-hand1-trim-star/barycenter-2-
1.png Graphic file (type png)
<use ./figures/barycenters-shapes/mushroom-torus-hand1-trim-star/barycenter-2-1
.png>
Package pdftex.def Info: ./figures/barycenters-shapes/mushroom-torus-hand1-trim
-star/barycenter-2-1.png  used on input line 195.
(pdftex.def)             Requested size: 31.47421pt x 29.16469pt.
<./figures/barycenters-shapes/mushroom-torus-hand1-trim-star/barycenter-2-2.png
, id=1408, 529.0164pt x 322.3242pt>
File: ./figures/barycenters-shapes/mushroom-torus-hand1-trim-star/barycenter-2-
2.png Graphic file (type png)
<use ./figures/barycenters-shapes/mushroom-torus-hand1-trim-star/barycenter-2-2
.png>
Package pdftex.def Info: ./figures/barycenters-shapes/mushroom-torus-hand1-trim
-star/barycenter-2-2.png  used on input line 195.
(pdftex.def)             Requested size: 31.47421pt x 29.16469pt.
<./figures/barycenters-shapes/mushroom-torus-hand1-trim-star/barycenter-2-3.png
, id=1410, 529.0164pt x 322.3242pt>
File: ./figures/barycenters-shapes/mushroom-torus-hand1-trim-star/barycenter-2-
3.png Graphic file (type png)
<use ./figures/barycenters-shapes/mushroom-torus-hand1-trim-star/barycenter-2-3
.png>
Package pdftex.def Info: ./figures/barycenters-shapes/mushroom-torus-hand1-trim
-star/barycenter-2-3.png  used on input line 195.
(pdftex.def)             Requested size: 31.47421pt x 29.16469pt.
<./figures/barycenters-shapes/mushroom-torus-hand1-trim-star/barycenter-2-4.png
, id=1412, 529.0164pt x 322.3242pt>
File: ./figures/barycenters-shapes/mushroom-torus-hand1-trim-star/barycenter-2-
4.png Graphic file (type png)
<use ./figures/barycenters-shapes/mushroom-torus-hand1-trim-star/barycenter-2-4
.png>
Package pdftex.def Info: ./figures/barycenters-shapes/mushroom-torus-hand1-trim
-star/barycenter-2-4.png  used on input line 195.
(pdftex.def)             Requested size: 31.47421pt x 29.16469pt.
<./figures/barycenters-shapes/mushroom-torus-hand1-trim-star/barycenter-3-0.png
, id=1414, 529.0164pt x 322.3242pt>
File: ./figures/barycenters-shapes/mushroom-torus-hand1-trim-star/barycenter-3-
0.png Graphic file (type png)
<use ./figures/barycenters-shapes/mushroom-torus-hand1-trim-star/barycenter-3-0
.png>
Package pdftex.def Info: ./figures/barycenters-shapes/mushroom-torus-hand1-trim
-star/barycenter-3-0.png  used on input line 195.
(pdftex.def)             Requested size: 31.47421pt x 29.16469pt.
<./figures/barycenters-shapes/mushroom-torus-hand1-trim-star/barycenter-3-1.png
, id=1416, 529.0164pt x 322.3242pt>
File: ./figures/barycenters-shapes/mushroom-torus-hand1-trim-star/barycenter-3-
1.png Graphic file (type png)
<use ./figures/barycenters-shapes/mushroom-torus-hand1-trim-star/barycenter-3-1
.png>
Package pdftex.def Info: ./figures/barycenters-shapes/mushroom-torus-hand1-trim
-star/barycenter-3-1.png  used on input line 195.
(pdftex.def)             Requested size: 31.47421pt x 29.16469pt.
<./figures/barycenters-shapes/mushroom-torus-hand1-trim-star/barycenter-3-2.png
, id=1418, 529.0164pt x 322.3242pt>
File: ./figures/barycenters-shapes/mushroom-torus-hand1-trim-star/barycenter-3-
2.png Graphic file (type png)
<use ./figures/barycenters-shapes/mushroom-torus-hand1-trim-star/barycenter-3-2
.png>
Package pdftex.def Info: ./figures/barycenters-shapes/mushroom-torus-hand1-trim
-star/barycenter-3-2.png  used on input line 195.
(pdftex.def)             Requested size: 31.47421pt x 29.16469pt.
<./figures/barycenters-shapes/mushroom-torus-hand1-trim-star/barycenter-3-3.png
, id=1420, 529.0164pt x 322.3242pt>
File: ./figures/barycenters-shapes/mushroom-torus-hand1-trim-star/barycenter-3-
3.png Graphic file (type png)
<use ./figures/barycenters-shapes/mushroom-torus-hand1-trim-star/barycenter-3-3
.png>
Package pdftex.def Info: ./figures/barycenters-shapes/mushroom-torus-hand1-trim
-star/barycenter-3-3.png  used on input line 195.
(pdftex.def)             Requested size: 31.47421pt x 29.16469pt.
<./figures/barycenters-shapes/mushroom-torus-hand1-trim-star/barycenter-3-4.png
, id=1422, 529.0164pt x 322.3242pt>
File: ./figures/barycenters-shapes/mushroom-torus-hand1-trim-star/barycenter-3-
4.png Graphic file (type png)
<use ./figures/barycenters-shapes/mushroom-torus-hand1-trim-star/barycenter-3-4
.png>
Package pdftex.def Info: ./figures/barycenters-shapes/mushroom-torus-hand1-trim
-star/barycenter-3-4.png  used on input line 195.
(pdftex.def)             Requested size: 31.47421pt x 29.16469pt.
<./figures/barycenters-shapes/mushroom-torus-hand1-trim-star/barycenter-4-0.png
, id=1424, 529.0164pt x 322.3242pt>
File: ./figures/barycenters-shapes/mushroom-torus-hand1-trim-star/barycenter-4-
0.png Graphic file (type png)
<use ./figures/barycenters-shapes/mushroom-torus-hand1-trim-star/barycenter-4-0
.png>
Package pdftex.def Info: ./figures/barycenters-shapes/mushroom-torus-hand1-trim
-star/barycenter-4-0.png  used on input line 195.
(pdftex.def)             Requested size: 31.47421pt x 29.16469pt.
<./figures/barycenters-shapes/mushroom-torus-hand1-trim-star/barycenter-4-1.png
, id=1426, 529.0164pt x 322.3242pt>
File: ./figures/barycenters-shapes/mushroom-torus-hand1-trim-star/barycenter-4-
1.png Graphic file (type png)
<use ./figures/barycenters-shapes/mushroom-torus-hand1-trim-star/barycenter-4-1
.png>
Package pdftex.def Info: ./figures/barycenters-shapes/mushroom-torus-hand1-trim
-star/barycenter-4-1.png  used on input line 195.
(pdftex.def)             Requested size: 31.47421pt x 29.16469pt.
<./figures/barycenters-shapes/mushroom-torus-hand1-trim-star/barycenter-4-2.png
, id=1428, 529.0164pt x 322.3242pt>
File: ./figures/barycenters-shapes/mushroom-torus-hand1-trim-star/barycenter-4-
2.png Graphic file (type png)
<use ./figures/barycenters-shapes/mushroom-torus-hand1-trim-star/barycenter-4-2
.png>
Package pdftex.def Info: ./figures/barycenters-shapes/mushroom-torus-hand1-trim
-star/barycenter-4-2.png  used on input line 195.
(pdftex.def)             Requested size: 31.47421pt x 29.16469pt.
<./figures/barycenters-shapes/mushroom-torus-hand1-trim-star/barycenter-4-3.png
, id=1430, 529.0164pt x 322.3242pt>
File: ./figures/barycenters-shapes/mushroom-torus-hand1-trim-star/barycenter-4-
3.png Graphic file (type png)
<use ./figures/barycenters-shapes/mushroom-torus-hand1-trim-star/barycenter-4-3
.png>
Package pdftex.def Info: ./figures/barycenters-shapes/mushroom-torus-hand1-trim
-star/barycenter-4-3.png  used on input line 195.
(pdftex.def)             Requested size: 31.47421pt x 29.16469pt.
<./figures/barycenters-shapes/mushroom-torus-hand1-trim-star/barycenter-4-4.png
, id=1432, 529.0164pt x 322.3242pt>
File: ./figures/barycenters-shapes/mushroom-torus-hand1-trim-star/barycenter-4-
4.png Graphic file (type png)
<use ./figures/barycenters-shapes/mushroom-torus-hand1-trim-star/barycenter-4-4
.png>
Package pdftex.def Info: ./figures/barycenters-shapes/mushroom-torus-hand1-trim
-star/barycenter-4-4.png  used on input line 195.
(pdftex.def)             Requested size: 31.47421pt x 29.16469pt.

LaTeX Warning: Reference `sec-bary' on page 26 undefined on input line 212.


LaTeX Warning: Citation `pmlr-v51-rolet16' on page 26 undefined on input line 2
14.

[26pdfTeX warning (ext4): destination with the same identifier (name{figure.14}
) has been already used, duplicate ignored

\AtBegShi@Output ...ipout \box \AtBeginShipoutBox 
                                                  \fi \fi 
l.217 A
        practical problem of paramount importance in statistic and machine l...
 <./figures/barycenters-shapes/duck-spiky-moomoo_s0-double-torus/barycenter-0-0
.png (PNG copy)> <./figures/barycenters-shapes/duck-spiky-moomoo_s0-double-toru
s/barycenter-0-1.png (PNG copy)> <./figures/barycenters-shapes/duck-spiky-moomo
o_s0-double-torus/barycenter-0-2.png (PNG copy)> <./figures/barycenters-shapes/
duck-spiky-moomoo_s0-double-torus/barycenter-0-3.png (PNG copy)> <./figures/bar
ycenters-shapes/duck-spiky-moomoo_s0-double-torus/barycenter-0-4.png (PNG copy)
> <./figures/barycenters-shapes/duck-spiky-moomoo_s0-double-torus/barycenter-1-
0.png (PNG copy)> <./figures/barycenters-shapes/duck-spiky-moomoo_s0-double-tor
us/barycenter-1-1.png (PNG copy)> <./figures/barycenters-shapes/duck-spiky-moom
oo_s0-double-torus/barycenter-1-2.png (PNG copy)> <./figures/barycenters-shapes
/duck-spiky-moomoo_s0-double-torus/barycenter-1-3.png (PNG copy)> <./figures/ba
rycenters-shapes/duck-spiky-moomoo_s0-double-torus/barycenter-1-4.png (PNG copy
)> <./figures/barycenters-shapes/duck-spiky-moomoo_s0-double-torus/barycenter-2
-0.png (PNG copy)> <./figures/barycenters-shapes/duck-spiky-moomoo_s0-double-to
rus/barycenter-2-1.png (PNG copy)> <./figures/barycenters-shapes/duck-spiky-moo
moo_s0-double-torus/barycenter-2-2.png (PNG copy)> <./figures/barycenters-shape
s/duck-spiky-moomoo_s0-double-torus/barycenter-2-3.png (PNG copy)> <./figures/b
arycenters-shapes/duck-spiky-moomoo_s0-double-torus/barycenter-2-4.png (PNG cop
y)> <./figures/barycenters-shapes/duck-spiky-moomoo_s0-double-torus/barycenter-
3-0.png (PNG copy)> <./figures/barycenters-shapes/duck-spiky-moomoo_s0-double-t
orus/barycenter-3-1.png (PNG copy)> <./figures/barycenters-shapes/duck-spiky-mo
omoo_s0-double-torus/barycenter-3-2.png (PNG copy)> <./figures/barycenters-shap
es/duck-spiky-moomoo_s0-double-torus/barycenter-3-3.png (PNG copy)> <./figures/
barycenters-shapes/duck-spiky-moomoo_s0-double-torus/barycenter-3-4.png (PNG co
py)> <./figures/barycenters-shapes/duck-spiky-moomoo_s0-double-torus/barycenter
-4-0.png (PNG copy)> <./figures/barycenters-shapes/duck-spiky-moomoo_s0-double-
torus/barycenter-4-1.png (PNG copy)> <./figures/barycenters-shapes/duck-spiky-m
oomoo_s0-double-torus/barycenter-4-2.png (PNG copy)> <./figures/barycenters-sha
pes/duck-spiky-moomoo_s0-double-torus/barycenter-4-3.png (PNG copy)> <./figures
/barycenters-shapes/duck-spiky-moomoo_s0-double-torus/barycenter-4-4.png (PNG c
opy)> <./figures/barycenters-shapes/mushroom-torus-hand1-trim-star/barycenter-0
-0.png (PNG copy)> <./figures/barycenters-shapes/mushroom-torus-hand1-trim-star
/barycenter-0-1.png (PNG copy)> <./figures/barycenters-shapes/mushroom-torus-ha
nd1-trim-star/barycenter-0-2.png (PNG copy)> <./figures/barycenters-shapes/mush
room-torus-hand1-trim-star/barycenter-0-3.png (PNG copy)> <./figures/barycenter
s-shapes/mushroom-torus-hand1-trim-star/barycenter-0-4.png (PNG copy)> <./figur
es/barycenters-shapes/mushroom-torus-hand1-trim-star/barycenter-1-0.png (PNG co
py)> <./figures/barycenters-shapes/mushroom-torus-hand1-trim-star/barycenter-1-
1.png (PNG copy)> <./figures/barycenters-shapes/mushroom-torus-hand1-trim-star/
barycenter-1-2.png (PNG copy)> <./figures/barycenters-shapes/mushroom-torus-han
d1-trim-star/barycenter-1-3.png (PNG copy)> <./figures/barycenters-shapes/mushr
oom-torus-hand1-trim-star/barycenter-1-4.png (PNG copy)> <./figures/barycenters
-shapes/mushroom-torus-hand1-trim-star/barycenter-2-0.png (PNG copy)> <./figure
s/barycenters-shapes/mushroom-torus-hand1-trim-star/barycenter-2-1.png (PNG cop
y)> <./figures/barycenters-shapes/mushroom-torus-hand1-trim-star/barycenter-2-2
.png (PNG copy)> <./figures/barycenters-shapes/mushroom-torus-hand1-trim-star/b
arycenter-2-3.png (PNG copy)> <./figures/barycenters-shapes/mushroom-torus-hand
1-trim-star/barycenter-2-4.png (PNG copy)> <./figures/barycenters-shapes/mushro
om-torus-hand1-trim-star/barycenter-3-0.png (PNG copy)> <./figures/barycenters-
shapes/mushroom-torus-hand1-trim-star/barycenter-3-1.png (PNG copy)> <./figures
/barycenters-shapes/mushroom-torus-hand1-trim-star/barycenter-3-2.png (PNG copy
)> <./figures/barycenters-shapes/mushroom-torus-hand1-trim-star/barycenter-3-3.
png (PNG copy)> <./figures/barycenters-shapes/mushroom-torus-hand1-trim-star/ba
rycenter-3-4.png (PNG copy)> <./figures/barycenters-shapes/mushroom-torus-hand1
-trim-star/barycenter-4-0.png (PNG copy)> <./figures/barycenters-shapes/mushroo
m-torus-hand1-trim-star/barycenter-4-1.png (PNG copy)> <./figures/barycenters-s
hapes/mushroom-torus-hand1-trim-star/barycenter-4-2.png (PNG copy)> <./figures/
barycenters-shapes/mushroom-torus-hand1-trim-star/barycenter-4-3.png (PNG copy)
> <./figures/barycenters-shapes/mushroom-torus-hand1-trim-star/barycenter-4-4.p
ng (PNG copy)>]
<./figures/density-fitting/schematic-fitting.pdf, id=1497, 364.70424pt x 179.26
051pt>
File: ./figures/density-fitting/schematic-fitting.pdf Graphic file (type pdf)
<use ./figures/density-fitting/schematic-fitting.pdf>
Package pdftex.def Info: ./figures/density-fitting/schematic-fitting.pdf  used 
on input line 238.
(pdftex.def)             Requested size: 187.89914pt x 92.35439pt.


LaTeX Warning: Citation `owen2001empirical' on page 27 undefined on input line 
247.


LaTeX Warning: Reference `sec-dual-norms' on page 27 undefined on input line 26
3.


LaTeX Warning: Reference `c-algo-semidiscr' on page 27 undefined on input line 
265.

[27pdfTeX warning (ext4): destination with the same identifier (name{figure.15}
) has been already used, duplicate ignored

\AtBegShi@Output ...ipout \box \AtBeginShipoutBox 
                                                  \fi \fi 
l.267 T
       he class of estimators obtained using $\Ll=\MK_\c$, often called ``Mi...
 <./figures/density-fitting/schematic-fitting.pdf>]

LaTeX Warning: Citation `bassetti2006minimum' on page 28 undefined on input lin
e 267.


LaTeX Warning: Citation `CanasRosasco' on page 28 undefined on input line 267.

) (./sections/extensions.tex

LaTeX Warning: Citation `loiola-2007' on page 28 undefined on input line 29.


LaTeX Warning: Citation `lyzinski-2015' on page 28 undefined on input line 31.


LaTeX Warning: Citation `memoli-2011' on page 28 undefined on input line 35.


LaTeX Warning: Citation `SturmGW' on page 28 undefined on input line 35.


LaTeX Warning: Citation `schmitzer2013modelling' on page 28 undefined on input 
line 35.


LaTeX Warning: Citation `gromov-2001' on page 28 undefined on input line 37.


LaTeX Warning: Citation `memoli-2007' on page 28 undefined on input line 37.


LaTeX Warning: Citation `bronstein-2010' on page 28 undefined on input line 37.



LaTeX Warning: Citation `SturmGW' on page 28 undefined on input line 63.


LaTeX Warning: Citation `SturmGW' on page 28 undefined on input line 69.


LaTeX Warning: Citation `peyre2016gromov' on page 28 undefined on input line 71
.

[28]

LaTeX Warning: Citation `gold-1996' on page 29 undefined on input line 80.


LaTeX Warning: Citation `rangarajan-1999' on page 29 undefined on input line 80
.


LaTeX Warning: Citation `2016-solomon-gw' on page 29 undefined on input line 80
.


LaTeX Warning: Citation `2016-solomon-gw' on page 29 undefined on input line 90
.

<./figures/gw/source.jpg, id=1571, 363.3575pt x 779.91376pt>
File: ./figures/gw/source.jpg Graphic file (type jpg)
<use ./figures/gw/source.jpg>
Package pdftex.def Info: ./figures/gw/source.jpg  used on input line 95.
(pdftex.def)             Requested size: 48.1474pt x 103.34666pt.
<./figures/gw/target-surf.jpg, id=1572, 1106.1325pt x 779.91376pt>
File: ./figures/gw/target-surf.jpg Graphic file (type jpg)
<use ./figures/gw/target-surf.jpg>
Package pdftex.def Info: ./figures/gw/target-surf.jpg  used on input line 96.
(pdftex.def)             Requested size: 146.5703pt x 103.34666pt.
<./figures/gw/target-2d.jpg, id=1573, 1132.23pt x 779.91376pt>
File: ./figures/gw/target-2d.jpg Graphic file (type jpg)
<use ./figures/gw/target-2d.jpg>
Package pdftex.def Info: ./figures/gw/target-2d.jpg  used on input line 97.
(pdftex.def)             Requested size: 150.0284pt x 103.34666pt.

LaTeX Warning: Citation `2016-solomon-gw' on page 29 undefined on input line 10
0.


LaTeX Warning: Citation `2016-solomon-gw' on page 29 undefined on input line 10
0.

)
No file CourseOT.bbl.
Package atveryend Info: Empty hook `BeforeClearDocument' on input line 67.
[29pdfTeX warning (ext4): destination with the same identifier (name{figure.16}
) has been already used, duplicate ignored

\AtBegShi@Output ...ipout \box \AtBeginShipoutBox 
                                                  \fi \fi 
l.67 \end{document}
                    <./figures/gw/source.jpg> <./figures/gw/target-surf.jpg> <.
/figures/gw/target-2d.jpg>]
Package atveryend Info: Empty hook `AfterLastShipout' on input line 67.
 (./CourseOT.aux)
Package atveryend Info: Executing hook `AtVeryEndDocument' on input line 67.
Package atveryend Info: Executing hook `AtEndAfterFileList' on input line 67.
Package rerunfilecheck Info: File `CourseOT.out' has not changed.
(rerunfilecheck)             Checksum: A29B231A8149A89A7AAA18B959AAA844;2249.


LaTeX Warning: There were undefined references.


LaTeX Warning: Label(s) may have changed. Rerun to get cross-references right.

Package atveryend Info: Empty hook `AtVeryVeryEnd' on input line 67.
 ) 
Here is how much of TeX's memory you used:
 18233 strings out of 492649
 335872 string characters out of 6129622
 408418 words of memory out of 5000000
 21570 multiletter control sequences out of 15000+600000
 547462 words of font info for 97 fonts, out of 8000000 for 9000
 1141 hyphenation exceptions out of 8191
 46i,19n,37p,10416b,453s stack positions out of 5000i,500n,10000p,200000b,80000s
</usr/local/texlive/2018/texmf-dist/fonts/type1/public/bbold-type1/bbold10.pf
b></usr/local/texlive/2018/texmf-dist/fonts/type1/public/bbold-type1/bbold7.pfb
></usr/local/texlive/2018/texmf-dist/fonts/type1/public/amsfonts/cm/cmbx10.pfb>
</usr/local/texlive/2018/texmf-dist/fonts/type1/public/amsfonts/cm/cmbx12.pfb><
/usr/local/texlive/2018/texmf-dist/fonts/type1/public/amsfonts/cm/cmbx5.pfb></u
sr/local/texlive/2018/texmf-dist/fonts/type1/public/amsfonts/cm/cmbx7.pfb></usr
/local/texlive/2018/texmf-dist/fonts/type1/public/amsfonts/cm/cmex10.pfb></usr/
local/texlive/2018/texmf-dist/fonts/type1/public/amsfonts/cm/cmmi10.pfb></usr/l
ocal/texlive/2018/texmf-dist/fonts/type1/public/amsfonts/cm/cmmi12.pfb></usr/lo
cal/texlive/2018/texmf-dist/fonts/type1/public/amsfonts/cm/cmmi5.pfb></usr/loca
l/texlive/2018/texmf-dist/fonts/type1/public/amsfonts/cm/cmmi7.pfb></usr/local/
texlive/2018/texmf-dist/fonts/type1/public/amsfonts/cm/cmr10.pfb></usr/local/te
xlive/2018/texmf-dist/fonts/type1/public/amsfonts/cm/cmr12.pfb></usr/local/texl
ive/2018/texmf-dist/fonts/type1/public/amsfonts/cm/cmr17.pfb></usr/local/texliv
e/2018/texmf-dist/fonts/type1/public/amsfonts/cm/cmr5.pfb></usr/local/texlive/2
018/texmf-dist/fonts/type1/public/amsfonts/cm/cmr7.pfb></usr/local/texlive/2018
/texmf-dist/fonts/type1/public/amsfonts/cm/cmr8.pfb></usr/local/texlive/2018/te
xmf-dist/fonts/type1/public/amsfonts/cm/cmsy10.pfb></usr/local/texlive/2018/tex
mf-dist/fonts/type1/public/amsfonts/cm/cmsy5.pfb></usr/local/texlive/2018/texmf
-dist/fonts/type1/public/amsfonts/cm/cmsy7.pfb></usr/local/texlive/2018/texmf-d
ist/fonts/type1/public/amsfonts/cm/cmti10.pfb></usr/local/texlive/2018/texmf-di
st/fonts/type1/public/amsfonts/cm/cmtt12.pfb></usr/local/texlive/2018/texmf-dis
t/fonts/type1/public/doublestroke/dsrom10.pfb></usr/local/texlive/2018/texmf-di
st/fonts/type1/public/amsfonts/symbols/msam10.pfb></usr/local/texlive/2018/texm
f-dist/fonts/type1/public/amsfonts/symbols/msam7.pfb></usr/local/texlive/2018/t
exmf-dist/fonts/type1/public/stmaryrd/stmary10.pfb></usr/local/texlive/2018/tex
mf-dist/fonts/type1/public/stmaryrd/stmary7.pfb>
Output written on CourseOT.pdf (29 pages, 7362482 bytes).
PDF statistics:
 1708 PDF objects out of 1728 (max. 8388607)
 1332 compressed objects within 14 object streams
 212 named destinations out of 1000 (max. 500000)
 1001 words of extra memory for PDF output out of 10000 (max. 10000000)

