\BOOKMARK [1][-]{section.1}{Optimal Matching between Point Clouds}{}% 1
\BOOKMARK [2][-]{subsection.1.1}{Monge Problem between Discrete points}{section.1}% 2
\BOOKMARK [2][-]{subsection.1.2}{Matching Algorithms}{section.1}% 3
\BOOKMARK [1][-]{section.2}{Monge Problem between Measures}{}% 4
\BOOKMARK [2][-]{subsection.2.1}{Measures}{section.2}% 5
\BOOKMARK [2][-]{subsection.2.2}{Push Forward}{section.2}% 6
\BOOKMARK [2][-]{subsection.2.3}{Brenier Theorem}{section.2}% 7
\BOOKMARK [1][-]{section.3}{Kantorovitch Relaxation}{}% 8
\BOOKMARK [2][-]{subsection.3.1}{Discrete Relaxation}{section.3}% 9
\BOOKMARK [2][-]{subsection.3.2}{Relaxation for Arbitrary Measures}{section.3}% 10
\BOOKMARK [2][-]{subsection.3.3}{Metric Properties}{section.3}% 11
\BOOKMARK [1][-]{section.4}{Sinkhorn}{}% 12
\BOOKMARK [2][-]{subsection.4.1}{Entropic Regularization for Discrete Measures}{section.4}% 13
\BOOKMARK [2][-]{subsection.4.2}{General Formulation}{section.4}% 14
\BOOKMARK [2][-]{subsection.4.3}{Sinkhorn's Algorithm}{section.4}% 15
\BOOKMARK [2][-]{subsection.4.4}{Convergence}{section.4}% 16
\BOOKMARK [1][-]{section.5}{Dual Problem}{}% 17
\BOOKMARK [2][-]{subsection.5.1}{Discrete dual}{section.5}% 18
\BOOKMARK [2][-]{subsection.5.2}{General formulation}{section.5}% 19
\BOOKMARK [2][-]{subsection.5.3}{c-transforms}{section.5}% 20
\BOOKMARK [1][-]{section.6}{Semi-discrete and W1}{}% 21
\BOOKMARK [2][-]{subsection.6.1}{Semi-discrete}{section.6}% 22
\BOOKMARK [2][-]{subsection.6.2}{W1}{section.6}% 23
\BOOKMARK [1][-]{section.7}{Sinkhorn Divergences}{}% 24
\BOOKMARK [2][-]{subsection.7.1}{Duals of Sinkhorn}{section.7}% 25
\BOOKMARK [2][-]{subsection.7.2}{Sinkhorn Divergences}{section.7}% 26
\BOOKMARK [1][-]{section.8}{Variational Problems}{}% 27
\BOOKMARK [2][-]{subsection.8.1}{Barycenters}{section.8}% 28
\BOOKMARK [2][-]{subsection.8.2}{Wasserstein Loss}{section.8}% 29
\BOOKMARK [2][-]{subsection.8.3}{Gradient flows}{section.8}% 30
\BOOKMARK [1][-]{section.9}{Extensions}{}% 31
\BOOKMARK [2][-]{subsection.9.1}{Dynamical formulation}{section.9}% 32
\BOOKMARK [2][-]{subsection.9.2}{Unbalanced OT}{section.9}% 33
\BOOKMARK [2][-]{subsection.9.3}{Gromov Wasserstein}{section.9}% 34
\BOOKMARK [2][-]{subsection.9.4}{Quantum OT}{section.9}% 35
