\BOOKMARK [1][-]{section.1}{Optimal Matching between Point Clouds}{}% 1
\BOOKMARK [2][-]{subsection.1.1}{Monge Problem between Discrete points}{section.1}% 2
\BOOKMARK [2][-]{subsection.1.2}{Matching Algorithms}{section.1}% 3
\BOOKMARK [1][-]{section.2}{Monge Problem between Measures}{}% 4
\BOOKMARK [2][-]{subsection.2.1}{Measures}{section.2}% 5
\BOOKMARK [2][-]{subsection.2.2}{Push Forward}{section.2}% 6
\BOOKMARK [2][-]{subsection.2.3}{Monge's Formulation}{section.2}% 7
\BOOKMARK [2][-]{subsection.2.4}{Existence and Uniqueness of the Monge Map}{section.2}% 8
\BOOKMARK [1][-]{section.3}{Kantorovitch Relaxation}{}% 9
\BOOKMARK [2][-]{subsection.3.1}{Discrete Relaxation}{section.3}% 10
\BOOKMARK [2][-]{subsection.3.2}{Relaxation for Arbitrary Measures}{section.3}% 11
\BOOKMARK [2][-]{subsection.3.3}{Metric Properties}{section.3}% 12
\BOOKMARK [1][-]{section.4}{Sinkhorn}{}% 13
\BOOKMARK [2][-]{subsection.4.1}{Entropic Regularization for Discrete Measures}{section.4}% 14
\BOOKMARK [2][-]{subsection.4.2}{Sinkhorn's Algorithm}{section.4}% 15
\BOOKMARK [2][-]{subsection.4.3}{Reformulation using relative entropy}{section.4}% 16
\BOOKMARK [2][-]{subsection.4.4}{General Formulation}{section.4}% 17
\BOOKMARK [2][-]{subsection.4.5}{Convergence of Sinkhorn}{section.4}% 18
\BOOKMARK [1][-]{section.5}{Dual Problem}{}% 19
\BOOKMARK [2][-]{subsection.5.1}{Discrete dual}{section.5}% 20
\BOOKMARK [2][-]{subsection.5.2}{General formulation}{section.5}% 21
\BOOKMARK [2][-]{subsection.5.3}{c-transforms}{section.5}% 22
\BOOKMARK [1][-]{section.6}{Semi-discrete and W1}{}% 23
\BOOKMARK [2][-]{subsection.6.1}{Semi-dual}{section.6}% 24
\BOOKMARK [2][-]{subsection.6.2}{Semi-discrete}{section.6}% 25
\BOOKMARK [2][-]{subsection.6.3}{W1}{section.6}% 26
\BOOKMARK [2][-]{subsection.6.4}{Dual norms \(Integral Probability Metrics\)}{section.6}% 27
