This is pdfTeX, Version 3.141592653-2.6-1.40.24 (TeX Live 2022) (preloaded format=pdflatex 2022.6.22)  9 DEC 2024 14:14
entering extended mode
 restricted \write18 enabled.
 file:line:error style messages enabled.
 %&-line parsing enabled.
**OptimML.tex
(./OptimML.tex
LaTeX2e <2021-11-15> patch level 1
L3 programming layer <2022-02-24>
(/usr/local/texlive/2022/texmf-dist/tex/latex/base/article.cls
Document Class: article 2021/10/04 v1.4n Standard LaTeX document class
(/usr/local/texlive/2022/texmf-dist/tex/latex/base/size10.clo
File: size10.clo 2021/10/04 v1.4n Standard LaTeX file (size option)
)
\c@part=\count185
\c@section=\count186
\c@subsection=\count187
\c@subsubsection=\count188
\c@paragraph=\count189
\c@subparagraph=\count190
\c@figure=\count191
\c@table=\count192
\abovecaptionskip=\skip47
\belowcaptionskip=\skip48
\bibindent=\dimen138
)
(/usr/local/texlive/2022/texmf-dist/tex/latex/hyperref/hyperref.sty
Package: hyperref 2022-02-21 v7.00n Hypertext links for LaTeX

(/usr/local/texlive/2022/texmf-dist/tex/generic/ltxcmds/ltxcmds.sty
Package: ltxcmds 2020-05-10 v1.25 LaTeX kernel commands for general use (HO)
)
(/usr/local/texlive/2022/texmf-dist/tex/generic/iftex/iftex.sty
Package: iftex 2022/02/03 v1.0f TeX engine tests
)
(/usr/local/texlive/2022/texmf-dist/tex/generic/pdftexcmds/pdftexcmds.sty
Package: pdftexcmds 2020-06-27 v0.33 Utility functions of pdfTeX for LuaTeX (HO
)

(/usr/local/texlive/2022/texmf-dist/tex/generic/infwarerr/infwarerr.sty
Package: infwarerr 2019/12/03 v1.5 Providing info/warning/error messages (HO)
)
Package pdftexcmds Info: \pdf@primitive is available.
Package pdftexcmds Info: \pdf@ifprimitive is available.
Package pdftexcmds Info: \pdfdraftmode found.
)
(/usr/local/texlive/2022/texmf-dist/tex/latex/graphics/keyval.sty
Package: keyval 2014/10/28 v1.15 key=value parser (DPC)
\KV@toks@=\toks16
)
(/usr/local/texlive/2022/texmf-dist/tex/generic/kvsetkeys/kvsetkeys.sty
Package: kvsetkeys 2019/12/15 v1.18 Key value parser (HO)
)
(/usr/local/texlive/2022/texmf-dist/tex/generic/kvdefinekeys/kvdefinekeys.sty
Package: kvdefinekeys 2019-12-19 v1.6 Define keys (HO)
)
(/usr/local/texlive/2022/texmf-dist/tex/generic/pdfescape/pdfescape.sty
Package: pdfescape 2019/12/09 v1.15 Implements pdfTeX's escape features (HO)
)
(/usr/local/texlive/2022/texmf-dist/tex/latex/hycolor/hycolor.sty
Package: hycolor 2020-01-27 v1.10 Color options for hyperref/bookmark (HO)
)
(/usr/local/texlive/2022/texmf-dist/tex/latex/letltxmacro/letltxmacro.sty
Package: letltxmacro 2019/12/03 v1.6 Let assignment for LaTeX macros (HO)
)
(/usr/local/texlive/2022/texmf-dist/tex/latex/auxhook/auxhook.sty
Package: auxhook 2019-12-17 v1.6 Hooks for auxiliary files (HO)
)
(/usr/local/texlive/2022/texmf-dist/tex/latex/kvoptions/kvoptions.sty
Package: kvoptions 2020-10-07 v3.14 Key value format for package options (HO)
)
\@linkdim=\dimen139
\Hy@linkcounter=\count193
\Hy@pagecounter=\count194

(/usr/local/texlive/2022/texmf-dist/tex/latex/hyperref/pd1enc.def
File: pd1enc.def 2022-02-21 v7.00n Hyperref: PDFDocEncoding definition (HO)
Now handling font encoding PD1 ...
... no UTF-8 mapping file for font encoding PD1
)
(/usr/local/texlive/2022/texmf-dist/tex/generic/intcalc/intcalc.sty
Package: intcalc 2019/12/15 v1.3 Expandable calculations with integers (HO)
)
(/usr/local/texlive/2022/texmf-dist/tex/generic/etexcmds/etexcmds.sty
Package: etexcmds 2019/12/15 v1.7 Avoid name clashes with e-TeX commands (HO)
)
\Hy@SavedSpaceFactor=\count195

(/usr/local/texlive/2022/texmf-dist/tex/latex/hyperref/puenc.def
File: puenc.def 2022-02-21 v7.00n Hyperref: PDF Unicode definition (HO)
Now handling font encoding PU ...
... no UTF-8 mapping file for font encoding PU
)
Package hyperref Info: Option `bookmarks' set `true' on input line 4018.
Package hyperref Info: Option `colorlinks' set `true' on input line 4018.
Package hyperref Info: Hyper figures OFF on input line 4137.
Package hyperref Info: Link nesting OFF on input line 4142.
Package hyperref Info: Hyper index ON on input line 4145.
Package hyperref Info: Plain pages OFF on input line 4152.
Package hyperref Info: Backreferencing OFF on input line 4157.
Package hyperref Info: Implicit mode ON; LaTeX internals redefined.
Package hyperref Info: Bookmarks ON on input line 4390.
\c@Hy@tempcnt=\count196

(/usr/local/texlive/2022/texmf-dist/tex/latex/url/url.sty
\Urlmuskip=\muskip16
Package: url 2013/09/16  ver 3.4  Verb mode for urls, etc.
)
LaTeX Info: Redefining \url on input line 4749.
\XeTeXLinkMargin=\dimen140

(/usr/local/texlive/2022/texmf-dist/tex/generic/bitset/bitset.sty
Package: bitset 2019/12/09 v1.3 Handle bit-vector datatype (HO)

(/usr/local/texlive/2022/texmf-dist/tex/generic/bigintcalc/bigintcalc.sty
Package: bigintcalc 2019/12/15 v1.5 Expandable calculations on big integers (HO
)
))
\Fld@menulength=\count197
\Field@Width=\dimen141
\Fld@charsize=\dimen142
Package hyperref Info: Hyper figures OFF on input line 6027.
Package hyperref Info: Link nesting OFF on input line 6032.
Package hyperref Info: Hyper index ON on input line 6035.
Package hyperref Info: backreferencing OFF on input line 6042.
Package hyperref Info: Link coloring ON on input line 6045.
Package hyperref Info: Link coloring with OCG OFF on input line 6052.
Package hyperref Info: PDF/A mode OFF on input line 6057.
LaTeX Info: Redefining \ref on input line 6097.
LaTeX Info: Redefining \pageref on input line 6101.

(/usr/local/texlive/2022/texmf-dist/tex/latex/base/atbegshi-ltx.sty
Package: atbegshi-ltx 2021/01/10 v1.0c Emulation of the original atbegshi
package with kernel methods
)
\Hy@abspage=\count198
\c@Item=\count199
\c@Hfootnote=\count266
)
Package hyperref Info: Driver (autodetected): hpdftex.

(/usr/local/texlive/2022/texmf-dist/tex/latex/hyperref/hpdftex.def
File: hpdftex.def 2022-02-21 v7.00n Hyperref driver for pdfTeX

(/usr/local/texlive/2022/texmf-dist/tex/latex/base/atveryend-ltx.sty
Package: atveryend-ltx 2020/08/19 v1.0a Emulation of the original atveryend pac
kage
with kernel methods
)
\Fld@listcount=\count267
\c@bookmark@seq@number=\count268

(/usr/local/texlive/2022/texmf-dist/tex/latex/rerunfilecheck/rerunfilecheck.sty
Package: rerunfilecheck 2019/12/05 v1.9 Rerun checks for auxiliary files (HO)

(/usr/local/texlive/2022/texmf-dist/tex/generic/uniquecounter/uniquecounter.sty
Package: uniquecounter 2019/12/15 v1.4 Provide unlimited unique counter (HO)
)
Package uniquecounter Info: New unique counter `rerunfilecheck' on input line 2
86.
)
\Hy@SectionHShift=\skip49
) (/usr/local/texlive/2022/texmf-dist/tex/latex/preprint/fullpage.sty
Package: fullpage 1999/02/23 1.1 (PWD)
\FP@margin=\skip50
)
(/usr/local/texlive/2022/texmf-dist/tex/latex/base/inputenc.sty
Package: inputenc 2021/02/14 v1.3d Input encoding file
\inpenc@prehook=\toks17
\inpenc@posthook=\toks18

(/usr/local/texlive/2022/texmf-dist/tex/latex/base/latin1.def
File: latin1.def 2021/02/14 v1.3d Input encoding file
)) (../mystyle.sty (/usr/local/texlive/2022/texmf-dist/tex/latex/amsmath/amsmat
h.sty
Package: amsmath 2021/10/15 v2.17l AMS math features
\@mathmargin=\skip51

For additional information on amsmath, use the `?' option.
(/usr/local/texlive/2022/texmf-dist/tex/latex/amsmath/amstext.sty
Package: amstext 2021/08/26 v2.01 AMS text

(/usr/local/texlive/2022/texmf-dist/tex/latex/amsmath/amsgen.sty
File: amsgen.sty 1999/11/30 v2.0 generic functions
\@emptytoks=\toks19
\ex@=\dimen143
))
(/usr/local/texlive/2022/texmf-dist/tex/latex/amsmath/amsbsy.sty
Package: amsbsy 1999/11/29 v1.2d Bold Symbols
\pmbraise@=\dimen144
)
(/usr/local/texlive/2022/texmf-dist/tex/latex/amsmath/amsopn.sty
Package: amsopn 2021/08/26 v2.02 operator names
)
\inf@bad=\count269
LaTeX Info: Redefining \frac on input line 234.
\uproot@=\count270
\leftroot@=\count271
LaTeX Info: Redefining \overline on input line 399.
\classnum@=\count272
\DOTSCASE@=\count273
LaTeX Info: Redefining \ldots on input line 496.
LaTeX Info: Redefining \dots on input line 499.
LaTeX Info: Redefining \cdots on input line 620.
\Mathstrutbox@=\box50
\strutbox@=\box51
\big@size=\dimen145
LaTeX Font Info:    Redeclaring font encoding OML on input line 743.
LaTeX Font Info:    Redeclaring font encoding OMS on input line 744.
\macc@depth=\count274
\c@MaxMatrixCols=\count275
\dotsspace@=\muskip17
\c@parentequation=\count276
\dspbrk@lvl=\count277
\tag@help=\toks20
\row@=\count278
\column@=\count279
\maxfields@=\count280
\andhelp@=\toks21
\eqnshift@=\dimen146
\alignsep@=\dimen147
\tagshift@=\dimen148
\tagwidth@=\dimen149
\totwidth@=\dimen150
\lineht@=\dimen151
\@envbody=\toks22
\multlinegap=\skip52
\multlinetaggap=\skip53
\mathdisplay@stack=\toks23
LaTeX Info: Redefining \[ on input line 2938.
LaTeX Info: Redefining \] on input line 2939.
)
(/usr/local/texlive/2022/texmf-dist/tex/latex/amsfonts/amsfonts.sty
Package: amsfonts 2013/01/14 v3.01 Basic AMSFonts support
\symAMSa=\mathgroup4
\symAMSb=\mathgroup5
LaTeX Font Info:    Redeclaring math symbol \hbar on input line 98.
LaTeX Font Info:    Overwriting math alphabet `\mathfrak' in version `bold'
(Font)                  U/euf/m/n --> U/euf/b/n on input line 106.
)
(/usr/local/texlive/2022/texmf-dist/tex/latex/amsfonts/amssymb.sty
Package: amssymb 2013/01/14 v3.01 AMS font symbols
)
(/usr/local/texlive/2022/texmf-dist/tex/latex/amscls/amsthm.sty
Package: amsthm 2020/05/29 v2.20.6
\thm@style=\toks24
\thm@bodyfont=\toks25
\thm@headfont=\toks26
\thm@notefont=\toks27
\thm@headpunct=\toks28
\thm@preskip=\skip54
\thm@postskip=\skip55
\thm@headsep=\skip56
\dth@everypar=\toks29
)
(/usr/local/texlive/2022/texmf-dist/tex/latex/jknapltx/mathrsfs.sty
Package: mathrsfs 1996/01/01 Math RSFS package v1.0 (jk)
\symrsfs=\mathgroup6
)
(/usr/local/texlive/2022/texmf-dist/tex/latex/mathtools/mathtools.sty
Package: mathtools 2022/02/07 v1.28a mathematical typesetting tools

(/usr/local/texlive/2022/texmf-dist/tex/latex/tools/calc.sty
Package: calc 2017/05/25 v4.3 Infix arithmetic (KKT,FJ)
\calc@Acount=\count281
\calc@Bcount=\count282
\calc@Adimen=\dimen152
\calc@Bdimen=\dimen153
\calc@Askip=\skip57
\calc@Bskip=\skip58
LaTeX Info: Redefining \setlength on input line 80.
LaTeX Info: Redefining \addtolength on input line 81.
\calc@Ccount=\count283
\calc@Cskip=\skip59
)
(/usr/local/texlive/2022/texmf-dist/tex/latex/mathtools/mhsetup.sty
Package: mhsetup 2021/03/18 v1.4 programming setup (MH)
)
\g_MT_multlinerow_int=\count284
\l_MT_multwidth_dim=\dimen154
\origjot=\skip60
\l_MT_shortvdotswithinadjustabove_dim=\dimen155
\l_MT_shortvdotswithinadjustbelow_dim=\dimen156
\l_MT_above_intertext_sep=\dimen157
\l_MT_below_intertext_sep=\dimen158
\l_MT_above_shortintertext_sep=\dimen159
\l_MT_below_shortintertext_sep=\dimen160
\xmathstrut@box=\box52
\xmathstrut@dim=\dimen161
)
(/usr/local/texlive/2022/texmf-dist/tex/latex/graphics/graphicx.sty
Package: graphicx 2021/09/16 v1.2d Enhanced LaTeX Graphics (DPC,SPQR)

(/usr/local/texlive/2022/texmf-dist/tex/latex/graphics/graphics.sty
Package: graphics 2021/03/04 v1.4d Standard LaTeX Graphics (DPC,SPQR)

(/usr/local/texlive/2022/texmf-dist/tex/latex/graphics/trig.sty
Package: trig 2021/08/11 v1.11 sin cos tan (DPC)
)
(/usr/local/texlive/2022/texmf-dist/tex/latex/graphics-cfg/graphics.cfg
File: graphics.cfg 2016/06/04 v1.11 sample graphics configuration
)
Package graphics Info: Driver file: pdftex.def on input line 107.

(/usr/local/texlive/2022/texmf-dist/tex/latex/graphics-def/pdftex.def
File: pdftex.def 2020/10/05 v1.2a Graphics/color driver for pdftex
))
\Gin@req@height=\dimen162
\Gin@req@width=\dimen163
)
(/usr/local/texlive/2022/texmf-dist/tex/latex/subfigure/subfigure.sty
Package: subfigure 2002/03/15 v2.1.5 subfigure package
\subfigtopskip=\skip61
\subfigcapskip=\skip62
\subfigcaptopadj=\dimen164
\subfigbottomskip=\skip63
\subfigcapmargin=\dimen165
\subfiglabelskip=\skip64
\c@subfigure=\count285
\c@lofdepth=\count286
\c@subtable=\count287
\c@lotdepth=\count288

****************************************
* Local config file subfigure.cfg used *
****************************************
(/usr/local/texlive/2022/texmf-dist/tex/latex/subfigure/subfigure.cfg)
\subfig@top=\skip65
\subfig@bottom=\skip66
)
(/usr/local/texlive/2022/texmf-dist/tex/latex/tools/array.sty
Package: array 2021/10/04 v2.5f Tabular extension package (FMi)
\col@sep=\dimen166
\ar@mcellbox=\box53
\extrarowheight=\dimen167
\NC@list=\toks30
\extratabsurround=\skip67
\backup@length=\skip68
\ar@cellbox=\box54
)
(/usr/local/texlive/2022/texmf-dist/tex/latex/tools/tabularx.sty
Package: tabularx 2020/01/15 v2.11c `tabularx' package (DPC)
\TX@col@width=\dimen168
\TX@old@table=\dimen169
\TX@old@col=\dimen170
\TX@target=\dimen171
\TX@delta=\dimen172
\TX@cols=\count289
\TX@ftn=\toks31
)
(/usr/local/texlive/2022/texmf-dist/tex/latex/tools/indentfirst.sty
Package: indentfirst 1995/11/23 v1.03 Indent first paragraph (DPC)
)
(/usr/local/texlive/2022/texmf-dist/tex/latex/doublestroke/dsfont.sty
Package: dsfont 1995/08/01 v0.1 Double stroke roman fonts
)
(/usr/local/texlive/2022/texmf-dist/tex/latex/stmaryrd/stmaryrd.sty
Package: stmaryrd 1994/03/03 St Mary's Road symbol package
\symstmry=\mathgroup7
LaTeX Font Info:    Overwriting symbol font `stmry' in version `bold'
(Font)                  U/stmry/m/n --> U/stmry/b/n on input line 89.
)
(/usr/local/texlive/2022/texmf-dist/tex/latex/tools/xspace.sty
Package: xspace 2014/10/28 v1.13 Space after command names (DPC,MH)
)
(/usr/local/texlive/2022/texmf-dist/tex/latex/xcolor/xcolor.sty
Package: xcolor 2021/10/31 v2.13 LaTeX color extensions (UK)

(/usr/local/texlive/2022/texmf-dist/tex/latex/graphics-cfg/color.cfg
File: color.cfg 2016/01/02 v1.6 sample color configuration
)
Package xcolor Info: Driver file: pdftex.def on input line 227.
Package xcolor Info: Model `cmy' substituted by `cmy0' on input line 1352.
Package xcolor Info: Model `hsb' substituted by `rgb' on input line 1356.
Package xcolor Info: Model `RGB' extended on input line 1368.
Package xcolor Info: Model `HTML' substituted by `rgb' on input line 1370.
Package xcolor Info: Model `Hsb' substituted by `hsb' on input line 1371.
Package xcolor Info: Model `tHsb' substituted by `hsb' on input line 1372.
Package xcolor Info: Model `HSB' substituted by `hsb' on input line 1373.
Package xcolor Info: Model `Gray' substituted by `gray' on input line 1374.
Package xcolor Info: Model `wave' substituted by `hsb' on input line 1375.
)
\c@thm=\count290
\c@prop=\count291
\c@defn=\count292
\c@cor=\count293
\c@alg=\count294
\c@lem=\count295
\c@rem=\count296
\c@exmp=\count297

(/usr/local/texlive/2022/texmf-dist/tex/latex/float/float.sty
Package: float 2001/11/08 v1.3d Float enhancements (AL)
\c@float@type=\count298
\float@exts=\toks32
\float@box=\box55
\@float@everytoks=\toks33
\@floatcapt=\box56
)
\@float@every@listing=\toks34
\c@listing=\count299
 (./mcode.sty
Package: `mcode' 1.3 <2008/08/28>
Package: mcode 2008/08/28 1.3
mcode: settings optimized for display!
(/usr/local/texlive/2022/texmf-dist/tex/latex/listings/listings.sty
\lst@mode=\count300
\lst@gtempboxa=\box57
\lst@token=\toks35
\lst@length=\count301
\lst@currlwidth=\dimen173
\lst@column=\count302
\lst@pos=\count303
\lst@lostspace=\dimen174
\lst@width=\dimen175
\lst@newlines=\count304
\lst@lineno=\count305
\lst@maxwidth=\dimen176

(/usr/local/texlive/2022/texmf-dist/tex/latex/listings/lstmisc.sty
File: lstmisc.sty 2020/03/24 1.8d (Carsten Heinz)
\c@lstnumber=\count306
\lst@skipnumbers=\count307
\lst@framebox=\box58
)
(/usr/local/texlive/2022/texmf-dist/tex/latex/listings/listings.cfg
File: listings.cfg 2020/03/24 1.8d listings configuration
))
Package: listings 2020/03/24 1.8d (Carsten Heinz)
))
(/usr/local/texlive/2022/texmf-dist/tex/latex/wrapfig/wrapfig.sty
\wrapoverhang=\dimen177
\WF@size=\dimen178
\c@WF@wrappedlines=\count308
\WF@box=\box59
\WF@everypar=\toks36
Package: wrapfig 2003/01/31  v 3.6
)
(/usr/local/texlive/2022/texmf-dist/tex/latex/l3backend/l3backend-pdftex.def
File: l3backend-pdftex.def 2022-02-07 L3 backend support: PDF output (pdfTeX)
\l__color_backend_stack_int=\count309
\l__pdf_internal_box=\box60
)
(./OptimML.aux

LaTeX Warning: Label `eq-backprop-discr' multiply defined.

)
\openout1 = `OptimML.aux'.

LaTeX Font Info:    Checking defaults for OML/cmm/m/it on input line 43.
LaTeX Font Info:    ... okay on input line 43.
LaTeX Font Info:    Checking defaults for OMS/cmsy/m/n on input line 43.
LaTeX Font Info:    ... okay on input line 43.
LaTeX Font Info:    Checking defaults for OT1/cmr/m/n on input line 43.
LaTeX Font Info:    ... okay on input line 43.
LaTeX Font Info:    Checking defaults for T1/cmr/m/n on input line 43.
LaTeX Font Info:    ... okay on input line 43.
LaTeX Font Info:    Checking defaults for TS1/cmr/m/n on input line 43.
LaTeX Font Info:    ... okay on input line 43.
LaTeX Font Info:    Checking defaults for OMX/cmex/m/n on input line 43.
LaTeX Font Info:    ... okay on input line 43.
LaTeX Font Info:    Checking defaults for U/cmr/m/n on input line 43.
LaTeX Font Info:    ... okay on input line 43.
LaTeX Font Info:    Checking defaults for PD1/pdf/m/n on input line 43.
LaTeX Font Info:    ... okay on input line 43.
LaTeX Font Info:    Checking defaults for PU/pdf/m/n on input line 43.
LaTeX Font Info:    ... okay on input line 43.
Package hyperref Info: Link coloring ON on input line 43.
 (/usr/local/texlive/2022/texmf-dist/tex/latex/hyperref/nameref.sty
Package: nameref 2021-04-02 v2.47 Cross-referencing by name of section

(/usr/local/texlive/2022/texmf-dist/tex/latex/refcount/refcount.sty
Package: refcount 2019/12/15 v3.6 Data extraction from label references (HO)
)
(/usr/local/texlive/2022/texmf-dist/tex/generic/gettitlestring/gettitlestring.s
ty
Package: gettitlestring 2019/12/15 v1.6 Cleanup title references (HO)
)
\c@section@level=\count310
)
LaTeX Info: Redefining \ref on input line 43.
LaTeX Info: Redefining \pageref on input line 43.
LaTeX Info: Redefining \nameref on input line 43.
 (./OptimML.out) (./OptimML.out)
\@outlinefile=\write3
\openout3 = `OptimML.out'.


(/usr/local/texlive/2022/texmf-dist/tex/context/base/mkii/supp-pdf.mkii
[Loading MPS to PDF converter (version 2006.09.02).]
\scratchcounter=\count311
\scratchdimen=\dimen179
\scratchbox=\box61
\nofMPsegments=\count312
\nofMParguments=\count313
\everyMPshowfont=\toks37
\MPscratchCnt=\count314
\MPscratchDim=\dimen180
\MPnumerator=\count315
\makeMPintoPDFobject=\count316
\everyMPtoPDFconversion=\toks38
) (/usr/local/texlive/2022/texmf-dist/tex/latex/epstopdf-pkg/epstopdf-base.sty
Package: epstopdf-base 2020-01-24 v2.11 Base part for package epstopdf
Package epstopdf-base Info: Redefining graphics rule for `.eps' on input line 4
85.

(/usr/local/texlive/2022/texmf-dist/tex/latex/latexconfig/epstopdf-sys.cfg
File: epstopdf-sys.cfg 2010/07/13 v1.3 Configuration of (r)epstopdf for TeX Liv
e
))
\c@lstlisting=\count317
LaTeX Font Info:    Trying to load font information for U+msa on input line 46.


(/usr/local/texlive/2022/texmf-dist/tex/latex/amsfonts/umsa.fd
File: umsa.fd 2013/01/14 v3.01 AMS symbols A
)
LaTeX Font Info:    Trying to load font information for U+msb on input line 46.


(/usr/local/texlive/2022/texmf-dist/tex/latex/amsfonts/umsb.fd
File: umsb.fd 2013/01/14 v3.01 AMS symbols B
)
LaTeX Font Info:    Trying to load font information for U+rsfs on input line 46
.

(/usr/local/texlive/2022/texmf-dist/tex/latex/jknapltx/ursfs.fd
File: ursfs.fd 1998/03/24 rsfs font definition file (jk)
)
LaTeX Font Info:    Trying to load font information for U+stmry on input line 4
6.

(/usr/local/texlive/2022/texmf-dist/tex/latex/stmaryrd/Ustmry.fd)
(./OptimML.toc [1

{/usr/local/texlive/2022/texmf-var/fonts/map/pdftex/updmap/pdftex.map}])
\tf@toc=\write4
\openout4 = `OptimML.toc'.

 (../chapters/sec-optim-smooth.tex
<../figures//optim-smooth/ml-exemp-1.pdf, id=252, 845.1575pt x 526.98952pt>
File: ../figures//optim-smooth/ml-exemp-1.pdf Graphic file (type pdf)
<use ../figures//optim-smooth/ml-exemp-1.pdf>
Package pdftex.def Info: ../figures//optim-smooth/ml-exemp-1.pdf  used on input
 line 34.
(pdftex.def)             Requested size: 93.94957pt x 58.58015pt.
<../figures//optim-smooth/ml-exemp-2.pdf, id=253, 802.50578pt x 597.23125pt>
File: ../figures//optim-smooth/ml-exemp-2.pdf Graphic file (type pdf)
<use ../figures//optim-smooth/ml-exemp-2.pdf>
Package pdftex.def Info: ../figures//optim-smooth/ml-exemp-2.pdf  used on input
 line 35.
(pdftex.def)             Requested size: 93.94957pt x 69.91495pt.
<../figures//optim-smooth/classif-loss.pdf, id=254, 845.1575pt x 423.69121pt>
File: ../figures//optim-smooth/classif-loss.pdf Graphic file (type pdf)
<use ../figures//optim-smooth/classif-loss.pdf>
Package pdftex.def Info: ../figures//optim-smooth/classif-loss.pdf  used on inp
ut line 36.
(pdftex.def)             Requested size: 140.92793pt x 70.6495pt.
 [2]
<../figures//optim-smooth/uniqueness.pdf, id=272, 845.1575pt x 158.94662pt>
File: ../figures//optim-smooth/uniqueness.pdf Graphic file (type pdf)
<use ../figures//optim-smooth/uniqueness.pdf>
Package pdftex.def Info: ../figures//optim-smooth/uniqueness.pdf  used on input
 line 79.
(pdftex.def)             Requested size: 422.77664pt x 79.51192pt.
 [3
pdfTeX warning (ext4): destination with the same identifier (name{figure.1}) ha
s been already used, duplicate ignored
<argument> ...shipout:D \box_use:N \l_shipout_box 
                                                  \__shipout_drop_firstpage_...
l.88 }
      
pdfTeX warning (ext4): destination with the same identifier (name{figure.2}) ha
s been already used, duplicate ignored
<argument> ...shipout:D \box_use:N \l_shipout_box 
                                                  \__shipout_drop_firstpage_...
l.88 }
       <../figures//optim-smooth/ml-exemp-1.pdf> <../figures//optim-smooth/ml-e
xemp-2.pdf> <../figures//optim-smooth/classif-loss.pdf> <../figures//optim-smoo
th/uniqueness.pdf>]
<../figures//optim-smooth/least-square-1.pdf, id=307, 701.67455pt x 597.23125pt
>
File: ../figures//optim-smooth/least-square-1.pdf Graphic file (type pdf)
<use ../figures//optim-smooth/least-square-1.pdf>
Package pdftex.def Info: ../figures//optim-smooth/least-square-1.pdf  used on i
nput line 93.
(pdftex.def)             Requested size: 93.94957pt x 79.95749pt.
<../figures//optim-smooth/least-square-2.pdf, id=308, 597.23125pt x 602.9693pt>

File: ../figures//optim-smooth/least-square-2.pdf Graphic file (type pdf)
<use ../figures//optim-smooth/least-square-2.pdf>
Package pdftex.def Info: ../figures//optim-smooth/least-square-2.pdf  used on i
nput line 94.
(pdftex.def)             Requested size: 93.94957pt x 94.84856pt.
<../figures//optim-smooth/cvx-vs-noncvx-1.pdf, id=313, 597.23125pt x 602.53996p
t>
File: ../figures//optim-smooth/cvx-vs-noncvx-1.pdf Graphic file (type pdf)
<use ../figures//optim-smooth/cvx-vs-noncvx-1.pdf>
Package pdftex.def Info: ../figures//optim-smooth/cvx-vs-noncvx-1.pdf  used on 
input line 130.
(pdftex.def)             Requested size: 93.94957pt x 94.78102pt.
<../figures//optim-smooth/cvx-vs-noncvx-2.pdf, id=314, 659.06015pt x 597.23125p
t>
File: ../figures//optim-smooth/cvx-vs-noncvx-2.pdf Graphic file (type pdf)
<use ../figures//optim-smooth/cvx-vs-noncvx-2.pdf>
Package pdftex.def Info: ../figures//optim-smooth/cvx-vs-noncvx-2.pdf  used on 
input line 131.
(pdftex.def)             Requested size: 93.94957pt x 85.13367pt.
<../figures//optim-smooth/strictly-cvx-2.pdf, id=315, 597.23125pt x 618.78737pt
>
File: ../figures//optim-smooth/strictly-cvx-2.pdf Graphic file (type pdf)
<use ../figures//optim-smooth/strictly-cvx-2.pdf>
Package pdftex.def Info: ../figures//optim-smooth/strictly-cvx-2.pdf  used on i
nput line 132.
(pdftex.def)             Requested size: 93.94957pt x 97.33678pt.
<../figures//optim-smooth/strictly-cvx-1.pdf, id=316, 597.23125pt x 649.24815pt
>
File: ../figures//optim-smooth/strictly-cvx-1.pdf Graphic file (type pdf)
<use ../figures//optim-smooth/strictly-cvx-1.pdf>
Package pdftex.def Info: ../figures//optim-smooth/strictly-cvx-1.pdf  used on i
nput line 133.
(pdftex.def)             Requested size: 70.46037pt x 76.58882pt.
<../figures//optim-smooth/convex-examples.png, id=317, 3630.56375pt x 1878.0162
5pt>
File: ../figures//optim-smooth/convex-examples.png Graphic file (type png)
<use ../figures//optim-smooth/convex-examples.png>
Package pdftex.def Info: ../figures//optim-smooth/convex-examples.png  used on 
input line 144.
(pdftex.def)             Requested size: 281.85587pt x 145.774pt.
 [4
pdfTeX warning (ext4): destination with the same identifier (name{figure.3}) ha
s been already used, duplicate ignored
<argument> ...shipout:D \box_use:N \l_shipout_box 
                                                  \__shipout_drop_firstpage_...
l.163 \end{exmp}
                 <../figures//optim-smooth/least-square-1.pdf> <../figures//opt
im-smooth/least-square-2.pdf>]
<../figures//optim-smooth/gradient-vector-field.pdf, id=347, 763.724pt x 597.23
125pt>
File: ../figures//optim-smooth/gradient-vector-field.pdf Graphic file (type pdf
)
<use ../figures//optim-smooth/gradient-vector-field.pdf>
Package pdftex.def Info: ../figures//optim-smooth/gradient-vector-field.pdf  us
ed on input line 191.
(pdftex.def)             Requested size: 105.69415pt x 82.64581pt.
 [5
pdfTeX warning (ext4): destination with the same identifier (name{figure.4}) ha
s been already used, duplicate ignored
<argument> ...shipout:D \box_use:N \l_shipout_box 
                                                  \__shipout_drop_firstpage_...
l.199 }
       
pdfTeX warning (ext4): destination with the same identifier (name{figure.5}) ha
s been already used, duplicate ignored
<argument> ...shipout:D \box_use:N \l_shipout_box 
                                                  \__shipout_drop_firstpage_...
l.199 }
        <../figures//optim-smooth/cvx-vs-noncvx-1.pdf> <../figures//optim-smoot
h/cvx-vs-noncvx-2.pdf> <../figures//optim-smooth/strictly-cvx-2.pdf> <../figure
s//optim-smooth/strictly-cvx-1.pdf> <../figures//optim-smooth/convex-examples.p
ng> <../figures//optim-smooth/gradient-vector-field.pdf>] [6]
<../figures//optim-smooth/first-order-1.pdf, id=395, 833.24287pt x 597.23125pt>

File: ../figures//optim-smooth/first-order-1.pdf Graphic file (type pdf)
<use ../figures//optim-smooth/first-order-1.pdf>
Package pdftex.def Info: ../figures//optim-smooth/first-order-1.pdf  used on in
put line 282.
(pdftex.def)             Requested size: 93.94957pt x 67.33597pt.
<../figures//optim-smooth/first-order-2.pdf, id=396, 597.23125pt x 747.13155pt>

File: ../figures//optim-smooth/first-order-2.pdf Graphic file (type pdf)
<use ../figures//optim-smooth/first-order-2.pdf>
Package pdftex.def Info: ../figures//optim-smooth/first-order-2.pdf  used on in
put line 283.
(pdftex.def)             Requested size: 70.46037pt x 88.13567pt.
<../figures//optim-smooth/first-order-3.pdf, id=397, 845.1575pt x 551.80482pt>
File: ../figures//optim-smooth/first-order-3.pdf Graphic file (type pdf)
<use ../figures//optim-smooth/first-order-3.pdf>
Package pdftex.def Info: ../figures//optim-smooth/first-order-3.pdf  used on in
put line 284.
(pdftex.def)             Requested size: 93.94957pt x 61.33862pt.
 [7
pdfTeX warning (ext4): destination with the same identifier (name{figure.6}) ha
s been already used, duplicate ignored
<argument> ...shipout:D \box_use:N \l_shipout_box 
                                                  \__shipout_drop_firstpage_...
l.335 }
        <../figures//optim-smooth/first-order-1.pdf> <../figures//optim-smooth/
first-order-2.pdf> <../figures//optim-smooth/first-order-3.pdf>]
<../figures//optim-smooth/link-pca.pdf, id=426, 845.1575pt x 335.93738pt>
File: ../figures//optim-smooth/link-pca.pdf Graphic file (type pdf)
<use ../figures//optim-smooth/link-pca.pdf>
Package pdftex.def Info: ../figures//optim-smooth/link-pca.pdf  used on input l
ine 387.
(pdftex.def)             Requested size: 234.8775pt x 93.35956pt.
 [8] [9
pdfTeX warning (ext4): destination with the same identifier (name{figure.7}) ha
s been already used, duplicate ignored
<argument> ...shipout:D \box_use:N \l_shipout_box 
                                                  \__shipout_drop_firstpage_...
l.445 }
        <../figures//optim-smooth/link-pca.pdf>]
<../figures//optim-smooth/taylor-exp-1.pdf, id=454, 636.02953pt x 597.23125pt>
File: ../figures//optim-smooth/taylor-exp-1.pdf Graphic file (type pdf)
<use ../figures//optim-smooth/taylor-exp-1.pdf>
Package pdftex.def Info: ../figures//optim-smooth/taylor-exp-1.pdf  used on inp
ut line 494.
(pdftex.def)             Requested size: 93.94957pt x 88.21387pt.
<../figures//optim-smooth/taylor-exp-2.pdf, id=455, 597.23125pt x 602.2535pt>
File: ../figures//optim-smooth/taylor-exp-2.pdf Graphic file (type pdf)
<use ../figures//optim-smooth/taylor-exp-2.pdf>
Package pdftex.def Info: ../figures//optim-smooth/taylor-exp-2.pdf  used on inp
ut line 495.
(pdftex.def)             Requested size: 84.55246pt x 85.26144pt.
<../figures//optim-smooth/level-sets-1.pdf, id=456, 593.42645pt x 845.1575pt>
File: ../figures//optim-smooth/level-sets-1.pdf Graphic file (type pdf)
<use ../figures//optim-smooth/level-sets-1.pdf>
Package pdftex.def Info: ../figures//optim-smooth/level-sets-1.pdf  used on inp
ut line 496.
(pdftex.def)             Requested size: 84.55246pt x 120.4104pt.
<../figures//optim-smooth/level-sets-2.pdf, id=457, 811.5946pt x 597.23125pt>
File: ../figures//optim-smooth/level-sets-2.pdf Graphic file (type pdf)
<use ../figures//optim-smooth/level-sets-2.pdf>
Package pdftex.def Info: ../figures//optim-smooth/level-sets-2.pdf  used on inp
ut line 497.
(pdftex.def)             Requested size: 117.43875pt x 86.41861pt.
 [10]
<../figures//optim-smooth/grad-desc-1.pdf, id=468, 835.2826pt x 597.23125pt>
File: ../figures//optim-smooth/grad-desc-1.pdf Graphic file (type pdf)
<use ../figures//optim-smooth/grad-desc-1.pdf>
Package pdftex.def Info: ../figures//optim-smooth/grad-desc-1.pdf  used on inpu
t line 558.
(pdftex.def)             Requested size: 140.92793pt x 100.76247pt.
<../figures//optim-smooth/grad-desc-2.pdf, id=469, 845.1575pt x 563.1239pt>
File: ../figures//optim-smooth/grad-desc-2.pdf Graphic file (type pdf)
<use ../figures//optim-smooth/grad-desc-2.pdf>
Package pdftex.def Info: ../figures//optim-smooth/grad-desc-2.pdf  used on inpu
t line 559.
(pdftex.def)             Requested size: 140.92793pt x 93.89957pt.
 [11
pdfTeX warning (ext4): destination with the same identifier (name{figure.8}) ha
s been already used, duplicate ignored
<argument> ...shipout:D \box_use:N \l_shipout_box 
                                                  \__shipout_drop_firstpage_...
l.570 }
        <../figures//optim-smooth/taylor-exp-1.pdf> <../figures//optim-smooth/t
aylor-exp-2.pdf> <../figures//optim-smooth/level-sets-1.pdf> <../figures//optim
-smooth/level-sets-2.pdf>] [12
pdfTeX warning (ext4): destination with the same identifier (name{figure.9}) ha
s been already used, duplicate ignored
<argument> ...shipout:D \box_use:N \l_shipout_box 
                                                  \__shipout_drop_firstpage_...
l.629 	}
         <../figures//optim-smooth/grad-desc-1.pdf> <../figures//optim-smooth/g
rad-desc-2.pdf>]
<../figures//optim-smooth/proof-quadr.pdf, id=529, 845.1575pt x 577.84743pt>
File: ../figures//optim-smooth/proof-quadr.pdf Graphic file (type pdf)
<use ../figures//optim-smooth/proof-quadr.pdf>
Package pdftex.def Info: ../figures//optim-smooth/proof-quadr.pdf  used on inpu
t line 688.
(pdftex.def)             Requested size: 164.41711pt x 112.41086pt.
 [13] [14
pdfTeX warning (ext4): destination with the same identifier (name{figure.10}) h
as been already used, duplicate ignored
<argument> ...shipout:D \box_use:N \l_shipout_box 
                                                  \__shipout_drop_firstpage_...
l.768 	}
         <../figures//optim-smooth/proof-quadr.pdf>] [15]
<../figures//optim-smooth/up-low-bounds.pdf, id=561, 670.23286pt x 597.23125pt>

File: ../figures//optim-smooth/up-low-bounds.pdf Graphic file (type pdf)
<use ../figures//optim-smooth/up-low-bounds.pdf>
Package pdftex.def Info: ../figures//optim-smooth/up-low-bounds.pdf  used on in
put line 872.
(pdftex.def)             Requested size: 105.69415pt x 94.17377pt.
 [16
pdfTeX warning (ext4): destination with the same identifier (name{equation.5.19
}) has been already used, duplicate ignored
<argument> ...shipout:D \box_use:N \l_shipout_box 
                                                  \__shipout_drop_firstpage_...
l.912 	}
        
pdfTeX warning (ext4): destination with the same identifier (name{equation.5.19
}) has been already used, duplicate ignored
<argument> ...shipout:D \box_use:N \l_shipout_box 
                                                  \__shipout_drop_firstpage_...
l.912 	}
         <../figures//optim-smooth/up-low-bounds.pdf>] [17] [18])
(../chapters/sec-optim-mirror.tex [19] [20]
LaTeX Font Info:    Trying to load font information for U+dsrom on input line 1
46.

(/usr/local/texlive/2022/texmf-dist/tex/latex/doublestroke/Udsrom.fd
File: Udsrom.fd 1995/08/01 v0.1 Double stroke roman font definitions
) [21]
[22]

LaTeX Warning: Citation `gunasekar2018characterizing' on page 23 undefined on i
nput line 253.


LaTeX Warning: Citation `hoff2017lasso' on page 23 undefined on input line 277.



LaTeX Warning: Citation `vavskevivcius2019implicit' on page 23 undefined on inp
ut line 277.


LaTeX Warning: Citation `zhao2019implicit' on page 23 undefined on input line 2
77.


LaTeX Warning: Citation `woodworth2020kernel' on page 23 undefined on input lin
e 279.

) (../chapters/sec-regul.tex [23] [24]
<../figures//variational/sparsity-lq-balls.pdf, id=677, 756.82762pt x 173.91344
pt>
File: ../figures//variational/sparsity-lq-balls.pdf Graphic file (type pdf)
<use ../figures//variational/sparsity-lq-balls.pdf>
Package pdftex.def Info: ../figures//variational/sparsity-lq-balls.pdf  used on
 input line 104.
(pdftex.def)             Requested size: 469.75502pt x 107.94728pt.
<../figures//sparse-reg/var-l1-1.pdf, id=680, 739.30714pt x 597.23125pt>
File: ../figures//sparse-reg/var-l1-1.pdf Graphic file (type pdf)
<use ../figures//sparse-reg/var-l1-1.pdf>
Package pdftex.def Info: ../figures//sparse-reg/var-l1-1.pdf  used on input lin
e 142.
(pdftex.def)             Requested size: 89.2546pt x 72.10208pt.
<../figures//sparse-reg/var-l1-2.pdf, id=681, 752.22081pt x 597.23125pt>
File: ../figures//sparse-reg/var-l1-2.pdf Graphic file (type pdf)
<use ../figures//sparse-reg/var-l1-2.pdf>
Package pdftex.def Info: ../figures//sparse-reg/var-l1-2.pdf  used on input lin
e 142.
(pdftex.def)             Requested size: 89.2546pt x 70.8627pt.
<../figures//sparse-reg/var-l1-3.pdf, id=682, 845.1575pt x 593.61722pt>
File: ../figures//sparse-reg/var-l1-3.pdf Graphic file (type pdf)
<use ../figures//sparse-reg/var-l1-3.pdf>
Package pdftex.def Info: ../figures//sparse-reg/var-l1-3.pdf  used on input lin
e 142.
(pdftex.def)             Requested size: 89.2546pt x 62.68942pt.
<../figures//sparse-reg/var-l1-4.pdf, id=683, 775.4775pt x 597.23125pt>
File: ../figures//sparse-reg/var-l1-4.pdf Graphic file (type pdf)
<use ../figures//sparse-reg/var-l1-4.pdf>
Package pdftex.def Info: ../figures//sparse-reg/var-l1-4.pdf  used on input lin
e 142.
(pdftex.def)             Requested size: 89.2546pt x 68.73938pt.
 [25
pdfTeX warning (ext4): destination with the same identifier (name{figure.11}) h
as been already used, duplicate ignored
<argument> ...shipout:D \box_use:N \l_shipout_box 
                                                  \__shipout_drop_firstpage_...
l.177 }
        <../figures//variational/sparsity-lq-balls.pdf>])
(../chapters/sec-stochastic-optim.tex [26
pdfTeX warning (ext4): destination with the same identifier (name{figure.12}) h
as been already used, duplicate ignored
<argument> ...shipout:D \box_use:N \l_shipout_box 
                                                  \__shipout_drop_firstpage_...
l.6 \section
            {Stochastic Optimization} <../figures//sparse-reg/var-l1-1.pdf> <..
/figures//sparse-reg/var-l1-2.pdf> <../figures//sparse-reg/var-l1-3.pdf> <../fi
gures//sparse-reg/var-l1-4.pdf>] [27]
<../figures//ml/sgd/error-bgd-1.pdf, id=784, 386.55026pt x 121.78047pt>
File: ../figures//ml/sgd/error-bgd-1.pdf Graphic file (type pdf)
<use ../figures//ml/sgd/error-bgd-1.pdf>
Package pdftex.def Info: ../figures//ml/sgd/error-bgd-1.pdf  used on input line
 86.
(pdftex.def)             Requested size: 211.38832pt x 66.59665pt.
<../figures//ml/sgd/error-bgd-2.pdf, id=785, 387.6603pt x 121.21918pt>
File: ../figures//ml/sgd/error-bgd-2.pdf Graphic file (type pdf)
<use ../figures//ml/sgd/error-bgd-2.pdf>
Package pdftex.def Info: ../figures//ml/sgd/error-bgd-2.pdf  used on input line
 87.
(pdftex.def)             Requested size: 211.38832pt x 66.0992pt.
<../figures//ml/sgd/unbiased-grad.png, id=786, 2018.54124pt x 1554.80875pt>
File: ../figures//ml/sgd/unbiased-grad.png Graphic file (type png)
<use ../figures//ml/sgd/unbiased-grad.png>
Package pdftex.def Info: ../figures//ml/sgd/unbiased-grad.png  used on input li
ne 100.
(pdftex.def)             Requested size: 105.69415pt x 81.39854pt.


Package wrapfig Warning: Collision between wrapping environments on input line 
109.

<../figures//ml/sgd/sgd-schematic.png, id=788, 1499.6025pt x 2111.89pt>
File: ../figures//ml/sgd/sgd-schematic.png Graphic file (type png)
<use ../figures//ml/sgd/sgd-schematic.png>
Package pdftex.def Info: ../figures//ml/sgd/sgd-schematic.png  used on input li
ne 109.
(pdftex.def)             Requested size: 77.02061pt x 108.43646pt.

Underfull \hbox (badness 10000) in paragraph at lines 109--109
[]\OT1/cmr/m/n/10 Figure 15:
 []


Underfull \hbox (badness 10000) in paragraph at lines 109--109
[]\OT1/cmr/m/n/10 Schematic view
 []


Package wrapfig Warning: Stationary wrapfigure forced to float on input line 11
0.

[28
pdfTeX warning (ext4): destination with the same identifier (name{figure.13}) h
as been already used, duplicate ignored
<argument> ...shipout:D \box_use:N \l_shipout_box 
                                                  \__shipout_drop_firstpage_...
l.119 N
       ote that each step of a batch gradient descent has complexity $O(np)$,
pdfTeX warning (ext4): destination with the same identifier (name{figure.14}) h
as been already used, duplicate ignored
<argument> ...shipout:D \box_use:N \l_shipout_box 
                                                  \__shipout_drop_firstpage_...
l.119 N
       ote that each step of a batch gradient descent has complexity $O(np)$, <
../figures//ml/sgd/error-bgd-1.pdf> <../figures//ml/sgd/error-bgd-2.pdf> <../fi
gures//ml/sgd/unbiased-grad.png>]
<../figures//ml/sgd/sgd-histo.png, id=839, 434.1018pt x 226.9278pt>
File: ../figures//ml/sgd/sgd-histo.png Graphic file (type png)
<use ../figures//ml/sgd/sgd-histo.png>
Package pdftex.def Info: ../figures//ml/sgd/sgd-histo.png  used on input line 1
44.
(pdftex.def)             Requested size: 230.18253pt x 120.33002pt.
<../figures//ml/sgd/sgd-trajectory.pdf, id=841, 441.5313pt x 227.705pt>
File: ../figures//ml/sgd/sgd-trajectory.pdf Graphic file (type pdf)
<use ../figures//ml/sgd/sgd-trajectory.pdf>
Package pdftex.def Info: ../figures//ml/sgd/sgd-trajectory.pdf  used on input l
ine 145.
(pdftex.def)             Requested size: 230.18253pt x 118.70955pt.
 [29
pdfTeX warning (ext4): destination with the same identifier (name{figure.16}) h
as been already used, duplicate ignored
<argument> ...shipout:D \box_use:N \l_shipout_box 
                                                  \__shipout_drop_firstpage_...
l.188 	\end{align*}
                   
pdfTeX warning (ext4): destination with the same identifier (name{figure.15}) h
as been already used, duplicate ignored
<argument> ...shipout:D \box_use:N \l_shipout_box 
                                                  \__shipout_drop_firstpage_...
l.188 	\end{align*}
                    <../figures//ml/sgd/sgd-histo.png> <../figures//ml/sgd/sgd-
trajectory.pdf> <../figures//ml/sgd/sgd-schematic.png>]
<../figures//ml/sgd/error-sgd-1.png, id=877, 1000.73875pt x 184.69pt>
File: ../figures//ml/sgd/error-sgd-1.png Graphic file (type png)
<use ../figures//ml/sgd/error-sgd-1.png>
Package pdftex.def Info: ../figures//ml/sgd/error-sgd-1.png  used on input line
 228.
(pdftex.def)             Requested size: 211.38832pt x 39.01149pt.
<../figures//ml/sgd/error-sgd-2.png, id=878, 997.22563pt x 187.70125pt>
File: ../figures//ml/sgd/error-sgd-2.png Graphic file (type png)
<use ../figures//ml/sgd/error-sgd-2.png>
Package pdftex.def Info: ../figures//ml/sgd/error-sgd-2.png  used on input line
 229.
(pdftex.def)             Requested size: 211.38832pt x 39.78789pt.
 [30
pdfTeX warning (ext4): destination with the same identifier (name{figure.17}) h
as been already used, duplicate ignored
<argument> ...shipout:D \box_use:N \l_shipout_box 
                                                  \__shipout_drop_firstpage_...
l.263 }
        <../figures//ml/sgd/error-sgd-1.png> <../figures//ml/sgd/error-sgd-2.pn
g>]
<../figures//ml/sgd/sg-comparison.png, id=889, 953.5625pt x 478.78876pt>
File: ../figures//ml/sgd/sg-comparison.png Graphic file (type png)
<use ../figures//ml/sgd/sg-comparison.png>
Package pdftex.def Info: ../figures//ml/sgd/sg-comparison.png  used on input li
ne 333.
(pdftex.def)             Requested size: 234.8775pt x 117.92891pt.
) (../chapters/sec-autodiff.tex [31]
<../figures//auto-diff/comp-graph.jpg, id=896, 1968.35374pt x 490.83376pt>
File: ../figures//auto-diff/comp-graph.jpg Graphic file (type jpg)
<use ../figures//auto-diff/comp-graph.jpg>
Package pdftex.def Info: ../figures//auto-diff/comp-graph.jpg  used on input li
ne 30.
(pdftex.def)             Requested size: 328.82707pt x 81.99515pt.
 [32
pdfTeX warning (ext4): destination with the same identifier (name{figure.18}) h
as been already used, duplicate ignored
<argument> ...shipout:D \box_use:N \l_shipout_box 
                                                  \__shipout_drop_firstpage_...
l.45 
     
pdfTeX warning (ext4): destination with the same identifier (name{figure.19}) h
as been already used, duplicate ignored
<argument> ...shipout:D \box_use:N \l_shipout_box 
                                                  \__shipout_drop_firstpage_...
l.45 
      <../figures//ml/sgd/sg-comparison.png> <../figures//auto-diff/comp-graph.
jpg>]
<../figures//auto-diff/forward-mode.jpg, id=904, 1056.94875pt x 722.7pt>
File: ../figures//auto-diff/forward-mode.jpg Graphic file (type jpg)
<use ../figures//auto-diff/forward-mode.jpg>
Package pdftex.def Info: ../figures//auto-diff/forward-mode.jpg  used on input 
line 58.
(pdftex.def)             Requested size: 187.89914pt x 128.47037pt.
<../figures//auto-diff/backward-mode.jpg, id=905, 1093.08376pt x 722.7pt>
File: ../figures//auto-diff/backward-mode.jpg Graphic file (type jpg)
<use ../figures//auto-diff/backward-mode.jpg>
Package pdftex.def Info: ../figures//auto-diff/backward-mode.jpg  used on input
 line 60.
(pdftex.def)             Requested size: 187.89914pt x 124.22478pt.
 [33
pdfTeX warning (ext4): destination with the same identifier (name{figure.20}) h
as been already used, duplicate ignored
<argument> ...shipout:D \box_use:N \l_shipout_box 
                                                  \__shipout_drop_firstpage_...
l.108 \end{align*}
                   <../figures//auto-diff/forward-mode.jpg> <../figures//auto-d
iff/backward-mode.jpg>]
<../figures//auto-diff/example-simple.png, id=915, 888.31876pt x 189.20688pt>
File: ../figures//auto-diff/example-simple.png Graphic file (type png)
<use ../figures//auto-diff/example-simple.png>
Package pdftex.def Info: ../figures//auto-diff/example-simple.png  used on inpu
t line 126.
(pdftex.def)             Requested size: 281.85587pt x 60.03352pt.
 [34
pdfTeX warning (ext4): destination with the same identifier (name{figure.21}) h
as been already used, duplicate ignored
<argument> ...shipout:D \box_use:N \l_shipout_box 
                                                  \__shipout_drop_firstpage_...
l.213 }
        <../figures//auto-diff/example-simple.png>] [35]
<../figures//auto-diff/matrix-forward.jpg, id=930, 1921.1775pt x 781.92125pt>
File: ../figures//auto-diff/matrix-forward.jpg Graphic file (type jpg)
<use ../figures//auto-diff/matrix-forward.jpg>
Package pdftex.def Info: ../figures//auto-diff/matrix-forward.jpg  used on inpu
t line 331.
(pdftex.def)             Requested size: 197.29623pt x 80.29659pt.
<../figures//auto-diff/matrix-backward.jpg, id=931, 2087.8pt x 788.9475pt>
File: ../figures//auto-diff/matrix-backward.jpg Graphic file (type jpg)
<use ../figures//auto-diff/matrix-backward.jpg>
Package pdftex.def Info: ../figures//auto-diff/matrix-backward.jpg  used on inp
ut line 333.
(pdftex.def)             Requested size: 211.38832pt x 79.87447pt.
 [36
pdfTeX warning (ext4): destination with the same identifier (name{figure.22}) h
as been already used, duplicate ignored
<argument> ...shipout:D \box_use:N \l_shipout_box 
                                                  \__shipout_drop_firstpage_...
l.346 }
        <../figures//auto-diff/matrix-forward.jpg> <../figures//auto-diff/matri
x-backward.jpg>]
<../figures//auto-diff/archi-feedforward.jpg, id=942, 1809.76125pt x 350.30875p
t>
File: ../figures//auto-diff/archi-feedforward.jpg Graphic file (type jpg)
<use ../figures//auto-diff/archi-feedforward.jpg>
Package pdftex.def Info: ../figures//auto-diff/archi-feedforward.jpg  used on i
nput line 366.
(pdftex.def)             Requested size: 328.82707pt x 63.64618pt.
<../figures//auto-diff/network-mlp.jpg, id=944, 1597.97pt x 740.7675pt>
File: ../figures//auto-diff/network-mlp.jpg Graphic file (type jpg)
<use ../figures//auto-diff/network-mlp.jpg>
Package pdftex.def Info: ../figures//auto-diff/network-mlp.jpg  used on input l
ine 409.
(pdftex.def)             Requested size: 281.85587pt x 130.65353pt.
 [37
pdfTeX warning (ext4): destination with the same identifier (name{figure.23}) h
as been already used, duplicate ignored
<argument> ...shipout:D \box_use:N \l_shipout_box 
                                                  \__shipout_drop_firstpage_...
l.434 D
       enoting $z(t) = \nabla_{x(t)} f(\th)$ the ``adjoint'' vector field, t...
 <../figures//auto-diff/archi-feedforward.jpg>]
<../figures//auto-diff/archi-recurrent.jpg, id=963, 1809.76125pt x 359.3425pt>
File: ../figures//auto-diff/archi-recurrent.jpg Graphic file (type jpg)
<use ../figures//auto-diff/archi-recurrent.jpg>
Package pdftex.def Info: ../figures//auto-diff/archi-recurrent.jpg  used on inp
ut line 458.
(pdftex.def)             Requested size: 281.85587pt x 55.9607pt.
 [38
pdfTeX warning (ext4): destination with the same identifier (name{figure.24}) h
as been already used, duplicate ignored
<argument> ...shipout:D \box_use:N \l_shipout_box 
                                                  \__shipout_drop_firstpage_...
l.475 }
       
pdfTeX warning (ext4): destination with the same identifier (name{figure.25}) h
as been already used, duplicate ignored
<argument> ...shipout:D \box_use:N \l_shipout_box 
                                                  \__shipout_drop_firstpage_...
l.475 }
        <../figures//auto-diff/network-mlp.jpg> <../figures//auto-diff/archi-re
current.jpg>]
<../figures//auto-diff/network-recur.jpg, id=977, 854.19125pt x 476.78125pt>
File: ../figures//auto-diff/network-recur.jpg Graphic file (type jpg)
<use ../figures//auto-diff/network-recur.jpg>
Package pdftex.def Info: ../figures//auto-diff/network-recur.jpg  used on input
 line 499.
(pdftex.def)             Requested size: 234.8775pt x 131.09705pt.
 [39
pdfTeX warning (ext4): destination with the same identifier (name{figure.26}) h
as been already used, duplicate ignored
<argument> ...shipout:D \box_use:N \l_shipout_box 
                                                  \__shipout_drop_firstpage_...
l.536 }
        <../figures//auto-diff/network-recur.jpg>]
Overfull \hbox (9.04623pt too wide) in paragraph at lines 606--614
\OT1/cmr/m/n/10 Similarly as for the argmin layer, at con-ver-gence $\OML/cmm/m
/it/10 x[] \OMS/cmsy/m/n/10 ! \OML/cmm/m/it/10 x[]\OT1/cmr/m/n/10 (\OML/cmm/m/i
t/10 ^^R\OT1/cmr/m/n/10 )$, one finds a min-i-mizer of $\OMS/cmsy/m/n/10 E$\OT1
/cmr/m/n/10 , so that $\OMS/cmsy/m/n/10 r[]\OML/cmm/m/it/10 L\OT1/cmr/m/n/10 (\
OML/cmm/m/it/10 x[]\OT1/cmr/m/n/10 (\OML/cmm/m/it/10 ^^R\OT1/cmr/m/n/10 )\OML/c
mm/m/it/10 ; ^^R\OT1/cmr/m/n/10 ) =
 []

[40])
No file OptimML.bbl.
[41] (./OptimML.aux)

LaTeX Warning: There were undefined references.


LaTeX Warning: There were multiply-defined labels.

Package rerunfilecheck Info: File `OptimML.out' has not changed.
(rerunfilecheck)             Checksum: 007D37D0EBBCC79014147B0603C93C0E;7807.
 ) 
Here is how much of TeX's memory you used:
 14096 strings out of 478268
 227416 string characters out of 5846347
 511161 words of memory out of 5000000
 31778 multiletter control sequences out of 15000+600000
 482062 words of font info for 82 fonts, out of 8000000 for 9000
 1141 hyphenation exceptions out of 8191
 70i,14n,76p,841b,443s stack positions out of 10000i,1000n,20000p,200000b,200000s
</usr/local/texlive/2022/texmf-dist/fonts/type1/public/amsfonts/cm/cmbx10.pfb
></usr/local/texlive/2022/texmf-dist/fonts/type1/public/amsfonts/cm/cmbx12.pfb>
</usr/local/texlive/2022/texmf-dist/fonts/type1/public/amsfonts/cm/cmbx7.pfb></
usr/local/texlive/2022/texmf-dist/fonts/type1/public/amsfonts/cm/cmbx9.pfb></us
r/local/texlive/2022/texmf-dist/fonts/type1/public/amsfonts/cm/cmex10.pfb></usr
/local/texlive/2022/texmf-dist/fonts/type1/public/amsfonts/cm/cmmi10.pfb></usr/
local/texlive/2022/texmf-dist/fonts/type1/public/amsfonts/cm/cmmi5.pfb></usr/lo
cal/texlive/2022/texmf-dist/fonts/type1/public/amsfonts/cm/cmmi7.pfb></usr/loca
l/texlive/2022/texmf-dist/fonts/type1/public/amsfonts/cm/cmr10.pfb></usr/local/
texlive/2022/texmf-dist/fonts/type1/public/amsfonts/cm/cmr12.pfb></usr/local/te
xlive/2022/texmf-dist/fonts/type1/public/amsfonts/cm/cmr17.pfb></usr/local/texl
ive/2022/texmf-dist/fonts/type1/public/amsfonts/cm/cmr5.pfb></usr/local/texlive
/2022/texmf-dist/fonts/type1/public/amsfonts/cm/cmr7.pfb></usr/local/texlive/20
22/texmf-dist/fonts/type1/public/amsfonts/cm/cmr9.pfb></usr/local/texlive/2022/
texmf-dist/fonts/type1/public/amsfonts/cm/cmsy10.pfb></usr/local/texlive/2022/t
exmf-dist/fonts/type1/public/amsfonts/cm/cmsy5.pfb></usr/local/texlive/2022/tex
mf-dist/fonts/type1/public/amsfonts/cm/cmsy7.pfb></usr/local/texlive/2022/texmf
-dist/fonts/type1/public/amsfonts/cm/cmti10.pfb></usr/local/texlive/2022/texmf-
dist/fonts/type1/public/amsfonts/cm/cmtt12.pfb></usr/local/texlive/2022/texmf-d
ist/fonts/type1/public/doublestroke/dsrom10.pfb></usr/local/texlive/2022/texmf-
dist/fonts/type1/public/amsfonts/symbols/msam10.pfb></usr/local/texlive/2022/te
xmf-dist/fonts/type1/public/amsfonts/symbols/msam7.pfb></usr/local/texlive/2022
/texmf-dist/fonts/type1/public/amsfonts/symbols/msbm10.pfb></usr/local/texlive/
2022/texmf-dist/fonts/type1/public/amsfonts/symbols/msbm7.pfb>
Output written on OptimML.pdf (41 pages, 9197542 bytes).
PDF statistics:
 1157 PDF objects out of 1200 (max. 8388607)
 931 compressed objects within 10 object streams
 228 named destinations out of 1000 (max. 500000)
 609 words of extra memory for PDF output out of 10000 (max. 10000000)

