\BOOKMARK [1][-]{section.1}{\376\377\000M\000o\000t\000i\000v\000a\000t\000i\000o\000n\000\040\000i\000n\000\040\000M\000a\000c\000h\000i\000n\000e\000\040\000L\000e\000a\000r\000n\000i\000n\000g}{}% 1
\BOOKMARK [2][-]{subsection.1.1}{\376\377\000U\000n\000c\000o\000n\000s\000t\000r\000a\000i\000n\000t\000\040\000o\000p\000t\000i\000m\000i\000z\000a\000t\000i\000o\000n}{section.1}% 2
\BOOKMARK [2][-]{subsection.1.2}{\376\377\000R\000e\000g\000r\000e\000s\000s\000i\000o\000n}{section.1}% 3
\BOOKMARK [2][-]{subsection.1.3}{\376\377\000C\000l\000a\000s\000s\000i\000f\000i\000c\000a\000t\000i\000o\000n}{section.1}% 4
\BOOKMARK [1][-]{section.2}{\376\377\000B\000a\000s\000i\000c\000s\000\040\000o\000f\000\040\000C\000o\000n\000v\000e\000x\000\040\000A\000n\000a\000l\000y\000s\000i\000s}{}% 5
\BOOKMARK [2][-]{subsection.2.1}{\376\377\000E\000x\000i\000s\000t\000e\000n\000c\000e\000\040\000o\000f\000\040\000S\000o\000l\000u\000t\000i\000o\000n\000s}{section.2}% 6
\BOOKMARK [2][-]{subsection.2.2}{\376\377\000C\000o\000n\000v\000e\000x\000i\000t\000y}{section.2}% 7
\BOOKMARK [2][-]{subsection.2.3}{\376\377\000C\000o\000n\000v\000e\000x\000\040\000S\000e\000t\000s}{section.2}% 8
\BOOKMARK [1][-]{section.3}{\376\377\000D\000e\000r\000i\000v\000a\000t\000i\000v\000e\000\040\000a\000n\000d\000\040\000g\000r\000a\000d\000i\000e\000n\000t}{}% 9
\BOOKMARK [2][-]{subsection.3.1}{\376\377\000G\000r\000a\000d\000i\000e\000n\000t}{section.3}% 10
\BOOKMARK [2][-]{subsection.3.2}{\376\377\000F\000i\000r\000s\000t\000\040\000O\000r\000d\000e\000r\000\040\000C\000o\000n\000d\000i\000t\000i\000o\000n\000s}{section.3}% 11
\BOOKMARK [2][-]{subsection.3.3}{\376\377\000L\000e\000a\000s\000t\000\040\000S\000q\000u\000a\000r\000e\000s}{section.3}% 12
\BOOKMARK [2][-]{subsection.3.4}{\376\377\000L\000i\000n\000k\000\040\000w\000i\000t\000h\000\040\000P\000C\000A}{section.3}% 13
\BOOKMARK [2][-]{subsection.3.5}{\376\377\000C\000l\000a\000s\000s\000i\000f\000i\000c\000a\000t\000i\000o\000n}{section.3}% 14
\BOOKMARK [2][-]{subsection.3.6}{\376\377\000C\000h\000a\000i\000n\000\040\000R\000u\000l\000e}{section.3}% 15
\BOOKMARK [1][-]{section.4}{\376\377\000G\000r\000a\000d\000i\000e\000n\000t\000\040\000D\000e\000s\000c\000e\000n\000t\000\040\000A\000l\000g\000o\000r\000i\000t\000h\000m}{}% 16
\BOOKMARK [2][-]{subsection.4.1}{\376\377\000S\000t\000e\000e\000p\000e\000s\000t\000\040\000D\000e\000s\000c\000e\000n\000t\000\040\000D\000i\000r\000e\000c\000t\000i\000o\000n}{section.4}% 17
\BOOKMARK [2][-]{subsection.4.2}{\376\377\000G\000r\000a\000d\000i\000e\000n\000t\000\040\000D\000e\000s\000c\000e\000n\000t}{section.4}% 18
\BOOKMARK [1][-]{section.5}{\376\377\000C\000o\000n\000v\000e\000r\000g\000e\000n\000c\000e\000\040\000A\000n\000a\000l\000y\000s\000i\000s}{}% 19
\BOOKMARK [2][-]{subsection.5.1}{\376\377\000Q\000u\000a\000d\000r\000a\000t\000i\000c\000\040\000C\000a\000s\000e}{section.5}% 20
\BOOKMARK [2][-]{subsection.5.2}{\376\377\000G\000e\000n\000e\000r\000a\000l\000\040\000C\000a\000s\000e}{section.5}% 21
\BOOKMARK [2][-]{subsection.5.3}{\376\377\000A\000c\000c\000e\000l\000e\000r\000a\000t\000i\000o\000n}{section.5}% 22
\BOOKMARK [1][-]{section.6}{\376\377\000M\000i\000r\000r\000o\000r\000\040\000D\000e\000s\000c\000e\000n\000t\000\040\000a\000n\000d\000\040\000I\000m\000p\000l\000i\000c\000i\000t\000\040\000B\000i\000a\000s}{}% 23
\BOOKMARK [2][-]{subsection.6.1}{\376\377\000B\000r\000e\000g\000m\000a\000n\000\040\000D\000i\000v\000e\000r\000g\000e\000n\000c\000e\000s}{section.6}% 24
\BOOKMARK [2][-]{subsection.6.2}{\376\377\000M\000i\000r\000r\000o\000r\000\040\000d\000e\000s\000c\000e\000n\000t}{section.6}% 25
\BOOKMARK [2][-]{subsection.6.3}{\376\377\000R\000e\000-\000p\000a\000r\000a\000m\000e\000t\000e\000r\000i\000z\000e\000d\000\040\000f\000l\000o\000w\000s}{section.6}% 26
\BOOKMARK [2][-]{subsection.6.4}{\376\377\000I\000m\000p\000l\000i\000c\000i\000t\000\040\000B\000i\000a\000s}{section.6}% 27
\BOOKMARK [1][-]{section.7}{\376\377\000R\000e\000g\000u\000l\000a\000r\000i\000z\000a\000t\000i\000o\000n}{}% 28
\BOOKMARK [2][-]{subsection.7.1}{\376\377\000P\000e\000n\000a\000l\000i\000z\000e\000d\000\040\000L\000e\000a\000s\000t\000\040\000S\000q\000u\000a\000r\000e\000s}{section.7}% 29
\BOOKMARK [2][-]{subsection.7.2}{\376\377\000R\000i\000d\000g\000e\000\040\000R\000e\000g\000r\000e\000s\000s\000i\000o\000n}{section.7}% 30
\BOOKMARK [2][-]{subsection.7.3}{\376\377\000L\000a\000s\000s\000o}{section.7}% 31
\BOOKMARK [2][-]{subsection.7.4}{\376\377\000I\000t\000e\000r\000a\000t\000i\000v\000e\000\040\000S\000o\000f\000t\000\040\000T\000h\000r\000e\000s\000h\000o\000l\000d\000i\000n\000g}{section.7}% 32
\BOOKMARK [1][-]{section.8}{\376\377\000S\000t\000o\000c\000h\000a\000s\000t\000i\000c\000\040\000O\000p\000t\000i\000m\000i\000z\000a\000t\000i\000o\000n}{}% 33
\BOOKMARK [2][-]{subsection.8.1}{\376\377\000M\000i\000n\000i\000m\000i\000z\000i\000n\000g\000\040\000S\000u\000m\000s\000\040\000a\000n\000d\000\040\000E\000x\000p\000e\000c\000t\000a\000t\000i\000o\000n}{section.8}% 34
\BOOKMARK [2][-]{subsection.8.2}{\376\377\000B\000a\000t\000c\000h\000\040\000G\000r\000a\000d\000i\000e\000n\000t\000\040\000D\000e\000s\000c\000e\000n\000t\000\040\000\050\000B\000G\000D\000\051}{section.8}% 35
\BOOKMARK [2][-]{subsection.8.3}{\376\377\000S\000t\000o\000c\000h\000a\000s\000t\000i\000c\000\040\000G\000r\000a\000d\000i\000e\000n\000t\000\040\000D\000e\000s\000c\000e\000n\000t\000\040\000\050\000S\000G\000D\000\051}{section.8}% 36
\BOOKMARK [2][-]{subsection.8.4}{\376\377\000S\000t\000o\000c\000h\000a\000s\000t\000i\000c\000\040\000G\000r\000a\000d\000i\000e\000n\000t\000\040\000D\000e\000s\000c\000e\000n\000t\000\040\000w\000i\000t\000h\000\040\000A\000v\000e\000r\000a\000g\000i\000n\000g\000\040\000\050\000S\000G\000A\000\051}{section.8}% 37
\BOOKMARK [2][-]{subsection.8.5}{\376\377\000S\000t\000o\000c\000h\000a\000s\000t\000i\000c\000\040\000A\000v\000e\000r\000a\000g\000e\000d\000\040\000G\000r\000a\000d\000i\000e\000n\000t\000\040\000D\000e\000s\000c\000e\000n\000t\000\040\000\050\000S\000A\000G\000\051}{section.8}% 38
\BOOKMARK [1][-]{section.9}{\376\377\000A\000u\000t\000o\000m\000a\000t\000i\000c\000\040\000D\000i\000f\000f\000e\000r\000e\000n\000t\000i\000a\000t\000i\000o\000n}{}% 39
\BOOKMARK [2][-]{subsection.9.1}{\376\377\000F\000i\000n\000i\000t\000e\000\040\000D\000i\000f\000f\000e\000r\000e\000n\000c\000e\000s\000\040\000a\000n\000d\000\040\000S\000y\000m\000b\000o\000l\000i\000c\000\040\000C\000a\000l\000c\000u\000l\000u\000s}{section.9}% 40
\BOOKMARK [2][-]{subsection.9.2}{\376\377\000C\000o\000m\000p\000u\000t\000a\000t\000i\000o\000n\000a\000l\000\040\000G\000r\000a\000p\000h\000s}{section.9}% 41
\BOOKMARK [2][-]{subsection.9.3}{\376\377\000F\000o\000r\000w\000a\000r\000d\000\040\000M\000o\000d\000e\000\040\000o\000f\000\040\000A\000u\000t\000o\000m\000a\000t\000i\000c\000\040\000D\000i\000f\000f\000e\000r\000e\000n\000t\000i\000a\000t\000i\000o\000n}{section.9}% 42
\BOOKMARK [2][-]{subsection.9.4}{\376\377\000R\000e\000v\000e\000r\000s\000e\000\040\000M\000o\000d\000e\000\040\000o\000f\000\040\000A\000u\000t\000o\000m\000a\000t\000i\000c\000\040\000D\000i\000f\000f\000e\000r\000e\000n\000t\000i\000a\000t\000i\000o\000n}{section.9}% 43
\BOOKMARK [2][-]{subsection.9.5}{\376\377\000F\000e\000e\000d\000-\000f\000o\000r\000w\000a\000r\000d\000\040\000C\000o\000m\000p\000o\000s\000i\000t\000i\000o\000n\000s}{section.9}% 44
\BOOKMARK [2][-]{subsection.9.6}{\376\377\000F\000e\000e\000d\000-\000f\000o\000r\000w\000a\000r\000d\000\040\000A\000r\000c\000h\000i\000t\000e\000c\000t\000u\000r\000e}{section.9}% 45
\BOOKMARK [2][-]{subsection.9.7}{\376\377\000R\000e\000c\000u\000r\000r\000e\000n\000t\000\040\000A\000r\000c\000h\000i\000t\000e\000c\000t\000u\000r\000e\000s}{section.9}% 46
