\BOOKMARK [0][-]{chapter.1}{Fourier transform on a finite group}{}% 1
\BOOKMARK [1][-]{section.1.1}{Dual of a finite group}{chapter.1}% 2
\BOOKMARK [2][-]{subsection.1.1.1}{Definitions}{section.1.1}% 3
\BOOKMARK [2][-]{subsection.1.1.2}{Dual of a cyclic group}{section.1.1}% 4
\BOOKMARK [1][-]{section.1.2}{Dual of an abelian group}{chapter.1}% 5
\BOOKMARK [2][-]{subsection.1.2.1}{Algebraic approach}{section.1.2}% 6
\BOOKMARK [2][-]{subsection.1.2.2}{Isomorphism theorem}{section.1.2}% 7
\BOOKMARK [2][-]{subsection.1.2.3}{The bidual}{section.1.2}% 8
\BOOKMARK [2][-]{subsection.1.2.4}{Orthogonality relations}{section.1.2}% 9
\BOOKMARK [1][-]{section.1.3}{Dual of a non-commutative group}{chapter.1}% 10
\BOOKMARK [2][-]{subsection.1.3.1}{Example of the symmetric group}{section.1.3}% 11
\BOOKMARK [2][-]{subsection.1.3.2}{Use of the derived group}{section.1.3}% 12
\BOOKMARK [1][-]{section.1.4}{Fourier transform}{chapter.1}% 13
\BOOKMARK [2][-]{subsection.1.4.1}{Fourier coefficients and Fourier transform}{section.1.4}% 14
\BOOKMARK [2][-]{subsection.1.4.2}{Algebra of an abelian group}{section.1.4}% 15
\BOOKMARK [2][-]{subsection.1.4.3}{Convolution and Fourier transform}{section.1.4}% 16
\BOOKMARK [1][-]{section.1.5}{Exercises}{chapter.1}% 17
\BOOKMARK [0][-]{chapter.2}{Applications of duality on a finite group}{}% 18
\BOOKMARK [1][-]{section.2.1}{Gaussian sums}{chapter.2}% 19
\BOOKMARK [2][-]{subsection.2.1.1}{Quadratic residues}{section.2.1}% 20
\BOOKMARK [2][-]{subsection.2.1.2}{Additive and multiplicative characters}{section.2.1}% 21
\BOOKMARK [2][-]{subsection.2.1.3}{Gaussian sums}{section.2.1}% 22
\BOOKMARK [2][-]{subsection.2.1.4}{Quadratic reciprocity}{section.2.1}% 23
\BOOKMARK [1][-]{section.2.2}{Walsh transform}{chapter.2}% 24
\BOOKMARK [2][-]{subsection.2.2.1}{Presentation}{section.2.2}% 25
\BOOKMARK [2][-]{subsection.2.2.2}{Fast calculation algorithm}{section.2.2}% 26
\BOOKMARK [2][-]{subsection.2.2.3}{Use of the Walsh transform}{section.2.2}% 27
\BOOKMARK [1][-]{section.2.3}{Poisson formula}{chapter.2}% 28
\BOOKMARK [2][-]{subsection.2.3.1}{The formula on a finite abelian group}{section.2.3}% 29
\BOOKMARK [2][-]{subsection.2.3.2}{Application to MacWilliams identities}{section.2.3}% 30
\BOOKMARK [2][-]{subsection.2.3.3}{The continuous Poisson formula}{section.2.3}% 31
\BOOKMARK [1][-]{section.2.4}{Exercises}{chapter.2}% 32
\BOOKMARK [0][-]{chapter.3}{Discrete Fourier transform}{}% 33
\BOOKMARK [1][-]{section.3.1}{The language of signal processing}{chapter.3}% 34
\BOOKMARK [1][-]{section.3.2}{Fast Fourier transform}{chapter.3}% 35
\BOOKMARK [2][-]{subsection.3.2.1}{Presentation of the algorithm}{section.3.2}% 36
\BOOKMARK [2][-]{subsection.3.2.2}{Cost analysis}{section.3.2}% 37
\BOOKMARK [2][-]{subsection.3.2.3}{Variations around the algorithm}{section.3.2}% 38
\BOOKMARK [2][-]{subsection.3.2.4}{The Cooley-Tukey transformation}{section.3.2}% 39
\BOOKMARK [2][-]{subsection.3.2.5}{Concrete implementation}{section.3.2}% 40
\BOOKMARK [2][-]{subsection.3.2.6}{Frequency decimation}{section.3.2}% 41
\BOOKMARK [2][-]{subsection.3.2.7}{Matrix writing}{section.3.2}% 42
\BOOKMARK [1][-]{section.3.3}{Circular convolution}{chapter.3}% 43
\BOOKMARK [2][-]{subsection.3.3.1}{Circular convolution}{section.3.3}% 44
\BOOKMARK [2][-]{subsection.3.3.2}{Calculation with the FFT}{section.3.3}% 45
\BOOKMARK [2][-]{subsection.3.3.3}{Acyclic convolution}{section.3.3}% 46
\BOOKMARK [1][-]{section.3.4}{In higher dimension}{chapter.3}% 47
\BOOKMARK [2][-]{subsection.3.4.1}{Discrete Fourier transform in 2D}{section.3.4}% 48
\BOOKMARK [2][-]{subsection.3.4.2}{2D convolution}{section.3.4}% 49
\BOOKMARK [1][-]{section.3.5}{Symmetry and discrete transform}{chapter.3}% 50
\BOOKMARK [2][-]{subsection.3.5.1}{Symmetry properties}{section.3.5}% 51
\BOOKMARK [2][-]{subsection.3.5.2}{Eigenvalues of the TFD}{section.3.5}% 52
\BOOKMARK [1][-]{section.3.6}{Exercises}{chapter.3}% 53
\BOOKMARK [0][-]{chapter.4}{Applications of the discrete Fourier transform}{}% 54
\BOOKMARK [1][-]{section.4.1}{Link with the Fourier transform on \040R}{chapter.4}% 55
\BOOKMARK [2][-]{subsection.4.1.1}{Continuous Fourier transform}{section.4.1}% 56
\BOOKMARK [2][-]{subsection.4.1.2}{Approximate calculation of the Fourier transform on \040R}{section.4.1}% 57
\BOOKMARK [2][-]{subsection.4.1.3}{Addition of zeros}{section.4.1}% 58
\BOOKMARK [2][-]{subsection.4.1.4}{Time / frequency duality}{section.4.1}% 59
\BOOKMARK [1][-]{section.4.2}{Filtering}{chapter.4}% 60
\BOOKMARK [2][-]{subsection.4.2.1}{Linear filters}{section.4.2}% 61
\BOOKMARK [2][-]{subsection.4.2.2}{Response types and stability}{section.4.2}% 62
\BOOKMARK [2][-]{subsection.4.2.3}{2D filtering and image analysis}{section.4.2}% 63
\BOOKMARK [1][-]{section.4.3}{Geometric aspects of filtering}{chapter.4}% 64
\BOOKMARK [2][-]{subsection.4.3.1}{Polygon filtering}{section.4.3}% 65
\BOOKMARK [2][-]{subsection.4.3.2}{Polygonal inequalities}{section.4.3}% 66
\BOOKMARK [2][-]{subsection.4.3.3}{Fourier descriptors}{section.4.3}% 67
\BOOKMARK [1][-]{section.4.4}{Numerical solution of derivative equations by tials}{chapter.4}% 68
\BOOKMARK [2][-]{subsection.4.4.1}{Calculation of Fourier coefficients}{section.4.4}% 69
\BOOKMARK [2][-]{subsection.4.4.2}{Application to the heat equation}{section.4.4}% 70
\BOOKMARK [2][-]{subsection.4.4.3}{Solving the Poisson equation by finite differences}{section.4.4}% 71
\BOOKMARK [1][-]{section.4.5}{Product calculations}{chapter.4}% 72
\BOOKMARK [2][-]{subsection.4.5.1}{Theoretical presentation}{section.4.5}% 73
\BOOKMARK [2][-]{subsection.4.5.2}{Multiplication of polynomials modulo \040XN-1 }{section.4.5}% 74
\BOOKMARK [2][-]{subsection.4.5.3}{Multiplication of polynomials}{section.4.5}% 75
\BOOKMARK [2][-]{subsection.4.5.4}{Multiplication of large integers}{section.4.5}% 76
\BOOKMARK [1][-]{section.4.6}{Exercises}{chapter.4}% 77
\BOOKMARK [0][-]{chapter.5}{Extension of the notion of Fourier transform}{}% 78
\BOOKMARK [1][-]{section.5.1}{Hartley transform}{chapter.5}% 79
\BOOKMARK [2][-]{subsection.5.1.1}{Definition and first properties}{section.5.1}% 80
\BOOKMARK [2][-]{subsection.5.1.2}{Fast Hartley transform}{section.5.1}% 81
\BOOKMARK [2][-]{subsection.5.1.3}{Convolutional calculation by Hartley transform}{section.5.1}% 82
\BOOKMARK [1][-]{section.5.2}{Z transform and applications}{chapter.5}% 83
\BOOKMARK [2][-]{subsection.5.2.1}{Definition and formal properties}{section.5.2}% 84
\BOOKMARK [2][-]{subsection.5.2.2}{Recursive filters}{section.5.2}% 85
\BOOKMARK [2][-]{subsection.5.2.3}{Application to the construction of filters}{section.5.2}% 86
\BOOKMARK [2][-]{subsection.5.2.4}{Reconciliation with analog filtering}{section.5.2}% 87
\BOOKMARK [1][-]{section.5.3}{Vectorial Z Transform}{chapter.5}% 88
\BOOKMARK [2][-]{subsection.5.3.1}{Discrete calculation algorithm}{section.5.3}% 89
\BOOKMARK [2][-]{subsection.5.3.2}{Applications to the discrete Fourier transform}{section.5.3}% 90
\BOOKMARK [1][-]{section.5.4}{Fractional Fourier transform}{chapter.5}% 91
\BOOKMARK [2][-]{subsection.5.4.1}{Definition and calculation algorithm}{section.5.4}% 92
\BOOKMARK [2][-]{subsection.5.4.2}{Analysis of signals with non-integral periodicity}{section.5.4}% 93
\BOOKMARK [1][-]{section.5.5}{Exercises}{chapter.5}% 94
\BOOKMARK [0][-]{chapter.6}{Fourier transform with values in a finite field}{}% 95
\BOOKMARK [1][-]{section.6.1}{Finite field calculations}{chapter.6}% 96
\BOOKMARK [2][-]{subsection.6.1.1}{Fourier transform on a finite field}{section.6.1}% 97
\BOOKMARK [2][-]{subsection.6.1.2}{A special case}{section.6.1}% 98
\BOOKMARK [2][-]{subsection.6.1.3}{Cyclotomic bodies}{section.6.1}% 99
\BOOKMARK [2][-]{subsection.6.1.4}{Transform on a cyclotomic field}{section.6.1}% 100
\BOOKMARK [2][-]{subsection.6.1.5}{Effective calculations}{section.6.1}% 101
\BOOKMARK [1][-]{section.6.2}{Calculations on a ring}{chapter.6}% 102
\BOOKMARK [2][-]{subsection.6.2.1}{Main roots of the unit}{section.6.2}% 103
\BOOKMARK [2][-]{subsection.6.2.2}{Implementation of an FFT algorithm}{section.6.2}% 104
\BOOKMARK [1][-]{section.6.3}{Application to correction codes}{chapter.6}% 105
\BOOKMARK [2][-]{subsection.6.3.1}{Notion of corrective code}{section.6.3}% 106
\BOOKMARK [2][-]{subsection.6.3.2}{Presentation of linear codes}{section.6.3}% 107
\BOOKMARK [2][-]{subsection.6.3.3}{Cyclic codes}{section.6.3}% 108
\BOOKMARK [2][-]{subsection.6.3.4}{Construction of BCH codes}{section.6.3}% 109
\BOOKMARK [2][-]{subsection.6.3.5}{Fourier transform decoding}{section.6.3}% 110
\BOOKMARK [1][-]{section.6.4}{Correction codes and duality on a finite abelian group}{chapter.6}% 111
\BOOKMARK [2][-]{subsection.6.4.1}{Enumerator polynomials of weight}{section.6.4}% 112
\BOOKMARK [2][-]{subsection.6.4.2}{Algebra of a group and corrective codes}{section.6.4}% 113
\BOOKMARK [2][-]{subsection.6.4.3}{Combinatorial study of arbitrary codes}{section.6.4}% 114
\BOOKMARK [1][-]{section.6.5}{Exercises}{chapter.6}% 115
\BOOKMARK [0][-]{chapter.7}{Linear representations of finite groups}{}% 116
\BOOKMARK [1][-]{section.7.1}{First definitions}{chapter.7}% 117
\BOOKMARK [2][-]{subsection.7.1.1}{Linear representations}{section.7.1}% 118
\BOOKMARK [2][-]{subsection.7.1.2}{Basic examples}{section.7.1}% 119
\BOOKMARK [2][-]{subsection.7.1.3}{Irreducible representations}{section.7.1}% 120
\BOOKMARK [2][-]{subsection.7.1.4}{The symmetric group}{section.7.1}% 121
\BOOKMARK [1][-]{section.7.2}{Invariance and representations}{chapter.7}% 122
\BOOKMARK [2][-]{subsection.7.2.1}{Invariant sub-representation}{section.7.2}% 123
\BOOKMARK [2][-]{subsection.7.2.2}{Schur lemma}{section.7.2}% 124
\BOOKMARK [2][-]{subsection.7.2.3}{Reynolds operator}{section.7.2}% 125
\BOOKMARK [2][-]{subsection.7.2.4}{Averaged application}{section.7.2}% 126
\BOOKMARK [1][-]{section.7.3}{Characters}{chapter.7}% 127
\BOOKMARK [2][-]{subsection.7.3.1}{Definition and first properties}{section.7.3}% 128
\BOOKMARK [2][-]{subsection.7.3.2}{Orthogonality relations}{section.7.3}% 129
\BOOKMARK [1][-]{section.7.4}{Representations and enumeration}{chapter.7}% 130
\BOOKMARK [2][-]{subsection.7.4.1}{Decomposition of a representation}{section.7.4}% 131
\BOOKMARK [2][-]{subsection.7.4.2}{Enumeration results}{section.7.4}% 132
\BOOKMARK [1][-]{section.7.5}{Fourier Theory}{chapter.7}% 133
\BOOKMARK [2][-]{subsection.7.5.1}{Fourier transform}{section.7.5}% 134
\BOOKMARK [2][-]{subsection.7.5.2}{Space of central functions}{section.7.5}% 135
\BOOKMARK [2][-]{subsection.7.5.3}{Fourier series}{section.7.5}% 136
\BOOKMARK [2][-]{subsection.7.5.4}{Fourier transform and characters}{section.7.5}% 137
\BOOKMARK [1][-]{section.7.6}{Exercises}{chapter.7}% 138
\BOOKMARK [0][-]{chapter.8}{Applications of linear representations}{}% 139
\BOOKMARK [1][-]{section.8.1}{Representation of classic groups}{chapter.8}% 140
\BOOKMARK [2][-]{subsection.8.1.1}{Character table}{section.8.1}% 141
\BOOKMARK [2][-]{subsection.8.1.2}{Cyclic groups}{section.8.1}% 142
\BOOKMARK [2][-]{subsection.8.1.3}{Dihedral groups}{section.8.1}% 143
\BOOKMARK [2][-]{subsection.8.1.4}{The group \040S4 }{section.8.1}% 144
\BOOKMARK [1][-]{section.8.2}{The question of simplicity}{chapter.8}% 145
\BOOKMARK [2][-]{subsection.8.2.1}{Character core}{section.8.2}% 146
\BOOKMARK [2][-]{subsection.8.2.2}{Use of the character table}{section.8.2}% 147
\BOOKMARK [1][-]{section.8.3}{Spectral analysis}{chapter.8}% 148
\BOOKMARK [2][-]{subsection.8.3.1}{Orthogonality of coordinate functions}{section.8.3}% 149
\BOOKMARK [2][-]{subsection.8.3.2}{Generalized Fourier series}{section.8.3}% 150
\BOOKMARK [2][-]{subsection.8.3.3}{The signal representation}{section.8.3}% 151
\BOOKMARK [1][-]{section.8.4}{Exercises}{chapter.8}% 152
\BOOKMARK [0][-]{appendix.A}{Correction of exercises}{}% 153
\BOOKMARK [1][-]{section.A.1}{Correction of the exercises of chapter 1}{appendix.A}% 154
\BOOKMARK [1][-]{section.A.2}{Correction of the exercises of Chapter 2}{appendix.A}% 155
\BOOKMARK [1][-]{section.A.3}{Correction of the exercises of chapter 3}{appendix.A}% 156
\BOOKMARK [1][-]{section.A.4}{Correction of the exercises of chapter 4}{appendix.A}% 157
\BOOKMARK [1][-]{section.A.5}{Correction of the exercises of chapter 5}{appendix.A}% 158
\BOOKMARK [1][-]{section.A.6}{Correction of the exercises of chapter 6}{appendix.A}% 159
\BOOKMARK [1][-]{section.A.7}{Correction of the exercises of chapter 7}{appendix.A}% 160
\BOOKMARK [1][-]{section.A.8}{Correction of the exercises of chapter 8}{appendix.A}% 161
\BOOKMARK [0][-]{appendix.B}{Matlab Programs}{}% 162
\BOOKMARK [1][-]{section.B.1}{FWT Algorithm}{appendix.B}% 163
\BOOKMARK [1][-]{section.B.2}{FHT Algorithm}{appendix.B}% 164
\BOOKMARK [1][-]{section.B.3}{FFT Algorithm}{appendix.B}% 165
\BOOKMARK [1][-]{section.B.4}{Multiplication of large integers by FFT}{appendix.B}% 166
\BOOKMARK [1][-]{section.B.5}{Solving the Poisson equation}{appendix.B}% 167
\BOOKMARK [1][-]{section.B.6}{Solving the heat equation}{appendix.B}% 168
\BOOKMARK [0][-]{appendix.C}{Programs Maple}{}% 169
\BOOKMARK [1][-]{section.C.1}{Transform over a finite field}{appendix.C}% 170
\BOOKMARK [1][-]{section.C.2}{Transform on a ring}{appendix.C}% 171
\BOOKMARK [1][-]{section.C.3}{Multiplication of large integers}{appendix.C}% 172
\BOOKMARK [1][-]{section.C.4}{Decoding BCH codes}{appendix.C}% 173
