This is pdfTeX, Version 3.14159265-2.6-1.40.17 (TeX Live 2016) (preloaded format=pdflatex 2016.9.19)  9 NOV 2017 11:26
entering extended mode
 restricted \write18 enabled.
 %&-line parsing enabled.
**\includeonly{chapters/fourier}\input{FundationsDataScience}
(./FundationsDataScience.tex
(/usr/local/texlive/2016/texmf-dist/tex/latex/base/book.cls
Document Class: book 2014/09/29 v1.4h Standard LaTeX document class
(/usr/local/texlive/2016/texmf-dist/tex/latex/base/bk10.clo
File: bk10.clo 2014/09/29 v1.4h Standard LaTeX file (size option)
)
\c@part=\count79
\c@chapter=\count80
\c@section=\count81
\c@subsection=\count82
\c@subsubsection=\count83
\c@paragraph=\count84
\c@subparagraph=\count85
\c@figure=\count86
\c@table=\count87
\abovecaptionskip=\skip41
\belowcaptionskip=\skip42
\bibindent=\dimen102
)
(/usr/local/texlive/2016/texmf-dist/tex/latex/hyperref/hyperref.sty
Package: hyperref 2016/05/05 v6.83n Hypertext links for LaTeX

(/usr/local/texlive/2016/texmf-dist/tex/generic/oberdiek/hobsub-hyperref.sty
Package: hobsub-hyperref 2016/05/16 v1.14 Bundle oberdiek, subset hyperref (HO)


(/usr/local/texlive/2016/texmf-dist/tex/generic/oberdiek/hobsub-generic.sty
Package: hobsub-generic 2016/05/16 v1.14 Bundle oberdiek, subset generic (HO)
Package: hobsub 2016/05/16 v1.14 Construct package bundles (HO)
Package: infwarerr 2016/05/16 v1.4 Providing info/warning/error messages (HO)
Package: ltxcmds 2016/05/16 v1.23 LaTeX kernel commands for general use (HO)
Package: ifluatex 2016/05/16 v1.4 Provides the ifluatex switch (HO)
Package ifluatex Info: LuaTeX not detected.
Package: ifvtex 2016/05/16 v1.6 Detect VTeX and its facilities (HO)
Package ifvtex Info: VTeX not detected.
Package: intcalc 2016/05/16 v1.2 Expandable calculations with integers (HO)
Package: ifpdf 2016/05/14 v3.1 Provides the ifpdf switch
Package: etexcmds 2016/05/16 v1.6 Avoid name clashes with e-TeX commands (HO)
Package etexcmds Info: Could not find \expanded.
(etexcmds)             That can mean that you are not using pdfTeX 1.50 or
(etexcmds)             that some package has redefined \expanded.
(etexcmds)             In the latter case, load this package earlier.
Package: kvsetkeys 2016/05/16 v1.17 Key value parser (HO)
Package: kvdefinekeys 2016/05/16 v1.4 Define keys (HO)
Package: pdftexcmds 2016/05/10 v0.21 Utility functions of pdfTeX for LuaTeX (HO
)
Package pdftexcmds Info: LuaTeX not detected.
Package pdftexcmds Info: \pdf@primitive is available.
Package pdftexcmds Info: \pdf@ifprimitive is available.
Package pdftexcmds Info: \pdfdraftmode found.
Package: pdfescape 2016/05/16 v1.14 Implements pdfTeX's escape features (HO)
Package: bigintcalc 2016/05/16 v1.4 Expandable calculations on big integers (HO
)
Package: bitset 2016/05/16 v1.2 Handle bit-vector datatype (HO)
Package: uniquecounter 2016/05/16 v1.3 Provide unlimited unique counter (HO)
)
Package hobsub Info: Skipping package `hobsub' (already loaded).
Package: letltxmacro 2016/05/16 v1.5 Let assignment for LaTeX macros (HO)
Package: hopatch 2016/05/16 v1.3 Wrapper for package hooks (HO)
Package: xcolor-patch 2016/05/16 xcolor patch
Package: atveryend 2016/05/16 v1.9 Hooks at the very end of document (HO)
Package atveryend Info: \enddocument detected (standard20110627).
Package: atbegshi 2016/05/16 v1.17 At begin shipout hook (HO)
Package: refcount 2016/05/16 v3.5 Data extraction from label references (HO)
Package: hycolor 2016/05/16 v1.8 Color options for hyperref/bookmark (HO)
)
(/usr/local/texlive/2016/texmf-dist/tex/latex/graphics/keyval.sty
Package: keyval 2014/10/28 v1.15 key=value parser (DPC)
\KV@toks@=\toks14
)
(/usr/local/texlive/2016/texmf-dist/tex/generic/ifxetex/ifxetex.sty
Package: ifxetex 2010/09/12 v0.6 Provides ifxetex conditional
)
(/usr/local/texlive/2016/texmf-dist/tex/latex/oberdiek/auxhook.sty
Package: auxhook 2016/05/16 v1.4 Hooks for auxiliary files (HO)
)
(/usr/local/texlive/2016/texmf-dist/tex/latex/oberdiek/kvoptions.sty
Package: kvoptions 2016/05/16 v3.12 Key value format for package options (HO)
)
\@linkdim=\dimen103
\Hy@linkcounter=\count88
\Hy@pagecounter=\count89

(/usr/local/texlive/2016/texmf-dist/tex/latex/hyperref/pd1enc.def
File: pd1enc.def 2016/05/05 v6.83n Hyperref: PDFDocEncoding definition (HO)
)
\Hy@SavedSpaceFactor=\count90

(/usr/local/texlive/2016/texmf-dist/tex/latex/latexconfig/hyperref.cfg
File: hyperref.cfg 2002/06/06 v1.2 hyperref configuration of TeXLive
)
Package hyperref Info: Option `bookmarks' set `true' on input line 4322.
Package hyperref Info: Option `colorlinks' set `true' on input line 4322.
Package hyperref Info: Hyper figures OFF on input line 4446.
Package hyperref Info: Link nesting OFF on input line 4451.
Package hyperref Info: Hyper index ON on input line 4454.
Package hyperref Info: Plain pages OFF on input line 4461.
Package hyperref Info: Backreferencing OFF on input line 4466.
Package hyperref Info: Implicit mode ON; LaTeX internals redefined.
Package hyperref Info: Bookmarks ON on input line 4691.
\c@Hy@tempcnt=\count91

(/usr/local/texlive/2016/texmf-dist/tex/latex/url/url.sty
\Urlmuskip=\muskip10
Package: url 2013/09/16  ver 3.4  Verb mode for urls, etc.
)
LaTeX Info: Redefining \url on input line 5044.
\XeTeXLinkMargin=\dimen104
\Fld@menulength=\count92
\Field@Width=\dimen105
\Fld@charsize=\dimen106
Package hyperref Info: Hyper figures OFF on input line 6298.
Package hyperref Info: Link nesting OFF on input line 6303.
Package hyperref Info: Hyper index ON on input line 6306.
Package hyperref Info: backreferencing OFF on input line 6313.
Package hyperref Info: Link coloring ON on input line 6316.
Package hyperref Info: Link coloring with OCG OFF on input line 6323.
Package hyperref Info: PDF/A mode OFF on input line 6328.
LaTeX Info: Redefining \ref on input line 6368.
LaTeX Info: Redefining \pageref on input line 6372.
\Hy@abspage=\count93
\c@Item=\count94
\c@Hfootnote=\count95
)

Package hyperref Message: Driver (autodetected): hpdftex.

(/usr/local/texlive/2016/texmf-dist/tex/latex/hyperref/hpdftex.def
File: hpdftex.def 2016/05/05 v6.83n Hyperref driver for pdfTeX
\Fld@listcount=\count96
\c@bookmark@seq@number=\count97

(/usr/local/texlive/2016/texmf-dist/tex/latex/oberdiek/rerunfilecheck.sty
Package: rerunfilecheck 2016/05/16 v1.8 Rerun checks for auxiliary files (HO)
Package uniquecounter Info: New unique counter `rerunfilecheck' on input line 2
82.
)
\Hy@SectionHShift=\skip43
)
(/usr/local/texlive/2016/texmf-dist/tex/latex/preprint/fullpage.sty
Package: fullpage 1999/02/23 1.1 (PWD)
\FP@margin=\skip44
)
(/usr/local/texlive/2016/texmf-dist/tex/latex/base/inputenc.sty
Package: inputenc 2015/03/17 v1.2c Input encoding file
\inpenc@prehook=\toks15
\inpenc@posthook=\toks16

(/usr/local/texlive/2016/texmf-dist/tex/latex/base/latin1.def
File: latin1.def 2015/03/17 v1.2c Input encoding file
)) (./mystyle.sty
(/usr/local/texlive/2016/texmf-dist/tex/latex/amsmath/amsmath.sty
Package: amsmath 2016/03/10 v2.15b AMS math features
\@mathmargin=\skip45

For additional information on amsmath, use the `?' option.
(/usr/local/texlive/2016/texmf-dist/tex/latex/amsmath/amstext.sty
Package: amstext 2000/06/29 v2.01 AMS text

(/usr/local/texlive/2016/texmf-dist/tex/latex/amsmath/amsgen.sty
File: amsgen.sty 1999/11/30 v2.0 generic functions
\@emptytoks=\toks17
\ex@=\dimen107
))
(/usr/local/texlive/2016/texmf-dist/tex/latex/amsmath/amsbsy.sty
Package: amsbsy 1999/11/29 v1.2d Bold Symbols
\pmbraise@=\dimen108
)
(/usr/local/texlive/2016/texmf-dist/tex/latex/amsmath/amsopn.sty
Package: amsopn 2016/03/08 v2.02 operator names
)
\inf@bad=\count98
LaTeX Info: Redefining \frac on input line 199.
\uproot@=\count99
\leftroot@=\count100
LaTeX Info: Redefining \overline on input line 297.
\classnum@=\count101
\DOTSCASE@=\count102
LaTeX Info: Redefining \ldots on input line 394.
LaTeX Info: Redefining \dots on input line 397.
LaTeX Info: Redefining \cdots on input line 518.
\Mathstrutbox@=\box26
\strutbox@=\box27
\big@size=\dimen109
LaTeX Font Info:    Redeclaring font encoding OML on input line 634.
LaTeX Font Info:    Redeclaring font encoding OMS on input line 635.
\macc@depth=\count103
\c@MaxMatrixCols=\count104
\dotsspace@=\muskip11
\c@parentequation=\count105
\dspbrk@lvl=\count106
\tag@help=\toks18
\row@=\count107
\column@=\count108
\maxfields@=\count109
\andhelp@=\toks19
\eqnshift@=\dimen110
\alignsep@=\dimen111
\tagshift@=\dimen112
\tagwidth@=\dimen113
\totwidth@=\dimen114
\lineht@=\dimen115
\@envbody=\toks20
\multlinegap=\skip46
\multlinetaggap=\skip47
\mathdisplay@stack=\toks21
LaTeX Info: Redefining \[ on input line 2739.
LaTeX Info: Redefining \] on input line 2740.
)
(/usr/local/texlive/2016/texmf-dist/tex/latex/amsfonts/amsfonts.sty
Package: amsfonts 2013/01/14 v3.01 Basic AMSFonts support
\symAMSa=\mathgroup4
\symAMSb=\mathgroup5
LaTeX Font Info:    Overwriting math alphabet `\mathfrak' in version `bold'
(Font)                  U/euf/m/n --> U/euf/b/n on input line 106.
)
(/usr/local/texlive/2016/texmf-dist/tex/latex/amsfonts/amssymb.sty
Package: amssymb 2013/01/14 v3.01 AMS font symbols
)
(/usr/local/texlive/2016/texmf-dist/tex/latex/amscls/amsthm.sty
Package: amsthm 2015/03/04 v2.20.2
\thm@style=\toks22
\thm@bodyfont=\toks23
\thm@headfont=\toks24
\thm@notefont=\toks25
\thm@headpunct=\toks26
\thm@preskip=\skip48
\thm@postskip=\skip49
\thm@headsep=\skip50
\dth@everypar=\toks27
)
(/usr/local/texlive/2016/texmf-dist/tex/latex/jknapltx/mathrsfs.sty
Package: mathrsfs 1996/01/01 Math RSFS package v1.0 (jk)
\symrsfs=\mathgroup6
)
(/usr/local/texlive/2016/texmf-dist/tex/latex/mathtools/mathtools.sty
Package: mathtools 2015/11/12 v1.18 mathematical typesetting tools

(/usr/local/texlive/2016/texmf-dist/tex/latex/tools/calc.sty
Package: calc 2014/10/28 v4.3 Infix arithmetic (KKT,FJ)
\calc@Acount=\count110
\calc@Bcount=\count111
\calc@Adimen=\dimen116
\calc@Bdimen=\dimen117
\calc@Askip=\skip51
\calc@Bskip=\skip52
LaTeX Info: Redefining \setlength on input line 80.
LaTeX Info: Redefining \addtolength on input line 81.
\calc@Ccount=\count112
\calc@Cskip=\skip53
)
(/usr/local/texlive/2016/texmf-dist/tex/latex/mathtools/mhsetup.sty
Package: mhsetup 2010/01/21 v1.2a programming setup (MH)
)
LaTeX Info: Thecontrolsequence`\('isalreadyrobust on input line 129.
LaTeX Info: Thecontrolsequence`\)'isalreadyrobust on input line 129.
LaTeX Info: Thecontrolsequence`\['isalreadyrobust on input line 129.
LaTeX Info: Thecontrolsequence`\]'isalreadyrobust on input line 129.
\g_MT_multlinerow_int=\count113
\l_MT_multwidth_dim=\dimen118
\origjot=\skip54
\l_MT_shortvdotswithinadjustabove_dim=\dimen119
\l_MT_shortvdotswithinadjustbelow_dim=\dimen120
\l_MT_above_intertext_sep=\dimen121
\l_MT_below_intertext_sep=\dimen122
\l_MT_above_shortintertext_sep=\dimen123
\l_MT_below_shortintertext_sep=\dimen124
)
(/usr/local/texlive/2016/texmf-dist/tex/latex/graphics/graphicx.sty
Package: graphicx 2014/10/28 v1.0g Enhanced LaTeX Graphics (DPC,SPQR)

(/usr/local/texlive/2016/texmf-dist/tex/latex/graphics/graphics.sty
Package: graphics 2016/05/09 v1.0r Standard LaTeX Graphics (DPC,SPQR)

(/usr/local/texlive/2016/texmf-dist/tex/latex/graphics/trig.sty
Package: trig 2016/01/03 v1.10 sin cos tan (DPC)
)
(/usr/local/texlive/2016/texmf-dist/tex/latex/graphics-cfg/graphics.cfg
File: graphics.cfg 2016/01/02 v1.10 sample graphics configuration
)
Package graphics Info: Driver file: pdftex.def on input line 96.

(/usr/local/texlive/2016/texmf-dist/tex/latex/pdftex-def/pdftex.def
File: pdftex.def 2011/05/27 v0.06d Graphics/color for pdfTeX
\Gread@gobject=\count114
))
\Gin@req@height=\dimen125
\Gin@req@width=\dimen126
)
(/usr/local/texlive/2016/texmf-dist/tex/latex/subfigure/subfigure.sty
Package: subfigure 2002/03/15 v2.1.5 subfigure package
\subfigtopskip=\skip55
\subfigcapskip=\skip56
\subfigcaptopadj=\dimen127
\subfigbottomskip=\skip57
\subfigcapmargin=\dimen128
\subfiglabelskip=\skip58
\c@subfigure=\count115
\c@lofdepth=\count116
\c@subtable=\count117
\c@lotdepth=\count118

****************************************
* Local config file subfigure.cfg used *
****************************************
(/usr/local/texlive/2016/texmf-dist/tex/latex/subfigure/subfigure.cfg)
\subfig@top=\skip59
\subfig@bottom=\skip60
)
(/usr/local/texlive/2016/texmf-dist/tex/latex/tools/array.sty
Package: array 2014/10/28 v2.4c Tabular extension package (FMi)
\col@sep=\dimen129
\extrarowheight=\dimen130
\NC@list=\toks28
\extratabsurround=\skip61
\backup@length=\skip62
)
(/usr/local/texlive/2016/texmf-dist/tex/latex/tools/tabularx.sty
Package: tabularx 2016/02/03 v2.11 `tabularx' package (DPC)
\TX@col@width=\dimen131
\TX@old@table=\dimen132
\TX@old@col=\dimen133
\TX@target=\dimen134
\TX@delta=\dimen135
\TX@cols=\count119
\TX@ftn=\toks29
)
(/usr/local/texlive/2016/texmf-dist/tex/latex/tools/indentfirst.sty
Package: indentfirst 1995/11/23 v1.03 Indent first paragraph (DPC)
)
(/usr/local/texlive/2016/texmf-dist/tex/latex/doublestroke/dsfont.sty
Package: dsfont 1995/08/01 v0.1 Double stroke roman fonts
)
(/usr/local/texlive/2016/texmf-dist/tex/latex/stmaryrd/stmaryrd.sty
Package: stmaryrd 1994/03/03 St Mary's Road symbol package
\symstmry=\mathgroup7
LaTeX Font Info:    Overwriting symbol font `stmry' in version `bold'
(Font)                  U/stmry/m/n --> U/stmry/b/n on input line 89.
)
(/usr/local/texlive/2016/texmf-dist/tex/latex/tools/xspace.sty
Package: xspace 2014/10/28 v1.13 Space after command names (DPC,MH)
)
(/usr/local/texlive/2016/texmf-dist/tex/latex/xcolor/xcolor.sty
Package: xcolor 2016/05/11 v2.12 LaTeX color extensions (UK)

(/usr/local/texlive/2016/texmf-dist/tex/latex/graphics-cfg/color.cfg
File: color.cfg 2016/01/02 v1.6 sample color configuration
)
Package xcolor Info: Driver file: pdftex.def on input line 225.
Package xcolor Info: Model `cmy' substituted by `cmy0' on input line 1348.
Package xcolor Info: Model `hsb' substituted by `rgb' on input line 1352.
Package xcolor Info: Model `RGB' extended on input line 1364.
Package xcolor Info: Model `HTML' substituted by `rgb' on input line 1366.
Package xcolor Info: Model `Hsb' substituted by `hsb' on input line 1367.
Package xcolor Info: Model `tHsb' substituted by `hsb' on input line 1368.
Package xcolor Info: Model `HSB' substituted by `hsb' on input line 1369.
Package xcolor Info: Model `Gray' substituted by `gray' on input line 1370.
Package xcolor Info: Model `wave' substituted by `hsb' on input line 1371.
)
\c@thm=\count120
\c@prop=\count121
\c@defn=\count122
\c@cor=\count123
\c@alg=\count124
\c@lem=\count125
\c@rem=\count126
\c@exmp=\count127

(/usr/local/texlive/2016/texmf-dist/tex/latex/float/float.sty
Package: float 2001/11/08 v1.3d Float enhancements (AL)
\c@float@type=\count128
\float@exts=\toks30
\float@box=\box28
\@float@everytoks=\toks31
\@floatcapt=\box29
)
\@float@every@listing=\toks32
\c@listing=\count129
 (./mcode.sty
Package: `mcode' 1.3 <2008/08/28>
Package: mcode 2008/08/28 1.3
mcode: settings optimized for display!
(/usr/local/texlive/2016/texmf-dist/tex/latex/listings/listings.sty
\lst@mode=\count130
\lst@gtempboxa=\box30
\lst@token=\toks33
\lst@length=\count131
\lst@currlwidth=\dimen136
\lst@column=\count132
\lst@pos=\count133
\lst@lostspace=\dimen137
\lst@width=\dimen138
\lst@newlines=\count134
\lst@lineno=\count135
\lst@maxwidth=\dimen139

(/usr/local/texlive/2016/texmf-dist/tex/latex/listings/lstmisc.sty
File: lstmisc.sty 2015/06/04 1.6 (Carsten Heinz)
\c@lstnumber=\count136
\lst@skipnumbers=\count137
\lst@framebox=\box31
)
(/usr/local/texlive/2016/texmf-dist/tex/latex/listings/listings.cfg
File: listings.cfg 2015/06/04 1.6 listings configuration
))
Package: listings 2015/06/04 1.6 (Carsten Heinz)
))
(/usr/local/texlive/2016/texmf-dist/tex/latex/wrapfig/wrapfig.sty
\wrapoverhang=\dimen140
\WF@size=\dimen141
\c@WF@wrappedlines=\count138
\WF@box=\box32
\WF@everypar=\toks34
Package: wrapfig 2003/01/31  v 3.6
)
(./chapters-pdf/fourier.aux (./chapters/abstract.aux) (./chapters/shannon.aux)
(./chapters/fourier.aux) (./chapters/meshes.aux) (./chapters/wavelets.aux

LaTeX Warning: Label `eq-wavelet-step' multiply defined.


LaTeX Warning: Label `eq-qmf' multiply defined.

) (./chapters/meshes-multires.aux) (./chapters/approximation.aux)
(./chapters/compression.aux) (./chapters/denoising.aux)
(./chapters/variational-priors.aux) (./chapters/inverse-problems.aux

LaTeX Warning: Label `eq-inp-operator' multiply defined.

) (./chapters/sparse-regularization.aux

LaTeX Warning: Label `eq-hard-thresh' multiply defined.

) (./chapters/convex-analysis.aux) (./chapters/convex-optimization.aux

LaTeX Warning: Label `sec-grad-descent' multiply defined.


LaTeX Warning: Label `eq-grad-desc' multiply defined.


LaTeX Warning: Label `eq-descent-step-cond' multiply defined.

) (./chapters/sparse-theory.aux

LaTeX Warning: Label `eq-local-shape-lasso' multiply defined.


LaTeX Warning: Label `eq-minnorm-certif' multiply defined.


LaTeX Warning: Label `eq-minnorm-certif' multiply defined.


LaTeX Warning: Label `fig-certif-cs' multiply defined.

) (./chapters/compressed-sensing.aux) (./chapters/machine-learning.aux)
(./chapters/deep-learning.aux) (./chapters/optimal-transport.aux))
\openout1 = `chapters-pdf/fourier.aux'.

LaTeX Font Info:    Checking defaults for OML/cmm/m/it on input line 41.
LaTeX Font Info:    ... okay on input line 41.
LaTeX Font Info:    Checking defaults for T1/cmr/m/n on input line 41.
LaTeX Font Info:    ... okay on input line 41.
LaTeX Font Info:    Checking defaults for OT1/cmr/m/n on input line 41.
LaTeX Font Info:    ... okay on input line 41.
LaTeX Font Info:    Checking defaults for OMS/cmsy/m/n on input line 41.
LaTeX Font Info:    ... okay on input line 41.
LaTeX Font Info:    Checking defaults for OMX/cmex/m/n on input line 41.
LaTeX Font Info:    ... okay on input line 41.
LaTeX Font Info:    Checking defaults for U/cmr/m/n on input line 41.
LaTeX Font Info:    ... okay on input line 41.
LaTeX Font Info:    Checking defaults for PD1/pdf/m/n on input line 41.
LaTeX Font Info:    ... okay on input line 41.
\AtBeginShipoutBox=\box33
Package hyperref Info: Link coloring ON on input line 41.

(/usr/local/texlive/2016/texmf-dist/tex/latex/hyperref/nameref.sty
Package: nameref 2012/10/27 v2.43 Cross-referencing by name of section

(/usr/local/texlive/2016/texmf-dist/tex/generic/oberdiek/gettitlestring.sty
Package: gettitlestring 2016/05/16 v1.5 Cleanup title references (HO)
)
\c@section@level=\count139
)
LaTeX Info: Redefining \ref on input line 41.
LaTeX Info: Redefining \pageref on input line 41.
LaTeX Info: Redefining \nameref on input line 41.

(./chapters-pdf/fourier.out) (./chapters-pdf/fourier.out)
\@outlinefile=\write3
\openout3 = `chapters-pdf/fourier.out'.


(/usr/local/texlive/2016/texmf-dist/tex/context/base/mkii/supp-pdf.mkii
[Loading MPS to PDF converter (version 2006.09.02).]
\scratchcounter=\count140
\scratchdimen=\dimen142
\scratchbox=\box34
\nofMPsegments=\count141
\nofMParguments=\count142
\everyMPshowfont=\toks35
\MPscratchCnt=\count143
\MPscratchDim=\dimen143
\MPnumerator=\count144
\makeMPintoPDFobject=\count145
\everyMPtoPDFconversion=\toks36
) (/usr/local/texlive/2016/texmf-dist/tex/latex/oberdiek/epstopdf-base.sty
Package: epstopdf-base 2016/05/15 v2.6 Base part for package epstopdf

(/usr/local/texlive/2016/texmf-dist/tex/latex/oberdiek/grfext.sty
Package: grfext 2016/05/16 v1.2 Manage graphics extensions (HO)
)
Package grfext Info: Graphics extension search list:
(grfext)             [.png,.pdf,.jpg,.mps,.jpeg,.jbig2,.jb2,.PNG,.PDF,.JPG,.JPE
G,.JBIG2,.JB2,.eps]
(grfext)             \AppendGraphicsExtensions on input line 456.

(/usr/local/texlive/2016/texmf-dist/tex/latex/latexconfig/epstopdf-sys.cfg
File: epstopdf-sys.cfg 2010/07/13 v1.3 Configuration of (r)epstopdf for TeX Liv
e
))
\c@lstlisting=\count146

<./figures/wave.jpg, id=128, 501.875pt x 110.4125pt>
File: ./figures/wave.jpg Graphic file (type jpg)
 <use ./figures/wave.jpg>
Package pdftex.def Info: ./figures/wave.jpg used on input line 44.
(pdftex.def)             Requested size: 422.77664pt x 93.01541pt.
LaTeX Font Info:    Try loading font information for U+msa on input line 44.

(/usr/local/texlive/2016/texmf-dist/tex/latex/amsfonts/umsa.fd
File: umsa.fd 2013/01/14 v3.01 AMS symbols A
)
LaTeX Font Info:    Try loading font information for U+msb on input line 44.

(/usr/local/texlive/2016/texmf-dist/tex/latex/amsfonts/umsb.fd
File: umsb.fd 2013/01/14 v3.01 AMS symbols B
)
LaTeX Font Info:    Try loading font information for U+rsfs on input line 44.

(/usr/local/texlive/2016/texmf-dist/tex/latex/jknapltx/ursfs.fd
File: ursfs.fd 1998/03/24 rsfs font definition file (jk)
)
LaTeX Font Info:    Try loading font information for U+stmry on input line 44.

(/usr/local/texlive/2016/texmf-dist/tex/latex/stmaryrd/Ustmry.fd) [1


{/usr/local/texlive/2016/texmf-var/fonts/map/pdftex/updmap/pdftex.map} <./figur
es/wave.jpg>]
\openout2 = `chapters/fourier.aux'.

 (./chapters/fourier.tex
Chapter 1.
<./figures/orthobases/atoms-fourier.pdf, id=142, 439.6426pt x 356.5557pt>
File: ./figures/orthobases/atoms-fourier.pdf Graphic file (type pdf)

<use ./figures/orthobases/atoms-fourier.pdf>
Package pdftex.def Info: ./figures/orthobases/atoms-fourier.pdf used on input l
ine 38.
(pdftex.def)             Requested size: 187.89914pt x 152.3856pt.

<./figures/orthobases/atoms-wavelets.pdf, id=143, 425.11012pt x 261.56601pt>
File: ./figures/orthobases/atoms-wavelets.pdf Graphic file (type pdf)

<use ./figures/orthobases/atoms-wavelets.pdf>
Package pdftex.def Info: ./figures/orthobases/atoms-wavelets.pdf used on input 
line 38.
(pdftex.def)             Requested size: 234.8775pt x 144.52028pt.


Package hyperref Warning: Token not allowed in a PDF string (PDFDocEncoding):
(hyperref)                removing `math shift' on input line 41.


Package hyperref Warning: Token not allowed in a PDF string (PDFDocEncoding):
(hyperref)                removing `\pi' on input line 41.


Package hyperref Warning: Token not allowed in a PDF string (PDFDocEncoding):
(hyperref)                removing `math shift' on input line 41.


LaTeX Warning: Reference `subsec-sampling' on page 11 undefined on input line 5
5.

[11




]

LaTeX Warning: Reference `prop-poisson' on page 12 undefined on input line 76.

<./figures/fourier/fourier-transforms.pdf, id=169, 710.47641pt x 478.78865pt>
File: ./figures/fourier/fourier-transforms.pdf Graphic file (type pdf)

<use ./figures/fourier/fourier-transforms.pdf>
Package pdftex.def Info: ./figures/fourier/fourier-transforms.pdf used on input
 line 84.
(pdftex.def)             Requested size: 375.80544pt x 253.25267pt.


Package hyperref Warning: Token not allowed in a PDF string (PDFDocEncoding):
(hyperref)                removing `math shift' on input line 91.


Package hyperref Warning: Token not allowed in a PDF string (PDFDocEncoding):
(hyperref)                removing `math shift' on input line 91.


Package hyperref Warning: Token not allowed in a PDF string (PDFDocEncoding):
(hyperref)                removing `math shift' on input line 91.


Package hyperref Warning: Token not allowed in a PDF string (PDFDocEncoding):
(hyperref)                removing `math shift' on input line 91.

<./figures/2-fourier/convolution.png, id=170, 1009.7725pt x 592.2125pt>
File: ./figures/2-fourier/convolution.png Graphic file (type png)

<use ./figures/2-fourier/convolution.png>
Package pdftex.def Info: ./figures/2-fourier/convolution.png used on input line
 96.
(pdftex.def)             Requested size: 105.69415pt x 61.98082pt.

<./figures/fourier/filtering-principle.pdf, id=172, 449.68pt x 326.21875pt>
File: ./figures/fourier/filtering-principle.pdf Graphic file (type pdf)

<use ./figures/fourier/filtering-principle.pdf>
Package pdftex.def Info: ./figures/fourier/filtering-principle.pdf used on inpu
t line 116.
(pdftex.def)             Requested size: 281.85587pt x 204.47855pt.
 [12pdfTeX warning (ext4): destination with the same identifier (name{figure.1.
1}) has been already used, duplicate ignored

\AtBegShi@Output ...ipout \box \AtBeginShipoutBox 
                                                  \fi \fi 
l.121 
      pdfTeX warning (ext4): destination with the same identifier (name{figure.
1.3}) has been already used, duplicate ignored

\AtBegShi@Output ...ipout \box \AtBeginShipoutBox 
                                                  \fi \fi 
l.121 
       <./figures/orthobases/atoms-fourier.pdf> <./figures/orthobases/atoms-wav
elets.pdf> <./figures/2-fourier/convolution.png>]
<./figures/fourier/filtering-1d-1.pdf, id=220, 422.65224pt x 111.0817pt>
File: ./figures/fourier/filtering-1d-1.pdf Graphic file (type pdf)

<use ./figures/fourier/filtering-1d-1.pdf>
Package pdftex.def Info: ./figures/fourier/filtering-1d-1.pdf used on input lin
e 129.
(pdftex.def)             Requested size: 281.85587pt x 74.08194pt.

<./figures/fourier/filtering-1d-2.pdf, id=221, 422.65224pt x 111.0817pt>
File: ./figures/fourier/filtering-1d-2.pdf Graphic file (type pdf)

<use ./figures/fourier/filtering-1d-2.pdf>
Package pdftex.def Info: ./figures/fourier/filtering-1d-2.pdf used on input lin
e 129.
(pdftex.def)             Requested size: 281.85587pt x 74.08194pt.

<./figures/fourier/filtering-1d-3.pdf, id=222, 422.65224pt x 111.0817pt>
File: ./figures/fourier/filtering-1d-3.pdf Graphic file (type pdf)

<use ./figures/fourier/filtering-1d-3.pdf>
Package pdftex.def Info: ./figures/fourier/filtering-1d-3.pdf used on input lin
e 129.
(pdftex.def)             Requested size: 281.85587pt x 74.08194pt.

<./figures/2-fourier/convolution-fourier.png, id=223, 877.2775pt x 584.1825pt>
File: ./figures/2-fourier/convolution-fourier.png Graphic file (type png)

<use ./figures/2-fourier/convolution-fourier.png>
Package pdftex.def Info: ./figures/2-fourier/convolution-fourier.png used on in
put line 132.
(pdftex.def)             Requested size: 105.69415pt x 70.3752pt.

Underfull \hbox (badness 6658) in paragraph at lines 132--132
\OT1/cmr/m/n/10 di-a-gram of convolution-
 []


Package wrapfig Warning: Collision between wrapping environments on input line 
143.

<./figures/2-fourier/translation-inv.png, id=224, 891.33pt x 609.27625pt>
File: ./figures/2-fourier/translation-inv.png Graphic file (type png)

<use ./figures/2-fourier/translation-inv.png>
Package pdftex.def Info: ./figures/2-fourier/translation-inv.png used on input 
line 143.
(pdftex.def)             Requested size: 77.02061pt x 52.64774pt.

Underfull \hbox (badness 10000) in paragraph at lines 143--143
[]\OT1/cmr/m/n/10 Figure 1.7:
 []


Underfull \hbox (badness 10000) in paragraph at lines 143--143
[]\OT1/cmr/m/n/10 Commutative
 []


Package wrapfig Warning: Stationary wrapfigure forced to float on input line 14
4.


Package wrapfig Warning: Stationary wrapfigure forced to float on input line 15
3.

[13pdfTeX warning (ext4): destination with the same identifier (name{figure.1.2
}) has been already used, duplicate ignored

\AtBegShi@Output ...ipout \box \AtBeginShipoutBox 
                                                  \fi \fi 
l.158 	}
        pdfTeX warning (ext4): destination with the same identifier (name{figur
e.1.6}) has been already used, duplicate ignored

\AtBegShi@Output ...ipout \box \AtBeginShipoutBox 
                                                  \fi \fi 
l.158 	}
         <./figures/fourier/fourier-transforms.pdf> <./figures/2-fourier/convol
ution-fourier.png>]

Package wrapfig Warning: Stationary wrapfigure forced to float on input line 16
2.


Package wrapfig Warning: Stationary wrapfigure forced to float on input line 16
9.

[14pdfTeX warning (ext4): destination with the same identifier (name{figure.1.4
}) has been already used, duplicate ignored

\AtBegShi@Output ...ipout \box \AtBeginShipoutBox 
                                                  \fi \fi 
l.203 	}
        pdfTeX warning (ext4): destination with the same identifier (name{figur
e.1.7}) has been already used, duplicate ignored

\AtBegShi@Output ...ipout \box \AtBeginShipoutBox 
                                                  \fi \fi 
l.203 	}
         <./figures/fourier/filtering-principle.pdf> <./figures/2-fourier/trans
lation-inv.png>] [15pdfTeX warning (ext4): destination with the same identifier
 (name{figure.1.5}) has been already used, duplicate ignored

\AtBegShi@Output ...ipout \box \AtBeginShipoutBox 
                                                  \fi \fi 
l.240 }
        <./figures/fourier/filtering-1d-1.pdf> <./figures/fourier/filtering-1d-
2.pdf> <./figures/fourier/filtering-1d-3.pdf>]
<./figures/2-fourier/poisson-distrib.png, id=660, 982.67125pt x 653.44125pt>
File: ./figures/2-fourier/poisson-distrib.png Graphic file (type png)

<use ./figures/2-fourier/poisson-distrib.png>
Package pdftex.def Info: ./figures/2-fourier/poisson-distrib.png used on input 
line 243.
(pdftex.def)             Requested size: 105.69415pt x 70.27347pt.

Overfull \hbox (4.88184pt too wide) detected at line 252
\OT1/cmr/m/n/10 ^^E[] \OMS/cmsy/m/n/10 ^^L \OML/cmm/m/it/10 f \OT1/cmr/m/n/10 =
 [] \OMS/cmsy/m/n/10 S ^^N F\OT1/cmr/m/n/10 ([] \OML/cmm/m/it/10 ? \OT1/cmr/m/n
/10 ^^E[]) = \OMS/cmsy/m/n/10 S\OT1/cmr/m/n/10 ([]\OMS/cmsy/m/n/10 F\OT1/cmr/m/
n/10 ([]) \OMS/cmsy/m/n/10 ^^L []\OT1/cmr/m/n/10 ) = \OMS/cmsy/m/n/10 S\OT1/cmr
/m/n/10 ([]\OMS/cmsy/m/n/10 F\OT1/cmr/m/n/10 ([])) \OMS/cmsy/m/n/10 ^^L S\OT1/c
mr/m/n/10 ([]) = [] \OMS/cmsy/m/n/10 ^^L \OML/cmm/m/it/10 f:
 []

[16pdfTeX warning (ext4): destination with the same identifier (name{figure.1.8
}) has been already used, duplicate ignored

\AtBegShi@Output ...ipout \box \AtBeginShipoutBox 
                                                  \fi \fi 
l.302 
       <./figures/2-fourier/poisson-distrib.png>] [17]
<./figures/2-fourier/fft.png, id=684, 3259.17625pt x 2206.2425pt>
File: ./figures/2-fourier/fft.png Graphic file (type png)

<use ./figures/2-fourier/fft.png>
Package pdftex.def Info: ./figures/2-fourier/fft.png used on input line 372.
(pdftex.def)             Requested size: 234.8775pt x 158.96379pt.
LaTeX Font Info:    Try loading font information for U+dsrom on input line 412.


(/usr/local/texlive/2016/texmf-dist/tex/latex/doublestroke/Udsrom.fd
File: Udsrom.fd 1995/08/01 v0.1 Double stroke roman font definitions
) [18pdfTeX warning (ext4): destination with the same identifier (name{figure.1
.9}) has been already used, duplicate ignored

\AtBegShi@Output ...ipout \box \AtBeginShipoutBox 
                                                  \fi \fi 
l.414 \begin{prop}\label
                        {prop-tfd-conv} <./figures/2-fourier/fft.png>]

LaTeX Warning: Reference `eq-fourier-transform' on page 19 undefined on input l
ine 460.

<./figures/2-fourier/padding-spacial.png, id=701, 2353.79375pt x 675.52374pt>
File: ./figures/2-fourier/padding-spacial.png Graphic file (type png)

<use ./figures/2-fourier/padding-spacial.png>
Package pdftex.def Info: ./figures/2-fourier/padding-spacial.png used on input 
line 472.
(pdftex.def)             Requested size: 352.31625pt x 101.10773pt.
 [19]

LaTeX Warning: Reference `eq-shannong-interp' on page 20 undefined on input lin
e 515.

<./figures/2-fourier/padding-fourier.png, id=713, 2425.06pt x 701.62125pt>
File: ./figures/2-fourier/padding-fourier.png Graphic file (type png)

<use ./figures/2-fourier/padding-fourier.png>
Package pdftex.def Info: ./figures/2-fourier/padding-fourier.png used on input 
line 519.
(pdftex.def)             Requested size: 352.31625pt x 101.93053pt.

<./figures/2-fourier/wave.png, id=714, 667.49374pt x 431.6125pt>
File: ./figures/2-fourier/wave.png Graphic file (type png)

<use ./figures/2-fourier/wave.png>
Package pdftex.def Info: ./figures/2-fourier/wave.png used on input line 540.
(pdftex.def)             Requested size: 105.69415pt x 68.34154pt.
 [20pdfTeX warning (ext4): destination with the same identifier (name{figure.1.
10}) has been already used, duplicate ignored

\AtBegShi@Output ...ipout \box \AtBeginShipoutBox 
                                                  \fi \fi 
l.541 T
       he crux of the power of Fourier transform in arbitrary dimension is t...
 <./figures/2-fourier/padding-spacial.png>]
<./figures/orthobases/2d-extension-fourier-plane.pdf, id=725, 234.8775pt x 216.
81pt>
File: ./figures/orthobases/2d-extension-fourier-plane.pdf Graphic file (type pd
f)
 <use ./figures/orthobases/2d-extension-fourier-plane.pdf>
Package pdftex.def Info: ./figures/orthobases/2d-extension-fourier-plane.pdf us
ed on input line 562.
(pdftex.def)             Requested size: 140.92793pt x 130.08699pt.

<./figures/orthobases/2d-extension-fourier-1.pdf, id=726, 99.37125pt x 99.37125
pt>
File: ./figures/orthobases/2d-extension-fourier-1.pdf Graphic file (type pdf)
 <use ./figures/orthobases/2d-extension-fourier-1.pdf>
Package pdftex.def Info: ./figures/orthobases/2d-extension-fourier-1.pdf used o
n input line 562.
(pdftex.def)             Requested size: 93.94957pt x 93.95181pt.

<./figures/orthobases/2d-extension-fourier-2.pdf, id=727, 99.37125pt x 99.37125
pt>
File: ./figures/orthobases/2d-extension-fourier-2.pdf Graphic file (type pdf)
 <use ./figures/orthobases/2d-extension-fourier-2.pdf>
Package pdftex.def Info: ./figures/orthobases/2d-extension-fourier-2.pdf used o
n input line 562.
(pdftex.def)             Requested size: 93.94957pt x 93.95181pt.

<./figures/orthobases/2d-extension-fourier-3.pdf, id=728, 99.37125pt x 99.37125
pt>
File: ./figures/orthobases/2d-extension-fourier-3.pdf Graphic file (type pdf)
 <use ./figures/orthobases/2d-extension-fourier-3.pdf>
Package pdftex.def Info: ./figures/orthobases/2d-extension-fourier-3.pdf used o
n input line 562.
(pdftex.def)             Requested size: 93.94957pt x 93.95181pt.

Overfull \hbox (6.95671pt too wide) in paragraph at lines 573--575
\OT1/cmr/m/n/10 Orthogonality is sim-ple to check, and one can also prove con-v
er-gence for sum of the form $[][]\OMS/cmsy/m/n/10 h\OML/cmm/m/it/10 f;  '[]\OM
S/cmsy/m/n/10 i\OML/cmm/m/it/10 '[] \OMS/cmsy/m/n/10 !
 []

<./figures/2-fourier/torus.png, id=729, 948.54375pt x 531.9875pt>
File: ./figures/2-fourier/torus.png Graphic file (type png)

<use ./figures/2-fourier/torus.png>
Package pdftex.def Info: ./figures/2-fourier/torus.png used on input line 577.
(pdftex.def)             Requested size: 105.69415pt x 59.27373pt.

Underfull \hbox (badness 10000) in paragraph at lines 577--577
[]\OT1/cmr/m/n/10 Figure 1.14: []The 2-
 []


Underfull \hbox (badness 10000) in paragraph at lines 577--577
\OT1/cmr/m/n/10 dimensional torus
 []

[21pdfTeX warning (ext4): destination with the same identifier (name{figure.1.1
1}) has been already used, duplicate ignored

\AtBegShi@Output ...ipout \box \AtBeginShipoutBox 
                                                  \fi \fi 
l.579 F
       or the multi-dimensional torus $(\RR/2\pi\ZZ)^d$, using the Fourier b...
pdfTeX warning (ext4): destination with the same identifier (name{figure.1.12})
 has been already used, duplicate ignored

\AtBegShi@Output ...ipout \box \AtBeginShipoutBox 
                                                  \fi \fi 
l.579 F
       or the multi-dimensional torus $(\RR/2\pi\ZZ)^d$, using the Fourier b...
pdfTeX warning (ext4): destination with the same identifier (name{figure.1.13})
 has been already used, duplicate ignored

\AtBegShi@Output ...ipout \box \AtBeginShipoutBox 
                                                  \fi \fi 
l.579 F
       or the multi-dimensional torus $(\RR/2\pi\ZZ)^d$, using the Fourier b...
 <./figures/2-fourier/padding-fourier.png> <./figures/2-fourier/wave.png> <./fi
gures/orthobases/2d-extension-fourier-plane.pdf> <./figures/orthobases/2d-exten
sion-fourier-1.pdf> <./figures/orthobases/2d-extension-fourier-2.pdf> <./figure
s/orthobases/2d-extension-fourier-3.pdf>]
<./figures/2-fourier/torus-discr.png, id=795, 596.2275pt x 513.92pt>
File: ./figures/2-fourier/torus-discr.png Graphic file (type png)

<use ./figures/2-fourier/torus-discr.png>
Package pdftex.def Info: ./figures/2-fourier/torus-discr.png used on input line
 599.
(pdftex.def)             Requested size: 105.69415pt x 91.09792pt.

<./figures/fourier/fourier-2d-image.pdf, id=798, 223.2876pt x 223.2876pt>
File: ./figures/fourier/fourier-2d-image.pdf Graphic file (type pdf)

<use ./figures/fourier/fourier-2d-image.pdf>
Package pdftex.def Info: ./figures/fourier/fourier-2d-image.pdf used on input l
ine 660.
(pdftex.def)             Requested size: 112.74377pt x 112.744pt.

<./figures/fourier/fourier-2d-fft.pdf, id=799, 223.2876pt x 223.2876pt>
File: ./figures/fourier/fourier-2d-fft.pdf Graphic file (type pdf)

<use ./figures/fourier/fourier-2d-fft.pdf>
Package pdftex.def Info: ./figures/fourier/fourier-2d-fft.pdf used on input lin
e 660.
(pdftex.def)             Requested size: 112.74377pt x 112.744pt.

<./figures/fourier/fourier-2d-masked.pdf, id=800, 221.98955pt x 221.98955pt>
File: ./figures/fourier/fourier-2d-masked.pdf Graphic file (type pdf)

<use ./figures/fourier/fourier-2d-masked.pdf>
Package pdftex.def Info: ./figures/fourier/fourier-2d-masked.pdf used on input 
line 660.
(pdftex.def)             Requested size: 112.74377pt x 112.74571pt.

<./figures/fourier/fourier-2d-masked-fft.pdf, id=801, 221.98955pt x 220.6913pt>
File: ./figures/fourier/fourier-2d-masked-fft.pdf Graphic file (type pdf)
<use ./figures/fourier/fourier-2d-masked-fft.pdf>
Package pdftex.def Info: ./figures/fourier/fourier-2d-masked-fft.pdf used on in
put line 660.
(pdftex.def)             Requested size: 112.74377pt x 112.08635pt.

Overfull \hbox (1.62502pt too wide) in paragraph at lines 660--660
 [] 
 []

[22pdfTeX warning (ext4): destination with the same identifier (name{figure.1.1
4}) has been already used, duplicate ignored

\AtBegShi@Output ...ipout \box \AtBeginShipoutBox 
                                                  \fi \fi 
l.660 }{fig-fourier-2d}
                       pdfTeX warning (ext4): destination with the same identif
ier (name{figure.1.15}) has been already used, duplicate ignored

\AtBegShi@Output ...ipout \box \AtBeginShipoutBox 
                                                  \fi \fi 
l.660 }{fig-fourier-2d}
                        <./figures/2-fourier/torus.png> <./figures/2-fourier/to
rus-discr.png>]

LaTeX Warning: Reference `thm-shannon-sampling' on page 23 undefined on input l
ine 666.

[23pdfTeX warning (ext4): destination with the same identifier (name{figure.1.1
6}) has been already used, duplicate ignored

\AtBegShi@Output ...ipout \box \AtBeginShipoutBox 
                                                  \fi \fi 
l.711 }
        <./figures/fourier/fourier-2d-image.pdf> <./figures/fourier/fourier-2d-
fft.pdf> <./figures/fourier/fourier-2d-masked.pdf> <./figures/fourier/fourier-2
d-masked-fft.pdf>]
<./figures/2-fourier/heat.png, id=893, 2212.265pt x 790.955pt>
File: ./figures/2-fourier/heat.png Graphic file (type png)

<use ./figures/2-fourier/heat.png>
Package pdftex.def Info: ./figures/2-fourier/heat.png used on input line 718.
(pdftex.def)             Requested size: 234.8775pt x 83.976pt.

<./figures/2-fourier/finite-diff.png, id=894, 970.62625pt x 677.53125pt>
File: ./figures/2-fourier/finite-diff.png Graphic file (type png)

<use ./figures/2-fourier/finite-diff.png>
Package pdftex.def Info: ./figures/2-fourier/finite-diff.png used on input line
 747.
(pdftex.def)             Requested size: 105.69415pt x 73.77397pt.
 [24pdfTeX warning (ext4): destination with the same identifier (name{figure.1.
17}) has been already used, duplicate ignored

\AtBegShi@Output ...ipout \box \AtBeginShipoutBox 
                                                  \fi \fi 
l.770 }
       pdfTeX warning (ext4): destination with the same identifier (name{figure
.1.18}) has been already used, duplicate ignored

\AtBegShi@Output ...ipout \box \AtBeginShipoutBox 
                                                  \fi \fi 
l.770 }
        <./figures/2-fourier/heat.png> <./figures/2-fourier/finite-diff.png>]
[25] [26]
<./figures/2-fourier/laplacian-surf.png, id=945, 638.385pt x 503.8825pt>
File: ./figures/2-fourier/laplacian-surf.png Graphic file (type png)

<use ./figures/2-fourier/laplacian-surf.png>
Package pdftex.def Info: ./figures/2-fourier/laplacian-surf.png used on input l
ine 902.
(pdftex.def)             Requested size: 105.69415pt x 83.4215pt.

Underfull \hbox (badness 1377) in paragraph at lines 902--902
[]\OT1/cmr/m/n/10 Figure 1.19: []Computing
 []

<./figures/2-fourier/spherical.png, id=948, 1462.46375pt x 1967.35pt>
File: ./figures/2-fourier/spherical.png Graphic file (type png)

<use ./figures/2-fourier/spherical.png>
Package pdftex.def Info: ./figures/2-fourier/spherical.png used on input line 9
21.
(pdftex.def)             Requested size: 105.69415pt x 142.17143pt.


Package wrapfig Warning: Collision between wrapping environments on input line 
940.

<./figures/2-fourier/graph.png, id=949, 1323.94624pt x 1788.6825pt>
File: ./figures/2-fourier/graph.png Graphic file (type png)

<use ./figures/2-fourier/graph.png>
Package pdftex.def Info: ./figures/2-fourier/graph.png used on input line 940.
(pdftex.def)             Requested size